

================================================================
== Vitis HLS Report for 'drop_ooo_ibh_64_s'
================================================================
* Date:           Tue Aug 15 18:30:14 2023

* Version:        2022.2 (Build 3670227 on Oct 13 2022)
* Project:        rocev2_prj
* Solution:       solution1 (Vivado IP Flow Target)
* Product family: virtex7
* Target device:  xc7vx690t-ffg1761-2


================================================================
== Performance Estimates
================================================================
+ Timing: 
    * Summary: 
    +--------+---------+----------+------------+
    |  Clock |  Target | Estimated| Uncertainty|
    +--------+---------+----------+------------+
    |ap_clk  |  6.40 ns|  3.674 ns|     1.73 ns|
    +--------+---------+----------+------------+

+ Latency: 
    * Summary: 
    +---------+---------+----------+----------+-----+-----+---------+
    |  Latency (cycles) |  Latency (absolute) |  Interval | Pipeline|
    |   min   |   max   |    min   |    max   | min | max |   Type  |
    +---------+---------+----------+----------+-----+-----+---------+
    |        1|        1|  6.400 ns|  6.400 ns|    1|    1|      yes|
    +---------+---------+----------+----------+-----+-----+---------+

    + Detail: 
        * Instance: 
        N/A

        * Loop: 
        N/A



================================================================
== Utilization Estimates
================================================================
* Summary: 
+-----------------+---------+------+--------+--------+-----+
|       Name      | BRAM_18K|  DSP |   FF   |   LUT  | URAM|
+-----------------+---------+------+--------+--------+-----+
|DSP              |        -|     -|       -|       -|    -|
|Expression       |        -|     -|       0|      23|    -|
|FIFO             |        -|     -|       -|       -|    -|
|Instance         |        -|     -|       -|       -|    -|
|Memory           |        -|     -|       -|       -|    -|
|Multiplexer      |        -|     -|       -|      45|    -|
|Register         |        -|     -|     136|       -|    -|
+-----------------+---------+------+--------+--------+-----+
|Total            |        0|     0|     136|      68|    0|
+-----------------+---------+------+--------+--------+-----+
|Available        |     2940|  3600|  866400|  433200|    0|
+-----------------+---------+------+--------+--------+-----+
|Utilization (%)  |        0|     0|      ~0|      ~0|    0|
+-----------------+---------+------+--------+--------+-----+

+ Detail: 
    * Instance: 
    N/A

    * DSP: 
    N/A

    * Memory: 
    N/A

    * FIFO: 
    N/A

    * Expression: 
    +----------------------------------+----------+----+---+----+------------+------------+
    |           Variable Name          | Operation| DSP| FF| LUT| Bitwidth P0| Bitwidth P1|
    +----------------------------------+----------+----+---+----+------------+------------+
    |ap_block_state2_pp0_stage0_iter1  |       and|   0|  0|   2|           1|           1|
    |ap_predicate_op20_read_state1     |       and|   0|  0|   2|           1|           1|
    |ap_predicate_op29_read_state1     |       and|   0|  0|   2|           1|           1|
    |ap_predicate_op38_read_state1     |       and|   0|  0|   2|           1|           1|
    |ap_predicate_op43_write_state2    |       and|   0|  0|   2|           1|           1|
    |grp_nbreadreq_fu_42_p3            |       and|   0|  0|   2|           1|           0|
    |tmp_i_nbreadreq_fu_56_p3          |       and|   0|  0|   2|           1|           0|
    |ap_block_pp0_stage0_01001         |        or|   0|  0|   2|           1|           1|
    |ap_block_state1_pp0_stage0_iter0  |        or|   0|  0|   2|           1|           1|
    |select_ln469_fu_101_p3            |    select|   0|  0|   3|           1|           3|
    |ap_enable_pp0                     |       xor|   0|  0|   2|           1|           2|
    +----------------------------------+----------+----+---+----+------------+------------+
    |Total                             |          |   0|  0|  23|          11|          12|
    +----------------------------------+----------+----+---+----+------------+------------+

    * Multiplexer: 
    +--------------------------+----+-----------+-----+-----------+
    |           Name           | LUT| Input Size| Bits| Total Bits|
    +--------------------------+----+-----------+-----+-----------+
    |ap_done                   |   9|          2|    1|          2|
    |rx_exh2dropFifo_blk_n     |   9|          2|    1|          2|
    |rx_ibhDrop2exhFifo_blk_n  |   9|          2|    1|          2|
    |rx_ibhDropFifo_blk_n      |   9|          2|    1|          2|
    |state_5                   |   9|          2|    2|          4|
    +--------------------------+----+-----------+-----+-----------+
    |Total                     |  45|         10|    6|         12|
    +--------------------------+----+-----------+-----+-----------+

    * Register: 
    +--------------------------------+-----+----+-----+-----------+
    |              Name              |  FF | LUT| Bits| Const Bits|
    +--------------------------------+-----+----+-----+-----------+
    |ap_CS_fsm                       |    1|   0|    1|          0|
    |ap_done_reg                     |    1|   0|    1|          0|
    |ap_enable_reg_pp0_iter1         |    1|   0|    1|          0|
    |rx_exh2dropFifo_read_1_reg_123  |  128|   0|  128|          0|
    |state_5                         |    2|   0|    2|          0|
    |state_5_load_reg_115            |    2|   0|    2|          0|
    |tmp_i_266_reg_119               |    1|   0|    1|          0|
    +--------------------------------+-----+----+-----+-----------+
    |Total                           |  136|   0|  136|          0|
    +--------------------------------+-----+----+-----+-----------+



================================================================
== Interface
================================================================
* Summary: 
+-----------------------------------+-----+-----+------------+--------------------+--------------+
|             RTL Ports             | Dir | Bits|  Protocol  |    Source Object   |    C Type    |
+-----------------------------------+-----+-----+------------+--------------------+--------------+
|ap_clk                             |   in|    1|  ap_ctrl_hs|    drop_ooo_ibh<64>|  return value|
|ap_rst                             |   in|    1|  ap_ctrl_hs|    drop_ooo_ibh<64>|  return value|
|ap_start                           |   in|    1|  ap_ctrl_hs|    drop_ooo_ibh<64>|  return value|
|ap_done                            |  out|    1|  ap_ctrl_hs|    drop_ooo_ibh<64>|  return value|
|ap_continue                        |   in|    1|  ap_ctrl_hs|    drop_ooo_ibh<64>|  return value|
|ap_idle                            |  out|    1|  ap_ctrl_hs|    drop_ooo_ibh<64>|  return value|
|ap_ready                           |  out|    1|  ap_ctrl_hs|    drop_ooo_ibh<64>|  return value|
|rx_exh2dropFifo_dout               |   in|  128|     ap_fifo|     rx_exh2dropFifo|       pointer|
|rx_exh2dropFifo_num_data_valid     |   in|    6|     ap_fifo|     rx_exh2dropFifo|       pointer|
|rx_exh2dropFifo_fifo_cap           |   in|    6|     ap_fifo|     rx_exh2dropFifo|       pointer|
|rx_exh2dropFifo_empty_n            |   in|    1|     ap_fifo|     rx_exh2dropFifo|       pointer|
|rx_exh2dropFifo_read               |  out|    1|     ap_fifo|     rx_exh2dropFifo|       pointer|
|rx_ibhDropFifo_dout                |   in|    1|     ap_fifo|      rx_ibhDropFifo|       pointer|
|rx_ibhDropFifo_num_data_valid      |   in|    2|     ap_fifo|      rx_ibhDropFifo|       pointer|
|rx_ibhDropFifo_fifo_cap            |   in|    2|     ap_fifo|      rx_ibhDropFifo|       pointer|
|rx_ibhDropFifo_empty_n             |   in|    1|     ap_fifo|      rx_ibhDropFifo|       pointer|
|rx_ibhDropFifo_read                |  out|    1|     ap_fifo|      rx_ibhDropFifo|       pointer|
|rx_ibhDrop2exhFifo_din             |  out|  128|     ap_fifo|  rx_ibhDrop2exhFifo|       pointer|
|rx_ibhDrop2exhFifo_num_data_valid  |   in|    6|     ap_fifo|  rx_ibhDrop2exhFifo|       pointer|
|rx_ibhDrop2exhFifo_fifo_cap        |   in|    6|     ap_fifo|  rx_ibhDrop2exhFifo|       pointer|
|rx_ibhDrop2exhFifo_full_n          |   in|    1|     ap_fifo|  rx_ibhDrop2exhFifo|       pointer|
|rx_ibhDrop2exhFifo_write           |  out|    1|     ap_fifo|  rx_ibhDrop2exhFifo|       pointer|
+-----------------------------------+-----+-----+------------+--------------------+--------------+

