

================================================================
== Vitis HLS Report for 'extract_icrc_64_s'
================================================================
* Date:           Tue Aug 15 18:30:21 2023

* Version:        2022.2 (Build 3670227 on Oct 13 2022)
* Project:        rocev2_prj
* Solution:       solution1 (Vivado IP Flow Target)
* Product family: virtex7
* Target device:  xc7vx690t-ffg1761-2


================================================================
== Performance Estimates
================================================================
+ Timing: 
    * Summary: 
    +--------+---------+----------+------------+
    |  Clock |  Target | Estimated| Uncertainty|
    +--------+---------+----------+------------+
    |ap_clk  |  6.40 ns|  2.336 ns|     1.73 ns|
    +--------+---------+----------+------------+

+ Latency: 
    * Summary: 
    +---------+---------+----------+----------+-----+-----+---------+
    |  Latency (cycles) |  Latency (absolute) |  Interval | Pipeline|
    |   min   |   max   |    min   |    max   | min | max |   Type  |
    +---------+---------+----------+----------+-----+-----+---------+
    |        1|        1|  6.400 ns|  6.400 ns|    1|    1|      yes|
    +---------+---------+----------+----------+-----+-----+---------+

    + Detail: 
        * Instance: 
        N/A

        * Loop: 
        N/A



================================================================
== Utilization Estimates
================================================================
* Summary: 
+-----------------+---------+------+--------+--------+-----+
|       Name      | BRAM_18K|  DSP |   FF   |   LUT  | URAM|
+-----------------+---------+------+--------+--------+-----+
|DSP              |        -|     -|       -|       -|    -|
|Expression       |        -|     -|       0|      47|    -|
|FIFO             |        -|     -|       -|       -|    -|
|Instance         |        -|     -|       -|       -|    -|
|Memory           |        -|     -|       -|       -|    -|
|Multiplexer      |        -|     -|       -|     119|    -|
|Register         |        -|     -|     163|       -|    -|
+-----------------+---------+------+--------+--------+-----+
|Total            |        0|     0|     163|     166|    0|
+-----------------+---------+------+--------+--------+-----+
|Available        |     2940|  3600|  866400|  433200|    0|
+-----------------+---------+------+--------+--------+-----+
|Utilization (%)  |        0|     0|      ~0|      ~0|    0|
+-----------------+---------+------+--------+--------+-----+

+ Detail: 
    * Instance: 
    N/A

    * DSP: 
    N/A

    * Memory: 
    N/A

    * FIFO: 
    N/A

    * Expression: 
    +----------------------------------+----------+----+---+----+------------+------------+
    |           Variable Name          | Operation| DSP| FF| LUT| Bitwidth P0| Bitwidth P1|
    +----------------------------------+----------+----+---+----+------------+------------+
    |ap_condition_133                  |       and|   0|  0|   2|           1|           1|
    |ap_condition_139                  |       and|   0|  0|   2|           1|           1|
    |ap_condition_165                  |       and|   0|  0|   2|           1|           1|
    |ap_condition_198                  |       and|   0|  0|   2|           1|           1|
    |ap_condition_309                  |       and|   0|  0|   2|           1|           1|
    |ap_condition_47                   |       and|   0|  0|   2|           1|           1|
    |ap_predicate_op16_read_state1     |       and|   0|  0|   2|           1|           1|
    |ap_predicate_op55_write_state2    |       and|   0|  0|   2|           1|           1|
    |grp_nbreadreq_fu_68_p3            |       and|   0|  0|   2|           1|           0|
    |icmp_ln93_fu_233_p2               |      icmp|   0|  0|  11|           8|           2|
    |ap_block_pp0_stage0_01001         |        or|   0|  0|   2|           1|           1|
    |ap_block_state1_pp0_stage0_iter0  |        or|   0|  0|   2|           1|           1|
    |ap_block_state2_pp0_stage0_iter1  |        or|   0|  0|   2|           1|           1|
    |or_ln73_fu_201_p2                 |        or|   0|  0|   2|           1|           1|
    |select_ln61_fu_267_p3             |    select|   0|  0|   3|           1|           3|
    |select_ln73_fu_207_p3             |    select|   0|  0|   3|           1|           3|
    |ap_enable_pp0                     |       xor|   0|  0|   2|           1|           2|
    |p_Result_s_fu_195_p2              |       xor|   0|  0|   2|           1|           2|
    +----------------------------------+----------+----+---+----+------------+------------+
    |Total                             |          |   0|  0|  47|          25|          24|
    +----------------------------------+----------+----+---+----+------------+------------+

    * Multiplexer: 
    +-----------------------------------------------------------------------------------------------------------------+----+-----------+-----+-----------+
    |                                                       Name                                                      | LUT| Input Size| Bits| Total Bits|
    +-----------------------------------------------------------------------------------------------------------------+----+-----------+-----+-----------+
    |ap_done                                                                                                          |   9|          2|    1|          2|
    |ap_phi_mux_ei_prevWord_last_V_flag_2_i_phi_fu_92_p10                                                             |  13|          3|    1|          3|
    |ap_phi_mux_ei_prevWord_last_V_new_2_i_phi_fu_112_p10                                                             |   9|          2|    1|          2|
    |ap_phi_reg_pp0_iter1_ei_prevWord_last_V_loc_1_i_reg_127                                                          |  13|          3|    1|          3|
    |ap_phi_reg_pp0_iter1_void_extract_icrc_64_hls_stream_net_axis_64_0_hls_stream_net_axis_64_0_ei_prevWord_reg_136  |  13|          3|    8|         24|
    |ei_prevWord_data_V                                                                                               |   9|          2|   64|        128|
    |ei_prevWord_keep_V                                                                                               |   9|          2|    8|         16|
    |ei_state                                                                                                         |  13|          3|    2|          6|
    |rx_crc2ipFifo_blk_n                                                                                              |   9|          2|    1|          2|
    |rx_crc2ipFifo_din                                                                                                |  13|          3|  128|        384|
    |s_axis_rx_data_TDATA_blk_n                                                                                       |   9|          2|    1|          2|
    +-----------------------------------------------------------------------------------------------------------------+----+-----------+-----+-----------+
    |Total                                                                                                            | 119|         27|  216|        572|
    +-----------------------------------------------------------------------------------------------------------------+----+-----------+-----+-----------+

    * Register: 
    +-----------------------------------------------------------------------------------------------------------------+----+----+-----+-----------+
    |                                                       Name                                                      | FF | LUT| Bits| Const Bits|
    +-----------------------------------------------------------------------------------------------------------------+----+----+-----+-----------+
    |ap_CS_fsm                                                                                                        |   1|   0|    1|          0|
    |ap_done_reg                                                                                                      |   1|   0|    1|          0|
    |ap_enable_reg_pp0_iter1                                                                                          |   1|   0|    1|          0|
    |ap_phi_reg_pp0_iter1_ei_prevWord_last_V_loc_1_i_reg_127                                                          |   1|   0|    1|          0|
    |ap_phi_reg_pp0_iter1_void_extract_icrc_64_hls_stream_net_axis_64_0_hls_stream_net_axis_64_0_ei_prevWord_reg_136  |   8|   0|    8|          0|
    |ei_prevWord_data_V                                                                                               |  64|   0|   64|          0|
    |ei_prevWord_data_V_load_reg_317                                                                                  |  64|   0|   64|          0|
    |ei_prevWord_keep_V                                                                                               |   8|   0|    8|          0|
    |ei_prevWord_keep_V_load_reg_323                                                                                  |   8|   0|    8|          0|
    |ei_prevWord_last_V                                                                                               |   1|   0|    1|          0|
    |ei_prevWord_last_V_load_reg_329                                                                                  |   1|   0|    1|          0|
    |ei_state                                                                                                         |   2|   0|    2|          0|
    |ei_state_load_reg_313                                                                                            |   2|   0|    2|          0|
    |tmp_i_265_reg_335                                                                                                |   1|   0|    1|          0|
    +-----------------------------------------------------------------------------------------------------------------+----+----+-----+-----------+
    |Total                                                                                                            | 163|   0|  163|          0|
    +-----------------------------------------------------------------------------------------------------------------+----+----+-----+-----------+



================================================================
== Interface
================================================================
* Summary: 
+------------------------------+-----+-----+------------+------------------+--------------+
|           RTL Ports          | Dir | Bits|  Protocol  |   Source Object  |    C Type    |
+------------------------------+-----+-----+------------+------------------+--------------+
|ap_clk                        |   in|    1|  ap_ctrl_hs|  extract_icrc<64>|  return value|
|ap_rst                        |   in|    1|  ap_ctrl_hs|  extract_icrc<64>|  return value|
|ap_start                      |   in|    1|  ap_ctrl_hs|  extract_icrc<64>|  return value|
|ap_done                       |  out|    1|  ap_ctrl_hs|  extract_icrc<64>|  return value|
|ap_continue                   |   in|    1|  ap_ctrl_hs|  extract_icrc<64>|  return value|
|ap_idle                       |  out|    1|  ap_ctrl_hs|  extract_icrc<64>|  return value|
|ap_ready                      |  out|    1|  ap_ctrl_hs|  extract_icrc<64>|  return value|
|s_axis_rx_data_TVALID         |   in|    1|        axis|    s_axis_rx_data|       pointer|
|s_axis_rx_data_TDATA          |   in|  128|        axis|    s_axis_rx_data|       pointer|
|s_axis_rx_data_TREADY         |  out|    1|        axis|    s_axis_rx_data|       pointer|
|rx_crc2ipFifo_din             |  out|  128|     ap_fifo|     rx_crc2ipFifo|       pointer|
|rx_crc2ipFifo_num_data_valid  |   in|    2|     ap_fifo|     rx_crc2ipFifo|       pointer|
|rx_crc2ipFifo_fifo_cap        |   in|    2|     ap_fifo|     rx_crc2ipFifo|       pointer|
|rx_crc2ipFifo_full_n          |   in|    1|     ap_fifo|     rx_crc2ipFifo|       pointer|
|rx_crc2ipFifo_write           |  out|    1|     ap_fifo|     rx_crc2ipFifo|       pointer|
+------------------------------+-----+-----+------------+------------------+--------------+

