

================================================================
== Vitis HLS Report for 'generate_ibh_64_s'
================================================================
* Date:           Tue Aug 15 18:30:18 2023

* Version:        2022.2 (Build 3670227 on Oct 13 2022)
* Project:        rocev2_prj
* Solution:       solution1 (Vivado IP Flow Target)
* Product family: virtex7
* Target device:  xc7vx690t-ffg1761-2


================================================================
== Performance Estimates
================================================================
+ Timing: 
    * Summary: 
    +--------+---------+----------+------------+
    |  Clock |  Target | Estimated| Uncertainty|
    +--------+---------+----------+------------+
    |ap_clk  |  6.40 ns|  4.606 ns|     1.73 ns|
    +--------+---------+----------+------------+

+ Latency: 
    * Summary: 
    +---------+---------+----------+----------+-----+-----+---------+
    |  Latency (cycles) |  Latency (absolute) |  Interval | Pipeline|
    |   min   |   max   |    min   |    max   | min | max |   Type  |
    +---------+---------+----------+----------+-----+-----+---------+
    |        1|        1|  6.400 ns|  6.400 ns|    1|    1|      yes|
    +---------+---------+----------+----------+-----+-----+---------+

    + Detail: 
        * Instance: 
        N/A

        * Loop: 
        N/A



================================================================
== Utilization Estimates
================================================================
* Summary: 
+-----------------+---------+------+--------+--------+-----+
|       Name      | BRAM_18K|  DSP |   FF   |   LUT  | URAM|
+-----------------+---------+------+--------+--------+-----+
|DSP              |        -|     -|       -|       -|    -|
|Expression       |        -|     -|       0|     116|    -|
|FIFO             |        -|     -|       -|       -|    -|
|Instance         |        -|     -|       -|       -|    -|
|Memory           |        -|     -|       -|       -|    -|
|Multiplexer      |        -|     -|       -|     106|    -|
|Register         |        -|     -|     408|       -|    -|
+-----------------+---------+------+--------+--------+-----+
|Total            |        0|     0|     408|     222|    0|
+-----------------+---------+------+--------+--------+-----+
|Available        |     2940|  3600|  866400|  433200|    0|
+-----------------+---------+------+--------+--------+-----+
|Utilization (%)  |        0|     0|      ~0|      ~0|    0|
+-----------------+---------+------+--------+--------+-----+

+ Detail: 
    * Instance: 
    N/A

    * DSP: 
    N/A

    * Memory: 
    N/A

    * FIFO: 
    N/A

    * Expression: 
    +----------------------------------+----------+----+---+----+------------+------------+
    |           Variable Name          | Operation| DSP| FF| LUT| Bitwidth P0| Bitwidth P1|
    +----------------------------------+----------+----+---+----+------------+------------+
    |nextPsn_V_fu_581_p2               |         +|   0|  0|  31|          24|          24|
    |psn_V_fu_489_p2                   |         +|   0|  0|  31|          24|           2|
    |ap_condition_198                  |       and|   0|  0|   2|           1|           1|
    |ap_condition_203                  |       and|   0|  0|   2|           1|           1|
    |ap_condition_208                  |       and|   0|  0|   2|           1|           1|
    |ap_condition_213                  |       and|   0|  0|   2|           1|           1|
    |ap_condition_242                  |       and|   0|  0|   2|           1|           1|
    |ap_condition_46                   |       and|   0|  0|   2|           1|           1|
    |ap_predicate_op61_read_state1     |       and|   0|  0|   2|           1|           1|
    |ap_predicate_op85_write_state2    |       and|   0|  0|   2|           1|           1|
    |ap_predicate_op88_write_state2    |       and|   0|  0|   2|           1|           1|
    |ap_predicate_op95_write_state2    |       and|   0|  0|   2|           1|           1|
    |ap_predicate_op98_write_state2    |       and|   0|  0|   2|           1|           1|
    |tmp_201_i_nbreadreq_fu_152_p3     |       and|   0|  0|   2|           1|           0|
    |tmp_i_263_nbreadreq_fu_172_p3     |       and|   0|  0|   2|           1|           0|
    |tmp_i_nbreadreq_fu_144_p3         |       and|   0|  0|   2|           1|           0|
    |icmp_ln983_fu_423_p2              |      icmp|   0|  0|  18|          32|           5|
    |ap_block_pp0_stage0_01001         |        or|   0|  0|   2|           1|           1|
    |ap_block_state1_pp0_stage0_iter0  |        or|   0|  0|   2|           1|           1|
    |ap_block_state2_pp0_stage0_iter1  |        or|   0|  0|   2|           1|           1|
    |ap_enable_pp0                     |       xor|   0|  0|   2|           1|           2|
    +----------------------------------+----------+----+---+----+------------+------------+
    |Total                             |          |   0|  0| 116|          98|          47|
    +----------------------------------+----------+----+---+----+------------+------------+

    * Multiplexer: 
    +----------------------------------------------------------------------------------------------------------------+----+-----------+-----+-----------+
    |                                                      Name                                                      | LUT| Input Size| Bits| Total Bits|
    +----------------------------------------------------------------------------------------------------------------+----+-----------+-----+-----------+
    |ap_done                                                                                                         |   9|          2|    1|          2|
    |ap_phi_reg_pp0_iter1_p_ZZ12generate_ibhILi64EEvRN3hls6streamI7ibhMetaLi0EEERNS1_I7ap_uintILi24EELi0EEE_reg_200  |  13|          3|   96|        288|
    |header_header_V_4                                                                                               |  13|          3|   96|        288|
    |stateTable2txIbh_rsp_blk_n                                                                                      |   9|          2|    1|          2|
    |txIbh2stateTable_upd_req_blk_n                                                                                  |   9|          2|    1|          2|
    |txIbh2stateTable_upd_req_din                                                                                    |  13|          3|   41|        123|
    |tx_dstQpFifo_blk_n                                                                                              |   9|          2|    1|          2|
    |tx_ibhHeaderFifo_blk_n                                                                                          |   9|          2|    1|          2|
    |tx_ibhHeaderFifo_din                                                                                            |  13|          3|  113|        339|
    |tx_ibhMetaFifo_blk_n                                                                                            |   9|          2|    1|          2|
    +----------------------------------------------------------------------------------------------------------------+----+-----------+-----+-----------+
    |Total                                                                                                           | 106|         24|  352|       1050|
    +----------------------------------------------------------------------------------------------------------------+----+-----------+-----+-----------+

    * Register: 
    +----------------------------------------------------------------------------------------------------------------+----+----+-----+-----------+
    |                                                      Name                                                      | FF | LUT| Bits| Const Bits|
    +----------------------------------------------------------------------------------------------------------------+----+----+-----+-----------+
    |ap_CS_fsm                                                                                                       |   1|   0|    1|          0|
    |ap_done_reg                                                                                                     |   1|   0|    1|          0|
    |ap_enable_reg_pp0_iter1                                                                                         |   1|   0|    1|          0|
    |ap_phi_reg_pp0_iter1_p_ZZ12generate_ibhILi64EEvRN3hls6streamI7ibhMetaLi0EEERNS1_I7ap_uintILi24EELi0EEE_reg_200  |  96|   0|   96|          0|
    |gi_state_1                                                                                                      |   1|   0|    1|          0|
    |gi_state_1_load_reg_610                                                                                         |   1|   0|    1|          0|
    |header_header_V_4                                                                                               |  96|   0|   96|          0|
    |icmp_ln983_reg_645                                                                                              |   1|   0|    1|          0|
    |meta_dest_qp_V_1                                                                                                |  16|   0|   16|          0|
    |meta_numPkg_V                                                                                                   |  22|   0|   22|          0|
    |meta_op_code_2                                                                                                  |  32|   0|   32|          0|
    |p_Result_44_reg_631                                                                                             |  96|   0|   96|          0|
    |qpState_req_next_psn_V_reg_640                                                                                  |  24|   0|   24|          0|
    |tmp_201_i_reg_618                                                                                               |   1|   0|    1|          0|
    |tmp_i_263_reg_636                                                                                               |   1|   0|    1|          0|
    |tmp_i_reg_614                                                                                                   |   1|   0|    1|          0|
    |tmp_reg_627                                                                                                     |   1|   0|    1|          0|
    |trunc_ln957_s_reg_622                                                                                           |  16|   0|   16|          0|
    +----------------------------------------------------------------------------------------------------------------+----+----+-----+-----------+
    |Total                                                                                                           | 408|   0|  408|          0|
    +----------------------------------------------------------------------------------------------------------------+----+----+-----+-----------+



================================================================
== Interface
================================================================
* Summary: 
+-----------------------------------------+-----+-----+------------+--------------------------+--------------+
|                RTL Ports                | Dir | Bits|  Protocol  |       Source Object      |    C Type    |
+-----------------------------------------+-----+-----+------------+--------------------------+--------------+
|ap_clk                                   |   in|    1|  ap_ctrl_hs|          generate_ibh<64>|  return value|
|ap_rst                                   |   in|    1|  ap_ctrl_hs|          generate_ibh<64>|  return value|
|ap_start                                 |   in|    1|  ap_ctrl_hs|          generate_ibh<64>|  return value|
|ap_done                                  |  out|    1|  ap_ctrl_hs|          generate_ibh<64>|  return value|
|ap_continue                              |   in|    1|  ap_ctrl_hs|          generate_ibh<64>|  return value|
|ap_idle                                  |  out|    1|  ap_ctrl_hs|          generate_ibh<64>|  return value|
|ap_ready                                 |  out|    1|  ap_ctrl_hs|          generate_ibh<64>|  return value|
|tx_ibhMetaFifo_dout                      |   in|  192|     ap_fifo|            tx_ibhMetaFifo|       pointer|
|tx_ibhMetaFifo_num_data_valid            |   in|    4|     ap_fifo|            tx_ibhMetaFifo|       pointer|
|tx_ibhMetaFifo_fifo_cap                  |   in|    4|     ap_fifo|            tx_ibhMetaFifo|       pointer|
|tx_ibhMetaFifo_empty_n                   |   in|    1|     ap_fifo|            tx_ibhMetaFifo|       pointer|
|tx_ibhMetaFifo_read                      |  out|    1|     ap_fifo|            tx_ibhMetaFifo|       pointer|
|tx_dstQpFifo_dout                        |   in|   24|     ap_fifo|              tx_dstQpFifo|       pointer|
|tx_dstQpFifo_num_data_valid              |   in|    2|     ap_fifo|              tx_dstQpFifo|       pointer|
|tx_dstQpFifo_fifo_cap                    |   in|    2|     ap_fifo|              tx_dstQpFifo|       pointer|
|tx_dstQpFifo_empty_n                     |   in|    1|     ap_fifo|              tx_dstQpFifo|       pointer|
|tx_dstQpFifo_read                        |  out|    1|     ap_fifo|              tx_dstQpFifo|       pointer|
|stateTable2txIbh_rsp_dout                |   in|  123|     ap_fifo|      stateTable2txIbh_rsp|       pointer|
|stateTable2txIbh_rsp_num_data_valid      |   in|    2|     ap_fifo|      stateTable2txIbh_rsp|       pointer|
|stateTable2txIbh_rsp_fifo_cap            |   in|    2|     ap_fifo|      stateTable2txIbh_rsp|       pointer|
|stateTable2txIbh_rsp_empty_n             |   in|    1|     ap_fifo|      stateTable2txIbh_rsp|       pointer|
|stateTable2txIbh_rsp_read                |  out|    1|     ap_fifo|      stateTable2txIbh_rsp|       pointer|
|txIbh2stateTable_upd_req_din             |  out|   41|     ap_fifo|  txIbh2stateTable_upd_req|       pointer|
|txIbh2stateTable_upd_req_num_data_valid  |   in|    2|     ap_fifo|  txIbh2stateTable_upd_req|       pointer|
|txIbh2stateTable_upd_req_fifo_cap        |   in|    2|     ap_fifo|  txIbh2stateTable_upd_req|       pointer|
|txIbh2stateTable_upd_req_full_n          |   in|    1|     ap_fifo|  txIbh2stateTable_upd_req|       pointer|
|txIbh2stateTable_upd_req_write           |  out|    1|     ap_fifo|  txIbh2stateTable_upd_req|       pointer|
|tx_ibhHeaderFifo_din                     |  out|  113|     ap_fifo|          tx_ibhHeaderFifo|       pointer|
|tx_ibhHeaderFifo_num_data_valid          |   in|    2|     ap_fifo|          tx_ibhHeaderFifo|       pointer|
|tx_ibhHeaderFifo_fifo_cap                |   in|    2|     ap_fifo|          tx_ibhHeaderFifo|       pointer|
|tx_ibhHeaderFifo_full_n                  |   in|    1|     ap_fifo|          tx_ibhHeaderFifo|       pointer|
|tx_ibhHeaderFifo_write                   |  out|    1|     ap_fifo|          tx_ibhHeaderFifo|       pointer|
+-----------------------------------------+-----+-----+------------+--------------------------+--------------+

