

================================================================
== Vitis HLS Report for 'ipv4_generate_ipv4_64_3'
================================================================
* Date:           Tue Aug 15 18:30:11 2023

* Version:        2022.2 (Build 3670227 on Oct 13 2022)
* Project:        rocev2_prj
* Solution:       solution1 (Vivado IP Flow Target)
* Product family: virtex7
* Target device:  xc7vx690t-ffg1761-2


================================================================
== Performance Estimates
================================================================
+ Timing: 
    * Summary: 
    +--------+---------+----------+------------+
    |  Clock |  Target | Estimated| Uncertainty|
    +--------+---------+----------+------------+
    |ap_clk  |  6.40 ns|  7.621 ns|     1.73 ns|
    +--------+---------+----------+------------+

+ Latency: 
    * Summary: 
    +---------+---------+----------+----------+-----+-----+---------+
    |  Latency (cycles) |  Latency (absolute) |  Interval | Pipeline|
    |   min   |   max   |    min   |    max   | min | max |   Type  |
    +---------+---------+----------+----------+-----+-----+---------+
    |        1|        1|  7.621 ns|  7.621 ns|    1|    1|      yes|
    +---------+---------+----------+----------+-----+-----+---------+

    + Detail: 
        * Instance: 
        N/A

        * Loop: 
        N/A



================================================================
== Utilization Estimates
================================================================
* Summary: 
+-----------------+---------+------+--------+--------+-----+
|       Name      | BRAM_18K|  DSP |   FF   |   LUT  | URAM|
+-----------------+---------+------+--------+--------+-----+
|DSP              |        -|     -|       -|       -|    -|
|Expression       |        -|     -|       0|    3925|    -|
|FIFO             |        -|     -|       -|       -|    -|
|Instance         |        -|     -|       -|       -|    -|
|Memory           |        -|     -|       -|       -|    -|
|Multiplexer      |        -|     -|       -|     131|    -|
|Register         |        -|     -|     450|       -|    -|
+-----------------+---------+------+--------+--------+-----+
|Total            |        0|     0|     450|    4056|    0|
+-----------------+---------+------+--------+--------+-----+
|Available        |     2940|  3600|  866400|  433200|    0|
+-----------------+---------+------+--------+--------+-----+
|Utilization (%)  |        0|     0|      ~0|      ~0|    0|
+-----------------+---------+------+--------+--------+-----+

+ Detail: 
    * Instance: 
    N/A

    * DSP: 
    N/A

    * Memory: 
    N/A

    * FIFO: 
    N/A

    * Expression: 
    +----------------------------------+----------+----+---+-----+------------+------------+
    |           Variable Name          | Operation| DSP| FF| LUT | Bitwidth P0| Bitwidth P1|
    +----------------------------------+----------+----+---+-----+------------+------------+
    |add_ln76_2_fu_290_p2              |         +|   0|  0|   30|          23|           7|
    |add_ln76_fu_442_p2                |         +|   0|  0|   30|          23|           7|
    |grp_fu_244_p2                     |         +|   0|  0|   23|          16|           1|
    |len_V_fu_663_p2                   |         +|   0|  0|   23|          16|           5|
    |sub_ln80_3_fu_574_p2              |         -|   0|  0|   18|           1|          11|
    |sub_ln80_4_fu_590_p2              |         -|   0|  0|   15|           1|           8|
    |sub_ln80_fu_556_p2                |         -|   0|  0|   30|           8|          23|
    |ap_condition_162                  |       and|   0|  0|    2|           1|           1|
    |ap_condition_175                  |       and|   0|  0|    2|           1|           1|
    |ap_condition_180                  |       and|   0|  0|    2|           1|           1|
    |ap_condition_192                  |       and|   0|  0|    2|           1|           1|
    |ap_condition_220                  |       and|   0|  0|    2|           1|           1|
    |ap_condition_232                  |       and|   0|  0|    2|           1|           1|
    |ap_condition_256                  |       and|   0|  0|    2|           1|           1|
    |ap_predicate_op105_read_state1    |       and|   0|  0|    2|           1|           1|
    |ap_predicate_op114_read_state1    |       and|   0|  0|    2|           1|           1|
    |ap_predicate_op133_write_state2   |       and|   0|  0|    2|           1|           1|
    |ap_predicate_op141_write_state2   |       and|   0|  0|    2|           1|           1|
    |ap_predicate_op25_read_state1     |       and|   0|  0|    2|           1|           1|
    |grp_nbreadreq_fu_164_p3           |       and|   0|  0|    2|           1|           0|
    |p_Result_27_fu_488_p2             |       and|   0|  0|  160|         160|         160|
    |p_Result_29_fu_336_p2             |       and|   0|  0|  160|         160|         160|
    |tmp_i_i_nbreadreq_fu_178_p3       |       and|   0|  0|    2|           1|           0|
    |icmp_ln76_2_fu_296_p2             |      icmp|   0|  0|   15|          23|           8|
    |icmp_ln76_fu_448_p2               |      icmp|   0|  0|   15|          23|           8|
    |icmp_ln80_fu_624_p2               |      icmp|   0|  0|    9|           5|           1|
    |icmp_ln82_2_fu_302_p2             |      icmp|   0|  0|   14|          22|           8|
    |icmp_ln82_fu_454_p2               |      icmp|   0|  0|   14|          22|           8|
    |lshr_ln628_10_fu_330_p2           |      lshr|   0|  0|  554|           2|         160|
    |lshr_ln628_6_fu_476_p2            |      lshr|   0|  0|  554|         160|         160|
    |lshr_ln628_7_fu_482_p2            |      lshr|   0|  0|  554|           2|         160|
    |lshr_ln628_8_fu_376_p2            |      lshr|   0|  0|  554|         160|         160|
    |lshr_ln628_9_fu_324_p2            |      lshr|   0|  0|  554|         160|         160|
    |lshr_ln628_fu_528_p2              |      lshr|   0|  0|  554|         160|         160|
    |ap_block_pp0_stage0_01001         |        or|   0|  0|    2|           1|           1|
    |ap_block_state1_pp0_stage0_iter0  |        or|   0|  0|    2|           1|           1|
    |ap_block_state2_pp0_stage0_iter1  |        or|   0|  0|    2|           1|           1|
    |select_ln222_cast_i_i_fu_408_p3   |    select|   0|  0|    2|           1|           2|
    |select_ln80_fu_616_p3             |    select|   0|  0|    5|           1|           5|
    |ap_enable_pp0                     |       xor|   0|  0|    2|           1|           2|
    |xor_ln222_fu_402_p2               |       xor|   0|  0|    2|           1|           2|
    +----------------------------------+----------+----+---+-----+------------+------------+
    |Total                             |          |   0|  0| 3925|        1168|        1401|
    +----------------------------------+----------+----+---+-----+------------+------------+

    * Multiplexer: 
    +-------------------------------------------------+----+-----------+-----+-----------+
    |                       Name                      | LUT| Input Size| Bits| Total Bits|
    +-------------------------------------------------+----+-----------+-----+-----------+
    |ap_done                                          |   9|          2|    1|          2|
    |ap_phi_mux_phi_ln1027_phi_fu_202_p6              |  13|          3|    1|          3|
    |ap_phi_reg_pp0_iter1_currWord_data_V_10_reg_223  |  13|          3|   64|        192|
    |ap_phi_reg_pp0_iter1_currWord_data_V_13_reg_212  |  17|          4|   64|        256|
    |gi_state                                         |  17|          4|    2|          8|
    |header_idx_2                                     |   9|          2|   16|         32|
    |local_ip_address_blk_n                           |   9|          2|    1|          2|
    |tx_ip2crcFifo_blk_n                              |   9|          2|    1|          2|
    |tx_ip2crcFifo_din                                |  17|          4|  128|        512|
    |tx_shift2ipv4Fifo_blk_n                          |   9|          2|    1|          2|
    |tx_udp2ipMetaFifo_blk_n                          |   9|          2|    1|          2|
    +-------------------------------------------------+----+-----------+-----+-----------+
    |Total                                            | 131|         30|  280|       1013|
    +-------------------------------------------------+----+-----------+-----+-----------+

    * Register: 
    +-------------------------------------------------+-----+----+-----+-----------+
    |                       Name                      |  FF | LUT| Bits| Const Bits|
    +-------------------------------------------------+-----+----+-----+-----------+
    |ap_CS_fsm                                        |    1|   0|    1|          0|
    |ap_done_reg                                      |    1|   0|    1|          0|
    |ap_enable_reg_pp0_iter1                          |    1|   0|    1|          0|
    |ap_phi_reg_pp0_iter1_currWord_data_V_10_reg_223  |   64|   0|   64|          0|
    |ap_phi_reg_pp0_iter1_currWord_data_V_13_reg_212  |   64|   0|   64|          0|
    |gi_state                                         |    2|   0|    2|          0|
    |gi_state_load_reg_780                            |    2|   0|    2|          0|
    |header_header_V_2                                |  160|   0|  160|          0|
    |header_idx_2                                     |   16|   0|   16|          0|
    |tmp_177_i_i_reg_830                              |    1|   0|    1|          0|
    |tmp_i_i_259_reg_784                              |    1|   0|    1|          0|
    |tmp_reg_809                                      |    9|   0|    9|          0|
    |tx_shift2ipv4Fifo_read_reg_834                   |  128|   0|  128|          0|
    +-------------------------------------------------+-----+----+-----+-----------+
    |Total                                            |  450|   0|  450|          0|
    +-------------------------------------------------+-----+----+-----+-----------+



================================================================
== Interface
================================================================
* Summary: 
+----------------------------------+-----+-----+------------+-------------------------+--------------+
|             RTL Ports            | Dir | Bits|  Protocol  |      Source Object      |    C Type    |
+----------------------------------+-----+-----+------------+-------------------------+--------------+
|ap_clk                            |   in|    1|  ap_ctrl_hs|  ipv4_generate_ipv4<64>3|  return value|
|ap_rst                            |   in|    1|  ap_ctrl_hs|  ipv4_generate_ipv4<64>3|  return value|
|ap_start                          |   in|    1|  ap_ctrl_hs|  ipv4_generate_ipv4<64>3|  return value|
|ap_done                           |  out|    1|  ap_ctrl_hs|  ipv4_generate_ipv4<64>3|  return value|
|ap_continue                       |   in|    1|  ap_ctrl_hs|  ipv4_generate_ipv4<64>3|  return value|
|ap_idle                           |  out|    1|  ap_ctrl_hs|  ipv4_generate_ipv4<64>3|  return value|
|ap_ready                          |  out|    1|  ap_ctrl_hs|  ipv4_generate_ipv4<64>3|  return value|
|local_ip_address_dout             |   in|  128|     ap_fifo|         local_ip_address|       pointer|
|local_ip_address_num_data_valid   |   in|    3|     ap_fifo|         local_ip_address|       pointer|
|local_ip_address_fifo_cap         |   in|    3|     ap_fifo|         local_ip_address|       pointer|
|local_ip_address_empty_n          |   in|    1|     ap_fifo|         local_ip_address|       pointer|
|local_ip_address_read             |  out|    1|     ap_fifo|         local_ip_address|       pointer|
|tx_shift2ipv4Fifo_dout            |   in|  128|     ap_fifo|        tx_shift2ipv4Fifo|       pointer|
|tx_shift2ipv4Fifo_num_data_valid  |   in|    4|     ap_fifo|        tx_shift2ipv4Fifo|       pointer|
|tx_shift2ipv4Fifo_fifo_cap        |   in|    4|     ap_fifo|        tx_shift2ipv4Fifo|       pointer|
|tx_shift2ipv4Fifo_empty_n         |   in|    1|     ap_fifo|        tx_shift2ipv4Fifo|       pointer|
|tx_shift2ipv4Fifo_read            |  out|    1|     ap_fifo|        tx_shift2ipv4Fifo|       pointer|
|tx_udp2ipMetaFifo_dout            |   in|   64|     ap_fifo|        tx_udp2ipMetaFifo|       pointer|
|tx_udp2ipMetaFifo_num_data_valid  |   in|    2|     ap_fifo|        tx_udp2ipMetaFifo|       pointer|
|tx_udp2ipMetaFifo_fifo_cap        |   in|    2|     ap_fifo|        tx_udp2ipMetaFifo|       pointer|
|tx_udp2ipMetaFifo_empty_n         |   in|    1|     ap_fifo|        tx_udp2ipMetaFifo|       pointer|
|tx_udp2ipMetaFifo_read            |  out|    1|     ap_fifo|        tx_udp2ipMetaFifo|       pointer|
|tx_ip2crcFifo_din                 |  out|  128|     ap_fifo|            tx_ip2crcFifo|       pointer|
|tx_ip2crcFifo_num_data_valid      |   in|    2|     ap_fifo|            tx_ip2crcFifo|       pointer|
|tx_ip2crcFifo_fifo_cap            |   in|    2|     ap_fifo|            tx_ip2crcFifo|       pointer|
|tx_ip2crcFifo_full_n              |   in|    1|     ap_fifo|            tx_ip2crcFifo|       pointer|
|tx_ip2crcFifo_write               |  out|    1|     ap_fifo|            tx_ip2crcFifo|       pointer|
+----------------------------------+-----+-----+------------+-------------------------+--------------+

