

================================================================
== Vitis HLS Report for 'rocev2_top'
================================================================
* Date:           Tue Aug 15 18:30:23 2023

* Version:        2022.2 (Build 3670227 on Oct 13 2022)
* Project:        rocev2_prj
* Solution:       solution1 (Vivado IP Flow Target)
* Product family: virtex7
* Target device:  xc7vx690t-ffg1761-2


================================================================
== Performance Estimates
================================================================
+ Timing: 
    * Summary: 
    +--------+---------+----------+------------+
    |  Clock |  Target | Estimated| Uncertainty|
    +--------+---------+----------+------------+
    |ap_clk  |  6.40 ns|  7.621 ns|     1.73 ns|
    +--------+---------+----------+------------+

+ Latency: 
    * Summary: 
    +---------+---------+----------+----------+-----+-----+----------+
    |  Latency (cycles) |  Latency (absolute) |  Interval | Pipeline |
    |   min   |   max   |    min   |    max   | min | max |   Type   |
    +---------+---------+----------+----------+-----+-----+----------+
    |       45|       45|  0.343 us|  0.343 us|    1|    1|  dataflow|
    +---------+---------+----------+----------+-----+-----+----------+

    + Detail: 
        * Instance: 
        +-------------------------------------------------+------------------------------------------------+---------+---------+-----------+-----------+-----+-----+---------+
        |                                                 |                                                |  Latency (cycles) |   Latency (absolute)  |  Interval | Pipeline|
        |                     Instance                    |                     Module                     |   min   |   max   |    min    |    max    | min | max |   Type  |
        +-------------------------------------------------+------------------------------------------------+---------+---------+-----------+-----------+-----+-----+---------+
        |process_ipv4_64_U0                               |process_ipv4_64_s                               |        2|        2|  12.800 ns|  12.800 ns|    1|    1|      yes|
        |local_req_handler_U0                             |local_req_handler                               |        1|        1|   6.400 ns|   6.400 ns|    1|    1|      yes|
        |entry_proc_U0                                    |entry_proc                                      |        0|        0|       0 ns|       0 ns|    0|    0|       no|
        |tx_pkg_arbiter_64_U0                             |tx_pkg_arbiter_64_s                             |        1|        1|   6.400 ns|   6.400 ns|    1|    1|      yes|
        |ipv4_drop_optional_ip_header_64_U0               |ipv4_drop_optional_ip_header_64_s               |        1|        1|   6.400 ns|   6.400 ns|    1|    1|      yes|
        |process_udp_64_4_U0                              |process_udp_64_4                                |        2|        2|  12.800 ns|  12.800 ns|    1|    1|      yes|
        |udp_rshiftWordByOctet_net_axis_64_64_2_U0        |udp_rshiftWordByOctet_net_axis_64_64_2_s        |        1|        1|   6.400 ns|   6.400 ns|    1|    1|      yes|
        |merge_rx_meta_U0                                 |merge_rx_meta                                   |        1|        1|   6.400 ns|   6.400 ns|    1|    1|      yes|
        |rx_process_ibh_64_U0                             |rx_process_ibh_64_s                             |        2|        2|  12.800 ns|  12.800 ns|    1|    1|      yes|
        |rshiftWordByOctet_net_axis_64_64_11_U0           |rshiftWordByOctet_net_axis_64_64_11_s           |        1|        1|   6.400 ns|   6.400 ns|    1|    1|      yes|
        |rx_process_exh_64_U0                             |rx_process_exh_64_s                             |        5|        5|  32.000 ns|  32.000 ns|    1|    1|      yes|
        |rx_ibh_fsm_U0                                    |rx_ibh_fsm                                      |        2|        2|  12.800 ns|  12.800 ns|    1|    1|      yes|
        |ipUdpMetaHandler_64_U0                           |ipUdpMetaHandler_64_s                           |        1|        1|   6.400 ns|   6.400 ns|    1|    1|      yes|
        |rx_exh_fsm_64_U0                                 |rx_exh_fsm_64_s                                 |        2|        2|  12.800 ns|  12.800 ns|    1|    1|      yes|
        |handle_read_requests_U0                          |handle_read_requests                            |        1|        1|   6.400 ns|   6.400 ns|    1|    1|      yes|
        |stream_merger_ackEvent_U0                        |stream_merger_ackEvent_s                        |        2|        2|  12.800 ns|  12.800 ns|    1|    1|      yes|
        |meta_merger_U0                                   |meta_merger                                     |        6|        6|  38.400 ns|  38.400 ns|    1|    1|      yes|
        |ipv4_lshiftWordByOctet_64_2_U0                   |ipv4_lshiftWordByOctet_64_2_s                   |        1|        1|   6.400 ns|   6.400 ns|    1|    1|      yes|
        |drop_ooo_ibh_64_U0                               |drop_ooo_ibh_64_s                               |        1|        1|   6.400 ns|   6.400 ns|    1|    1|      yes|
        |ipv4_generate_ipv4_64_3_U0                       |ipv4_generate_ipv4_64_3                         |        1|        1|   7.621 ns|   7.621 ns|    1|    1|      yes|
        |rx_exh_payload_64_U0                             |rx_exh_payload_64_s                             |        1|        1|   6.400 ns|   6.400 ns|    1|    1|      yes|
        |lshiftWordByOctet_64_12_U0                       |lshiftWordByOctet_64_12_s                       |        1|        1|   6.400 ns|   6.400 ns|    1|    1|      yes|
        |lshiftWordByOctet_64_13_U0                       |lshiftWordByOctet_64_13_s                       |        1|        1|   6.400 ns|   6.400 ns|    1|    1|      yes|
        |generate_exh_64_U0                               |generate_exh_64_s                               |        1|        1|   7.597 ns|   7.597 ns|    1|    1|      yes|
        |qp_interface_U0                                  |qp_interface                                    |        1|        1|   6.400 ns|   6.400 ns|    1|    1|      yes|
        |generate_ibh_64_U0                               |generate_ibh_64_s                               |        1|        1|   6.400 ns|   6.400 ns|    1|    1|      yes|
        |split_tx_meta_U0                                 |split_tx_meta                                   |        1|        1|   6.400 ns|   6.400 ns|    1|    1|      yes|
        |rshiftWordByOctet_routed_net_axis_64_1_64_12_U0  |rshiftWordByOctet_routed_net_axis_64_1_64_12_s  |        1|        1|   6.400 ns|   6.400 ns|    1|    1|      yes|
        |rshiftWordByOctet_net_axis_64_64_13_U0           |rshiftWordByOctet_net_axis_64_64_13_s           |        1|        1|   6.400 ns|   6.400 ns|    1|    1|      yes|
        |append_payload_64_U0                             |append_payload_64_s                             |        1|        1|   6.400 ns|   6.400 ns|    1|    1|      yes|
        |mq_pointer_table_500_U0                          |mq_pointer_table_500_s                          |        3|        3|  19.200 ns|  19.200 ns|    1|    1|      yes|
        |mem_cmd_merger_64_U0                             |mem_cmd_merger_64_s                             |        3|        3|  19.200 ns|  19.200 ns|    1|    1|      yes|
        |state_table_U0                                   |state_table                                     |        4|        4|  25.600 ns|  25.600 ns|    1|    1|      yes|
        |udp_lshiftWordByOctet_64_1_U0                    |udp_lshiftWordByOctet_64_1_s                    |        1|        1|   6.400 ns|   6.400 ns|    1|    1|      yes|
        |merge_rx_pkgs_64_U0                              |merge_rx_pkgs_64_s                              |        2|        2|  12.800 ns|  12.800 ns|    1|    1|      yes|
        |lshiftWordByOctet_64_11_U0                       |lshiftWordByOctet_64_11_s                       |        1|        1|   6.400 ns|   6.400 ns|    1|    1|      yes|
        |tx_ipUdpMetaMerger_U0                            |tx_ipUdpMetaMerger                              |        1|        1|   6.400 ns|   6.400 ns|    1|    1|      yes|
        |msn_table_U0                                     |msn_table                                       |        3|        3|  19.200 ns|  19.200 ns|    1|    1|      yes|
        |mq_freelist_handler_2048_U0                      |mq_freelist_handler_2048_s                      |        1|        1|   6.400 ns|   6.400 ns|    1|    1|      yes|
        |mq_meta_table_ap_uint_64_2048_U0                 |mq_meta_table_ap_uint_64_2048_s                 |        1|        1|   6.400 ns|   6.400 ns|    1|    1|      yes|
        |insert_icrc_64_U0                                |insert_icrc_64_s                                |        2|        2|  12.800 ns|  12.800 ns|    1|    1|      yes|
        |generate_udp_64_U0                               |generate_udp_64_s                               |        1|        1|   7.621 ns|   7.621 ns|    1|    1|      yes|
        |prepend_ibh_header_64_U0                         |prepend_ibh_header_64_s                         |        1|        1|   7.621 ns|   7.621 ns|    1|    1|      yes|
        |conn_table_U0                                    |conn_table                                      |        1|        1|   6.400 ns|   6.400 ns|    1|    1|      yes|
        |read_req_table_U0                                |read_req_table                                  |        1|        1|   6.400 ns|   6.400 ns|    1|    1|      yes|
        |mq_process_requests_ap_uint_64_U0                |mq_process_requests_ap_uint_64_s                |        1|        1|   6.400 ns|   6.400 ns|    1|    1|      yes|
        |extract_icrc_64_U0                               |extract_icrc_64_s                               |        1|        1|   6.400 ns|   6.400 ns|    1|    1|      yes|
        |Block_entry450_proc_U0                           |Block_entry450_proc                             |        0|        0|       0 ns|       0 ns|    0|    0|       no|
        +-------------------------------------------------+------------------------------------------------+---------+---------+-----------+-----------+-----+-----+---------+

        * Loop: 
        N/A



================================================================
== Utilization Estimates
================================================================
* Summary: 
+-----------------+---------+------+--------+--------+-----+
|       Name      | BRAM_18K|  DSP |   FF   |   LUT  | URAM|
+-----------------+---------+------+--------+--------+-----+
|DSP              |        -|     -|       -|       -|    -|
|Expression       |        -|     -|       -|       -|    -|
|FIFO             |      127|     -|    9172|    5849|    -|
|Instance         |       32|     6|   17746|   30885|    0|
|Memory           |        -|     -|       -|       -|    -|
|Multiplexer      |        -|     -|       -|       -|    -|
|Register         |        -|     -|       -|       -|    -|
+-----------------+---------+------+--------+--------+-----+
|Total            |      159|     6|   26918|   36734|    0|
+-----------------+---------+------+--------+--------+-----+
|Available        |     2940|  3600|  866400|  433200|    0|
+-----------------+---------+------+--------+--------+-----+
|Utilization (%)  |        5|    ~0|       3|       8|    0|
+-----------------+---------+------+--------+--------+-----+

+ Detail: 
    * Instance: 
    +-------------------------------------------------+------------------------------------------------+---------+----+------+------+-----+
    |                     Instance                    |                     Module                     | BRAM_18K| DSP|  FF  |  LUT | URAM|
    +-------------------------------------------------+------------------------------------------------+---------+----+------+------+-----+
    |Block_entry450_proc_U0                           |Block_entry450_proc                             |        0|   0|     2|    11|    0|
    |append_payload_64_U0                             |append_payload_64_s                             |        0|   0|   508|   199|    0|
    |conn_table_U0                                    |conn_table                                      |        6|   0|     4|    91|    0|
    |drop_ooo_ibh_64_U0                               |drop_ooo_ibh_64_s                               |        0|   0|   136|    68|    0|
    |entry_proc_U0                                    |entry_proc                                      |        0|   0|     2|    20|    0|
    |extract_icrc_64_U0                               |extract_icrc_64_s                               |        0|   0|   163|   166|    0|
    |generate_exh_64_U0                               |generate_exh_64_s                               |        0|   0|   574|  3825|    0|
    |generate_ibh_64_U0                               |generate_ibh_64_s                               |        0|   0|   408|   222|    0|
    |generate_udp_64_U0                               |generate_udp_64_s                               |        0|   0|   354|   337|    0|
    |handle_read_requests_U0                          |handle_read_requests                            |        0|   0|   349|   489|    0|
    |insert_icrc_64_U0                                |insert_icrc_64_s                                |        0|   0|    82|   118|    0|
    |ipUdpMetaHandler_64_U0                           |ipUdpMetaHandler_64_s                           |        0|   0|   265|    72|    0|
    |ipv4_drop_optional_ip_header_64_U0               |ipv4_drop_optional_ip_header_64_s               |        0|   0|   456|   188|    0|
    |ipv4_generate_ipv4_64_3_U0                       |ipv4_generate_ipv4_64_3                         |        0|   0|   450|  4056|    0|
    |ipv4_lshiftWordByOctet_64_2_U0                   |ipv4_lshiftWordByOctet_64_2_s                   |        0|   0|   189|   167|    0|
    |local_req_handler_U0                             |local_req_handler                               |        0|   0|   480|   989|    0|
    |lshiftWordByOctet_64_11_U0                       |lshiftWordByOctet_64_11_s                       |        0|   0|   189|   167|    0|
    |lshiftWordByOctet_64_12_U0                       |lshiftWordByOctet_64_12_s                       |        0|   0|   189|   167|    0|
    |lshiftWordByOctet_64_13_U0                       |lshiftWordByOctet_64_13_s                       |        0|   0|   132|    37|    0|
    |mem_cmd_merger_64_U0                             |mem_cmd_merger_64_s                             |        0|   0|   455|   430|    0|
    |merge_rx_meta_U0                                 |merge_rx_meta                                   |        0|   0|    86|    52|    0|
    |merge_rx_pkgs_64_U0                              |merge_rx_pkgs_64_s                              |        0|   0|   345|   167|    0|
    |meta_merger_U0                                   |meta_merger                                     |        0|   3|  2429|  1596|    0|
    |mq_freelist_handler_2048_U0                      |mq_freelist_handler_2048_s                      |        0|   0|    32|    73|    0|
    |mq_meta_table_ap_uint_64_2048_U0                 |mq_meta_table_ap_uint_64_2048_s                 |       12|   0|     6|    80|    0|
    |mq_pointer_table_500_U0                          |mq_pointer_table_500_s                          |        3|   0|   193|   198|    0|
    |mq_process_requests_ap_uint_64_U0                |mq_process_requests_ap_uint_64_s                |        0|   0|   474|   430|    0|
    |msn_table_U0                                     |msn_table                                       |        5|   0|   425|   243|    0|
    |prepend_ibh_header_64_U0                         |prepend_ibh_header_64_s                         |        0|   0|   386|  2438|    0|
    |process_ipv4_64_U0                               |process_ipv4_64_s                               |        0|   0|   833|  3619|    0|
    |process_udp_64_4_U0                              |process_udp_64_4                                |        0|   0|   394|   162|    0|
    |qp_interface_U0                                  |qp_interface                                    |        0|   0|   135|    82|    0|
    |read_req_table_U0                                |read_req_table                                  |        0|   0|     4|    41|    0|
    |rshiftWordByOctet_net_axis_64_64_11_U0           |rshiftWordByOctet_net_axis_64_64_11_s           |        0|   0|   189|    95|    0|
    |rshiftWordByOctet_net_axis_64_64_13_U0           |rshiftWordByOctet_net_axis_64_64_13_s           |        0|   0|   189|    95|    0|
    |rshiftWordByOctet_routed_net_axis_64_1_64_12_U0  |rshiftWordByOctet_routed_net_axis_64_1_64_12_s  |        0|   0|   132|    37|    0|
    |rx_exh_fsm_64_U0                                 |rx_exh_fsm_64_s                                 |        0|   0|   906|  1211|    0|
    |rx_exh_payload_64_U0                             |rx_exh_payload_64_s                             |        0|   0|   200|    80|    0|
    |rx_ibh_fsm_U0                                    |rx_ibh_fsm                                      |        0|   0|   573|   678|    0|
    |rx_process_exh_64_U0                             |rx_process_exh_64_s                             |        0|   3|  2049|  3721|    0|
    |rx_process_ibh_64_U0                             |rx_process_ibh_64_s                             |        0|   0|   636|  2169|    0|
    |split_tx_meta_U0                                 |split_tx_meta                                   |        0|   0|    84|    69|    0|
    |state_table_U0                                   |state_table                                     |        6|   0|   449|   435|    0|
    |stream_merger_ackEvent_U0                        |stream_merger_ackEvent_s                        |        0|   0|   157|    67|    0|
    |tx_ipUdpMetaMerger_U0                            |tx_ipUdpMetaMerger                              |        0|   0|   189|   237|    0|
    |tx_pkg_arbiter_64_U0                             |tx_pkg_arbiter_64_s                             |        0|   0|   600|   917|    0|
    |udp_lshiftWordByOctet_64_1_U0                    |udp_lshiftWordByOctet_64_1_s                    |        0|   0|   132|    37|    0|
    |udp_rshiftWordByOctet_net_axis_64_64_2_U0        |udp_rshiftWordByOctet_net_axis_64_64_2_s        |        0|   0|   132|    37|    0|
    +-------------------------------------------------+------------------------------------------------+---------+----+------+------+-----+
    |Total                                            |                                                |       32|   6| 17746| 30885|    0|
    +-------------------------------------------------+------------------------------------------------+---------+----+------+------+-----+

    * DSP: 
    N/A

    * Memory: 
    N/A

    * FIFO: 
    +-----------------------------+---------+-----+----+-----+------+-----+---------+
    |             Name            | BRAM_18K|  FF | LUT| URAM| Depth| Bits| Size:D*B|
    +-----------------------------+---------+-----+----+-----+------+-----+---------+
    |exh_lengthFifo_U             |        0|   99|   0|    -|     4|   16|       64|
    |if2msnTable_init_U           |        0|   99|   0|    -|     2|   48|       96|
    |local_ip_address_c_U         |        0|   99|   0|    -|     3|  128|      384|
    |mq_freeListFifo_U            |        2|  163|   0|    -|  2048|   16|    32768|
    |mq_metaReqFifo_U             |        0|   99|   0|    -|     2|  256|      512|
    |mq_metaRspFifo_U             |        0|   99|   0|    -|     2|  128|      256|
    |mq_pointerReqFifo_U          |        0|   99|   0|    -|     2|   32|       64|
    |mq_pointerRspFifo_U          |        0|   99|   0|    -|     2|   48|       96|
    |mq_pointerUpdFifo_U          |        0|   99|   0|    -|     2|   64|      128|
    |mq_releaseFifo_U             |        0|   99|   0|    -|     2|   16|       32|
    |msnTable2rxExh_rsp_U         |        0|   99|   0|    -|     2|  152|      304|
    |msnTable2txExh_rsp_U         |        0|   99|   0|    -|     2|   56|      112|
    |qpi2stateTable_upd_req_U     |        0|   99|   0|    -|     2|   97|      194|
    |rxExh2msnTable_upd_req_U     |        0|   99|   0|    -|     2|  137|      274|
    |rxIbh2stateTable_upd_req_U   |        0|   99|   0|    -|     2|   45|       90|
    |rx_ackEventFifo_U            |        0|   99|   0|    -|     4|   50|      200|
    |rx_aethSift2mergerFifo_U     |        0|   99|   0|    -|     4|  128|      512|
    |rx_crc2ipFifo_U              |        0|   99|   0|    -|     2|  128|      256|
    |rx_drop2exhFsm_MetaFifo_U    |        0|   99|   0|    -|     2|  241|      482|
    |rx_exh2aethShiftFifo_U       |        0|   99|   0|    -|     4|  128|      512|
    |rx_exh2dropFifo_U            |        8|  153|   0|    -|    32|  128|     4096|
    |rx_exh2drop_MetaFifo_U       |       14|  149|   0|    -|     8|  241|     1928|
    |rx_exh2rethShiftFifo_U       |        0|   99|   0|    -|     4|  128|      512|
    |rx_exhEventMetaFifo_U        |        0|   99|   0|    -|     2|   50|      100|
    |rx_exhMetaFifo_U             |        0|   99|   0|    -|     2|   23|       46|
    |rx_exhNoShiftFifo_U          |        0|   99|   0|    -|     4|  128|      512|
    |rx_fsm2exh_MetaFifo_U        |        0|   99|   0|    -|     2|  119|      238|
    |rx_ibh2exh_MetaFifo_U        |        0|   99|   0|    -|     2|   32|       64|
    |rx_ibh2fsm_MetaFifo_U        |        0|   99|   0|    -|     2|  119|      238|
    |rx_ibh2shiftFifo_U           |        0|   99|   0|    -|     2|  128|      256|
    |rx_ibhDrop2exhFifo_U         |        8|  153|   0|    -|    32|  128|     4096|
    |rx_ibhDropFifo_U             |        0|   99|   0|    -|     2|    1|        2|
    |rx_ibhDropMetaFifo_U         |        0|   99|   0|    -|     2|    2|        4|
    |rx_ibhEventFifo_U            |        0|   99|   0|    -|     2|   50|      100|
    |rx_ip2udpFifo_U              |        0|   99|   0|    -|     2|  128|      256|
    |rx_ip2udpMetaFifo_U          |        0|   99|   0|    -|     2|   64|      128|
    |rx_ipUdpMetaFifo_U           |       15|  149|   0|    -|     8|  256|     2048|
    |rx_pkgShiftTypeFifo_U        |        0|   99|   0|    -|     2|   32|       64|
    |rx_pkgSplitTypeFifo_U        |        0|   99|   0|    -|     2|   64|      128|
    |rx_process2dropFifo_U        |        0|   99|   0|    -|     8|  128|     1024|
    |rx_process2dropLengthFifo_U  |        0|   99|   0|    -|     2|    4|        8|
    |rx_readEvenFifo_U            |        9|  161|   0|    -|   512|  162|    82944|
    |rx_readReqAddr_pop_req_U     |        0|   99|   0|    -|     2|   48|       96|
    |rx_readReqAddr_pop_rsp_U     |        0|   99|   0|    -|     2|   64|      128|
    |rx_readReqTable_upd_req_U    |        0|   99|   0|    -|     2|   41|       82|
    |rx_readRequestFifo_U         |        9|  149|   0|    -|     8|  160|     1280|
    |rx_remoteMemCmd_U            |        8|  161|   0|    -|   512|  144|    73728|
    |rx_rethSift2mergerFifo_U     |        0|   99|   0|    -|     4|  128|      512|
    |rx_shift2exhFifo_U           |        0|   99|   0|    -|     2|  128|      256|
    |rx_udp2ibFifo_U              |        0|   99|   0|    -|     2|  128|      256|
    |rx_udp2shiftFifo_U           |        0|   99|   0|    -|     2|  128|      256|
    |rx_udpMetaFifo_U             |        0|   99|   0|    -|     2|   49|       98|
    |stateTable2qpi_rsp_U         |        0|   99|   0|    -|     2|  123|      246|
    |stateTable2rxIbh_rsp_U       |        0|   99|   0|    -|     2|   75|      150|
    |stateTable2txIbh_rsp_U       |        0|   99|   0|    -|     2|  123|      246|
    |txExh2msnTable_req_U         |        0|   99|   0|    -|     2|   16|       32|
    |txIbh2stateTable_upd_req_U   |        0|   99|   0|    -|     2|   41|       82|
    |tx_aethShift2payFifo_U       |        0|   99|   0|    -|     2|  128|      256|
    |tx_appMetaFifo_U             |       15|  153|   0|    -|    32|  256|     8192|
    |tx_connTable2ibh_rsp_U       |       22|  149|   0|    -|     8|  384|     3072|
    |tx_dstQpFifo_U               |        0|   99|   0|    -|     2|   24|       48|
    |tx_exh2payFifo_U             |        0|   99|   0|    -|     4|  128|      512|
    |tx_exh2shiftFifo_U           |        0|   99|   0|    -|     2|  128|      256|
    |tx_exhMetaFifo_U             |        0|   99|   0|    -|     4|  162|      648|
    |tx_ib2udpFifo_U              |        0|   99|   0|    -|     2|  128|      256|
    |tx_ibhHeaderFifo_U           |        0|   99|   0|    -|     2|  113|      226|
    |tx_ibhMetaFifo_U             |       11|  149|   0|    -|     8|  192|     1536|
    |tx_ibhconnTable_req_U        |        0|   99|   0|    -|     2|   16|       32|
    |tx_ip2crcFifo_U              |        0|   99|   0|    -|     2|  128|      256|
    |tx_ipUdpMetaFifo_U           |        0|   99|   0|    -|     2|  256|      512|
    |tx_lengthFifo_U              |        0|   99|   0|    -|     4|   16|       64|
    |tx_localMemCmdFifo_U         |        0|   99|   0|    -|     2|  144|      288|
    |tx_packetInfoFifo_U          |        0|   99|   0|    -|     2|    3|        6|
    |tx_pkgInfoFifo_U             |        6|  157|   0|    -|   128|   96|    12288|
    |tx_rawPayFifo_U              |        0|   99|   0|    -|     4|  128|      512|
    |tx_readReqAddr_push_U        |        0|   99|   0|    -|     2|  128|      256|
    |tx_readReqTable_upd_U        |        0|   99|   0|    -|     2|   40|       80|
    |tx_rethMerge2rethShift_U     |        0|   99|   0|    -|     4|  128|      512|
    |tx_rethShift2payFifo_U       |        0|   99|   0|    -|     2|  128|      256|
    |tx_shift2ibhFifo_U           |        0|   99|   0|    -|     8|  128|     1024|
    |tx_shift2ipv4Fifo_U          |        0|   99|   0|    -|     8|  128|     1024|
    |tx_shift2udpFifo_U           |        0|   99|   0|    -|     2|  128|      256|
    |tx_split2aethShift_U         |        0|   99|   0|    -|     4|  128|      512|
    |tx_udp2ipFifo_U              |        0|   99|   0|    -|     2|  128|      256|
    |tx_udp2ipMetaFifo_U          |        0|   99|   0|    -|     2|   64|      128|
    |tx_udpMetaFifo_U             |        0|   99|   0|    -|     2|   64|      128|
    +-----------------------------+---------+-----+----+-----+------+-----+---------+
    |Total                        |      127| 9172|   0|    0|  3529| 9047|   246968|
    +-----------------------------+---------+-----+----+-----+------+-----+---------+

    * Expression: 
    N/A

    * Multiplexer: 
    N/A

    * Register: 
    N/A



================================================================
== Interface
================================================================
* Summary: 
+---------------------------------+-----+-----+--------------+--------------------------+--------------+
|            RTL Ports            | Dir | Bits|   Protocol   |       Source Object      |    C Type    |
+---------------------------------+-----+-----+--------------+--------------------------+--------------+
|s_axis_rx_data_TDATA             |   in|  128|          axis|            s_axis_rx_data|       pointer|
|s_axis_rx_data_TVALID            |   in|    1|          axis|            s_axis_rx_data|       pointer|
|s_axis_rx_data_TREADY            |  out|    1|          axis|            s_axis_rx_data|       pointer|
|s_axis_tx_meta_dout              |   in|  184|       ap_fifo|            s_axis_tx_meta|       pointer|
|s_axis_tx_meta_empty_n           |   in|    1|       ap_fifo|            s_axis_tx_meta|       pointer|
|s_axis_tx_meta_read              |  out|    1|       ap_fifo|            s_axis_tx_meta|       pointer|
|s_axis_tx_data_TDATA             |   in|  128|          axis|            s_axis_tx_data|       pointer|
|s_axis_tx_data_TVALID            |   in|    1|          axis|            s_axis_tx_data|       pointer|
|s_axis_tx_data_TREADY            |  out|    1|          axis|            s_axis_tx_data|       pointer|
|m_axis_tx_data_TDATA             |  out|  128|          axis|            m_axis_tx_data|       pointer|
|m_axis_tx_data_TVALID            |  out|    1|          axis|            m_axis_tx_data|       pointer|
|m_axis_tx_data_TREADY            |   in|    1|          axis|            m_axis_tx_data|       pointer|
|m_axis_mem_write_cmd_TDATA       |  out|  192|          axis|      m_axis_mem_write_cmd|       pointer|
|m_axis_mem_write_cmd_TVALID      |  out|    1|          axis|      m_axis_mem_write_cmd|       pointer|
|m_axis_mem_write_cmd_TREADY      |   in|    1|          axis|      m_axis_mem_write_cmd|       pointer|
|m_axis_mem_read_cmd_TDATA        |  out|  192|          axis|       m_axis_mem_read_cmd|       pointer|
|m_axis_mem_read_cmd_TVALID       |  out|    1|          axis|       m_axis_mem_read_cmd|       pointer|
|m_axis_mem_read_cmd_TREADY       |   in|    1|          axis|       m_axis_mem_read_cmd|       pointer|
|m_axis_mem_write_data_TDATA      |  out|  128|          axis|     m_axis_mem_write_data|       pointer|
|m_axis_mem_write_data_TVALID     |  out|    1|          axis|     m_axis_mem_write_data|       pointer|
|m_axis_mem_write_data_TREADY     |   in|    1|          axis|     m_axis_mem_write_data|       pointer|
|s_axis_mem_read_data_TDATA       |   in|  128|          axis|      s_axis_mem_read_data|       pointer|
|s_axis_mem_read_data_TVALID      |   in|    1|          axis|      s_axis_mem_read_data|       pointer|
|s_axis_mem_read_data_TREADY      |  out|    1|          axis|      s_axis_mem_read_data|       pointer|
|s_axis_qp_interface_TDATA        |   in|  168|          axis|       s_axis_qp_interface|       pointer|
|s_axis_qp_interface_TVALID       |   in|    1|          axis|       s_axis_qp_interface|       pointer|
|s_axis_qp_interface_TREADY       |  out|    1|          axis|       s_axis_qp_interface|       pointer|
|s_axis_qp_conn_interface_TDATA   |   in|  184|          axis|  s_axis_qp_conn_interface|       pointer|
|s_axis_qp_conn_interface_TVALID  |   in|    1|          axis|  s_axis_qp_conn_interface|       pointer|
|s_axis_qp_conn_interface_TREADY  |  out|    1|          axis|  s_axis_qp_conn_interface|       pointer|
|local_ip_address                 |   in|  128|       ap_none|          local_ip_address|        scalar|
|regCrcDropPkgCount               |  out|   32|        ap_vld|        regCrcDropPkgCount|       pointer|
|regCrcDropPkgCount_ap_vld        |  out|    1|        ap_vld|        regCrcDropPkgCount|       pointer|
|regInvalidPsnDropCount           |  out|   32|        ap_vld|    regInvalidPsnDropCount|       pointer|
|regInvalidPsnDropCount_ap_vld    |  out|    1|        ap_vld|    regInvalidPsnDropCount|       pointer|
|ap_clk                           |   in|    1|  ap_ctrl_none|                rocev2_top|  return value|
|ap_rst_n                         |   in|    1|  ap_ctrl_none|                rocev2_top|  return value|
+---------------------------------+-----+-----+--------------+--------------------------+--------------+

