

================================================================
== Vitis HLS Report for 'rx_ibh_fsm'
================================================================
* Date:           Tue Aug 15 18:30:13 2023

* Version:        2022.2 (Build 3670227 on Oct 13 2022)
* Project:        rocev2_prj
* Solution:       solution1 (Vivado IP Flow Target)
* Product family: virtex7
* Target device:  xc7vx690t-ffg1761-2


================================================================
== Performance Estimates
================================================================
+ Timing: 
    * Summary: 
    +--------+---------+----------+------------+
    |  Clock |  Target | Estimated| Uncertainty|
    +--------+---------+----------+------------+
    |ap_clk  |  6.40 ns|  5.011 ns|     1.73 ns|
    +--------+---------+----------+------------+

+ Latency: 
    * Summary: 
    +---------+---------+-----------+-----------+-----+-----+---------+
    |  Latency (cycles) |   Latency (absolute)  |  Interval | Pipeline|
    |   min   |   max   |    min    |    max    | min | max |   Type  |
    +---------+---------+-----------+-----------+-----+-----+---------+
    |        2|        2|  12.800 ns|  12.800 ns|    1|    1|      yes|
    +---------+---------+-----------+-----------+-----+-----+---------+

    + Detail: 
        * Instance: 
        N/A

        * Loop: 
        N/A



================================================================
== Utilization Estimates
================================================================
* Summary: 
+-----------------+---------+------+--------+--------+-----+
|       Name      | BRAM_18K|  DSP |   FF   |   LUT  | URAM|
+-----------------+---------+------+--------+--------+-----+
|DSP              |        -|     -|       -|       -|    -|
|Expression       |        -|     -|       0|     498|    -|
|FIFO             |        -|     -|       -|       -|    -|
|Instance         |        -|     -|       -|       -|    -|
|Memory           |        -|     -|       -|       -|    -|
|Multiplexer      |        -|     -|       -|     180|    -|
|Register         |        -|     -|     573|       -|    -|
+-----------------+---------+------+--------+--------+-----+
|Total            |        0|     0|     573|     678|    0|
+-----------------+---------+------+--------+--------+-----+
|Available        |     2940|  3600|  866400|  433200|    0|
+-----------------+---------+------+--------+--------+-----+
|Utilization (%)  |        0|     0|      ~0|      ~0|    0|
+-----------------+---------+------+--------+--------+-----+

+ Detail: 
    * Instance: 
    N/A

    * DSP: 
    N/A

    * Memory: 
    N/A

    * FIFO: 
    N/A

    * Expression: 
    +----------------------------------+----------+----+---+----+------------+------------+
    |           Variable Name          | Operation| DSP| FF| LUT| Bitwidth P0| Bitwidth P1|
    +----------------------------------+----------+----+---+----+------------+------------+
    |add_ln186_fu_721_p2               |         +|   0|  0|  31|          24|          24|
    |add_ln34_fu_440_p2                |         +|   0|  0|  39|          32|           5|
    |grp_fu_288_p2                     |         +|   0|  0|  39|          32|           1|
    |and_ln328_1_fu_550_p2             |       and|   0|  0|   2|           1|           1|
    |and_ln328_fu_532_p2               |       and|   0|  0|   2|           1|           1|
    |and_ln370_1_fu_586_p2             |       and|   0|  0|   2|           1|           1|
    |and_ln370_2_fu_604_p2             |       and|   0|  0|   2|           1|           1|
    |and_ln370_fu_580_p2               |       and|   0|  0|   2|           1|           1|
    |ap_condition_49                   |       and|   0|  0|   2|           1|           1|
    |ap_condition_654                  |       and|   0|  0|   2|           1|           1|
    |ap_condition_656                  |       and|   0|  0|   2|           1|           1|
    |ap_condition_660                  |       and|   0|  0|   2|           1|           1|
    |ap_condition_708                  |       and|   0|  0|   2|           1|           1|
    |ap_predicate_op131_write_state2   |       and|   0|  0|   2|           1|           1|
    |ap_predicate_op137_write_state2   |       and|   0|  0|   2|           1|           1|
    |ap_predicate_op156_write_state3   |       and|   0|  0|   2|           1|           1|
    |ap_predicate_op159_write_state3   |       and|   0|  0|   2|           1|           1|
    |ap_predicate_op163_write_state3   |       and|   0|  0|   2|           1|           1|
    |ap_predicate_op41_read_state1     |       and|   0|  0|   2|           1|           1|
    |tmp_29_i_nbreadreq_fu_196_p3      |       and|   0|  0|   2|           1|           0|
    |tmp_i_152_nbreadreq_fu_216_p3     |       and|   0|  0|   2|           1|           0|
    |tmp_i_nbreadreq_fu_188_p3         |       and|   0|  0|   2|           1|           0|
    |empty_153_fu_622_p2               |      icmp|   0|  0|  18|          32|           5|
    |empty_155_fu_634_p2               |      icmp|   0|  0|  18|          32|           5|
    |empty_157_fu_646_p2               |      icmp|   0|  0|  18|          32|           4|
    |empty_fu_616_p2                   |      icmp|   0|  0|  18|          32|           5|
    |icmp_ln1019_6_fu_610_p2           |      icmp|   0|  0|   8|           3|           2|
    |icmp_ln1019_fu_496_p2             |      icmp|   0|  0|  15|          24|          24|
    |icmp_ln1027_1_fu_556_p2           |      icmp|   0|  0|  15|          24|          24|
    |icmp_ln1027_2_fu_562_p2           |      icmp|   0|  0|  15|          24|          24|
    |icmp_ln1027_fu_544_p2             |      icmp|   0|  0|  15|          24|          24|
    |icmp_ln1031_fu_568_p2             |      icmp|   0|  0|  15|          24|          24|
    |icmp_ln1035_fu_592_p2             |      icmp|   0|  0|  15|          24|          24|
    |icmp_ln1039_2_fu_520_p2           |      icmp|   0|  0|  15|          24|          24|
    |icmp_ln1039_fu_508_p2             |      icmp|   0|  0|  15|          24|          24|
    |icmp_ln328_fu_502_p2              |      icmp|   0|  0|  18|          32|           5|
    |isRsp_fu_668_p2                   |      icmp|   0|  0|  18|          32|           3|
    |ap_block_pp0_stage0_01001         |        or|   0|  0|   2|           1|           1|
    |ap_block_state1_pp0_stage0_iter0  |        or|   0|  0|   2|           1|           1|
    |ap_block_state2_pp0_stage0_iter1  |        or|   0|  0|   2|           1|           1|
    |ap_block_state3_pp0_stage0_iter2  |        or|   0|  0|   2|           1|           1|
    |ap_predicate_op149_write_state2   |        or|   0|  0|   2|           1|           1|
    |ap_predicate_op155_write_state3   |        or|   0|  0|   2|           1|           1|
    |ap_predicate_op167_write_state3   |        or|   0|  0|   2|           1|           1|
    |ap_predicate_op174_write_state3   |        or|   0|  0|   2|           1|           1|
    |ap_predicate_op179_write_state3   |        or|   0|  0|   2|           1|           1|
    |ap_predicate_op181_write_state3   |        or|   0|  0|   2|           1|           1|
    |ap_predicate_op183_write_state3   |        or|   0|  0|   2|           1|           1|
    |ap_predicate_op185_write_state3   |        or|   0|  0|   2|           1|           1|
    |empty_154_fu_628_p2               |        or|   0|  0|   2|           1|           1|
    |empty_156_fu_640_p2               |        or|   0|  0|   2|           1|           1|
    |empty_158_fu_652_p2               |        or|   0|  0|   2|           1|           1|
    |or_ln328_fu_538_p2                |        or|   0|  0|   2|           1|           1|
    |or_ln345_fu_740_p2                |        or|   0|  0|  73|          73|          67|
    |or_ln370_fu_598_p2                |        or|   0|  0|   2|           1|           1|
    |ap_enable_pp0                     |       xor|   0|  0|   2|           1|           2|
    |xor_ln1031_fu_574_p2              |       xor|   0|  0|   2|           1|           2|
    |xor_ln1039_1_fu_526_p2            |       xor|   0|  0|   2|           1|           2|
    |xor_ln1039_fu_514_p2              |       xor|   0|  0|   2|           1|           2|
    +----------------------------------+----------+----+---+----+------------+------------+
    |Total                             |          |   0|  0| 498|         588|         359|
    +----------------------------------+----------+----+---+----+------------+------------+

    * Multiplexer: 
    +-------------------------------------------------------+----+-----------+-----+-----------+
    |                          Name                         | LUT| Input Size| Bits| Total Bits|
    +-------------------------------------------------------+----+-----------+-----+-----------+
    |ap_done                                                |   9|          2|    1|          2|
    |ap_phi_reg_pp0_iter1_qpState_retryCounter_V_1_reg_277  |  13|          3|    3|          9|
    |regInvalidPsnDropCount                                 |   9|          2|   32|         64|
    |rxIbh2stateTable_upd_req_blk_n                         |   9|          2|    1|          2|
    |rxIbh2stateTable_upd_req_din                           |  17|          4|   45|        180|
    |rx_exhMetaFifo_blk_n                                   |   9|          2|    1|          2|
    |rx_fsm2exh_MetaFifo_blk_n                              |   9|          2|    1|          2|
    |rx_fsm2exh_MetaFifo_din                                |  13|          3|  119|        357|
    |rx_ibh2fsm_MetaFifo_blk_n                              |   9|          2|    1|          2|
    |rx_ibhDropFifo_blk_n                                   |   9|          2|    1|          2|
    |rx_ibhDropFifo_din                                     |  13|          3|    1|          3|
    |rx_ibhDropMetaFifo_blk_n                               |   9|          2|    1|          2|
    |rx_ibhDropMetaFifo_din                                 |  17|          4|    2|          8|
    |rx_ibhEventFifo_blk_n                                  |   9|          2|    1|          2|
    |rx_ibhEventFifo_din                                    |  17|          4|   50|        200|
    |stateTable2rxIbh_rsp_blk_n                             |   9|          2|    1|          2|
    +-------------------------------------------------------+----+-----------+-----+-----------+
    |Total                                                  | 180|         41|  261|        839|
    +-------------------------------------------------------+----+-----------+-----+-----------+

    * Register: 
    +-------------------------------------------------------+----+----+-----+-----------+
    |                          Name                         | FF | LUT| Bits| Const Bits|
    +-------------------------------------------------------+----+----+-----+-----------+
    |add_ln34_reg_925                                       |  32|   0|   32|          0|
    |and_ln328_1_reg_962                                    |   1|   0|    1|          0|
    |and_ln328_1_reg_962_pp0_iter1_reg                      |   1|   0|    1|          0|
    |and_ln328_reg_958                                      |   1|   0|    1|          0|
    |and_ln328_reg_958_pp0_iter1_reg                        |   1|   0|    1|          0|
    |and_ln370_1_reg_966                                    |   1|   0|    1|          0|
    |and_ln370_1_reg_966_pp0_iter1_reg                      |   1|   0|    1|          0|
    |and_ln370_2_reg_970                                    |   1|   0|    1|          0|
    |and_ln370_2_reg_970_pp0_iter1_reg                      |   1|   0|    1|          0|
    |ap_CS_fsm                                              |   1|   0|    1|          0|
    |ap_done_reg                                            |   1|   0|    1|          0|
    |ap_enable_reg_pp0_iter1                                |   1|   0|    1|          0|
    |ap_enable_reg_pp0_iter2                                |   1|   0|    1|          0|
    |ap_phi_reg_pp0_iter1_qpState_retryCounter_V_1_reg_277  |   3|   0|    3|          0|
    |droppedPackets_V                                       |  32|   0|   32|          0|
    |emeta_isNak                                            |   1|   0|    1|          0|
    |emeta_isNak_load_reg_913                               |   1|   0|    1|          0|
    |emeta_numPkg_V                                         |  22|   0|   22|          0|
    |empty_158_reg_978                                      |   1|   0|    1|          0|
    |empty_158_reg_978_pp0_iter1_reg                        |   1|   0|    1|          0|
    |fsmState_2                                             |   1|   0|    1|          0|
    |fsmState_2_load_reg_866                                |   1|   0|    1|          0|
    |fsmState_2_load_reg_866_pp0_iter1_reg                  |   1|   0|    1|          0|
    |icmp_ln1019_6_reg_974                                  |   1|   0|    1|          0|
    |icmp_ln1019_6_reg_974_pp0_iter1_reg                    |   1|   0|    1|          0|
    |icmp_ln1019_reg_950                                    |   1|   0|    1|          0|
    |icmp_ln1019_reg_950_pp0_iter1_reg                      |   1|   0|    1|          0|
    |icmp_ln328_reg_954                                     |   1|   0|    1|          0|
    |icmp_ln328_reg_954_pp0_iter1_reg                       |   1|   0|    1|          0|
    |isResponse                                             |   1|   0|    1|          0|
    |isResponse_load_reg_982                                |   1|   0|    1|          0|
    |meta_dest_qp_V_2                                       |  24|   0|   24|          0|
    |meta_dest_qp_V_2_load_reg_882                          |  24|   0|   24|          0|
    |meta_dest_qp_V_2_load_reg_882_pp0_iter1_reg            |  24|   0|   24|          0|
    |meta_numPkg_V_1                                        |  22|   0|   22|          0|
    |meta_numPkg_V_1_load_reg_907                           |  22|   0|   22|          0|
    |meta_numPkg_V_1_load_reg_907_pp0_iter1_reg             |  22|   0|   22|          0|
    |meta_op_code_4                                         |  32|   0|   32|          0|
    |meta_op_code_4_load_reg_870                            |  32|   0|   32|          0|
    |meta_op_code_4_load_reg_870_pp0_iter1_reg              |  32|   0|   32|          0|
    |meta_partition_key_V                                   |  16|   0|   16|          0|
    |meta_partition_key_V_load_reg_876                      |  16|   0|   16|          0|
    |meta_partition_key_V_load_reg_876_pp0_iter1_reg        |  16|   0|   16|          0|
    |meta_psn_V_2                                           |  24|   0|   24|          0|
    |meta_psn_V_2_load_reg_893                              |  24|   0|   24|          0|
    |meta_psn_V_2_load_reg_893_pp0_iter1_reg                |  24|   0|   24|          0|
    |meta_validPSN                                          |   1|   0|    1|          0|
    |meta_validPSN_load_reg_901                             |   1|   0|    1|          0|
    |meta_validPSN_load_reg_901_pp0_iter1_reg               |   1|   0|    1|          0|
    |qpState_epsn_V_reg_939                                 |  24|   0|   24|          0|
    |qpState_epsn_V_reg_939_pp0_iter1_reg                   |  24|   0|   24|          0|
    |regInvalidPsnDropCount_preg                            |  32|   0|   32|          0|
    |tmp_29_i_reg_921                                       |   1|   0|    1|          0|
    |tmp_i_152_reg_935                                      |   1|   0|    1|          0|
    |tmp_i_152_reg_935_pp0_iter1_reg                        |   1|   0|    1|          0|
    |tmp_i_reg_917                                          |   1|   0|    1|          0|
    |trunc_ln_i_reg_930                                     |  16|   0|   16|          0|
    +-------------------------------------------------------+----+----+-----+-----------+
    |Total                                                  | 573|   0|  573|          0|
    +-------------------------------------------------------+----+----+-----+-----------+



================================================================
== Interface
================================================================
* Summary: 
+-----------------------------------------+-----+-----+------------+--------------------------+--------------+
|                RTL Ports                | Dir | Bits|  Protocol  |       Source Object      |    C Type    |
+-----------------------------------------+-----+-----+------------+--------------------------+--------------+
|ap_clk                                   |   in|    1|  ap_ctrl_hs|                rx_ibh_fsm|  return value|
|ap_rst                                   |   in|    1|  ap_ctrl_hs|                rx_ibh_fsm|  return value|
|ap_start                                 |   in|    1|  ap_ctrl_hs|                rx_ibh_fsm|  return value|
|ap_done                                  |  out|    1|  ap_ctrl_hs|                rx_ibh_fsm|  return value|
|ap_continue                              |   in|    1|  ap_ctrl_hs|                rx_ibh_fsm|  return value|
|ap_idle                                  |  out|    1|  ap_ctrl_hs|                rx_ibh_fsm|  return value|
|ap_ready                                 |  out|    1|  ap_ctrl_hs|                rx_ibh_fsm|  return value|
|rx_ibh2fsm_MetaFifo_dout                 |   in|  119|     ap_fifo|       rx_ibh2fsm_MetaFifo|       pointer|
|rx_ibh2fsm_MetaFifo_num_data_valid       |   in|    2|     ap_fifo|       rx_ibh2fsm_MetaFifo|       pointer|
|rx_ibh2fsm_MetaFifo_fifo_cap             |   in|    2|     ap_fifo|       rx_ibh2fsm_MetaFifo|       pointer|
|rx_ibh2fsm_MetaFifo_empty_n              |   in|    1|     ap_fifo|       rx_ibh2fsm_MetaFifo|       pointer|
|rx_ibh2fsm_MetaFifo_read                 |  out|    1|     ap_fifo|       rx_ibh2fsm_MetaFifo|       pointer|
|rx_exhMetaFifo_dout                      |   in|   23|     ap_fifo|            rx_exhMetaFifo|       pointer|
|rx_exhMetaFifo_num_data_valid            |   in|    2|     ap_fifo|            rx_exhMetaFifo|       pointer|
|rx_exhMetaFifo_fifo_cap                  |   in|    2|     ap_fifo|            rx_exhMetaFifo|       pointer|
|rx_exhMetaFifo_empty_n                   |   in|    1|     ap_fifo|            rx_exhMetaFifo|       pointer|
|rx_exhMetaFifo_read                      |  out|    1|     ap_fifo|            rx_exhMetaFifo|       pointer|
|stateTable2rxIbh_rsp_dout                |   in|   75|     ap_fifo|      stateTable2rxIbh_rsp|       pointer|
|stateTable2rxIbh_rsp_num_data_valid      |   in|    2|     ap_fifo|      stateTable2rxIbh_rsp|       pointer|
|stateTable2rxIbh_rsp_fifo_cap            |   in|    2|     ap_fifo|      stateTable2rxIbh_rsp|       pointer|
|stateTable2rxIbh_rsp_empty_n             |   in|    1|     ap_fifo|      stateTable2rxIbh_rsp|       pointer|
|stateTable2rxIbh_rsp_read                |  out|    1|     ap_fifo|      stateTable2rxIbh_rsp|       pointer|
|rxIbh2stateTable_upd_req_din             |  out|   45|     ap_fifo|  rxIbh2stateTable_upd_req|       pointer|
|rxIbh2stateTable_upd_req_num_data_valid  |   in|    2|     ap_fifo|  rxIbh2stateTable_upd_req|       pointer|
|rxIbh2stateTable_upd_req_fifo_cap        |   in|    2|     ap_fifo|  rxIbh2stateTable_upd_req|       pointer|
|rxIbh2stateTable_upd_req_full_n          |   in|    1|     ap_fifo|  rxIbh2stateTable_upd_req|       pointer|
|rxIbh2stateTable_upd_req_write           |  out|    1|     ap_fifo|  rxIbh2stateTable_upd_req|       pointer|
|rx_ibhDropMetaFifo_din                   |  out|    2|     ap_fifo|        rx_ibhDropMetaFifo|       pointer|
|rx_ibhDropMetaFifo_num_data_valid        |   in|    2|     ap_fifo|        rx_ibhDropMetaFifo|       pointer|
|rx_ibhDropMetaFifo_fifo_cap              |   in|    2|     ap_fifo|        rx_ibhDropMetaFifo|       pointer|
|rx_ibhDropMetaFifo_full_n                |   in|    1|     ap_fifo|        rx_ibhDropMetaFifo|       pointer|
|rx_ibhDropMetaFifo_write                 |  out|    1|     ap_fifo|        rx_ibhDropMetaFifo|       pointer|
|rx_ibhDropFifo_din                       |  out|    1|     ap_fifo|            rx_ibhDropFifo|       pointer|
|rx_ibhDropFifo_num_data_valid            |   in|    2|     ap_fifo|            rx_ibhDropFifo|       pointer|
|rx_ibhDropFifo_fifo_cap                  |   in|    2|     ap_fifo|            rx_ibhDropFifo|       pointer|
|rx_ibhDropFifo_full_n                    |   in|    1|     ap_fifo|            rx_ibhDropFifo|       pointer|
|rx_ibhDropFifo_write                     |  out|    1|     ap_fifo|            rx_ibhDropFifo|       pointer|
|rx_ibhEventFifo_din                      |  out|   50|     ap_fifo|           rx_ibhEventFifo|       pointer|
|rx_ibhEventFifo_num_data_valid           |   in|    2|     ap_fifo|           rx_ibhEventFifo|       pointer|
|rx_ibhEventFifo_fifo_cap                 |   in|    2|     ap_fifo|           rx_ibhEventFifo|       pointer|
|rx_ibhEventFifo_full_n                   |   in|    1|     ap_fifo|           rx_ibhEventFifo|       pointer|
|rx_ibhEventFifo_write                    |  out|    1|     ap_fifo|           rx_ibhEventFifo|       pointer|
|rx_fsm2exh_MetaFifo_din                  |  out|  119|     ap_fifo|       rx_fsm2exh_MetaFifo|       pointer|
|rx_fsm2exh_MetaFifo_num_data_valid       |   in|    2|     ap_fifo|       rx_fsm2exh_MetaFifo|       pointer|
|rx_fsm2exh_MetaFifo_fifo_cap             |   in|    2|     ap_fifo|       rx_fsm2exh_MetaFifo|       pointer|
|rx_fsm2exh_MetaFifo_full_n               |   in|    1|     ap_fifo|       rx_fsm2exh_MetaFifo|       pointer|
|rx_fsm2exh_MetaFifo_write                |  out|    1|     ap_fifo|       rx_fsm2exh_MetaFifo|       pointer|
|regInvalidPsnDropCount                   |  out|   32|      ap_vld|    regInvalidPsnDropCount|       pointer|
|regInvalidPsnDropCount_ap_vld            |  out|    1|      ap_vld|    regInvalidPsnDropCount|       pointer|
+-----------------------------------------+-----+-----+------------+--------------------------+--------------+

