

================================================================
== Vitis HLS Report for 'rx_process_ibh_64_s'
================================================================
* Date:           Tue Aug 15 18:30:12 2023

* Version:        2022.2 (Build 3670227 on Oct 13 2022)
* Project:        rocev2_prj
* Solution:       solution1 (Vivado IP Flow Target)
* Product family: virtex7
* Target device:  xc7vx690t-ffg1761-2


================================================================
== Performance Estimates
================================================================
+ Timing: 
    * Summary: 
    +--------+---------+----------+------------+
    |  Clock |  Target | Estimated| Uncertainty|
    +--------+---------+----------+------------+
    |ap_clk  |  6.40 ns|  4.780 ns|     1.73 ns|
    +--------+---------+----------+------------+

+ Latency: 
    * Summary: 
    +---------+---------+-----------+-----------+-----+-----+---------+
    |  Latency (cycles) |   Latency (absolute)  |  Interval | Pipeline|
    |   min   |   max   |    min    |    max    | min | max |   Type  |
    +---------+---------+-----------+-----------+-----+-----+---------+
    |        2|        2|  12.800 ns|  12.800 ns|    1|    1|      yes|
    +---------+---------+-----------+-----------+-----+-----+---------+

    + Detail: 
        * Instance: 
        N/A

        * Loop: 
        N/A



================================================================
== Utilization Estimates
================================================================
* Summary: 
+-----------------+---------+------+--------+--------+-----+
|       Name      | BRAM_18K|  DSP |   FF   |   LUT  | URAM|
+-----------------+---------+------+--------+--------+-----+
|DSP              |        -|     -|       -|       -|    -|
|Expression       |        -|     -|       0|    2028|    -|
|FIFO             |        -|     -|       -|       -|    -|
|Instance         |        -|     -|       -|       -|    -|
|Memory           |        -|     -|       -|       -|    -|
|Multiplexer      |        -|     -|       -|     141|    -|
|Register         |        -|     -|     636|       -|    -|
+-----------------+---------+------+--------+--------+-----+
|Total            |        0|     0|     636|    2169|    0|
+-----------------+---------+------+--------+--------+-----+
|Available        |     2940|  3600|  866400|  433200|    0|
+-----------------+---------+------+--------+--------+-----+
|Utilization (%)  |        0|     0|      ~0|      ~0|    0|
+-----------------+---------+------+--------+--------+-----+

+ Detail: 
    * Instance: 
    N/A

    * DSP: 
    N/A

    * Memory: 
    N/A

    * FIFO: 
    N/A

    * Expression: 
    +----------------------------------+----------+----+---+-----+------------+------------+
    |           Variable Name          | Operation| DSP| FF| LUT | Bitwidth P0| Bitwidth P1|
    +----------------------------------+----------+----+---+-----+------------+------------+
    |add_ln58_fu_268_p2                |         +|   0|  0|   30|          23|           7|
    |add_ln67_fu_283_p2                |         +|   0|  0|   23|          16|           1|
    |and_ln368_1_fu_325_p2             |       and|   0|  0|   96|          96|          96|
    |and_ln368_2_fu_331_p2             |       and|   0|  0|   96|          96|          96|
    |and_ln368_fu_361_p2               |       and|   0|  0|   96|          96|          96|
    |ap_condition_173                  |       and|   0|  0|    2|           1|           1|
    |ap_condition_179                  |       and|   0|  0|    2|           1|           1|
    |ap_condition_399                  |       and|   0|  0|    2|           1|           1|
    |tmp_i_nbreadreq_fu_104_p3         |       and|   0|  0|    2|           1|           0|
    |icmp_ln58_fu_274_p2               |      icmp|   0|  0|   15|          23|           7|
    |ap_block_pp0_stage0_01001         |        or|   0|  0|    2|           1|           1|
    |ap_block_state1_pp0_stage0_iter0  |        or|   0|  0|    2|           1|           1|
    |ap_block_state3_pp0_stage0_iter2  |        or|   0|  0|    2|           1|           1|
    |ap_predicate_op82_write_state3    |        or|   0|  0|    2|           1|           1|
    |ap_predicate_op95_write_state3    |        or|   0|  0|    2|           1|           1|
    |or_ln70_1_fu_398_p2               |        or|   0|  0|    2|           1|           1|
    |or_ln70_2_fu_410_p2               |        or|   0|  0|    2|           1|           1|
    |or_ln70_fu_388_p2                 |        or|   0|  0|    2|           1|           1|
    |p_Result_2_fu_337_p2              |        or|   0|  0|   96|          96|          96|
    |p_Result_s_fu_376_p2              |        or|   0|  0|   96|          96|          96|
    |select_ln70_fu_403_p3             |    select|   0|  0|   16|           1|           1|
    |shl_ln368_1_fu_370_p2             |       shl|   0|  0|  311|          96|          96|
    |shl_ln368_2_fu_307_p2             |       shl|   0|  0|  311|          96|          96|
    |shl_ln368_3_fu_313_p2             |       shl|   0|  0|  311|           2|          96|
    |shl_ln368_fu_349_p2               |       shl|   0|  0|  311|          64|          96|
    |ap_enable_pp0                     |       xor|   0|  0|    2|           1|           2|
    |xor_ln368_1_fu_319_p2             |       xor|   0|  0|   96|          96|           2|
    |xor_ln368_fu_355_p2               |       xor|   0|  0|   96|          96|           2|
    |xor_ln70_fu_393_p2                |       xor|   0|  0|    2|           1|           2|
    +----------------------------------+----------+----+---+-----+------------+------------+
    |Total                             |          |   0|  0| 2028|        1007|         899|
    +----------------------------------+----------+----+---+-----+------------+------------+

    * Multiplexer: 
    +-----------------------------------------------+----+-----------+-----+-----------+
    |                      Name                     | LUT| Input Size| Bits| Total Bits|
    +-----------------------------------------------+----+-----------+-----+-----------+
    |ap_done                                        |   9|          2|    1|          2|
    |ap_phi_mux_bth_idx_flag_1_i_phi_fu_177_p6      |  13|          3|    1|          3|
    |ap_phi_mux_bth_idx_new_0_i_phi_fu_153_p4       |   9|          2|   16|         32|
    |ap_phi_mux_bth_idx_new_1_i_phi_fu_191_p6       |  13|          3|   16|         48|
    |ap_phi_mux_bth_ready_flag_0_i_phi_fu_142_p4    |  13|          3|    1|          3|
    |ap_phi_mux_bth_ready_flag_1_i_phi_fu_163_p6    |  13|          3|    1|          3|
    |ap_phi_mux_metaWritten_flag_1_i_phi_fu_204_p6  |  13|          3|    1|          3|
    |ap_phi_reg_pp0_iter2_t_reg_215                 |  13|          3|   96|        288|
    |bth_header_V                                   |   9|          2|   96|        192|
    |rx_ibh2exh_MetaFifo_blk_n                      |   9|          2|    1|          2|
    |rx_ibh2fsm_MetaFifo_blk_n                      |   9|          2|    1|          2|
    |rx_ibh2shiftFifo_blk_n                         |   9|          2|    1|          2|
    |rx_udp2ibFifo_blk_n                            |   9|          2|    1|          2|
    +-----------------------------------------------+----+-----------+-----+-----------+
    |Total                                          | 141|         32|  233|        582|
    +-----------------------------------------------+----+-----------+-----+-----------+

    * Register: 
    +------------------------------------------+-----+----+-----+-----------+
    |                   Name                   |  FF | LUT| Bits| Const Bits|
    +------------------------------------------+-----+----+-----+-----------+
    |ap_CS_fsm                                 |    1|   0|    1|          0|
    |ap_done_reg                               |    1|   0|    1|          0|
    |ap_enable_reg_pp0_iter1                   |    1|   0|    1|          0|
    |ap_enable_reg_pp0_iter2                   |    1|   0|    1|          0|
    |ap_phi_reg_pp0_iter1_t_reg_215            |   96|   0|   96|          0|
    |ap_phi_reg_pp0_iter2_t_reg_215            |   96|   0|   96|          0|
    |bth_header_V                              |   96|   0|   96|          0|
    |bth_idx                                   |   16|   0|   16|          0|
    |bth_ready                                 |    1|   0|    1|          0|
    |bth_ready_load_reg_569                    |    1|   0|    1|          0|
    |currWord_data_V_reg_554                   |   64|   0|   64|          0|
    |currWord_last_V_reg_560                   |    1|   0|    1|          0|
    |icmp_ln58_reg_582                         |    1|   0|    1|          0|
    |metaWritten                               |    1|   0|    1|          0|
    |metaWritten_load_reg_578                  |    1|   0|    1|          0|
    |rx_udp2ibFifo_read_reg_549                |  128|   0|  128|          0|
    |rx_udp2ibFifo_read_reg_549_pp0_iter1_reg  |  128|   0|  128|          0|
    |tmp_i_reg_545                             |    1|   0|    1|          0|
    |tmp_i_reg_545_pp0_iter1_reg               |    1|   0|    1|          0|
    +------------------------------------------+-----+----+-----+-----------+
    |Total                                     |  636|   0|  636|          0|
    +------------------------------------------+-----+----+-----+-----------+



================================================================
== Interface
================================================================
* Summary: 
+------------------------------------+-----+-----+------------+---------------------+--------------+
|              RTL Ports             | Dir | Bits|  Protocol  |    Source Object    |    C Type    |
+------------------------------------+-----+-----+------------+---------------------+--------------+
|ap_clk                              |   in|    1|  ap_ctrl_hs|   rx_process_ibh<64>|  return value|
|ap_rst                              |   in|    1|  ap_ctrl_hs|   rx_process_ibh<64>|  return value|
|ap_start                            |   in|    1|  ap_ctrl_hs|   rx_process_ibh<64>|  return value|
|ap_done                             |  out|    1|  ap_ctrl_hs|   rx_process_ibh<64>|  return value|
|ap_continue                         |   in|    1|  ap_ctrl_hs|   rx_process_ibh<64>|  return value|
|ap_idle                             |  out|    1|  ap_ctrl_hs|   rx_process_ibh<64>|  return value|
|ap_ready                            |  out|    1|  ap_ctrl_hs|   rx_process_ibh<64>|  return value|
|rx_udp2ibFifo_dout                  |   in|  128|     ap_fifo|        rx_udp2ibFifo|       pointer|
|rx_udp2ibFifo_num_data_valid        |   in|    2|     ap_fifo|        rx_udp2ibFifo|       pointer|
|rx_udp2ibFifo_fifo_cap              |   in|    2|     ap_fifo|        rx_udp2ibFifo|       pointer|
|rx_udp2ibFifo_empty_n               |   in|    1|     ap_fifo|        rx_udp2ibFifo|       pointer|
|rx_udp2ibFifo_read                  |  out|    1|     ap_fifo|        rx_udp2ibFifo|       pointer|
|rx_ibh2shiftFifo_din                |  out|  128|     ap_fifo|     rx_ibh2shiftFifo|       pointer|
|rx_ibh2shiftFifo_num_data_valid     |   in|    2|     ap_fifo|     rx_ibh2shiftFifo|       pointer|
|rx_ibh2shiftFifo_fifo_cap           |   in|    2|     ap_fifo|     rx_ibh2shiftFifo|       pointer|
|rx_ibh2shiftFifo_full_n             |   in|    1|     ap_fifo|     rx_ibh2shiftFifo|       pointer|
|rx_ibh2shiftFifo_write              |  out|    1|     ap_fifo|     rx_ibh2shiftFifo|       pointer|
|rx_ibh2fsm_MetaFifo_din             |  out|  119|     ap_fifo|  rx_ibh2fsm_MetaFifo|       pointer|
|rx_ibh2fsm_MetaFifo_num_data_valid  |   in|    2|     ap_fifo|  rx_ibh2fsm_MetaFifo|       pointer|
|rx_ibh2fsm_MetaFifo_fifo_cap        |   in|    2|     ap_fifo|  rx_ibh2fsm_MetaFifo|       pointer|
|rx_ibh2fsm_MetaFifo_full_n          |   in|    1|     ap_fifo|  rx_ibh2fsm_MetaFifo|       pointer|
|rx_ibh2fsm_MetaFifo_write           |  out|    1|     ap_fifo|  rx_ibh2fsm_MetaFifo|       pointer|
|rx_ibh2exh_MetaFifo_din             |  out|   32|     ap_fifo|  rx_ibh2exh_MetaFifo|       pointer|
|rx_ibh2exh_MetaFifo_num_data_valid  |   in|    2|     ap_fifo|  rx_ibh2exh_MetaFifo|       pointer|
|rx_ibh2exh_MetaFifo_fifo_cap        |   in|    2|     ap_fifo|  rx_ibh2exh_MetaFifo|       pointer|
|rx_ibh2exh_MetaFifo_full_n          |   in|    1|     ap_fifo|  rx_ibh2exh_MetaFifo|       pointer|
|rx_ibh2exh_MetaFifo_write           |  out|    1|     ap_fifo|  rx_ibh2exh_MetaFifo|       pointer|
+------------------------------------+-----+-----+------------+---------------------+--------------+

