

================================================================
== Vitis HLS Report for 'udp_lshiftWordByOctet_64_1_s'
================================================================
* Date:           Tue Aug 15 18:30:12 2023

* Version:        2022.2 (Build 3670227 on Oct 13 2022)
* Project:        rocev2_prj
* Solution:       solution1 (Vivado IP Flow Target)
* Product family: virtex7
* Target device:  xc7vx690t-ffg1761-2


================================================================
== Performance Estimates
================================================================
+ Timing: 
    * Summary: 
    +--------+---------+----------+------------+
    |  Clock |  Target | Estimated| Uncertainty|
    +--------+---------+----------+------------+
    |ap_clk  |  6.40 ns|  2.336 ns|     1.73 ns|
    +--------+---------+----------+------------+

+ Latency: 
    * Summary: 
    +---------+---------+----------+----------+-----+-----+---------+
    |  Latency (cycles) |  Latency (absolute) |  Interval | Pipeline|
    |   min   |   max   |    min   |    max   | min | max |   Type  |
    +---------+---------+----------+----------+-----+-----+---------+
    |        1|        1|  6.400 ns|  6.400 ns|    1|    1|      yes|
    +---------+---------+----------+----------+-----+-----+---------+

    + Detail: 
        * Instance: 
        N/A

        * Loop: 
        N/A



================================================================
== Utilization Estimates
================================================================
* Summary: 
+-----------------+---------+------+--------+--------+-----+
|       Name      | BRAM_18K|  DSP |   FF   |   LUT  | URAM|
+-----------------+---------+------+--------+--------+-----+
|DSP              |        -|     -|       -|       -|    -|
|Expression       |        -|     -|       0|      10|    -|
|FIFO             |        -|     -|       -|       -|    -|
|Instance         |        -|     -|       -|       -|    -|
|Memory           |        -|     -|       -|       -|    -|
|Multiplexer      |        -|     -|       -|      27|    -|
|Register         |        -|     -|     132|       -|    -|
+-----------------+---------+------+--------+--------+-----+
|Total            |        0|     0|     132|      37|    0|
+-----------------+---------+------+--------+--------+-----+
|Available        |     2940|  3600|  866400|  433200|    0|
+-----------------+---------+------+--------+--------+-----+
|Utilization (%)  |        0|     0|      ~0|      ~0|    0|
+-----------------+---------+------+--------+--------+-----+

+ Detail: 
    * Instance: 
    N/A

    * DSP: 
    N/A

    * Memory: 
    N/A

    * FIFO: 
    N/A

    * Expression: 
    +----------------------------------+----------+----+---+----+------------+------------+
    |           Variable Name          | Operation| DSP| FF| LUT| Bitwidth P0| Bitwidth P1|
    +----------------------------------+----------+----+---+----+------------+------------+
    |ap_block_state2_pp0_stage0_iter1  |       and|   0|  0|   2|           1|           1|
    |tmp_i_nbreadreq_fu_24_p3          |       and|   0|  0|   2|           1|           0|
    |ap_block_pp0_stage0_01001         |        or|   0|  0|   2|           1|           1|
    |ap_block_state1_pp0_stage0_iter0  |        or|   0|  0|   2|           1|           1|
    |ap_enable_pp0                     |       xor|   0|  0|   2|           1|           2|
    +----------------------------------+----------+----+---+----+------------+------------+
    |Total                             |          |   0|  0|  10|           5|           5|
    +----------------------------------+----------+----+---+----+------------+------------+

    * Multiplexer: 
    +------------------------+----+-----------+-----+-----------+
    |          Name          | LUT| Input Size| Bits| Total Bits|
    +------------------------+----+-----------+-----+-----------+
    |ap_done                 |   9|          2|    1|          2|
    |tx_ib2udpFifo_blk_n     |   9|          2|    1|          2|
    |tx_shift2udpFifo_blk_n  |   9|          2|    1|          2|
    +------------------------+----+-----------+-----+-----------+
    |Total                   |  27|          6|    3|          6|
    +------------------------+----+-----------+-----+-----------+

    * Register: 
    +---------------------------+-----+----+-----+-----------+
    |            Name           |  FF | LUT| Bits| Const Bits|
    +---------------------------+-----+----+-----+-----------+
    |ap_CS_fsm                  |    1|   0|    1|          0|
    |ap_done_reg                |    1|   0|    1|          0|
    |ap_enable_reg_pp0_iter1    |    1|   0|    1|          0|
    |tmp_i_reg_45               |    1|   0|    1|          0|
    |tx_ib2udpFifo_read_reg_49  |  128|   0|  128|          0|
    +---------------------------+-----+----+-----+-----------+
    |Total                      |  132|   0|  132|          0|
    +---------------------------+-----+----+-----+-----------+



================================================================
== Interface
================================================================
* Summary: 
+---------------------------------+-----+-----+------------+------------------------------+--------------+
|            RTL Ports            | Dir | Bits|  Protocol  |         Source Object        |    C Type    |
+---------------------------------+-----+-----+------------+------------------------------+--------------+
|ap_clk                           |   in|    1|  ap_ctrl_hs|  udp_lshiftWordByOctet<64, 1>|  return value|
|ap_rst                           |   in|    1|  ap_ctrl_hs|  udp_lshiftWordByOctet<64, 1>|  return value|
|ap_start                         |   in|    1|  ap_ctrl_hs|  udp_lshiftWordByOctet<64, 1>|  return value|
|ap_done                          |  out|    1|  ap_ctrl_hs|  udp_lshiftWordByOctet<64, 1>|  return value|
|ap_continue                      |   in|    1|  ap_ctrl_hs|  udp_lshiftWordByOctet<64, 1>|  return value|
|ap_idle                          |  out|    1|  ap_ctrl_hs|  udp_lshiftWordByOctet<64, 1>|  return value|
|ap_ready                         |  out|    1|  ap_ctrl_hs|  udp_lshiftWordByOctet<64, 1>|  return value|
|tx_ib2udpFifo_dout               |   in|  128|     ap_fifo|                 tx_ib2udpFifo|       pointer|
|tx_ib2udpFifo_num_data_valid     |   in|    2|     ap_fifo|                 tx_ib2udpFifo|       pointer|
|tx_ib2udpFifo_fifo_cap           |   in|    2|     ap_fifo|                 tx_ib2udpFifo|       pointer|
|tx_ib2udpFifo_empty_n            |   in|    1|     ap_fifo|                 tx_ib2udpFifo|       pointer|
|tx_ib2udpFifo_read               |  out|    1|     ap_fifo|                 tx_ib2udpFifo|       pointer|
|tx_shift2udpFifo_din             |  out|  128|     ap_fifo|              tx_shift2udpFifo|       pointer|
|tx_shift2udpFifo_num_data_valid  |   in|    2|     ap_fifo|              tx_shift2udpFifo|       pointer|
|tx_shift2udpFifo_fifo_cap        |   in|    2|     ap_fifo|              tx_shift2udpFifo|       pointer|
|tx_shift2udpFifo_full_n          |   in|    1|     ap_fifo|              tx_shift2udpFifo|       pointer|
|tx_shift2udpFifo_write           |  out|    1|     ap_fifo|              tx_shift2udpFifo|       pointer|
+---------------------------------+-----+-----+------------+------------------------------+--------------+

