

================================================================
== Vitis HLS Report for 'conn_table'
================================================================
* Date:           Tue Aug 15 18:30:19 2023

* Version:        2022.2 (Build 3670227 on Oct 13 2022)
* Project:        rocev2_prj
* Solution:       solution1 (Vivado IP Flow Target)
* Product family: virtex7
* Target device:  xc7vx690t-ffg1761-2


================================================================
== Performance Estimates
================================================================
+ Timing: 
    * Summary: 
    +--------+---------+----------+------------+
    |  Clock |  Target | Estimated| Uncertainty|
    +--------+---------+----------+------------+
    |ap_clk  |  6.40 ns|  4.602 ns|     1.73 ns|
    +--------+---------+----------+------------+

+ Latency: 
    * Summary: 
    +---------+---------+----------+----------+-----+-----+---------+
    |  Latency (cycles) |  Latency (absolute) |  Interval | Pipeline|
    |   min   |   max   |    min   |    max   | min | max |   Type  |
    +---------+---------+----------+----------+-----+-----+---------+
    |        1|        1|  6.400 ns|  6.400 ns|    1|    1|      yes|
    +---------+---------+----------+----------+-----+-----+---------+

    + Detail: 
        * Instance: 
        N/A

        * Loop: 
        N/A



================================================================
== Utilization Estimates
================================================================
* Summary: 
+-----------------+---------+------+--------+--------+-----+
|       Name      | BRAM_18K|  DSP |   FF   |   LUT  | URAM|
+-----------------+---------+------+--------+--------+-----+
|DSP              |        -|     -|       -|       -|    -|
|Expression       |        -|     -|       0|      16|    -|
|FIFO             |        -|     -|       -|       -|    -|
|Instance         |        -|     -|       -|       -|    -|
|Memory           |        6|     -|       0|       0|    0|
|Multiplexer      |        -|     -|       -|      75|    -|
|Register         |        -|     -|       4|       -|    -|
+-----------------+---------+------+--------+--------+-----+
|Total            |        6|     0|       4|      91|    0|
+-----------------+---------+------+--------+--------+-----+
|Available        |     2940|  3600|  866400|  433200|    0|
+-----------------+---------+------+--------+--------+-----+
|Utilization (%)  |       ~0|     0|      ~0|      ~0|    0|
+-----------------+---------+------+--------+--------+-----+

+ Detail: 
    * Instance: 
    N/A

    * DSP: 
    N/A

    * Memory: 
    +----------------------------------+---------------------------------------------------------+---------+---+----+-----+------+-----+------+-------------+
    |              Memory              |                          Module                         | BRAM_18K| FF| LUT| URAM| Words| Bits| Banks| W*Bits*Banks|
    +----------------------------------+---------------------------------------------------------+---------+---+----+-----+------+-----+------+-------------+
    |conn_table_remote_ip_address_V_U  |conn_table_conn_table_remote_ip_address_V_RAM_AUTO_1R1W  |        4|  0|   0|    0|   500|  128|     1|        64000|
    |conn_table_remote_qpn_V_U         |conn_table_conn_table_remote_qpn_V_RAM_AUTO_1R1W         |        1|  0|   0|    0|   500|   24|     1|        12000|
    |conn_table_remote_udp_port_V_U    |conn_table_conn_table_remote_udp_port_V_RAM_AUTO_1R1W    |        1|  0|   0|    0|   500|   16|     1|         8000|
    +----------------------------------+---------------------------------------------------------+---------+---+----+-----+------+-----+------+-------------+
    |Total                             |                                                         |        6|  0|   0|    0|  1500|  168|     3|        84000|
    +----------------------------------+---------------------------------------------------------+---------+---+----+-----+------+-----+------+-------------+

    * FIFO: 
    N/A

    * Expression: 
    +----------------------------------+----------+----+---+----+------------+------------+
    |           Variable Name          | Operation| DSP| FF| LUT| Bitwidth P0| Bitwidth P1|
    +----------------------------------+----------+----+---+----+------------+------------+
    |ap_block_state2_pp0_stage0_iter1  |       and|   0|  0|   2|           1|           1|
    |ap_condition_117                  |       and|   0|  0|   2|           1|           1|
    |ap_predicate_op17_read_state1     |       and|   0|  0|   2|           1|           1|
    |tmp_i_267_nbreadreq_fu_72_p3      |       and|   0|  0|   2|           1|           0|
    |tmp_i_nbreadreq_fu_64_p3          |       and|   0|  0|   2|           1|           0|
    |ap_block_pp0_stage0_01001         |        or|   0|  0|   2|           1|           1|
    |ap_block_state1_pp0_stage0_iter0  |        or|   0|  0|   2|           1|           1|
    |ap_enable_pp0                     |       xor|   0|  0|   2|           1|           2|
    +----------------------------------+----------+----+---+----+------------+------------+
    |Total                             |          |   0|  0|  16|           8|           7|
    +----------------------------------+----------+----+---+----+------------+------------+

    * Multiplexer: 
    +-----------------------------------------+----+-----------+-----+-----------+
    |                   Name                  | LUT| Input Size| Bits| Total Bits|
    +-----------------------------------------+----+-----------+-----+-----------+
    |ap_done                                  |   9|          2|    1|          2|
    |conn_table_remote_ip_address_V_address0  |  13|          3|    9|         27|
    |conn_table_remote_qpn_V_address0         |  13|          3|    9|         27|
    |conn_table_remote_udp_port_V_address0    |  13|          3|    9|         27|
    |s_axis_qp_conn_interface_TDATA_blk_n     |   9|          2|    1|          2|
    |tx_connTable2ibh_rsp_blk_n               |   9|          2|    1|          2|
    |tx_ibhconnTable_req_blk_n                |   9|          2|    1|          2|
    +-----------------------------------------+----+-----------+-----+-----------+
    |Total                                    |  75|         17|   31|         89|
    +-----------------------------------------+----+-----------+-----+-----------+

    * Register: 
    +-------------------------+---+----+-----+-----------+
    |           Name          | FF| LUT| Bits| Const Bits|
    +-------------------------+---+----+-----+-----------+
    |ap_CS_fsm                |  1|   0|    1|          0|
    |ap_done_reg              |  1|   0|    1|          0|
    |ap_enable_reg_pp0_iter1  |  1|   0|    1|          0|
    |tmp_i_reg_230            |  1|   0|    1|          0|
    +-------------------------+---+----+-----+-----------+
    |Total                    |  4|   0|    4|          0|
    +-------------------------+---+----+-----+-----------+



================================================================
== Interface
================================================================
* Summary: 
+-------------------------------------+-----+-----+------------+--------------------------+--------------+
|              RTL Ports              | Dir | Bits|  Protocol  |       Source Object      |    C Type    |
+-------------------------------------+-----+-----+------------+--------------------------+--------------+
|ap_clk                               |   in|    1|  ap_ctrl_hs|                conn_table|  return value|
|ap_rst                               |   in|    1|  ap_ctrl_hs|                conn_table|  return value|
|ap_start                             |   in|    1|  ap_ctrl_hs|                conn_table|  return value|
|ap_done                              |  out|    1|  ap_ctrl_hs|                conn_table|  return value|
|ap_continue                          |   in|    1|  ap_ctrl_hs|                conn_table|  return value|
|ap_idle                              |  out|    1|  ap_ctrl_hs|                conn_table|  return value|
|ap_ready                             |  out|    1|  ap_ctrl_hs|                conn_table|  return value|
|s_axis_qp_conn_interface_TVALID      |   in|    1|        axis|  s_axis_qp_conn_interface|       pointer|
|s_axis_qp_conn_interface_TDATA       |   in|  184|        axis|  s_axis_qp_conn_interface|       pointer|
|s_axis_qp_conn_interface_TREADY      |  out|    1|        axis|  s_axis_qp_conn_interface|       pointer|
|tx_ibhconnTable_req_dout             |   in|   16|     ap_fifo|       tx_ibhconnTable_req|       pointer|
|tx_ibhconnTable_req_num_data_valid   |   in|    2|     ap_fifo|       tx_ibhconnTable_req|       pointer|
|tx_ibhconnTable_req_fifo_cap         |   in|    2|     ap_fifo|       tx_ibhconnTable_req|       pointer|
|tx_ibhconnTable_req_empty_n          |   in|    1|     ap_fifo|       tx_ibhconnTable_req|       pointer|
|tx_ibhconnTable_req_read             |  out|    1|     ap_fifo|       tx_ibhconnTable_req|       pointer|
|tx_connTable2ibh_rsp_din             |  out|  384|     ap_fifo|      tx_connTable2ibh_rsp|       pointer|
|tx_connTable2ibh_rsp_num_data_valid  |   in|    4|     ap_fifo|      tx_connTable2ibh_rsp|       pointer|
|tx_connTable2ibh_rsp_fifo_cap        |   in|    4|     ap_fifo|      tx_connTable2ibh_rsp|       pointer|
|tx_connTable2ibh_rsp_full_n          |   in|    1|     ap_fifo|      tx_connTable2ibh_rsp|       pointer|
|tx_connTable2ibh_rsp_write           |  out|    1|     ap_fifo|      tx_connTable2ibh_rsp|       pointer|
+-------------------------------------+-----+-----+------------+--------------------------+--------------+

============================================================
+ Verbose Summary: Synthesis Manager
============================================================
InlineROM: 1
ExposeGlobal: 0
============================================================
+ Verbose Summary: CDFG Model
============================================================
IsTopModel: 0
ResetActiveHigh: 1
IsCombinational: 2
IsDatapathOnly: 0
HasWiredReturn: 1
HasMFsm: 2
HasVarLatency: 0
IsPipeline: 1
IsRtlPipelined: 1
IsInstanceOverlapped: 0
IsDontTouch: 0
HasImplIP: 0
IsGatedGlobalClock: 0

+ Individual pipeline summary: 
  * Pipeline-0: initiation interval (II) = 1, depth = 2


============================================================
+ Verbose Summary: Schedule
============================================================
* Number of FSM states : 2
* Pipeline : 1
  Pipeline-0 : II = 1, D = 2, States = { 1 2 }
* Dataflow Pipeline: 0

* FSM state transitions: 
1 --> 2 
2 --> 

* FSM state operations: 

State 1 <SV = 0> <Delay = 4.60>
ST_1 : Operation 3 [1/1] (0.00ns)   --->   "%specinterface_ln0 = specinterface void @_ssdm_op_SpecInterface, i384 %tx_connTable2ibh_rsp, void @empty_5, i32 0, i32 0, void @empty_6, i32 0, i32 0, void @empty_6, void @empty_6, void @empty_6, i32 0, i32 0, i32 0, i32 0, void @empty_6, void @empty_6, i32 4294967295, i32 0"   --->   Operation 3 'specinterface' 'specinterface_ln0' <Predicate = true> <Delay = 0.00>
ST_1 : Operation 4 [1/1] (0.00ns)   --->   "%specinterface_ln0 = specinterface void @_ssdm_op_SpecInterface, i384 %tx_connTable2ibh_rsp, void @empty_5, i32 0, i32 0, void @empty_6, i32 0, i32 0, void @empty_6, void @empty_6, void @empty_6, i32 0, i32 0, i32 0, i32 0, void @empty_6, void @empty_6, i32 4294967295, i32 0"   --->   Operation 4 'specinterface' 'specinterface_ln0' <Predicate = true> <Delay = 0.00>
ST_1 : Operation 5 [1/1] (0.00ns)   --->   "%specinterface_ln0 = specinterface void @_ssdm_op_SpecInterface, i384 %tx_connTable2ibh_rsp, void @empty_5, i32 0, i32 0, void @empty_6, i32 0, i32 0, void @empty_6, void @empty_6, void @empty_6, i32 0, i32 0, i32 0, i32 0, void @empty_6, void @empty_6, i32 4294967295, i32 0"   --->   Operation 5 'specinterface' 'specinterface_ln0' <Predicate = true> <Delay = 0.00>
ST_1 : Operation 6 [1/1] (0.00ns)   --->   "%specinterface_ln0 = specinterface void @_ssdm_op_SpecInterface, i16 %tx_ibhconnTable_req, void @empty_5, i32 0, i32 0, void @empty_6, i32 0, i32 0, void @empty_6, void @empty_6, void @empty_6, i32 0, i32 0, i32 0, i32 0, void @empty_6, void @empty_6, i32 4294967295, i32 0"   --->   Operation 6 'specinterface' 'specinterface_ln0' <Predicate = true> <Delay = 0.00>
ST_1 : Operation 7 [1/1] (0.00ns)   --->   "%specinterface_ln0 = specinterface void @_ssdm_op_SpecInterface, i16 %tx_ibhconnTable_req, void @empty_5, i32 0, i32 0, void @empty_6, i32 0, i32 0, void @empty_6, void @empty_6, void @empty_6, i32 0, i32 0, i32 0, i32 0, void @empty_6, void @empty_6, i32 4294967295, i32 0"   --->   Operation 7 'specinterface' 'specinterface_ln0' <Predicate = true> <Delay = 0.00>
ST_1 : Operation 8 [1/1] (0.00ns)   --->   "%specinterface_ln0 = specinterface void @_ssdm_op_SpecInterface, i16 %tx_ibhconnTable_req, void @empty_5, i32 0, i32 0, void @empty_6, i32 0, i32 0, void @empty_6, void @empty_6, void @empty_6, i32 0, i32 0, i32 0, i32 0, void @empty_6, void @empty_6, i32 4294967295, i32 0"   --->   Operation 8 'specinterface' 'specinterface_ln0' <Predicate = true> <Delay = 0.00>
ST_1 : Operation 9 [1/1] (0.00ns)   --->   "%specinterface_ln0 = specinterface void @_ssdm_op_SpecInterface, i384 %tx_connTable2ibh_rsp, void @empty_5, i32 0, i32 0, void @empty_6, i32 0, i32 0, void @empty_6, void @empty_6, void @empty_6, i32 0, i32 0, i32 0, i32 0, void @empty_6, void @empty_6, i32 4294967295, i32 0"   --->   Operation 9 'specinterface' 'specinterface_ln0' <Predicate = true> <Delay = 0.00>
ST_1 : Operation 10 [1/1] (0.00ns)   --->   "%specinterface_ln0 = specinterface void @_ssdm_op_SpecInterface, i16 %tx_ibhconnTable_req, void @empty_5, i32 0, i32 0, void @empty_6, i32 0, i32 0, void @empty_6, void @empty_6, void @empty_6, i32 0, i32 0, i32 0, i32 0, void @empty_6, void @empty_6, i32 4294967295, i32 0"   --->   Operation 10 'specinterface' 'specinterface_ln0' <Predicate = true> <Delay = 0.00>
ST_1 : Operation 11 [1/1] (0.00ns)   --->   "%specinterface_ln0 = specinterface void @_ssdm_op_SpecInterface, i184 %s_axis_qp_conn_interface, void @empty_7, i32 1, i32 1, void @empty_1, i32 0, i32 0, void @empty_6, void @empty_6, void @empty_6, i32 0, i32 0, i32 0, i32 0, void @empty_6, void @empty_6, i32 4294967295, i32 0"   --->   Operation 11 'specinterface' 'specinterface_ln0' <Predicate = true> <Delay = 0.00>
ST_1 : Operation 12 [1/1] (0.00ns)   --->   "%specpipeline_ln32 = specpipeline void @_ssdm_op_SpecPipeline, i32 1, i32 0, i32 0, i32 0, void @empty_6" [/home/weigao/Desktop/Vitis_with_100Gbps_TCP-IP/fpga-network-stack/hls/rocev2/../ib_transport_protocol/conn_table.cpp:32]   --->   Operation 12 'specpipeline' 'specpipeline_ln32' <Predicate = true> <Delay = 0.00>
ST_1 : Operation 13 [1/1] (0.00ns)   --->   "%tmp_i = nbreadreq i1 @_ssdm_op_NbReadReq.ap_fifo.i16P0A, i16 %tx_ibhconnTable_req, i32 1" [/home/weigao/Desktop/Vitis_with_100Gbps_TCP-IP/fpga-network-stack/hls/rocev2/../ib_transport_protocol/conn_table.cpp:45]   --->   Operation 13 'nbreadreq' 'tmp_i' <Predicate = true> <Delay = 0.00> <CoreInst = "FIFO_SRL">   --->   Core 81 'FIFO_SRL' <Latency = 0> <II = 1> <Delay = 2.39> <Storage> <Opcode : 'read' 'write' 'nbread' 'nbwrite'> <Ports = 0> <Width = 16> <Depth = 2> <FIFO>
ST_1 : Operation 14 [1/1] (0.00ns)   --->   "%br_ln45 = br i1 %tmp_i, void %if.else.i, void %if.then.i" [/home/weigao/Desktop/Vitis_with_100Gbps_TCP-IP/fpga-network-stack/hls/rocev2/../ib_transport_protocol/conn_table.cpp:45]   --->   Operation 14 'br' 'br_ln45' <Predicate = true> <Delay = 0.00>
ST_1 : Operation 15 [1/1] (0.00ns)   --->   "%tmp_i_267 = nbreadreq i1 @_ssdm_op_NbReadReq.axis.i184P128A, i184 %s_axis_qp_conn_interface, i32 1" [/home/weigao/Desktop/Vitis_with_100Gbps_TCP-IP/fpga-network-stack/hls/rocev2/../ib_transport_protocol/conn_table.cpp:51]   --->   Operation 15 'nbreadreq' 'tmp_i_267' <Predicate = (!tmp_i)> <Delay = 0.00> <CoreInst = "axis">   --->   Core 115 'axis' <Latency = 0> <II = 1> <Delay = 1.00> <Adapter> <Opcode : >
ST_1 : Operation 16 [1/1] (0.00ns)   --->   "%br_ln51 = br i1 %tmp_i_267, void %if.end.i, void %if.then5.i" [/home/weigao/Desktop/Vitis_with_100Gbps_TCP-IP/fpga-network-stack/hls/rocev2/../ib_transport_protocol/conn_table.cpp:51]   --->   Operation 16 'br' 'br_ln51' <Predicate = (!tmp_i)> <Delay = 0.00>
ST_1 : Operation 17 [1/1] (0.00ns)   --->   "%s_axis_qp_conn_interface_read = read i184 @_ssdm_op_Read.axis.volatile.i184P128A, i184 %s_axis_qp_conn_interface" [/home/weigao/Desktop/Vitis_with_100Gbps_TCP-IP/fpga-network-stack/hls/rocev2/../ib_transport_protocol/conn_table.cpp:53]   --->   Operation 17 'read' 's_axis_qp_conn_interface_read' <Predicate = (!tmp_i & tmp_i_267)> <Delay = 0.00> <CoreInst = "axis">   --->   Core 115 'axis' <Latency = 0> <II = 1> <Delay = 1.00> <Adapter> <Opcode : >
ST_1 : Operation 18 [1/1] (0.00ns)   --->   "%ifRequest_qpn_V = trunc i184 %s_axis_qp_conn_interface_read" [/home/weigao/Desktop/Vitis_with_100Gbps_TCP-IP/fpga-network-stack/hls/rocev2/../ib_transport_protocol/conn_table.cpp:53]   --->   Operation 18 'trunc' 'ifRequest_qpn_V' <Predicate = (!tmp_i & tmp_i_267)> <Delay = 0.00>
ST_1 : Operation 19 [1/1] (0.00ns)   --->   "%ifRequest_remote_ip_address_V = partselect i128 @_ssdm_op_PartSelect.i128.i184.i32.i32, i184 %s_axis_qp_conn_interface_read, i32 40, i32 167" [/home/weigao/Desktop/Vitis_with_100Gbps_TCP-IP/fpga-network-stack/hls/rocev2/../ib_transport_protocol/conn_table.cpp:53]   --->   Operation 19 'partselect' 'ifRequest_remote_ip_address_V' <Predicate = (!tmp_i & tmp_i_267)> <Delay = 0.00>
ST_1 : Operation 20 [1/1] (0.00ns)   --->   "%ifRequest_remote_udp_port_V = partselect i16 @_ssdm_op_PartSelect.i16.i184.i32.i32, i184 %s_axis_qp_conn_interface_read, i32 168, i32 183" [/home/weigao/Desktop/Vitis_with_100Gbps_TCP-IP/fpga-network-stack/hls/rocev2/../ib_transport_protocol/conn_table.cpp:53]   --->   Operation 20 'partselect' 'ifRequest_remote_udp_port_V' <Predicate = (!tmp_i & tmp_i_267)> <Delay = 0.00>
ST_1 : Operation 21 [1/1] (0.00ns)   --->   "%ifRequest_remote_qpn_V = partselect i24 @_ssdm_op_PartSelect.i24.i184.i32.i32, i184 %s_axis_qp_conn_interface_read, i32 16, i32 39" [/home/weigao/Desktop/Vitis_with_100Gbps_TCP-IP/fpga-network-stack/hls/rocev2/../ib_transport_protocol/conn_table.cpp:53]   --->   Operation 21 'partselect' 'ifRequest_remote_qpn_V' <Predicate = (!tmp_i & tmp_i_267)> <Delay = 0.00>
ST_1 : Operation 22 [1/1] (0.00ns)   --->   "%zext_ln541_7 = zext i16 %ifRequest_qpn_V"   --->   Operation 22 'zext' 'zext_ln541_7' <Predicate = (!tmp_i & tmp_i_267)> <Delay = 0.00>
ST_1 : Operation 23 [1/1] (0.00ns)   --->   "%conn_table_remote_qpn_V_addr_1 = getelementptr i24 %conn_table_remote_qpn_V, i64 0, i64 %zext_ln541_7" [/home/weigao/Desktop/Vitis_with_100Gbps_TCP-IP/fpga-network-stack/hls/rocev2/../ib_transport_protocol/conn_table.cpp:55]   --->   Operation 23 'getelementptr' 'conn_table_remote_qpn_V_addr_1' <Predicate = (!tmp_i & tmp_i_267)> <Delay = 0.00>
ST_1 : Operation 24 [1/1] (2.26ns)   --->   "%store_ln55 = store i24 %ifRequest_remote_qpn_V, i9 %conn_table_remote_qpn_V_addr_1" [/home/weigao/Desktop/Vitis_with_100Gbps_TCP-IP/fpga-network-stack/hls/rocev2/../ib_transport_protocol/conn_table.cpp:55]   --->   Operation 24 'store' 'store_ln55' <Predicate = (!tmp_i & tmp_i_267)> <Delay = 2.26> <CoreInst = "RAM">   --->   Core 82 'RAM' <Latency = 1> <II = 1> <Delay = 2.26> <Storage> <Opcode : 'load' 'store'> <Ports = 2> <Width = 24> <Depth = 500> <RAM>
ST_1 : Operation 25 [1/1] (0.00ns)   --->   "%conn_table_remote_ip_address_V_addr_1 = getelementptr i128 %conn_table_remote_ip_address_V, i64 0, i64 %zext_ln541_7" [/home/weigao/Desktop/Vitis_with_100Gbps_TCP-IP/fpga-network-stack/hls/rocev2/../ib_transport_protocol/conn_table.cpp:56]   --->   Operation 25 'getelementptr' 'conn_table_remote_ip_address_V_addr_1' <Predicate = (!tmp_i & tmp_i_267)> <Delay = 0.00>
ST_1 : Operation 26 [1/1] (2.26ns)   --->   "%store_ln56 = store i128 %ifRequest_remote_ip_address_V, i9 %conn_table_remote_ip_address_V_addr_1" [/home/weigao/Desktop/Vitis_with_100Gbps_TCP-IP/fpga-network-stack/hls/rocev2/../ib_transport_protocol/conn_table.cpp:56]   --->   Operation 26 'store' 'store_ln56' <Predicate = (!tmp_i & tmp_i_267)> <Delay = 2.26> <CoreInst = "RAM">   --->   Core 82 'RAM' <Latency = 1> <II = 1> <Delay = 2.26> <Storage> <Opcode : 'load' 'store'> <Ports = 2> <Width = 128> <Depth = 500> <RAM>
ST_1 : Operation 27 [1/1] (0.00ns)   --->   "%conn_table_remote_udp_port_V_addr_1 = getelementptr i16 %conn_table_remote_udp_port_V, i64 0, i64 %zext_ln541_7" [/home/weigao/Desktop/Vitis_with_100Gbps_TCP-IP/fpga-network-stack/hls/rocev2/../ib_transport_protocol/conn_table.cpp:57]   --->   Operation 27 'getelementptr' 'conn_table_remote_udp_port_V_addr_1' <Predicate = (!tmp_i & tmp_i_267)> <Delay = 0.00>
ST_1 : Operation 28 [1/1] (2.26ns)   --->   "%store_ln57 = store i16 %ifRequest_remote_udp_port_V, i9 %conn_table_remote_udp_port_V_addr_1" [/home/weigao/Desktop/Vitis_with_100Gbps_TCP-IP/fpga-network-stack/hls/rocev2/../ib_transport_protocol/conn_table.cpp:57]   --->   Operation 28 'store' 'store_ln57' <Predicate = (!tmp_i & tmp_i_267)> <Delay = 2.26> <CoreInst = "RAM">   --->   Core 82 'RAM' <Latency = 1> <II = 1> <Delay = 2.26> <Storage> <Opcode : 'load' 'store'> <Ports = 2> <Width = 16> <Depth = 500> <RAM>
ST_1 : Operation 29 [1/1] (0.00ns)   --->   "%br_ln58 = br void %if.end.i" [/home/weigao/Desktop/Vitis_with_100Gbps_TCP-IP/fpga-network-stack/hls/rocev2/../ib_transport_protocol/conn_table.cpp:58]   --->   Operation 29 'br' 'br_ln58' <Predicate = (!tmp_i & tmp_i_267)> <Delay = 0.00>
ST_1 : Operation 30 [1/1] (0.00ns)   --->   "%br_ln0 = br void %conn_table.exit"   --->   Operation 30 'br' 'br_ln0' <Predicate = (!tmp_i)> <Delay = 0.00>
ST_1 : Operation 31 [1/1] (2.33ns)   --->   "%txRequest_V = read i16 @_ssdm_op_Read.ap_fifo.volatile.i16P0A, i16 %tx_ibhconnTable_req" [/home/weigao/Desktop/Vitis_with_100Gbps_TCP-IP/fpga-network-stack/hls/rocev2/../ib_transport_protocol/conn_table.cpp:47]   --->   Operation 31 'read' 'txRequest_V' <Predicate = (tmp_i)> <Delay = 2.33> <CoreInst = "FIFO_SRL">   --->   Core 81 'FIFO_SRL' <Latency = 0> <II = 1> <Delay = 2.39> <Storage> <Opcode : 'read' 'write' 'nbread' 'nbwrite'> <Ports = 0> <Width = 16> <Depth = 2> <FIFO>
ST_1 : Operation 32 [1/1] (0.00ns)   --->   "%zext_ln541 = zext i16 %txRequest_V"   --->   Operation 32 'zext' 'zext_ln541' <Predicate = (tmp_i)> <Delay = 0.00>
ST_1 : Operation 33 [1/1] (0.00ns)   --->   "%conn_table_remote_qpn_V_addr = getelementptr i24 %conn_table_remote_qpn_V, i64 0, i64 %zext_ln541" [/home/weigao/Desktop/Vitis_with_100Gbps_TCP-IP/fpga-network-stack/hls/rocev2/../ib_transport_protocol/conn_table.cpp:49]   --->   Operation 33 'getelementptr' 'conn_table_remote_qpn_V_addr' <Predicate = (tmp_i)> <Delay = 0.00>
ST_1 : Operation 34 [1/1] (0.00ns)   --->   "%conn_table_remote_ip_address_V_addr = getelementptr i128 %conn_table_remote_ip_address_V, i64 0, i64 %zext_ln541" [/home/weigao/Desktop/Vitis_with_100Gbps_TCP-IP/fpga-network-stack/hls/rocev2/../ib_transport_protocol/conn_table.cpp:49]   --->   Operation 34 'getelementptr' 'conn_table_remote_ip_address_V_addr' <Predicate = (tmp_i)> <Delay = 0.00>
ST_1 : Operation 35 [1/1] (0.00ns)   --->   "%conn_table_remote_udp_port_V_addr = getelementptr i16 %conn_table_remote_udp_port_V, i64 0, i64 %zext_ln541" [/home/weigao/Desktop/Vitis_with_100Gbps_TCP-IP/fpga-network-stack/hls/rocev2/../ib_transport_protocol/conn_table.cpp:49]   --->   Operation 35 'getelementptr' 'conn_table_remote_udp_port_V_addr' <Predicate = (tmp_i)> <Delay = 0.00>
ST_1 : Operation 36 [2/2] (2.26ns)   --->   "%conn_table_remote_qpn_V_load = load i9 %conn_table_remote_qpn_V_addr" [/home/weigao/Desktop/Vitis_with_100Gbps_TCP-IP/fpga-network-stack/hls/rocev2/../ib_transport_protocol/conn_table.cpp:49]   --->   Operation 36 'load' 'conn_table_remote_qpn_V_load' <Predicate = (tmp_i)> <Delay = 2.26> <CoreInst = "RAM">   --->   Core 82 'RAM' <Latency = 1> <II = 1> <Delay = 2.26> <Storage> <Opcode : 'load' 'store'> <Ports = 2> <Width = 24> <Depth = 500> <RAM>
ST_1 : Operation 37 [2/2] (2.26ns)   --->   "%conn_table_remote_ip_address_V_load = load i9 %conn_table_remote_ip_address_V_addr" [/home/weigao/Desktop/Vitis_with_100Gbps_TCP-IP/fpga-network-stack/hls/rocev2/../ib_transport_protocol/conn_table.cpp:49]   --->   Operation 37 'load' 'conn_table_remote_ip_address_V_load' <Predicate = (tmp_i)> <Delay = 2.26> <CoreInst = "RAM">   --->   Core 82 'RAM' <Latency = 1> <II = 1> <Delay = 2.26> <Storage> <Opcode : 'load' 'store'> <Ports = 2> <Width = 128> <Depth = 500> <RAM>
ST_1 : Operation 38 [2/2] (2.26ns)   --->   "%conn_table_remote_udp_port_V_load = load i9 %conn_table_remote_udp_port_V_addr" [/home/weigao/Desktop/Vitis_with_100Gbps_TCP-IP/fpga-network-stack/hls/rocev2/../ib_transport_protocol/conn_table.cpp:49]   --->   Operation 38 'load' 'conn_table_remote_udp_port_V_load' <Predicate = (tmp_i)> <Delay = 2.26> <CoreInst = "RAM">   --->   Core 82 'RAM' <Latency = 1> <II = 1> <Delay = 2.26> <Storage> <Opcode : 'load' 'store'> <Ports = 2> <Width = 16> <Depth = 500> <RAM>

State 2 <SV = 1> <Delay = 4.60>
ST_2 : Operation 39 [1/2] (2.26ns)   --->   "%conn_table_remote_qpn_V_load = load i9 %conn_table_remote_qpn_V_addr" [/home/weigao/Desktop/Vitis_with_100Gbps_TCP-IP/fpga-network-stack/hls/rocev2/../ib_transport_protocol/conn_table.cpp:49]   --->   Operation 39 'load' 'conn_table_remote_qpn_V_load' <Predicate = (tmp_i)> <Delay = 2.26> <CoreInst = "RAM">   --->   Core 82 'RAM' <Latency = 1> <II = 1> <Delay = 2.26> <Storage> <Opcode : 'load' 'store'> <Ports = 2> <Width = 24> <Depth = 500> <RAM>
ST_2 : Operation 40 [1/2] (2.26ns)   --->   "%conn_table_remote_ip_address_V_load = load i9 %conn_table_remote_ip_address_V_addr" [/home/weigao/Desktop/Vitis_with_100Gbps_TCP-IP/fpga-network-stack/hls/rocev2/../ib_transport_protocol/conn_table.cpp:49]   --->   Operation 40 'load' 'conn_table_remote_ip_address_V_load' <Predicate = (tmp_i)> <Delay = 2.26> <CoreInst = "RAM">   --->   Core 82 'RAM' <Latency = 1> <II = 1> <Delay = 2.26> <Storage> <Opcode : 'load' 'store'> <Ports = 2> <Width = 128> <Depth = 500> <RAM>
ST_2 : Operation 41 [1/2] (2.26ns)   --->   "%conn_table_remote_udp_port_V_load = load i9 %conn_table_remote_udp_port_V_addr" [/home/weigao/Desktop/Vitis_with_100Gbps_TCP-IP/fpga-network-stack/hls/rocev2/../ib_transport_protocol/conn_table.cpp:49]   --->   Operation 41 'load' 'conn_table_remote_udp_port_V_load' <Predicate = (tmp_i)> <Delay = 2.26> <CoreInst = "RAM">   --->   Core 82 'RAM' <Latency = 1> <II = 1> <Delay = 2.26> <Storage> <Opcode : 'load' 'store'> <Ports = 2> <Width = 16> <Depth = 500> <RAM>
ST_2 : Operation 42 [1/1] (0.00ns)   --->   "%tmp_268_i = bitconcatenate i272 @_ssdm_op_BitConcatenate.i272.i16.i128.i104.i24, i16 %conn_table_remote_udp_port_V_load, i128 %conn_table_remote_ip_address_V_load, i104 0, i24 %conn_table_remote_qpn_V_load" [/home/weigao/Desktop/Vitis_with_100Gbps_TCP-IP/fpga-network-stack/hls/rocev2/../ib_transport_protocol/conn_table.cpp:49]   --->   Operation 42 'bitconcatenate' 'tmp_268_i' <Predicate = (tmp_i)> <Delay = 0.00>
ST_2 : Operation 43 [1/1] (0.00ns)   --->   "%zext_ln49 = zext i272 %tmp_268_i" [/home/weigao/Desktop/Vitis_with_100Gbps_TCP-IP/fpga-network-stack/hls/rocev2/../ib_transport_protocol/conn_table.cpp:49]   --->   Operation 43 'zext' 'zext_ln49' <Predicate = (tmp_i)> <Delay = 0.00>
ST_2 : Operation 44 [1/1] (2.33ns)   --->   "%write_ln49 = write void @_ssdm_op_Write.ap_fifo.volatile.i384P0A, i384 %tx_connTable2ibh_rsp, i384 %zext_ln49" [/home/weigao/Desktop/Vitis_with_100Gbps_TCP-IP/fpga-network-stack/hls/rocev2/../ib_transport_protocol/conn_table.cpp:49]   --->   Operation 44 'write' 'write_ln49' <Predicate = (tmp_i)> <Delay = 2.33> <CoreInst = "FIFO">   --->   Core 78 'FIFO' <Latency = 0> <II = 1> <Delay = 2.63> <Storage> <Opcode : 'read' 'write' 'nbread' 'nbwrite'> <Ports = 0> <Width = 384> <Depth = 8> <FIFO>
ST_2 : Operation 45 [1/1] (0.00ns)   --->   "%br_ln50 = br void %conn_table.exit" [/home/weigao/Desktop/Vitis_with_100Gbps_TCP-IP/fpga-network-stack/hls/rocev2/../ib_transport_protocol/conn_table.cpp:50]   --->   Operation 45 'br' 'br_ln50' <Predicate = (tmp_i)> <Delay = 0.00>
ST_2 : Operation 46 [1/1] (0.00ns)   --->   "%ret_ln0 = ret"   --->   Operation 46 'ret' 'ret_ln0' <Predicate = true> <Delay = 0.00>


============================================================
+ Verbose Summary: Binding
============================================================
STG Binding: 
---------------- STG Properties BEGIN ----------------
- Is combinational: 0
- Is one-state seq: 0
- Is datapath-only: 0
- Is pipelined: 1
- Is top level: 0
Port [ Return ] is wired: 1; IO mode=ap_ctrl_hs:ce=0
Port [ s_axis_qp_conn_interface]:  wired=1; compound=1; hidden=0; nouse=0; global=0; static=0; extern=0; dir=0; type=0; pingpong=0; private_global=0; IO mode=axis:ce=0
Port [ tx_ibhconnTable_req]:  wired=1; compound=1; hidden=0; nouse=0; global=1; static=1; extern=0; dir=0; type=3; pingpong=0; private_global=0; IO mode=ap_fifo:ce=0
Port [ conn_table_remote_qpn_V]:  wired=0; compound=1; hidden=1; nouse=0; global=1; static=1; extern=0; dir=2; type=1; pingpong=0; private_global=1; MemPort=[23]; IO mode=ap_memory:ce=0
Port [ conn_table_remote_ip_address_V]:  wired=0; compound=1; hidden=1; nouse=0; global=1; static=1; extern=0; dir=2; type=1; pingpong=0; private_global=1; MemPort=[23]; IO mode=ap_memory:ce=0
Port [ conn_table_remote_udp_port_V]:  wired=0; compound=1; hidden=1; nouse=0; global=1; static=1; extern=0; dir=2; type=1; pingpong=0; private_global=1; MemPort=[23]; IO mode=ap_memory:ce=0
Port [ tx_connTable2ibh_rsp]:  wired=1; compound=1; hidden=0; nouse=0; global=1; static=1; extern=0; dir=1; type=3; pingpong=0; private_global=0; IO mode=ap_fifo:ce=0
---------------- STG Properties END ------------------

---------------- Datapath Model BEGIN ----------------

<LifeTime>
<method=bitvector/>
specinterface_ln0                     (specinterface ) [ 000]
specinterface_ln0                     (specinterface ) [ 000]
specinterface_ln0                     (specinterface ) [ 000]
specinterface_ln0                     (specinterface ) [ 000]
specinterface_ln0                     (specinterface ) [ 000]
specinterface_ln0                     (specinterface ) [ 000]
specinterface_ln0                     (specinterface ) [ 000]
specinterface_ln0                     (specinterface ) [ 000]
specinterface_ln0                     (specinterface ) [ 000]
specpipeline_ln32                     (specpipeline  ) [ 000]
tmp_i                                 (nbreadreq     ) [ 011]
br_ln45                               (br            ) [ 000]
tmp_i_267                             (nbreadreq     ) [ 010]
br_ln51                               (br            ) [ 000]
s_axis_qp_conn_interface_read         (read          ) [ 000]
ifRequest_qpn_V                       (trunc         ) [ 000]
ifRequest_remote_ip_address_V         (partselect    ) [ 000]
ifRequest_remote_udp_port_V           (partselect    ) [ 000]
ifRequest_remote_qpn_V                (partselect    ) [ 000]
zext_ln541_7                          (zext          ) [ 000]
conn_table_remote_qpn_V_addr_1        (getelementptr ) [ 000]
store_ln55                            (store         ) [ 000]
conn_table_remote_ip_address_V_addr_1 (getelementptr ) [ 000]
store_ln56                            (store         ) [ 000]
conn_table_remote_udp_port_V_addr_1   (getelementptr ) [ 000]
store_ln57                            (store         ) [ 000]
br_ln58                               (br            ) [ 000]
br_ln0                                (br            ) [ 000]
txRequest_V                           (read          ) [ 000]
zext_ln541                            (zext          ) [ 000]
conn_table_remote_qpn_V_addr          (getelementptr ) [ 011]
conn_table_remote_ip_address_V_addr   (getelementptr ) [ 011]
conn_table_remote_udp_port_V_addr     (getelementptr ) [ 011]
conn_table_remote_qpn_V_load          (load          ) [ 000]
conn_table_remote_ip_address_V_load   (load          ) [ 000]
conn_table_remote_udp_port_V_load     (load          ) [ 000]
tmp_268_i                             (bitconcatenate) [ 000]
zext_ln49                             (zext          ) [ 000]
write_ln49                            (write         ) [ 000]
br_ln50                               (br            ) [ 000]
ret_ln0                               (ret           ) [ 000]
</LifeTime>

<model>

<comp_list>
<comp id="0" class="1000" name="s_axis_qp_conn_interface">
<pin_list>
<pin id="1" dir="1" index="0" bw="1" slack="0"/>
</pin_list>
<bind>
<StgValue><ssdm name="s_axis_qp_conn_interface"/></StgValue>
</bind>
</comp>

<comp id="2" class="1000" name="tx_ibhconnTable_req">
<pin_list>
<pin id="3" dir="1" index="0" bw="1" slack="0"/>
</pin_list>
<bind>
<StgValue><ssdm name="tx_ibhconnTable_req"/></StgValue>
</bind>
</comp>

<comp id="4" class="1000" name="conn_table_remote_qpn_V">
<pin_list>
<pin id="5" dir="1" index="0" bw="1" slack="0"/>
</pin_list>
<bind>
<StgValue><ssdm name="conn_table_remote_qpn_V"/><MemPortTyVec>2 3 </MemPortTyVec>
</StgValue>
</bind>
</comp>

<comp id="6" class="1000" name="conn_table_remote_ip_address_V">
<pin_list>
<pin id="7" dir="1" index="0" bw="1" slack="0"/>
</pin_list>
<bind>
<StgValue><ssdm name="conn_table_remote_ip_address_V"/><MemPortTyVec>2 3 </MemPortTyVec>
</StgValue>
</bind>
</comp>

<comp id="8" class="1000" name="conn_table_remote_udp_port_V">
<pin_list>
<pin id="9" dir="1" index="0" bw="1" slack="0"/>
</pin_list>
<bind>
<StgValue><ssdm name="conn_table_remote_udp_port_V"/><MemPortTyVec>2 3 </MemPortTyVec>
</StgValue>
</bind>
</comp>

<comp id="10" class="1000" name="tx_connTable2ibh_rsp">
<pin_list>
<pin id="11" dir="1" index="0" bw="1" slack="0"/>
</pin_list>
<bind>
<StgValue><ssdm name="tx_connTable2ibh_rsp"/></StgValue>
</bind>
</comp>

<comp id="12" class="1001" name="const_12">
<pin_list>
<pin id="13" dir="1" index="0" bw="1" slack="2147483647"/>
</pin_list>
<bind>
<StgValue><ssdm name="_ssdm_op_SpecInterface"/></StgValue>
</bind>
</comp>

<comp id="14" class="1001" name="const_14">
<pin_list>
<pin id="15" dir="1" index="0" bw="1" slack="2147483647"/>
</pin_list>
<bind>
<StgValue><ssdm name="empty_5"/></StgValue>
</bind>
</comp>

<comp id="16" class="1001" name="const_16">
<pin_list>
<pin id="17" dir="1" index="0" bw="1" slack="2147483647"/>
</pin_list>
<bind>
<StgValue><ssdm name=""/></StgValue>
</bind>
</comp>

<comp id="18" class="1001" name="const_18">
<pin_list>
<pin id="19" dir="1" index="0" bw="1" slack="2147483647"/>
</pin_list>
<bind>
<StgValue><ssdm name="empty_6"/></StgValue>
</bind>
</comp>

<comp id="20" class="1001" name="const_20">
<pin_list>
<pin id="21" dir="1" index="0" bw="1" slack="2147483647"/>
</pin_list>
<bind>
<StgValue><ssdm name=""/></StgValue>
</bind>
</comp>

<comp id="22" class="1001" name="const_22">
<pin_list>
<pin id="23" dir="1" index="0" bw="1" slack="2147483647"/>
</pin_list>
<bind>
<StgValue><ssdm name="empty_7"/></StgValue>
</bind>
</comp>

<comp id="24" class="1001" name="const_24">
<pin_list>
<pin id="25" dir="1" index="0" bw="1" slack="0"/>
</pin_list>
<bind>
<StgValue><ssdm name=""/></StgValue>
</bind>
</comp>

<comp id="26" class="1001" name="const_26">
<pin_list>
<pin id="27" dir="1" index="0" bw="1" slack="2147483647"/>
</pin_list>
<bind>
<StgValue><ssdm name="empty_1"/></StgValue>
</bind>
</comp>

<comp id="28" class="1001" name="const_28">
<pin_list>
<pin id="29" dir="1" index="0" bw="1" slack="2147483647"/>
</pin_list>
<bind>
<StgValue><ssdm name="_ssdm_op_SpecPipeline"/></StgValue>
</bind>
</comp>

<comp id="30" class="1001" name="const_30">
<pin_list>
<pin id="31" dir="1" index="0" bw="1" slack="0"/>
</pin_list>
<bind>
<StgValue><ssdm name="_ssdm_op_NbReadReq.ap_fifo.i16P0A"/></StgValue>
</bind>
</comp>

<comp id="32" class="1001" name="const_32">
<pin_list>
<pin id="33" dir="1" index="0" bw="1" slack="0"/>
</pin_list>
<bind>
<StgValue><ssdm name="_ssdm_op_NbReadReq.axis.i184P128A"/></StgValue>
</bind>
</comp>

<comp id="34" class="1001" name="const_34">
<pin_list>
<pin id="35" dir="1" index="0" bw="1" slack="0"/>
</pin_list>
<bind>
<StgValue><ssdm name="_ssdm_op_Read.axis.volatile.i184P128A"/></StgValue>
</bind>
</comp>

<comp id="36" class="1001" name="const_36">
<pin_list>
<pin id="37" dir="1" index="0" bw="1" slack="0"/>
</pin_list>
<bind>
<StgValue><ssdm name="_ssdm_op_PartSelect.i128.i184.i32.i32"/></StgValue>
</bind>
</comp>

<comp id="38" class="1001" name="const_38">
<pin_list>
<pin id="39" dir="1" index="0" bw="1" slack="0"/>
</pin_list>
<bind>
<StgValue><ssdm name=""/></StgValue>
</bind>
</comp>

<comp id="40" class="1001" name="const_40">
<pin_list>
<pin id="41" dir="1" index="0" bw="1" slack="0"/>
</pin_list>
<bind>
<StgValue><ssdm name=""/></StgValue>
</bind>
</comp>

<comp id="42" class="1001" name="const_42">
<pin_list>
<pin id="43" dir="1" index="0" bw="1" slack="0"/>
</pin_list>
<bind>
<StgValue><ssdm name="_ssdm_op_PartSelect.i16.i184.i32.i32"/></StgValue>
</bind>
</comp>

<comp id="44" class="1001" name="const_44">
<pin_list>
<pin id="45" dir="1" index="0" bw="1" slack="0"/>
</pin_list>
<bind>
<StgValue><ssdm name=""/></StgValue>
</bind>
</comp>

<comp id="46" class="1001" name="const_46">
<pin_list>
<pin id="47" dir="1" index="0" bw="1" slack="0"/>
</pin_list>
<bind>
<StgValue><ssdm name=""/></StgValue>
</bind>
</comp>

<comp id="48" class="1001" name="const_48">
<pin_list>
<pin id="49" dir="1" index="0" bw="1" slack="0"/>
</pin_list>
<bind>
<StgValue><ssdm name="_ssdm_op_PartSelect.i24.i184.i32.i32"/></StgValue>
</bind>
</comp>

<comp id="50" class="1001" name="const_50">
<pin_list>
<pin id="51" dir="1" index="0" bw="1" slack="0"/>
</pin_list>
<bind>
<StgValue><ssdm name=""/></StgValue>
</bind>
</comp>

<comp id="52" class="1001" name="const_52">
<pin_list>
<pin id="53" dir="1" index="0" bw="1" slack="0"/>
</pin_list>
<bind>
<StgValue><ssdm name=""/></StgValue>
</bind>
</comp>

<comp id="54" class="1001" name="const_54">
<pin_list>
<pin id="55" dir="1" index="0" bw="1" slack="0"/>
</pin_list>
<bind>
<StgValue><ssdm name=""/></StgValue>
</bind>
</comp>

<comp id="56" class="1001" name="const_56">
<pin_list>
<pin id="57" dir="1" index="0" bw="1" slack="0"/>
</pin_list>
<bind>
<StgValue><ssdm name="_ssdm_op_Read.ap_fifo.volatile.i16P0A"/></StgValue>
</bind>
</comp>

<comp id="58" class="1001" name="const_58">
<pin_list>
<pin id="59" dir="1" index="0" bw="1" slack="0"/>
</pin_list>
<bind>
<StgValue><ssdm name="_ssdm_op_BitConcatenate.i272.i16.i128.i104.i24"/></StgValue>
</bind>
</comp>

<comp id="60" class="1001" name="const_60">
<pin_list>
<pin id="61" dir="1" index="0" bw="1" slack="0"/>
</pin_list>
<bind>
<StgValue><ssdm name=""/></StgValue>
</bind>
</comp>

<comp id="62" class="1001" name="const_62">
<pin_list>
<pin id="63" dir="1" index="0" bw="1" slack="0"/>
</pin_list>
<bind>
<StgValue><ssdm name="_ssdm_op_Write.ap_fifo.volatile.i384P0A"/></StgValue>
</bind>
</comp>

<comp id="64" class="1004" name="tmp_i_nbreadreq_fu_64">
<pin_list>
<pin id="65" dir="0" index="0" bw="1" slack="0"/>
<pin id="66" dir="0" index="1" bw="16" slack="0"/>
<pin id="67" dir="0" index="2" bw="1" slack="0"/>
<pin id="68" dir="1" index="3" bw="1" slack="1"/>
</pin_list>
<bind>
<opcode="nbreadreq(1156) " fcode="nbreadreq"/>
<opset="tmp_i/1 "/>
</bind>
</comp>

<comp id="72" class="1004" name="tmp_i_267_nbreadreq_fu_72">
<pin_list>
<pin id="73" dir="0" index="0" bw="1" slack="0"/>
<pin id="74" dir="0" index="1" bw="184" slack="0"/>
<pin id="75" dir="0" index="2" bw="1" slack="0"/>
<pin id="76" dir="1" index="3" bw="1" slack="2147483647"/>
</pin_list>
<bind>
<opcode="nbreadreq(1156) " fcode="nbreadreq"/>
<opset="tmp_i_267/1 "/>
</bind>
</comp>

<comp id="80" class="1004" name="s_axis_qp_conn_interface_read_read_fu_80">
<pin_list>
<pin id="81" dir="0" index="0" bw="184" slack="0"/>
<pin id="82" dir="0" index="1" bw="184" slack="0"/>
<pin id="83" dir="1" index="2" bw="184" slack="0"/>
</pin_list>
<bind>
<opcode="read(1150) " fcode="read"/>
<opset="s_axis_qp_conn_interface_read/1 "/>
</bind>
</comp>

<comp id="86" class="1004" name="txRequest_V_read_fu_86">
<pin_list>
<pin id="87" dir="0" index="0" bw="16" slack="0"/>
<pin id="88" dir="0" index="1" bw="16" slack="0"/>
<pin id="89" dir="1" index="2" bw="16" slack="0"/>
</pin_list>
<bind>
<opcode="read(1150) " fcode="read"/>
<opset="txRequest_V/1 "/>
</bind>
</comp>

<comp id="92" class="1004" name="write_ln49_write_fu_92">
<pin_list>
<pin id="93" dir="0" index="0" bw="0" slack="0"/>
<pin id="94" dir="0" index="1" bw="384" slack="0"/>
<pin id="95" dir="0" index="2" bw="272" slack="0"/>
<pin id="96" dir="1" index="3" bw="0" slack="2147483647"/>
</pin_list>
<bind>
<opcode="write(1151) " fcode="write"/>
<opset="write_ln49/2 "/>
</bind>
</comp>

<comp id="99" class="1004" name="conn_table_remote_qpn_V_addr_1_gep_fu_99">
<pin_list>
<pin id="100" dir="0" index="0" bw="24" slack="0"/>
<pin id="101" dir="0" index="1" bw="1" slack="0"/>
<pin id="102" dir="0" index="2" bw="16" slack="0"/>
<pin id="103" dir="1" index="3" bw="9" slack="0"/>
</pin_list>
<bind>
<opcode="getelementptr(29) " fcode="getelementptr"/>
<opset="conn_table_remote_qpn_V_addr_1/1 "/>
</bind>
</comp>

<comp id="106" class="1004" name="grp_access_fu_106">
<pin_list>
<pin id="107" dir="0" index="0" bw="9" slack="0"/>
<pin id="108" dir="0" index="1" bw="24" slack="0"/>
<pin id="109" dir="0" index="2" bw="0" slack="2147483647"/>
<pin id="110" dir="1" index="3" bw="24" slack="0"/>
</pin_list>
<bind>
<opcode="load(27) store(28) " fcode="load"/>
<opset="store_ln55/1 conn_table_remote_qpn_V_load/1 "/>
</bind>
</comp>

<comp id="112" class="1004" name="conn_table_remote_ip_address_V_addr_1_gep_fu_112">
<pin_list>
<pin id="113" dir="0" index="0" bw="128" slack="0"/>
<pin id="114" dir="0" index="1" bw="1" slack="0"/>
<pin id="115" dir="0" index="2" bw="16" slack="0"/>
<pin id="116" dir="1" index="3" bw="9" slack="0"/>
</pin_list>
<bind>
<opcode="getelementptr(29) " fcode="getelementptr"/>
<opset="conn_table_remote_ip_address_V_addr_1/1 "/>
</bind>
</comp>

<comp id="119" class="1004" name="grp_access_fu_119">
<pin_list>
<pin id="120" dir="0" index="0" bw="9" slack="0"/>
<pin id="121" dir="0" index="1" bw="128" slack="0"/>
<pin id="122" dir="0" index="2" bw="0" slack="2147483647"/>
<pin id="123" dir="1" index="3" bw="128" slack="0"/>
</pin_list>
<bind>
<opcode="load(27) store(28) " fcode="load"/>
<opset="store_ln56/1 conn_table_remote_ip_address_V_load/1 "/>
</bind>
</comp>

<comp id="125" class="1004" name="conn_table_remote_udp_port_V_addr_1_gep_fu_125">
<pin_list>
<pin id="126" dir="0" index="0" bw="16" slack="0"/>
<pin id="127" dir="0" index="1" bw="1" slack="0"/>
<pin id="128" dir="0" index="2" bw="16" slack="0"/>
<pin id="129" dir="1" index="3" bw="9" slack="0"/>
</pin_list>
<bind>
<opcode="getelementptr(29) " fcode="getelementptr"/>
<opset="conn_table_remote_udp_port_V_addr_1/1 "/>
</bind>
</comp>

<comp id="132" class="1004" name="grp_access_fu_132">
<pin_list>
<pin id="133" dir="0" index="0" bw="9" slack="0"/>
<pin id="134" dir="0" index="1" bw="16" slack="0"/>
<pin id="135" dir="0" index="2" bw="0" slack="2147483647"/>
<pin id="136" dir="1" index="3" bw="16" slack="0"/>
</pin_list>
<bind>
<opcode="load(27) store(28) " fcode="load"/>
<opset="store_ln57/1 conn_table_remote_udp_port_V_load/1 "/>
</bind>
</comp>

<comp id="138" class="1004" name="conn_table_remote_qpn_V_addr_gep_fu_138">
<pin_list>
<pin id="139" dir="0" index="0" bw="24" slack="0"/>
<pin id="140" dir="0" index="1" bw="1" slack="0"/>
<pin id="141" dir="0" index="2" bw="16" slack="0"/>
<pin id="142" dir="1" index="3" bw="9" slack="0"/>
</pin_list>
<bind>
<opcode="getelementptr(29) " fcode="getelementptr"/>
<opset="conn_table_remote_qpn_V_addr/1 "/>
</bind>
</comp>

<comp id="145" class="1004" name="conn_table_remote_ip_address_V_addr_gep_fu_145">
<pin_list>
<pin id="146" dir="0" index="0" bw="128" slack="0"/>
<pin id="147" dir="0" index="1" bw="1" slack="0"/>
<pin id="148" dir="0" index="2" bw="16" slack="0"/>
<pin id="149" dir="1" index="3" bw="9" slack="0"/>
</pin_list>
<bind>
<opcode="getelementptr(29) " fcode="getelementptr"/>
<opset="conn_table_remote_ip_address_V_addr/1 "/>
</bind>
</comp>

<comp id="152" class="1004" name="conn_table_remote_udp_port_V_addr_gep_fu_152">
<pin_list>
<pin id="153" dir="0" index="0" bw="16" slack="0"/>
<pin id="154" dir="0" index="1" bw="1" slack="0"/>
<pin id="155" dir="0" index="2" bw="16" slack="0"/>
<pin id="156" dir="1" index="3" bw="9" slack="0"/>
</pin_list>
<bind>
<opcode="getelementptr(29) " fcode="getelementptr"/>
<opset="conn_table_remote_udp_port_V_addr/1 "/>
</bind>
</comp>

<comp id="162" class="1004" name="ifRequest_qpn_V_fu_162">
<pin_list>
<pin id="163" dir="0" index="0" bw="184" slack="0"/>
<pin id="164" dir="1" index="1" bw="16" slack="0"/>
</pin_list>
<bind>
<opcode="trunc(33) " fcode="trunc"/>
<opset="ifRequest_qpn_V/1 "/>
</bind>
</comp>

<comp id="166" class="1004" name="ifRequest_remote_ip_address_V_fu_166">
<pin_list>
<pin id="167" dir="0" index="0" bw="128" slack="0"/>
<pin id="168" dir="0" index="1" bw="184" slack="0"/>
<pin id="169" dir="0" index="2" bw="7" slack="0"/>
<pin id="170" dir="0" index="3" bw="9" slack="0"/>
<pin id="171" dir="1" index="4" bw="128" slack="0"/>
</pin_list>
<bind>
<opcode="partselect(1002) " fcode="partselect"/>
<opset="ifRequest_remote_ip_address_V/1 "/>
</bind>
</comp>

<comp id="177" class="1004" name="ifRequest_remote_udp_port_V_fu_177">
<pin_list>
<pin id="178" dir="0" index="0" bw="16" slack="0"/>
<pin id="179" dir="0" index="1" bw="184" slack="0"/>
<pin id="180" dir="0" index="2" bw="9" slack="0"/>
<pin id="181" dir="0" index="3" bw="9" slack="0"/>
<pin id="182" dir="1" index="4" bw="16" slack="0"/>
</pin_list>
<bind>
<opcode="partselect(1002) " fcode="partselect"/>
<opset="ifRequest_remote_udp_port_V/1 "/>
</bind>
</comp>

<comp id="188" class="1004" name="ifRequest_remote_qpn_V_fu_188">
<pin_list>
<pin id="189" dir="0" index="0" bw="24" slack="0"/>
<pin id="190" dir="0" index="1" bw="184" slack="0"/>
<pin id="191" dir="0" index="2" bw="6" slack="0"/>
<pin id="192" dir="0" index="3" bw="7" slack="0"/>
<pin id="193" dir="1" index="4" bw="24" slack="0"/>
</pin_list>
<bind>
<opcode="partselect(1002) " fcode="partselect"/>
<opset="ifRequest_remote_qpn_V/1 "/>
</bind>
</comp>

<comp id="199" class="1004" name="zext_ln541_7_fu_199">
<pin_list>
<pin id="200" dir="0" index="0" bw="16" slack="0"/>
<pin id="201" dir="1" index="1" bw="64" slack="0"/>
</pin_list>
<bind>
<opcode="zext(34) " fcode="zext"/>
<opset="zext_ln541_7/1 "/>
</bind>
</comp>

<comp id="206" class="1004" name="zext_ln541_fu_206">
<pin_list>
<pin id="207" dir="0" index="0" bw="16" slack="0"/>
<pin id="208" dir="1" index="1" bw="64" slack="0"/>
</pin_list>
<bind>
<opcode="zext(34) " fcode="zext"/>
<opset="zext_ln541/1 "/>
</bind>
</comp>

<comp id="213" class="1004" name="tmp_268_i_fu_213">
<pin_list>
<pin id="214" dir="0" index="0" bw="272" slack="0"/>
<pin id="215" dir="0" index="1" bw="16" slack="0"/>
<pin id="216" dir="0" index="2" bw="128" slack="0"/>
<pin id="217" dir="0" index="3" bw="1" slack="0"/>
<pin id="218" dir="0" index="4" bw="24" slack="0"/>
<pin id="219" dir="1" index="5" bw="272" slack="0"/>
</pin_list>
<bind>
<opcode="bitconcatenate(1004) " fcode="bitconcatenate"/>
<opset="tmp_268_i/2 "/>
</bind>
</comp>

<comp id="225" class="1004" name="zext_ln49_fu_225">
<pin_list>
<pin id="226" dir="0" index="0" bw="272" slack="0"/>
<pin id="227" dir="1" index="1" bw="384" slack="0"/>
</pin_list>
<bind>
<opcode="zext(34) " fcode="zext"/>
<opset="zext_ln49/2 "/>
</bind>
</comp>

<comp id="230" class="1005" name="tmp_i_reg_230">
<pin_list>
<pin id="231" dir="0" index="0" bw="1" slack="1"/>
<pin id="232" dir="1" index="1" bw="1" slack="2147483647"/>
</pin_list>
<bind>
<opset="tmp_i "/>
</bind>
</comp>

<comp id="237" class="1005" name="conn_table_remote_qpn_V_addr_reg_237">
<pin_list>
<pin id="238" dir="0" index="0" bw="9" slack="1"/>
<pin id="239" dir="1" index="1" bw="9" slack="1"/>
</pin_list>
<bind>
<opset="conn_table_remote_qpn_V_addr "/>
</bind>
</comp>

<comp id="242" class="1005" name="conn_table_remote_ip_address_V_addr_reg_242">
<pin_list>
<pin id="243" dir="0" index="0" bw="9" slack="1"/>
<pin id="244" dir="1" index="1" bw="9" slack="1"/>
</pin_list>
<bind>
<opset="conn_table_remote_ip_address_V_addr "/>
</bind>
</comp>

<comp id="247" class="1005" name="conn_table_remote_udp_port_V_addr_reg_247">
<pin_list>
<pin id="248" dir="0" index="0" bw="9" slack="1"/>
<pin id="249" dir="1" index="1" bw="9" slack="1"/>
</pin_list>
<bind>
<opset="conn_table_remote_udp_port_V_addr "/>
</bind>
</comp>

</comp_list>

<net_list>
<net id="69"><net_src comp="30" pin="0"/><net_sink comp="64" pin=0"/></net>

<net id="70"><net_src comp="2" pin="0"/><net_sink comp="64" pin=1"/></net>

<net id="71"><net_src comp="24" pin="0"/><net_sink comp="64" pin=2"/></net>

<net id="77"><net_src comp="32" pin="0"/><net_sink comp="72" pin=0"/></net>

<net id="78"><net_src comp="0" pin="0"/><net_sink comp="72" pin=1"/></net>

<net id="79"><net_src comp="24" pin="0"/><net_sink comp="72" pin=2"/></net>

<net id="84"><net_src comp="34" pin="0"/><net_sink comp="80" pin=0"/></net>

<net id="85"><net_src comp="0" pin="0"/><net_sink comp="80" pin=1"/></net>

<net id="90"><net_src comp="56" pin="0"/><net_sink comp="86" pin=0"/></net>

<net id="91"><net_src comp="2" pin="0"/><net_sink comp="86" pin=1"/></net>

<net id="97"><net_src comp="62" pin="0"/><net_sink comp="92" pin=0"/></net>

<net id="98"><net_src comp="10" pin="0"/><net_sink comp="92" pin=1"/></net>

<net id="104"><net_src comp="4" pin="0"/><net_sink comp="99" pin=0"/></net>

<net id="105"><net_src comp="54" pin="0"/><net_sink comp="99" pin=1"/></net>

<net id="111"><net_src comp="99" pin="3"/><net_sink comp="106" pin=0"/></net>

<net id="117"><net_src comp="6" pin="0"/><net_sink comp="112" pin=0"/></net>

<net id="118"><net_src comp="54" pin="0"/><net_sink comp="112" pin=1"/></net>

<net id="124"><net_src comp="112" pin="3"/><net_sink comp="119" pin=0"/></net>

<net id="130"><net_src comp="8" pin="0"/><net_sink comp="125" pin=0"/></net>

<net id="131"><net_src comp="54" pin="0"/><net_sink comp="125" pin=1"/></net>

<net id="137"><net_src comp="125" pin="3"/><net_sink comp="132" pin=0"/></net>

<net id="143"><net_src comp="4" pin="0"/><net_sink comp="138" pin=0"/></net>

<net id="144"><net_src comp="54" pin="0"/><net_sink comp="138" pin=1"/></net>

<net id="150"><net_src comp="6" pin="0"/><net_sink comp="145" pin=0"/></net>

<net id="151"><net_src comp="54" pin="0"/><net_sink comp="145" pin=1"/></net>

<net id="157"><net_src comp="8" pin="0"/><net_sink comp="152" pin=0"/></net>

<net id="158"><net_src comp="54" pin="0"/><net_sink comp="152" pin=1"/></net>

<net id="159"><net_src comp="138" pin="3"/><net_sink comp="106" pin=0"/></net>

<net id="160"><net_src comp="145" pin="3"/><net_sink comp="119" pin=0"/></net>

<net id="161"><net_src comp="152" pin="3"/><net_sink comp="132" pin=0"/></net>

<net id="165"><net_src comp="80" pin="2"/><net_sink comp="162" pin=0"/></net>

<net id="172"><net_src comp="36" pin="0"/><net_sink comp="166" pin=0"/></net>

<net id="173"><net_src comp="80" pin="2"/><net_sink comp="166" pin=1"/></net>

<net id="174"><net_src comp="38" pin="0"/><net_sink comp="166" pin=2"/></net>

<net id="175"><net_src comp="40" pin="0"/><net_sink comp="166" pin=3"/></net>

<net id="176"><net_src comp="166" pin="4"/><net_sink comp="119" pin=1"/></net>

<net id="183"><net_src comp="42" pin="0"/><net_sink comp="177" pin=0"/></net>

<net id="184"><net_src comp="80" pin="2"/><net_sink comp="177" pin=1"/></net>

<net id="185"><net_src comp="44" pin="0"/><net_sink comp="177" pin=2"/></net>

<net id="186"><net_src comp="46" pin="0"/><net_sink comp="177" pin=3"/></net>

<net id="187"><net_src comp="177" pin="4"/><net_sink comp="132" pin=1"/></net>

<net id="194"><net_src comp="48" pin="0"/><net_sink comp="188" pin=0"/></net>

<net id="195"><net_src comp="80" pin="2"/><net_sink comp="188" pin=1"/></net>

<net id="196"><net_src comp="50" pin="0"/><net_sink comp="188" pin=2"/></net>

<net id="197"><net_src comp="52" pin="0"/><net_sink comp="188" pin=3"/></net>

<net id="198"><net_src comp="188" pin="4"/><net_sink comp="106" pin=1"/></net>

<net id="202"><net_src comp="162" pin="1"/><net_sink comp="199" pin=0"/></net>

<net id="203"><net_src comp="199" pin="1"/><net_sink comp="99" pin=2"/></net>

<net id="204"><net_src comp="199" pin="1"/><net_sink comp="112" pin=2"/></net>

<net id="205"><net_src comp="199" pin="1"/><net_sink comp="125" pin=2"/></net>

<net id="209"><net_src comp="86" pin="2"/><net_sink comp="206" pin=0"/></net>

<net id="210"><net_src comp="206" pin="1"/><net_sink comp="138" pin=2"/></net>

<net id="211"><net_src comp="206" pin="1"/><net_sink comp="145" pin=2"/></net>

<net id="212"><net_src comp="206" pin="1"/><net_sink comp="152" pin=2"/></net>

<net id="220"><net_src comp="58" pin="0"/><net_sink comp="213" pin=0"/></net>

<net id="221"><net_src comp="132" pin="3"/><net_sink comp="213" pin=1"/></net>

<net id="222"><net_src comp="119" pin="3"/><net_sink comp="213" pin=2"/></net>

<net id="223"><net_src comp="60" pin="0"/><net_sink comp="213" pin=3"/></net>

<net id="224"><net_src comp="106" pin="3"/><net_sink comp="213" pin=4"/></net>

<net id="228"><net_src comp="213" pin="5"/><net_sink comp="225" pin=0"/></net>

<net id="229"><net_src comp="225" pin="1"/><net_sink comp="92" pin=2"/></net>

<net id="233"><net_src comp="64" pin="3"/><net_sink comp="230" pin=0"/></net>

<net id="240"><net_src comp="138" pin="3"/><net_sink comp="237" pin=0"/></net>

<net id="241"><net_src comp="237" pin="1"/><net_sink comp="106" pin=0"/></net>

<net id="245"><net_src comp="145" pin="3"/><net_sink comp="242" pin=0"/></net>

<net id="246"><net_src comp="242" pin="1"/><net_sink comp="119" pin=0"/></net>

<net id="250"><net_src comp="152" pin="3"/><net_sink comp="247" pin=0"/></net>

<net id="251"><net_src comp="247" pin="1"/><net_sink comp="132" pin=0"/></net>

</net_list>

</model> 
---------------- Datapath Model END ------------------

* FSMD analyzer results:
  - Output states:
	Port: s_axis_qp_conn_interface | {}
	Port: tx_ibhconnTable_req | {}
	Port: conn_table_remote_qpn_V | {1 }
	Port: conn_table_remote_ip_address_V | {1 }
	Port: conn_table_remote_udp_port_V | {1 }
	Port: tx_connTable2ibh_rsp | {2 }
 - Input state : 
	Port: conn_table : s_axis_qp_conn_interface | {1 }
	Port: conn_table : tx_ibhconnTable_req | {1 }
	Port: conn_table : conn_table_remote_qpn_V | {1 2 }
	Port: conn_table : conn_table_remote_ip_address_V | {1 2 }
	Port: conn_table : conn_table_remote_udp_port_V | {1 2 }
	Port: conn_table : tx_connTable2ibh_rsp | {}
  - Chain level:
	State 1
		zext_ln541_7 : 1
		conn_table_remote_qpn_V_addr_1 : 2
		store_ln55 : 3
		conn_table_remote_ip_address_V_addr_1 : 2
		store_ln56 : 3
		conn_table_remote_udp_port_V_addr_1 : 2
		store_ln57 : 3
		conn_table_remote_qpn_V_addr : 1
		conn_table_remote_ip_address_V_addr : 1
		conn_table_remote_udp_port_V_addr : 1
		conn_table_remote_qpn_V_load : 2
		conn_table_remote_ip_address_V_load : 2
		conn_table_remote_udp_port_V_load : 2
	State 2
		tmp_268_i : 1
		zext_ln49 : 2
		write_ln49 : 3


============================================================
+ Verbose Summary: Datapath Resource usage 
============================================================

* Functional unit list:
|----------|------------------------------------------|
| Operation|              Functional Unit             |
|----------|------------------------------------------|
| nbreadreq|           tmp_i_nbreadreq_fu_64          |
|          |         tmp_i_267_nbreadreq_fu_72        |
|----------|------------------------------------------|
|   read   | s_axis_qp_conn_interface_read_read_fu_80 |
|          |          txRequest_V_read_fu_86          |
|----------|------------------------------------------|
|   write  |          write_ln49_write_fu_92          |
|----------|------------------------------------------|
|   trunc  |          ifRequest_qpn_V_fu_162          |
|----------|------------------------------------------|
|          |   ifRequest_remote_ip_address_V_fu_166   |
|partselect|    ifRequest_remote_udp_port_V_fu_177    |
|          |       ifRequest_remote_qpn_V_fu_188      |
|----------|------------------------------------------|
|          |            zext_ln541_7_fu_199           |
|   zext   |             zext_ln541_fu_206            |
|          |             zext_ln49_fu_225             |
|----------|------------------------------------------|
|bitconcatenate|             tmp_268_i_fu_213             |
|----------|------------------------------------------|
|   Total  |                                          |
|----------|------------------------------------------|

Memories:
N/A

* Register list:
+-------------------------------------------+--------+
|                                           |   FF   |
+-------------------------------------------+--------+
|conn_table_remote_ip_address_V_addr_reg_242|    9   |
|    conn_table_remote_qpn_V_addr_reg_237   |    9   |
| conn_table_remote_udp_port_V_addr_reg_247 |    9   |
|               tmp_i_reg_230               |    1   |
+-------------------------------------------+--------+
|                   Total                   |   28   |
+-------------------------------------------+--------+

* Multiplexer (MUX) list: 
|-------------------|------|------|------|--------||---------||---------|
|        Comp       |  Pin | Size |  BW  | S x BW ||  Delay  ||   LUT   |
|-------------------|------|------|------|--------||---------||---------|
| grp_access_fu_106 |  p0  |   3  |   9  |   27   ||    13   |
| grp_access_fu_119 |  p0  |   3  |   9  |   27   ||    13   |
| grp_access_fu_132 |  p0  |   3  |   9  |   27   ||    13   |
|-------------------|------|------|------|--------||---------||---------|
|       Total       |      |      |      |   81   || 2.57443 ||    39   |
|-------------------|------|------|------|--------||---------||---------|



* Summary:
+-----------+--------+--------+--------+
|           |  Delay |   FF   |   LUT  |
+-----------+--------+--------+--------+
|  Function |    -   |    -   |    -   |
|   Memory  |    -   |    -   |    -   |
|Multiplexer|    2   |    -   |   39   |
|  Register |    -   |   28   |    -   |
+-----------+--------+--------+--------+
|   Total   |    2   |   28   |   39   |
+-----------+--------+--------+--------+
