/home/weigao/Desktop/Vitis_with_100Gbps_TCP-IP/fpga-network-stack/hls/rocev2/build/rocev2_prj/solution1/.autopilot/db/ib_utils.pp.0.cpp:29625:7: warning: Added loop label VITIS_LOOP_1211_1:   [xilinx-label-all-loops]
      for (i = 0; i < __N - 1; ++i) {
      ^~~
      VITIS_LOOP_1211_1: 
/home/weigao/Desktop/Vitis_with_100Gbps_TCP-IP/fpga-network-stack/hls/rocev2/build/rocev2_prj/solution1/.autopilot/db/ib_utils.pp.0.cpp:29625:7: note: FIX-IT applied suggested code changes
/home/weigao/Desktop/Vitis_with_100Gbps_TCP-IP/fpga-network-stack/hls/rocev2/build/rocev2_prj/solution1/.autopilot/db/ib_utils.pp.0.cpp:30599:5: warning: Added loop label VITIS_LOOP_676_1:   [xilinx-label-all-loops]
    for (unsigned i = low; i != high; ++i) {
    ^~~
    VITIS_LOOP_676_1: 
/home/weigao/Desktop/Vitis_with_100Gbps_TCP-IP/fpga-network-stack/hls/rocev2/build/rocev2_prj/solution1/.autopilot/db/ib_utils.pp.0.cpp:30599:5: note: FIX-IT applied suggested code changes
/home/weigao/Desktop/Vitis_with_100Gbps_TCP-IP/fpga-network-stack/hls/rocev2/build/rocev2_prj/solution1/.autopilot/db/ib_utils.pp.0.cpp:30613:5: warning: Added loop label VITIS_LOOP_690_1:   [xilinx-label-all-loops]
    for (unsigned i = low; i != high; ++i) {
    ^~~
    VITIS_LOOP_690_1: 
/home/weigao/Desktop/Vitis_with_100Gbps_TCP-IP/fpga-network-stack/hls/rocev2/build/rocev2_prj/solution1/.autopilot/db/ib_utils.pp.0.cpp:30613:5: note: FIX-IT applied suggested code changes
/home/weigao/Desktop/Vitis_with_100Gbps_TCP-IP/fpga-network-stack/hls/rocev2/build/rocev2_prj/solution1/.autopilot/db/ib_utils.pp.0.cpp:30627:5: warning: Added loop label VITIS_LOOP_704_1:   [xilinx-label-all-loops]
    for (unsigned i = low; i != high; ++i) {
    ^~~
    VITIS_LOOP_704_1: 
/home/weigao/Desktop/Vitis_with_100Gbps_TCP-IP/fpga-network-stack/hls/rocev2/build/rocev2_prj/solution1/.autopilot/db/ib_utils.pp.0.cpp:30627:5: note: FIX-IT applied suggested code changes
/home/weigao/Desktop/Vitis_with_100Gbps_TCP-IP/fpga-network-stack/hls/rocev2/build/rocev2_prj/solution1/.autopilot/db/ib_utils.pp.0.cpp:32238:7: warning: Added loop label VITIS_LOOP_1245_1:   [xilinx-label-all-loops]
      for (i = 0; i < __N - 1; ++i) {
      ^~~
      VITIS_LOOP_1245_1: 
/home/weigao/Desktop/Vitis_with_100Gbps_TCP-IP/fpga-network-stack/hls/rocev2/build/rocev2_prj/solution1/.autopilot/db/ib_utils.pp.0.cpp:32238:7: note: FIX-IT applied suggested code changes
/home/weigao/Desktop/Vitis_with_100Gbps_TCP-IP/fpga-network-stack/hls/rocev2/build/rocev2_prj/solution1/.autopilot/db/ib_utils.pp.0.cpp:44620:2: warning: Added loop label VITIS_LOOP_135_1:   [xilinx-label-all-loops]
 for (int i = 0; i < D/8; i++)
 ^~~
 VITIS_LOOP_135_1: 
/home/weigao/Desktop/Vitis_with_100Gbps_TCP-IP/fpga-network-stack/hls/rocev2/build/rocev2_prj/solution1/.autopilot/db/ib_utils.pp.0.cpp:44620:2: note: FIX-IT applied suggested code changes
/home/weigao/Desktop/Vitis_with_100Gbps_TCP-IP/fpga-network-stack/hls/rocev2/build/rocev2_prj/solution1/.autopilot/db/ib_utils.pp.0.cpp:44632:2: warning: Added loop label VITIS_LOOP_147_1:   [xilinx-label-all-loops]
 for (int i = 0; i < D; i++)
 ^~~
 VITIS_LOOP_147_1: 
/home/weigao/Desktop/Vitis_with_100Gbps_TCP-IP/fpga-network-stack/hls/rocev2/build/rocev2_prj/solution1/.autopilot/db/ib_utils.pp.0.cpp:44632:2: note: FIX-IT applied suggested code changes
/home/weigao/Desktop/Vitis_with_100Gbps_TCP-IP/fpga-network-stack/hls/rocev2/build/rocev2_prj/solution1/.autopilot/db/ib_utils.pp.0.cpp:44644:2: warning: Added loop label VITIS_LOOP_159_1:   [xilinx-label-all-loops]
 for (int i = 0; i < D/8; i++)
 ^~~
 VITIS_LOOP_159_1: 
/home/weigao/Desktop/Vitis_with_100Gbps_TCP-IP/fpga-network-stack/hls/rocev2/build/rocev2_prj/solution1/.autopilot/db/ib_utils.pp.0.cpp:44644:2: note: FIX-IT applied suggested code changes
/home/weigao/Desktop/Vitis_with_100Gbps_TCP-IP/fpga-network-stack/hls/rocev2/build/rocev2_prj/solution1/.autopilot/db/ib_utils.pp.0.cpp:44665:2: warning: Added loop label VITIS_LOOP_180_1:   [xilinx-label-all-loops]
 for (int i = 0; i < D/8; i++)
 ^~~
 VITIS_LOOP_180_1: 
/home/weigao/Desktop/Vitis_with_100Gbps_TCP-IP/fpga-network-stack/hls/rocev2/build/rocev2_prj/solution1/.autopilot/db/ib_utils.pp.0.cpp:44665:2: note: FIX-IT applied suggested code changes
/home/weigao/Desktop/Vitis_with_100Gbps_TCP-IP/fpga-network-stack/hls/rocev2/build/rocev2_prj/solution1/.autopilot/db/ib_utils.pp.0.cpp:44690:2: warning: Added loop label VITIS_LOOP_205_1:   [xilinx-label-all-loops]
 for (int i = (D/8)-1; i >= 0; i--)
 ^~~
 VITIS_LOOP_205_1: 
/home/weigao/Desktop/Vitis_with_100Gbps_TCP-IP/fpga-network-stack/hls/rocev2/build/rocev2_prj/solution1/.autopilot/db/ib_utils.pp.0.cpp:44690:2: note: FIX-IT applied suggested code changes
/home/weigao/Desktop/Vitis_with_100Gbps_TCP-IP/fpga-network-stack/hls/rocev2/build/rocev2_prj/solution1/.autopilot/db/ib_utils.pp.0.cpp:44711:2: warning: Added loop label VITIS_LOOP_226_1:   [xilinx-label-all-loops]
 for (int i = (D/8)-1; i >= 0; i--)
 ^~~
 VITIS_LOOP_226_1: 
/home/weigao/Desktop/Vitis_with_100Gbps_TCP-IP/fpga-network-stack/hls/rocev2/build/rocev2_prj/solution1/.autopilot/db/ib_utils.pp.0.cpp:44711:2: note: FIX-IT applied suggested code changes
/home/weigao/Desktop/Vitis_with_100Gbps_TCP-IP/fpga-network-stack/hls/rocev2/build/rocev2_prj/solution1/.autopilot/db/ib_utils.pp.0.cpp:44735:2: warning: Added loop label VITIS_LOOP_250_1:   [xilinx-label-all-loops]
 for (int i = 0; i < D/8; i++)
 ^~~
 VITIS_LOOP_250_1: 
/home/weigao/Desktop/Vitis_with_100Gbps_TCP-IP/fpga-network-stack/hls/rocev2/build/rocev2_prj/solution1/.autopilot/db/ib_utils.pp.0.cpp:44735:2: note: FIX-IT applied suggested code changes
/home/weigao/Desktop/Vitis_with_100Gbps_TCP-IP/fpga-network-stack/hls/rocev2/build/rocev2_prj/solution1/.autopilot/db/ib_utils.pp.0.cpp:46481:4: warning: Added loop label VITIS_LOOP_381_1:   [xilinx-label-all-loops]
   for (int i = 0; i < 16; i++)
   ^~~
   VITIS_LOOP_381_1: 
/home/weigao/Desktop/Vitis_with_100Gbps_TCP-IP/fpga-network-stack/hls/rocev2/build/rocev2_prj/solution1/.autopilot/db/ib_utils.pp.0.cpp:46481:4: note: FIX-IT applied suggested code changes
/home/weigao/Desktop/Vitis_with_100Gbps_TCP-IP/fpga-network-stack/hls/rocev2/build/rocev2_prj/solution1/.autopilot/db/ib_utils.pp.0.cpp:46491:4: warning: Added loop label VITIS_LOOP_391_2:   [xilinx-label-all-loops]
   for (int i = 0; i < 8; i++)
   ^~~
   VITIS_LOOP_391_2: 
/home/weigao/Desktop/Vitis_with_100Gbps_TCP-IP/fpga-network-stack/hls/rocev2/build/rocev2_prj/solution1/.autopilot/db/ib_utils.pp.0.cpp:46491:4: note: FIX-IT applied suggested code changes
/home/weigao/Desktop/Vitis_with_100Gbps_TCP-IP/fpga-network-stack/hls/rocev2/build/rocev2_prj/solution1/.autopilot/db/ib_utils.pp.0.cpp:46501:4: warning: Added loop label VITIS_LOOP_401_3:   [xilinx-label-all-loops]
   for (int i = 0; i < 4; i++)
   ^~~
   VITIS_LOOP_401_3: 
/home/weigao/Desktop/Vitis_with_100Gbps_TCP-IP/fpga-network-stack/hls/rocev2/build/rocev2_prj/solution1/.autopilot/db/ib_utils.pp.0.cpp:46501:4: note: FIX-IT applied suggested code changes
/home/weigao/Desktop/Vitis_with_100Gbps_TCP-IP/fpga-network-stack/hls/rocev2/build/rocev2_prj/solution1/.autopilot/db/ib_utils.pp.0.cpp:46538:4: warning: Added loop label VITIS_LOOP_438_1:   [xilinx-label-all-loops]
   for (int i = 0; i < 16; i++)
   ^~~
   VITIS_LOOP_438_1: 
/home/weigao/Desktop/Vitis_with_100Gbps_TCP-IP/fpga-network-stack/hls/rocev2/build/rocev2_prj/solution1/.autopilot/db/ib_utils.pp.0.cpp:46538:4: note: FIX-IT applied suggested code changes
/home/weigao/Desktop/Vitis_with_100Gbps_TCP-IP/fpga-network-stack/hls/rocev2/build/rocev2_prj/solution1/.autopilot/db/ib_utils.pp.0.cpp:46548:4: warning: Added loop label VITIS_LOOP_448_2:   [xilinx-label-all-loops]
   for (int i = 0; i < 8; i++)
   ^~~
   VITIS_LOOP_448_2: 
/home/weigao/Desktop/Vitis_with_100Gbps_TCP-IP/fpga-network-stack/hls/rocev2/build/rocev2_prj/solution1/.autopilot/db/ib_utils.pp.0.cpp:46548:4: note: FIX-IT applied suggested code changes
/home/weigao/Desktop/Vitis_with_100Gbps_TCP-IP/fpga-network-stack/hls/rocev2/build/rocev2_prj/solution1/.autopilot/db/ib_utils.pp.0.cpp:46558:4: warning: Added loop label VITIS_LOOP_458_3:   [xilinx-label-all-loops]
   for (int i = 0; i < 4; i++)
   ^~~
   VITIS_LOOP_458_3: 
/home/weigao/Desktop/Vitis_with_100Gbps_TCP-IP/fpga-network-stack/hls/rocev2/build/rocev2_prj/solution1/.autopilot/db/ib_utils.pp.0.cpp:46558:4: note: FIX-IT applied suggested code changes
/home/weigao/Desktop/Vitis_with_100Gbps_TCP-IP/fpga-network-stack/hls/rocev2/build/rocev2_prj/solution1/.autopilot/db/ib_utils.pp.0.cpp:46593:4: warning: Added loop label VITIS_LOOP_493_1:   [xilinx-label-all-loops]
   for (int i = 0; i < 16; i++)
   ^~~
   VITIS_LOOP_493_1: 
/home/weigao/Desktop/Vitis_with_100Gbps_TCP-IP/fpga-network-stack/hls/rocev2/build/rocev2_prj/solution1/.autopilot/db/ib_utils.pp.0.cpp:46593:4: note: FIX-IT applied suggested code changes
/home/weigao/Desktop/Vitis_with_100Gbps_TCP-IP/fpga-network-stack/hls/rocev2/build/rocev2_prj/solution1/.autopilot/db/ib_utils.pp.0.cpp:46603:4: warning: Added loop label VITIS_LOOP_503_2:   [xilinx-label-all-loops]
   for (int i = 0; i < 8; i++)
   ^~~
   VITIS_LOOP_503_2: 
/home/weigao/Desktop/Vitis_with_100Gbps_TCP-IP/fpga-network-stack/hls/rocev2/build/rocev2_prj/solution1/.autopilot/db/ib_utils.pp.0.cpp:46603:4: note: FIX-IT applied suggested code changes
/home/weigao/Desktop/Vitis_with_100Gbps_TCP-IP/fpga-network-stack/hls/rocev2/build/rocev2_prj/solution1/.autopilot/db/ib_utils.pp.0.cpp:46613:4: warning: Added loop label VITIS_LOOP_513_3:   [xilinx-label-all-loops]
   for (int i = 0; i < 4; i++)
   ^~~
   VITIS_LOOP_513_3: 
/home/weigao/Desktop/Vitis_with_100Gbps_TCP-IP/fpga-network-stack/hls/rocev2/build/rocev2_prj/solution1/.autopilot/db/ib_utils.pp.0.cpp:46613:4: note: FIX-IT applied suggested code changes
/home/weigao/Desktop/Vitis_with_100Gbps_TCP-IP/fpga-network-stack/hls/rocev2/build/rocev2_prj/solution1/.autopilot/db/ib_utils.pp.0.cpp:46649:4: warning: Added loop label VITIS_LOOP_549_1:   [xilinx-label-all-loops]
   for (int i = 0; i < 16; i++)
   ^~~
   VITIS_LOOP_549_1: 
/home/weigao/Desktop/Vitis_with_100Gbps_TCP-IP/fpga-network-stack/hls/rocev2/build/rocev2_prj/solution1/.autopilot/db/ib_utils.pp.0.cpp:46649:4: note: FIX-IT applied suggested code changes
/home/weigao/Desktop/Vitis_with_100Gbps_TCP-IP/fpga-network-stack/hls/rocev2/build/rocev2_prj/solution1/.autopilot/db/ib_utils.pp.0.cpp:46659:4: warning: Added loop label VITIS_LOOP_559_2:   [xilinx-label-all-loops]
   for (int i = 0; i < 8; i++)
   ^~~
   VITIS_LOOP_559_2: 
/home/weigao/Desktop/Vitis_with_100Gbps_TCP-IP/fpga-network-stack/hls/rocev2/build/rocev2_prj/solution1/.autopilot/db/ib_utils.pp.0.cpp:46659:4: note: FIX-IT applied suggested code changes
/home/weigao/Desktop/Vitis_with_100Gbps_TCP-IP/fpga-network-stack/hls/rocev2/build/rocev2_prj/solution1/.autopilot/db/ib_utils.pp.0.cpp:46669:4: warning: Added loop label VITIS_LOOP_569_3:   [xilinx-label-all-loops]
   for (int i = 0; i < 4; i++)
   ^~~
   VITIS_LOOP_569_3: 
/home/weigao/Desktop/Vitis_with_100Gbps_TCP-IP/fpga-network-stack/hls/rocev2/build/rocev2_prj/solution1/.autopilot/db/ib_utils.pp.0.cpp:46669:4: note: FIX-IT applied suggested code changes
