/home/weigao/Desktop/Vitis_with_100Gbps_TCP-IP/fpga-network-stack/hls/rocev2/build/rocev2_prj/solution1/.autopilot/db/ipv4_utils.pp.0.cpp:1457:7: warning: Added loop label VITIS_LOOP_1211_1:   [xilinx-label-all-loops]
      for (i = 0; i < __N - 1; ++i) {
      ^~~
      VITIS_LOOP_1211_1: 
/home/weigao/Desktop/Vitis_with_100Gbps_TCP-IP/fpga-network-stack/hls/rocev2/build/rocev2_prj/solution1/.autopilot/db/ipv4_utils.pp.0.cpp:1457:7: note: FIX-IT applied suggested code changes
/home/weigao/Desktop/Vitis_with_100Gbps_TCP-IP/fpga-network-stack/hls/rocev2/build/rocev2_prj/solution1/.autopilot/db/ipv4_utils.pp.0.cpp:2431:5: warning: Added loop label VITIS_LOOP_676_1:   [xilinx-label-all-loops]
    for (unsigned i = low; i != high; ++i) {
    ^~~
    VITIS_LOOP_676_1: 
/home/weigao/Desktop/Vitis_with_100Gbps_TCP-IP/fpga-network-stack/hls/rocev2/build/rocev2_prj/solution1/.autopilot/db/ipv4_utils.pp.0.cpp:2431:5: note: FIX-IT applied suggested code changes
/home/weigao/Desktop/Vitis_with_100Gbps_TCP-IP/fpga-network-stack/hls/rocev2/build/rocev2_prj/solution1/.autopilot/db/ipv4_utils.pp.0.cpp:2445:5: warning: Added loop label VITIS_LOOP_690_1:   [xilinx-label-all-loops]
    for (unsigned i = low; i != high; ++i) {
    ^~~
    VITIS_LOOP_690_1: 
/home/weigao/Desktop/Vitis_with_100Gbps_TCP-IP/fpga-network-stack/hls/rocev2/build/rocev2_prj/solution1/.autopilot/db/ipv4_utils.pp.0.cpp:2445:5: note: FIX-IT applied suggested code changes
/home/weigao/Desktop/Vitis_with_100Gbps_TCP-IP/fpga-network-stack/hls/rocev2/build/rocev2_prj/solution1/.autopilot/db/ipv4_utils.pp.0.cpp:2459:5: warning: Added loop label VITIS_LOOP_704_1:   [xilinx-label-all-loops]
    for (unsigned i = low; i != high; ++i) {
    ^~~
    VITIS_LOOP_704_1: 
/home/weigao/Desktop/Vitis_with_100Gbps_TCP-IP/fpga-network-stack/hls/rocev2/build/rocev2_prj/solution1/.autopilot/db/ipv4_utils.pp.0.cpp:2459:5: note: FIX-IT applied suggested code changes
/home/weigao/Desktop/Vitis_with_100Gbps_TCP-IP/fpga-network-stack/hls/rocev2/build/rocev2_prj/solution1/.autopilot/db/ipv4_utils.pp.0.cpp:4070:7: warning: Added loop label VITIS_LOOP_1245_1:   [xilinx-label-all-loops]
      for (i = 0; i < __N - 1; ++i) {
      ^~~
      VITIS_LOOP_1245_1: 
/home/weigao/Desktop/Vitis_with_100Gbps_TCP-IP/fpga-network-stack/hls/rocev2/build/rocev2_prj/solution1/.autopilot/db/ipv4_utils.pp.0.cpp:4070:7: note: FIX-IT applied suggested code changes
/home/weigao/Desktop/Vitis_with_100Gbps_TCP-IP/fpga-network-stack/hls/rocev2/build/rocev2_prj/solution1/.autopilot/db/ipv4_utils.pp.0.cpp:44607:2: warning: Added loop label VITIS_LOOP_135_1:   [xilinx-label-all-loops]
 for (int i = 0; i < D/8; i++)
 ^~~
 VITIS_LOOP_135_1: 
/home/weigao/Desktop/Vitis_with_100Gbps_TCP-IP/fpga-network-stack/hls/rocev2/build/rocev2_prj/solution1/.autopilot/db/ipv4_utils.pp.0.cpp:44607:2: note: FIX-IT applied suggested code changes
/home/weigao/Desktop/Vitis_with_100Gbps_TCP-IP/fpga-network-stack/hls/rocev2/build/rocev2_prj/solution1/.autopilot/db/ipv4_utils.pp.0.cpp:44619:2: warning: Added loop label VITIS_LOOP_147_1:   [xilinx-label-all-loops]
 for (int i = 0; i < D; i++)
 ^~~
 VITIS_LOOP_147_1: 
/home/weigao/Desktop/Vitis_with_100Gbps_TCP-IP/fpga-network-stack/hls/rocev2/build/rocev2_prj/solution1/.autopilot/db/ipv4_utils.pp.0.cpp:44619:2: note: FIX-IT applied suggested code changes
/home/weigao/Desktop/Vitis_with_100Gbps_TCP-IP/fpga-network-stack/hls/rocev2/build/rocev2_prj/solution1/.autopilot/db/ipv4_utils.pp.0.cpp:44631:2: warning: Added loop label VITIS_LOOP_159_1:   [xilinx-label-all-loops]
 for (int i = 0; i < D/8; i++)
 ^~~
 VITIS_LOOP_159_1: 
/home/weigao/Desktop/Vitis_with_100Gbps_TCP-IP/fpga-network-stack/hls/rocev2/build/rocev2_prj/solution1/.autopilot/db/ipv4_utils.pp.0.cpp:44631:2: note: FIX-IT applied suggested code changes
/home/weigao/Desktop/Vitis_with_100Gbps_TCP-IP/fpga-network-stack/hls/rocev2/build/rocev2_prj/solution1/.autopilot/db/ipv4_utils.pp.0.cpp:44652:2: warning: Added loop label VITIS_LOOP_180_1:   [xilinx-label-all-loops]
 for (int i = 0; i < D/8; i++)
 ^~~
 VITIS_LOOP_180_1: 
/home/weigao/Desktop/Vitis_with_100Gbps_TCP-IP/fpga-network-stack/hls/rocev2/build/rocev2_prj/solution1/.autopilot/db/ipv4_utils.pp.0.cpp:44652:2: note: FIX-IT applied suggested code changes
/home/weigao/Desktop/Vitis_with_100Gbps_TCP-IP/fpga-network-stack/hls/rocev2/build/rocev2_prj/solution1/.autopilot/db/ipv4_utils.pp.0.cpp:44677:2: warning: Added loop label VITIS_LOOP_205_1:   [xilinx-label-all-loops]
 for (int i = (D/8)-1; i >= 0; i--)
 ^~~
 VITIS_LOOP_205_1: 
/home/weigao/Desktop/Vitis_with_100Gbps_TCP-IP/fpga-network-stack/hls/rocev2/build/rocev2_prj/solution1/.autopilot/db/ipv4_utils.pp.0.cpp:44677:2: note: FIX-IT applied suggested code changes
/home/weigao/Desktop/Vitis_with_100Gbps_TCP-IP/fpga-network-stack/hls/rocev2/build/rocev2_prj/solution1/.autopilot/db/ipv4_utils.pp.0.cpp:44698:2: warning: Added loop label VITIS_LOOP_226_1:   [xilinx-label-all-loops]
 for (int i = (D/8)-1; i >= 0; i--)
 ^~~
 VITIS_LOOP_226_1: 
/home/weigao/Desktop/Vitis_with_100Gbps_TCP-IP/fpga-network-stack/hls/rocev2/build/rocev2_prj/solution1/.autopilot/db/ipv4_utils.pp.0.cpp:44698:2: note: FIX-IT applied suggested code changes
/home/weigao/Desktop/Vitis_with_100Gbps_TCP-IP/fpga-network-stack/hls/rocev2/build/rocev2_prj/solution1/.autopilot/db/ipv4_utils.pp.0.cpp:44722:2: warning: Added loop label VITIS_LOOP_250_1:   [xilinx-label-all-loops]
 for (int i = 0; i < D/8; i++)
 ^~~
 VITIS_LOOP_250_1: 
/home/weigao/Desktop/Vitis_with_100Gbps_TCP-IP/fpga-network-stack/hls/rocev2/build/rocev2_prj/solution1/.autopilot/db/ipv4_utils.pp.0.cpp:44722:2: note: FIX-IT applied suggested code changes
/home/weigao/Desktop/Vitis_with_100Gbps_TCP-IP/fpga-network-stack/hls/rocev2/build/rocev2_prj/solution1/.autopilot/db/ipv4_utils.pp.0.cpp:46322:4: warning: Added loop label VITIS_LOOP_381_1:   [xilinx-label-all-loops]
   for (int i = 0; i < 16; i++)
   ^~~
   VITIS_LOOP_381_1: 
/home/weigao/Desktop/Vitis_with_100Gbps_TCP-IP/fpga-network-stack/hls/rocev2/build/rocev2_prj/solution1/.autopilot/db/ipv4_utils.pp.0.cpp:46322:4: note: FIX-IT applied suggested code changes
/home/weigao/Desktop/Vitis_with_100Gbps_TCP-IP/fpga-network-stack/hls/rocev2/build/rocev2_prj/solution1/.autopilot/db/ipv4_utils.pp.0.cpp:46332:4: warning: Added loop label VITIS_LOOP_391_2:   [xilinx-label-all-loops]
   for (int i = 0; i < 8; i++)
   ^~~
   VITIS_LOOP_391_2: 
/home/weigao/Desktop/Vitis_with_100Gbps_TCP-IP/fpga-network-stack/hls/rocev2/build/rocev2_prj/solution1/.autopilot/db/ipv4_utils.pp.0.cpp:46332:4: note: FIX-IT applied suggested code changes
/home/weigao/Desktop/Vitis_with_100Gbps_TCP-IP/fpga-network-stack/hls/rocev2/build/rocev2_prj/solution1/.autopilot/db/ipv4_utils.pp.0.cpp:46342:4: warning: Added loop label VITIS_LOOP_401_3:   [xilinx-label-all-loops]
   for (int i = 0; i < 4; i++)
   ^~~
   VITIS_LOOP_401_3: 
/home/weigao/Desktop/Vitis_with_100Gbps_TCP-IP/fpga-network-stack/hls/rocev2/build/rocev2_prj/solution1/.autopilot/db/ipv4_utils.pp.0.cpp:46342:4: note: FIX-IT applied suggested code changes
/home/weigao/Desktop/Vitis_with_100Gbps_TCP-IP/fpga-network-stack/hls/rocev2/build/rocev2_prj/solution1/.autopilot/db/ipv4_utils.pp.0.cpp:46379:4: warning: Added loop label VITIS_LOOP_438_1:   [xilinx-label-all-loops]
   for (int i = 0; i < 16; i++)
   ^~~
   VITIS_LOOP_438_1: 
/home/weigao/Desktop/Vitis_with_100Gbps_TCP-IP/fpga-network-stack/hls/rocev2/build/rocev2_prj/solution1/.autopilot/db/ipv4_utils.pp.0.cpp:46379:4: note: FIX-IT applied suggested code changes
/home/weigao/Desktop/Vitis_with_100Gbps_TCP-IP/fpga-network-stack/hls/rocev2/build/rocev2_prj/solution1/.autopilot/db/ipv4_utils.pp.0.cpp:46389:4: warning: Added loop label VITIS_LOOP_448_2:   [xilinx-label-all-loops]
   for (int i = 0; i < 8; i++)
   ^~~
   VITIS_LOOP_448_2: 
/home/weigao/Desktop/Vitis_with_100Gbps_TCP-IP/fpga-network-stack/hls/rocev2/build/rocev2_prj/solution1/.autopilot/db/ipv4_utils.pp.0.cpp:46389:4: note: FIX-IT applied suggested code changes
/home/weigao/Desktop/Vitis_with_100Gbps_TCP-IP/fpga-network-stack/hls/rocev2/build/rocev2_prj/solution1/.autopilot/db/ipv4_utils.pp.0.cpp:46399:4: warning: Added loop label VITIS_LOOP_458_3:   [xilinx-label-all-loops]
   for (int i = 0; i < 4; i++)
   ^~~
   VITIS_LOOP_458_3: 
/home/weigao/Desktop/Vitis_with_100Gbps_TCP-IP/fpga-network-stack/hls/rocev2/build/rocev2_prj/solution1/.autopilot/db/ipv4_utils.pp.0.cpp:46399:4: note: FIX-IT applied suggested code changes
/home/weigao/Desktop/Vitis_with_100Gbps_TCP-IP/fpga-network-stack/hls/rocev2/build/rocev2_prj/solution1/.autopilot/db/ipv4_utils.pp.0.cpp:46434:4: warning: Added loop label VITIS_LOOP_493_1:   [xilinx-label-all-loops]
   for (int i = 0; i < 16; i++)
   ^~~
   VITIS_LOOP_493_1: 
/home/weigao/Desktop/Vitis_with_100Gbps_TCP-IP/fpga-network-stack/hls/rocev2/build/rocev2_prj/solution1/.autopilot/db/ipv4_utils.pp.0.cpp:46434:4: note: FIX-IT applied suggested code changes
/home/weigao/Desktop/Vitis_with_100Gbps_TCP-IP/fpga-network-stack/hls/rocev2/build/rocev2_prj/solution1/.autopilot/db/ipv4_utils.pp.0.cpp:46444:4: warning: Added loop label VITIS_LOOP_503_2:   [xilinx-label-all-loops]
   for (int i = 0; i < 8; i++)
   ^~~
   VITIS_LOOP_503_2: 
/home/weigao/Desktop/Vitis_with_100Gbps_TCP-IP/fpga-network-stack/hls/rocev2/build/rocev2_prj/solution1/.autopilot/db/ipv4_utils.pp.0.cpp:46444:4: note: FIX-IT applied suggested code changes
/home/weigao/Desktop/Vitis_with_100Gbps_TCP-IP/fpga-network-stack/hls/rocev2/build/rocev2_prj/solution1/.autopilot/db/ipv4_utils.pp.0.cpp:46454:4: warning: Added loop label VITIS_LOOP_513_3:   [xilinx-label-all-loops]
   for (int i = 0; i < 4; i++)
   ^~~
   VITIS_LOOP_513_3: 
/home/weigao/Desktop/Vitis_with_100Gbps_TCP-IP/fpga-network-stack/hls/rocev2/build/rocev2_prj/solution1/.autopilot/db/ipv4_utils.pp.0.cpp:46454:4: note: FIX-IT applied suggested code changes
/home/weigao/Desktop/Vitis_with_100Gbps_TCP-IP/fpga-network-stack/hls/rocev2/build/rocev2_prj/solution1/.autopilot/db/ipv4_utils.pp.0.cpp:46490:4: warning: Added loop label VITIS_LOOP_549_1:   [xilinx-label-all-loops]
   for (int i = 0; i < 16; i++)
   ^~~
   VITIS_LOOP_549_1: 
/home/weigao/Desktop/Vitis_with_100Gbps_TCP-IP/fpga-network-stack/hls/rocev2/build/rocev2_prj/solution1/.autopilot/db/ipv4_utils.pp.0.cpp:46490:4: note: FIX-IT applied suggested code changes
/home/weigao/Desktop/Vitis_with_100Gbps_TCP-IP/fpga-network-stack/hls/rocev2/build/rocev2_prj/solution1/.autopilot/db/ipv4_utils.pp.0.cpp:46500:4: warning: Added loop label VITIS_LOOP_559_2:   [xilinx-label-all-loops]
   for (int i = 0; i < 8; i++)
   ^~~
   VITIS_LOOP_559_2: 
/home/weigao/Desktop/Vitis_with_100Gbps_TCP-IP/fpga-network-stack/hls/rocev2/build/rocev2_prj/solution1/.autopilot/db/ipv4_utils.pp.0.cpp:46500:4: note: FIX-IT applied suggested code changes
/home/weigao/Desktop/Vitis_with_100Gbps_TCP-IP/fpga-network-stack/hls/rocev2/build/rocev2_prj/solution1/.autopilot/db/ipv4_utils.pp.0.cpp:46510:4: warning: Added loop label VITIS_LOOP_569_3:   [xilinx-label-all-loops]
   for (int i = 0; i < 4; i++)
   ^~~
   VITIS_LOOP_569_3: 
/home/weigao/Desktop/Vitis_with_100Gbps_TCP-IP/fpga-network-stack/hls/rocev2/build/rocev2_prj/solution1/.autopilot/db/ipv4_utils.pp.0.cpp:46510:4: note: FIX-IT applied suggested code changes
/home/weigao/Desktop/Vitis_with_100Gbps_TCP-IP/fpga-network-stack/hls/rocev2/build/rocev2_prj/solution1/.autopilot/db/ipv4_utils.pp.0.cpp:46615:4: warning: Added loop label VITIS_LOOP_53_1:   [xilinx-label-all-loops]
   for (int i = 0; i < 4; i++)
   ^~~
   VITIS_LOOP_53_1: 
/home/weigao/Desktop/Vitis_with_100Gbps_TCP-IP/fpga-network-stack/hls/rocev2/build/rocev2_prj/solution1/.autopilot/db/ipv4_utils.pp.0.cpp:46615:4: note: FIX-IT applied suggested code changes
/home/weigao/Desktop/Vitis_with_100Gbps_TCP-IP/fpga-network-stack/hls/rocev2/build/rocev2_prj/solution1/.autopilot/db/ipv4_utils.pp.0.cpp:46627:4: warning: Added loop label VITIS_LOOP_65_2:   [xilinx-label-all-loops]
   for (int i = 0; i < 4; i++)
   ^~~
   VITIS_LOOP_65_2: 
/home/weigao/Desktop/Vitis_with_100Gbps_TCP-IP/fpga-network-stack/hls/rocev2/build/rocev2_prj/solution1/.autopilot/db/ipv4_utils.pp.0.cpp:46627:4: note: FIX-IT applied suggested code changes
/home/weigao/Desktop/Vitis_with_100Gbps_TCP-IP/fpga-network-stack/hls/rocev2/build/rocev2_prj/solution1/.autopilot/db/ipv4_utils.pp.0.cpp:46649:5: warning: Added loop label VITIS_LOOP_87_3:   [xilinx-label-all-loops]
    for (int i = 0; i < 2; i++)
    ^~~
    VITIS_LOOP_87_3: 
/home/weigao/Desktop/Vitis_with_100Gbps_TCP-IP/fpga-network-stack/hls/rocev2/build/rocev2_prj/solution1/.autopilot/db/ipv4_utils.pp.0.cpp:46649:5: note: FIX-IT applied suggested code changes
/home/weigao/Desktop/Vitis_with_100Gbps_TCP-IP/fpga-network-stack/hls/rocev2/build/rocev2_prj/solution1/.autopilot/db/ipv4_utils.pp.0.cpp:46662:5: warning: Added loop label VITIS_LOOP_100_4:   [xilinx-label-all-loops]
    for (int i = 0; i < 4; i++)
    ^~~
    VITIS_LOOP_100_4: 
/home/weigao/Desktop/Vitis_with_100Gbps_TCP-IP/fpga-network-stack/hls/rocev2/build/rocev2_prj/solution1/.autopilot/db/ipv4_utils.pp.0.cpp:46662:5: note: FIX-IT applied suggested code changes
/home/weigao/Desktop/Vitis_with_100Gbps_TCP-IP/fpga-network-stack/hls/rocev2/build/rocev2_prj/solution1/.autopilot/db/ipv4_utils.pp.0.cpp:46681:4: warning: Added loop label VITIS_LOOP_119_5:   [xilinx-label-all-loops]
   for (int i = 0; i < 4; i++)
   ^~~
   VITIS_LOOP_119_5: 
/home/weigao/Desktop/Vitis_with_100Gbps_TCP-IP/fpga-network-stack/hls/rocev2/build/rocev2_prj/solution1/.autopilot/db/ipv4_utils.pp.0.cpp:46681:4: note: FIX-IT applied suggested code changes
/home/weigao/Desktop/Vitis_with_100Gbps_TCP-IP/fpga-network-stack/hls/rocev2/build/rocev2_prj/solution1/.autopilot/db/ipv4_utils.pp.0.cpp:46715:4: warning: Added loop label VITIS_LOOP_153_1:   [xilinx-label-all-loops]
   for (int i = 0; i < 8; i++)
   ^~~
   VITIS_LOOP_153_1: 
/home/weigao/Desktop/Vitis_with_100Gbps_TCP-IP/fpga-network-stack/hls/rocev2/build/rocev2_prj/solution1/.autopilot/db/ipv4_utils.pp.0.cpp:46715:4: note: FIX-IT applied suggested code changes
/home/weigao/Desktop/Vitis_with_100Gbps_TCP-IP/fpga-network-stack/hls/rocev2/build/rocev2_prj/solution1/.autopilot/db/ipv4_utils.pp.0.cpp:46737:5: warning: Added loop label VITIS_LOOP_175_2:   [xilinx-label-all-loops]
    for (int i = 0; i < 2; i++)
    ^~~
    VITIS_LOOP_175_2: 
/home/weigao/Desktop/Vitis_with_100Gbps_TCP-IP/fpga-network-stack/hls/rocev2/build/rocev2_prj/solution1/.autopilot/db/ipv4_utils.pp.0.cpp:46737:5: note: FIX-IT applied suggested code changes
/home/weigao/Desktop/Vitis_with_100Gbps_TCP-IP/fpga-network-stack/hls/rocev2/build/rocev2_prj/solution1/.autopilot/db/ipv4_utils.pp.0.cpp:46750:5: warning: Added loop label VITIS_LOOP_188_3:   [xilinx-label-all-loops]
    for (int i = 0; i < 4; i++)
    ^~~
    VITIS_LOOP_188_3: 
/home/weigao/Desktop/Vitis_with_100Gbps_TCP-IP/fpga-network-stack/hls/rocev2/build/rocev2_prj/solution1/.autopilot/db/ipv4_utils.pp.0.cpp:46750:5: note: FIX-IT applied suggested code changes
/home/weigao/Desktop/Vitis_with_100Gbps_TCP-IP/fpga-network-stack/hls/rocev2/build/rocev2_prj/solution1/.autopilot/db/ipv4_utils.pp.0.cpp:46763:5: warning: Added loop label VITIS_LOOP_201_4:   [xilinx-label-all-loops]
    for (int i = 0; i < 6; i++)
    ^~~
    VITIS_LOOP_201_4: 
/home/weigao/Desktop/Vitis_with_100Gbps_TCP-IP/fpga-network-stack/hls/rocev2/build/rocev2_prj/solution1/.autopilot/db/ipv4_utils.pp.0.cpp:46763:5: note: FIX-IT applied suggested code changes
/home/weigao/Desktop/Vitis_with_100Gbps_TCP-IP/fpga-network-stack/hls/rocev2/build/rocev2_prj/solution1/.autopilot/db/ipv4_utils.pp.0.cpp:46776:5: warning: Added loop label VITIS_LOOP_214_5:   [xilinx-label-all-loops]
    for (int i = 0; i < 8; i++)
    ^~~
    VITIS_LOOP_214_5: 
/home/weigao/Desktop/Vitis_with_100Gbps_TCP-IP/fpga-network-stack/hls/rocev2/build/rocev2_prj/solution1/.autopilot/db/ipv4_utils.pp.0.cpp:46776:5: note: FIX-IT applied suggested code changes
/home/weigao/Desktop/Vitis_with_100Gbps_TCP-IP/fpga-network-stack/hls/rocev2/build/rocev2_prj/solution1/.autopilot/db/ipv4_utils.pp.0.cpp:46795:4: warning: Added loop label VITIS_LOOP_233_6:   [xilinx-label-all-loops]
   for (int i = 0; i < 8; i++)
   ^~~
   VITIS_LOOP_233_6: 
/home/weigao/Desktop/Vitis_with_100Gbps_TCP-IP/fpga-network-stack/hls/rocev2/build/rocev2_prj/solution1/.autopilot/db/ipv4_utils.pp.0.cpp:46795:4: note: FIX-IT applied suggested code changes
/home/weigao/Desktop/Vitis_with_100Gbps_TCP-IP/fpga-network-stack/hls/rocev2/build/rocev2_prj/solution1/.autopilot/db/ipv4_utils.pp.0.cpp:46829:4: warning: Added loop label VITIS_LOOP_267_1:   [xilinx-label-all-loops]
   for (int i = 0; i < 16; i++)
   ^~~
   VITIS_LOOP_267_1: 
/home/weigao/Desktop/Vitis_with_100Gbps_TCP-IP/fpga-network-stack/hls/rocev2/build/rocev2_prj/solution1/.autopilot/db/ipv4_utils.pp.0.cpp:46829:4: note: FIX-IT applied suggested code changes
/home/weigao/Desktop/Vitis_with_100Gbps_TCP-IP/fpga-network-stack/hls/rocev2/build/rocev2_prj/solution1/.autopilot/db/ipv4_utils.pp.0.cpp:46862:5: warning: Added loop label VITIS_LOOP_300_2:   [xilinx-label-all-loops]
    for (int i = 0; i < 2; i++)
    ^~~
    VITIS_LOOP_300_2: 
/home/weigao/Desktop/Vitis_with_100Gbps_TCP-IP/fpga-network-stack/hls/rocev2/build/rocev2_prj/solution1/.autopilot/db/ipv4_utils.pp.0.cpp:46862:5: note: FIX-IT applied suggested code changes
/home/weigao/Desktop/Vitis_with_100Gbps_TCP-IP/fpga-network-stack/hls/rocev2/build/rocev2_prj/solution1/.autopilot/db/ipv4_utils.pp.0.cpp:46875:5: warning: Added loop label VITIS_LOOP_313_3:   [xilinx-label-all-loops]
    for (int i = 0; i < 4; i++)
    ^~~
    VITIS_LOOP_313_3: 
/home/weigao/Desktop/Vitis_with_100Gbps_TCP-IP/fpga-network-stack/hls/rocev2/build/rocev2_prj/solution1/.autopilot/db/ipv4_utils.pp.0.cpp:46875:5: note: FIX-IT applied suggested code changes
/home/weigao/Desktop/Vitis_with_100Gbps_TCP-IP/fpga-network-stack/hls/rocev2/build/rocev2_prj/solution1/.autopilot/db/ipv4_utils.pp.0.cpp:46888:5: warning: Added loop label VITIS_LOOP_326_4:   [xilinx-label-all-loops]
    for (int i = 0; i < 6; i++)
    ^~~
    VITIS_LOOP_326_4: 
/home/weigao/Desktop/Vitis_with_100Gbps_TCP-IP/fpga-network-stack/hls/rocev2/build/rocev2_prj/solution1/.autopilot/db/ipv4_utils.pp.0.cpp:46888:5: note: FIX-IT applied suggested code changes
/home/weigao/Desktop/Vitis_with_100Gbps_TCP-IP/fpga-network-stack/hls/rocev2/build/rocev2_prj/solution1/.autopilot/db/ipv4_utils.pp.0.cpp:46901:5: warning: Added loop label VITIS_LOOP_339_5:   [xilinx-label-all-loops]
    for (int i = 0; i < 8; i++)
    ^~~
    VITIS_LOOP_339_5: 
/home/weigao/Desktop/Vitis_with_100Gbps_TCP-IP/fpga-network-stack/hls/rocev2/build/rocev2_prj/solution1/.autopilot/db/ipv4_utils.pp.0.cpp:46901:5: note: FIX-IT applied suggested code changes
/home/weigao/Desktop/Vitis_with_100Gbps_TCP-IP/fpga-network-stack/hls/rocev2/build/rocev2_prj/solution1/.autopilot/db/ipv4_utils.pp.0.cpp:46914:5: warning: Added loop label VITIS_LOOP_352_6:   [xilinx-label-all-loops]
    for (int i = 0; i < 10; i++)
    ^~~
    VITIS_LOOP_352_6: 
/home/weigao/Desktop/Vitis_with_100Gbps_TCP-IP/fpga-network-stack/hls/rocev2/build/rocev2_prj/solution1/.autopilot/db/ipv4_utils.pp.0.cpp:46914:5: note: FIX-IT applied suggested code changes
/home/weigao/Desktop/Vitis_with_100Gbps_TCP-IP/fpga-network-stack/hls/rocev2/build/rocev2_prj/solution1/.autopilot/db/ipv4_utils.pp.0.cpp:46927:5: warning: Added loop label VITIS_LOOP_365_7:   [xilinx-label-all-loops]
    for (int i = 0; i < 12; i++)
    ^~~
    VITIS_LOOP_365_7: 
/home/weigao/Desktop/Vitis_with_100Gbps_TCP-IP/fpga-network-stack/hls/rocev2/build/rocev2_prj/solution1/.autopilot/db/ipv4_utils.pp.0.cpp:46927:5: note: FIX-IT applied suggested code changes
/home/weigao/Desktop/Vitis_with_100Gbps_TCP-IP/fpga-network-stack/hls/rocev2/build/rocev2_prj/solution1/.autopilot/db/ipv4_utils.pp.0.cpp:46940:5: warning: Added loop label VITIS_LOOP_378_8:   [xilinx-label-all-loops]
    for (int i = 0; i < 14; i++)
    ^~~
    VITIS_LOOP_378_8: 
/home/weigao/Desktop/Vitis_with_100Gbps_TCP-IP/fpga-network-stack/hls/rocev2/build/rocev2_prj/solution1/.autopilot/db/ipv4_utils.pp.0.cpp:46940:5: note: FIX-IT applied suggested code changes
/home/weigao/Desktop/Vitis_with_100Gbps_TCP-IP/fpga-network-stack/hls/rocev2/build/rocev2_prj/solution1/.autopilot/db/ipv4_utils.pp.0.cpp:46953:5: warning: Added loop label VITIS_LOOP_391_9:   [xilinx-label-all-loops]
    for (int i = 0; i < 16; i++)
    ^~~
    VITIS_LOOP_391_9: 
/home/weigao/Desktop/Vitis_with_100Gbps_TCP-IP/fpga-network-stack/hls/rocev2/build/rocev2_prj/solution1/.autopilot/db/ipv4_utils.pp.0.cpp:46953:5: note: FIX-IT applied suggested code changes
/home/weigao/Desktop/Vitis_with_100Gbps_TCP-IP/fpga-network-stack/hls/rocev2/build/rocev2_prj/solution1/.autopilot/db/ipv4_utils.pp.0.cpp:46972:4: warning: Added loop label VITIS_LOOP_410_10:   [xilinx-label-all-loops]
   for (int i = 0; i < 16; i++)
   ^~~
   VITIS_LOOP_410_10: 
/home/weigao/Desktop/Vitis_with_100Gbps_TCP-IP/fpga-network-stack/hls/rocev2/build/rocev2_prj/solution1/.autopilot/db/ipv4_utils.pp.0.cpp:46972:4: note: FIX-IT applied suggested code changes
/home/weigao/Desktop/Vitis_with_100Gbps_TCP-IP/fpga-network-stack/hls/rocev2/build/rocev2_prj/solution1/.autopilot/db/ipv4_utils.pp.0.cpp:47006:4: warning: Added loop label VITIS_LOOP_444_1:   [xilinx-label-all-loops]
   for (int i = 0; i < 32; i++)
   ^~~
   VITIS_LOOP_444_1: 
/home/weigao/Desktop/Vitis_with_100Gbps_TCP-IP/fpga-network-stack/hls/rocev2/build/rocev2_prj/solution1/.autopilot/db/ipv4_utils.pp.0.cpp:47006:4: note: FIX-IT applied suggested code changes
/home/weigao/Desktop/Vitis_with_100Gbps_TCP-IP/fpga-network-stack/hls/rocev2/build/rocev2_prj/solution1/.autopilot/db/ipv4_utils.pp.0.cpp:47025:4: warning: Added loop label VITIS_LOOP_463_2:   [xilinx-label-all-loops]
   for (int i = 0; i < 32; i++)
   ^~~
   VITIS_LOOP_463_2: 
/home/weigao/Desktop/Vitis_with_100Gbps_TCP-IP/fpga-network-stack/hls/rocev2/build/rocev2_prj/solution1/.autopilot/db/ipv4_utils.pp.0.cpp:47025:4: note: FIX-IT applied suggested code changes
/home/weigao/Desktop/Vitis_with_100Gbps_TCP-IP/fpga-network-stack/hls/rocev2/build/rocev2_prj/solution1/.autopilot/db/ipv4_utils.pp.0.cpp:47059:4: warning: Added loop label VITIS_LOOP_497_1:   [xilinx-label-all-loops]
   for (int i = 0; i < 32; i++)
   ^~~
   VITIS_LOOP_497_1: 
/home/weigao/Desktop/Vitis_with_100Gbps_TCP-IP/fpga-network-stack/hls/rocev2/build/rocev2_prj/solution1/.autopilot/db/ipv4_utils.pp.0.cpp:47059:4: note: FIX-IT applied suggested code changes
/home/weigao/Desktop/Vitis_with_100Gbps_TCP-IP/fpga-network-stack/hls/rocev2/build/rocev2_prj/solution1/.autopilot/db/ipv4_utils.pp.0.cpp:47078:4: warning: Added loop label VITIS_LOOP_516_2:   [xilinx-label-all-loops]
   for (int i = 0; i < 32; i++)
   ^~~
   VITIS_LOOP_516_2: 
/home/weigao/Desktop/Vitis_with_100Gbps_TCP-IP/fpga-network-stack/hls/rocev2/build/rocev2_prj/solution1/.autopilot/db/ipv4_utils.pp.0.cpp:47078:4: note: FIX-IT applied suggested code changes
/home/weigao/Desktop/Vitis_with_100Gbps_TCP-IP/fpga-network-stack/hls/rocev2/build/rocev2_prj/solution1/.autopilot/db/ipv4_utils.pp.0.cpp:47111:4: warning: Added loop label VITIS_LOOP_549_1:   [xilinx-label-all-loops]
   for (int i = 0; i < 32; i++)
   ^~~
   VITIS_LOOP_549_1: 
/home/weigao/Desktop/Vitis_with_100Gbps_TCP-IP/fpga-network-stack/hls/rocev2/build/rocev2_prj/solution1/.autopilot/db/ipv4_utils.pp.0.cpp:47111:4: note: FIX-IT applied suggested code changes
/home/weigao/Desktop/Vitis_with_100Gbps_TCP-IP/fpga-network-stack/hls/rocev2/build/rocev2_prj/solution1/.autopilot/db/ipv4_utils.pp.0.cpp:47130:4: warning: Added loop label VITIS_LOOP_568_2:   [xilinx-label-all-loops]
   for (int i = 0; i < 32; i++)
   ^~~
   VITIS_LOOP_568_2: 
/home/weigao/Desktop/Vitis_with_100Gbps_TCP-IP/fpga-network-stack/hls/rocev2/build/rocev2_prj/solution1/.autopilot/db/ipv4_utils.pp.0.cpp:47130:4: note: FIX-IT applied suggested code changes
