/home/weigao/Desktop/Vitis_with_100Gbps_TCP-IP/fpga-network-stack/hls/rocev2/build/rocev2_prj/solution1/.autopilot/db/ipv6.pp.0.cpp:1462:7: warning: Added loop label VITIS_LOOP_1211_1:   [xilinx-label-all-loops]
      for (i = 0; i < __N - 1; ++i) {
      ^~~
      VITIS_LOOP_1211_1: 
/home/weigao/Desktop/Vitis_with_100Gbps_TCP-IP/fpga-network-stack/hls/rocev2/build/rocev2_prj/solution1/.autopilot/db/ipv6.pp.0.cpp:1462:7: note: FIX-IT applied suggested code changes
/home/weigao/Desktop/Vitis_with_100Gbps_TCP-IP/fpga-network-stack/hls/rocev2/build/rocev2_prj/solution1/.autopilot/db/ipv6.pp.0.cpp:2436:5: warning: Added loop label VITIS_LOOP_676_1:   [xilinx-label-all-loops]
    for (unsigned i = low; i != high; ++i) {
    ^~~
    VITIS_LOOP_676_1: 
/home/weigao/Desktop/Vitis_with_100Gbps_TCP-IP/fpga-network-stack/hls/rocev2/build/rocev2_prj/solution1/.autopilot/db/ipv6.pp.0.cpp:2436:5: note: FIX-IT applied suggested code changes
/home/weigao/Desktop/Vitis_with_100Gbps_TCP-IP/fpga-network-stack/hls/rocev2/build/rocev2_prj/solution1/.autopilot/db/ipv6.pp.0.cpp:2450:5: warning: Added loop label VITIS_LOOP_690_1:   [xilinx-label-all-loops]
    for (unsigned i = low; i != high; ++i) {
    ^~~
    VITIS_LOOP_690_1: 
/home/weigao/Desktop/Vitis_with_100Gbps_TCP-IP/fpga-network-stack/hls/rocev2/build/rocev2_prj/solution1/.autopilot/db/ipv6.pp.0.cpp:2450:5: note: FIX-IT applied suggested code changes
/home/weigao/Desktop/Vitis_with_100Gbps_TCP-IP/fpga-network-stack/hls/rocev2/build/rocev2_prj/solution1/.autopilot/db/ipv6.pp.0.cpp:2464:5: warning: Added loop label VITIS_LOOP_704_1:   [xilinx-label-all-loops]
    for (unsigned i = low; i != high; ++i) {
    ^~~
    VITIS_LOOP_704_1: 
/home/weigao/Desktop/Vitis_with_100Gbps_TCP-IP/fpga-network-stack/hls/rocev2/build/rocev2_prj/solution1/.autopilot/db/ipv6.pp.0.cpp:2464:5: note: FIX-IT applied suggested code changes
/home/weigao/Desktop/Vitis_with_100Gbps_TCP-IP/fpga-network-stack/hls/rocev2/build/rocev2_prj/solution1/.autopilot/db/ipv6.pp.0.cpp:4075:7: warning: Added loop label VITIS_LOOP_1245_1:   [xilinx-label-all-loops]
      for (i = 0; i < __N - 1; ++i) {
      ^~~
      VITIS_LOOP_1245_1: 
/home/weigao/Desktop/Vitis_with_100Gbps_TCP-IP/fpga-network-stack/hls/rocev2/build/rocev2_prj/solution1/.autopilot/db/ipv6.pp.0.cpp:4075:7: note: FIX-IT applied suggested code changes
/home/weigao/Desktop/Vitis_with_100Gbps_TCP-IP/fpga-network-stack/hls/rocev2/build/rocev2_prj/solution1/.autopilot/db/ipv6.pp.0.cpp:44612:2: warning: Added loop label VITIS_LOOP_135_1:   [xilinx-label-all-loops]
 for (int i = 0; i < D/8; i++)
 ^~~
 VITIS_LOOP_135_1: 
/home/weigao/Desktop/Vitis_with_100Gbps_TCP-IP/fpga-network-stack/hls/rocev2/build/rocev2_prj/solution1/.autopilot/db/ipv6.pp.0.cpp:44612:2: note: FIX-IT applied suggested code changes
/home/weigao/Desktop/Vitis_with_100Gbps_TCP-IP/fpga-network-stack/hls/rocev2/build/rocev2_prj/solution1/.autopilot/db/ipv6.pp.0.cpp:44624:2: warning: Added loop label VITIS_LOOP_147_1:   [xilinx-label-all-loops]
 for (int i = 0; i < D; i++)
 ^~~
 VITIS_LOOP_147_1: 
/home/weigao/Desktop/Vitis_with_100Gbps_TCP-IP/fpga-network-stack/hls/rocev2/build/rocev2_prj/solution1/.autopilot/db/ipv6.pp.0.cpp:44624:2: note: FIX-IT applied suggested code changes
/home/weigao/Desktop/Vitis_with_100Gbps_TCP-IP/fpga-network-stack/hls/rocev2/build/rocev2_prj/solution1/.autopilot/db/ipv6.pp.0.cpp:44636:2: warning: Added loop label VITIS_LOOP_159_1:   [xilinx-label-all-loops]
 for (int i = 0; i < D/8; i++)
 ^~~
 VITIS_LOOP_159_1: 
/home/weigao/Desktop/Vitis_with_100Gbps_TCP-IP/fpga-network-stack/hls/rocev2/build/rocev2_prj/solution1/.autopilot/db/ipv6.pp.0.cpp:44636:2: note: FIX-IT applied suggested code changes
/home/weigao/Desktop/Vitis_with_100Gbps_TCP-IP/fpga-network-stack/hls/rocev2/build/rocev2_prj/solution1/.autopilot/db/ipv6.pp.0.cpp:44657:2: warning: Added loop label VITIS_LOOP_180_1:   [xilinx-label-all-loops]
 for (int i = 0; i < D/8; i++)
 ^~~
 VITIS_LOOP_180_1: 
/home/weigao/Desktop/Vitis_with_100Gbps_TCP-IP/fpga-network-stack/hls/rocev2/build/rocev2_prj/solution1/.autopilot/db/ipv6.pp.0.cpp:44657:2: note: FIX-IT applied suggested code changes
/home/weigao/Desktop/Vitis_with_100Gbps_TCP-IP/fpga-network-stack/hls/rocev2/build/rocev2_prj/solution1/.autopilot/db/ipv6.pp.0.cpp:44682:2: warning: Added loop label VITIS_LOOP_205_1:   [xilinx-label-all-loops]
 for (int i = (D/8)-1; i >= 0; i--)
 ^~~
 VITIS_LOOP_205_1: 
/home/weigao/Desktop/Vitis_with_100Gbps_TCP-IP/fpga-network-stack/hls/rocev2/build/rocev2_prj/solution1/.autopilot/db/ipv6.pp.0.cpp:44682:2: note: FIX-IT applied suggested code changes
/home/weigao/Desktop/Vitis_with_100Gbps_TCP-IP/fpga-network-stack/hls/rocev2/build/rocev2_prj/solution1/.autopilot/db/ipv6.pp.0.cpp:44703:2: warning: Added loop label VITIS_LOOP_226_1:   [xilinx-label-all-loops]
 for (int i = (D/8)-1; i >= 0; i--)
 ^~~
 VITIS_LOOP_226_1: 
/home/weigao/Desktop/Vitis_with_100Gbps_TCP-IP/fpga-network-stack/hls/rocev2/build/rocev2_prj/solution1/.autopilot/db/ipv6.pp.0.cpp:44703:2: note: FIX-IT applied suggested code changes
/home/weigao/Desktop/Vitis_with_100Gbps_TCP-IP/fpga-network-stack/hls/rocev2/build/rocev2_prj/solution1/.autopilot/db/ipv6.pp.0.cpp:44727:2: warning: Added loop label VITIS_LOOP_250_1:   [xilinx-label-all-loops]
 for (int i = 0; i < D/8; i++)
 ^~~
 VITIS_LOOP_250_1: 
/home/weigao/Desktop/Vitis_with_100Gbps_TCP-IP/fpga-network-stack/hls/rocev2/build/rocev2_prj/solution1/.autopilot/db/ipv6.pp.0.cpp:44727:2: note: FIX-IT applied suggested code changes
