

================================================================
== Vitis HLS Report for 'mq_freelist_handler_2048_s'
================================================================
* Date:           Tue Aug 15 18:30:08 2023

* Version:        2022.2 (Build 3670227 on Oct 13 2022)
* Project:        rocev2_prj
* Solution:       solution1 (Vivado IP Flow Target)
* Product family: virtex7
* Target device:  xc7vx690t-ffg1761-2


================================================================
== Performance Estimates
================================================================
+ Timing: 
    * Summary: 
    +--------+---------+----------+------------+
    |  Clock |  Target | Estimated| Uncertainty|
    +--------+---------+----------+------------+
    |ap_clk  |  6.40 ns|  2.821 ns|     1.73 ns|
    +--------+---------+----------+------------+

+ Latency: 
    * Summary: 
    +---------+---------+----------+----------+-----+-----+---------+
    |  Latency (cycles) |  Latency (absolute) |  Interval | Pipeline|
    |   min   |   max   |    min   |    max   | min | max |   Type  |
    +---------+---------+----------+----------+-----+-----+---------+
    |        1|        1|  6.400 ns|  6.400 ns|    1|    1|      yes|
    +---------+---------+----------+----------+-----+-----+---------+

    + Detail: 
        * Instance: 
        N/A

        * Loop: 
        N/A

============================================================
+ Verbose Summary: Synthesis Manager
============================================================
InlineROM: 1
ExposeGlobal: 0
============================================================
+ Verbose Summary: CDFG Model
============================================================
IsTopModel: 0
ResetActiveHigh: 1
IsCombinational: 2
IsDatapathOnly: 0
HasWiredReturn: 1
HasMFsm: 2
HasVarLatency: 0
IsPipeline: 1
IsRtlPipelined: 1
IsInstanceOverlapped: 0
IsDontTouch: 0
HasImplIP: 0
IsGatedGlobalClock: 0

+ Individual pipeline summary: 
  * Pipeline-0: initiation interval (II) = 1, depth = 2


============================================================
+ Verbose Summary: Schedule
============================================================
* Number of FSM states : 2
* Pipeline : 1
  Pipeline-0 : II = 1, D = 2, States = { 1 2 }
* Dataflow Pipeline: 0

* FSM state transitions: 
1 --> 2 
2 --> 

* FSM state operations: 

State 1 <SV = 0> <Delay = 2.33>
ST_1 : Operation 3 [1/1] (0.00ns)   --->   "%specinterface_ln0 = specinterface void @_ssdm_op_SpecInterface, i16 %mq_freeListFifo, void @empty_5, i32 0, i32 0, void @empty_6, i32 0, i32 0, void @empty_6, void @empty_6, void @empty_6, i32 0, i32 0, i32 0, i32 0, void @empty_6, void @empty_6, i32 4294967295, i32 0"   --->   Operation 3 'specinterface' 'specinterface_ln0' <Predicate = true> <Delay = 0.00>
ST_1 : Operation 4 [1/1] (0.00ns)   --->   "%specinterface_ln0 = specinterface void @_ssdm_op_SpecInterface, i16 %mq_freeListFifo, void @empty_5, i32 0, i32 0, void @empty_6, i32 0, i32 0, void @empty_6, void @empty_6, void @empty_6, i32 0, i32 0, i32 0, i32 0, void @empty_6, void @empty_6, i32 4294967295, i32 0"   --->   Operation 4 'specinterface' 'specinterface_ln0' <Predicate = true> <Delay = 0.00>
ST_1 : Operation 5 [1/1] (0.00ns)   --->   "%specinterface_ln0 = specinterface void @_ssdm_op_SpecInterface, i16 %mq_freeListFifo, void @empty_5, i32 0, i32 0, void @empty_6, i32 0, i32 0, void @empty_6, void @empty_6, void @empty_6, i32 0, i32 0, i32 0, i32 0, void @empty_6, void @empty_6, i32 4294967295, i32 0"   --->   Operation 5 'specinterface' 'specinterface_ln0' <Predicate = true> <Delay = 0.00>
ST_1 : Operation 6 [1/1] (0.00ns)   --->   "%specinterface_ln0 = specinterface void @_ssdm_op_SpecInterface, i16 %mq_releaseFifo, void @empty_5, i32 0, i32 0, void @empty_6, i32 0, i32 0, void @empty_6, void @empty_6, void @empty_6, i32 0, i32 0, i32 0, i32 0, void @empty_6, void @empty_6, i32 4294967295, i32 0"   --->   Operation 6 'specinterface' 'specinterface_ln0' <Predicate = true> <Delay = 0.00>
ST_1 : Operation 7 [1/1] (0.00ns)   --->   "%specinterface_ln0 = specinterface void @_ssdm_op_SpecInterface, i16 %mq_releaseFifo, void @empty_5, i32 0, i32 0, void @empty_6, i32 0, i32 0, void @empty_6, void @empty_6, void @empty_6, i32 0, i32 0, i32 0, i32 0, void @empty_6, void @empty_6, i32 4294967295, i32 0"   --->   Operation 7 'specinterface' 'specinterface_ln0' <Predicate = true> <Delay = 0.00>
ST_1 : Operation 8 [1/1] (0.00ns)   --->   "%specinterface_ln0 = specinterface void @_ssdm_op_SpecInterface, i16 %mq_releaseFifo, void @empty_5, i32 0, i32 0, void @empty_6, i32 0, i32 0, void @empty_6, void @empty_6, void @empty_6, i32 0, i32 0, i32 0, i32 0, void @empty_6, void @empty_6, i32 4294967295, i32 0"   --->   Operation 8 'specinterface' 'specinterface_ln0' <Predicate = true> <Delay = 0.00>
ST_1 : Operation 9 [1/1] (0.00ns)   --->   "%specinterface_ln0 = specinterface void @_ssdm_op_SpecInterface, i16 %mq_freeListFifo, void @empty_5, i32 0, i32 0, void @empty_6, i32 0, i32 0, void @empty_6, void @empty_6, void @empty_6, i32 0, i32 0, i32 0, i32 0, void @empty_6, void @empty_6, i32 4294967295, i32 0"   --->   Operation 9 'specinterface' 'specinterface_ln0' <Predicate = true> <Delay = 0.00>
ST_1 : Operation 10 [1/1] (0.00ns)   --->   "%specinterface_ln0 = specinterface void @_ssdm_op_SpecInterface, i16 %mq_releaseFifo, void @empty_5, i32 0, i32 0, void @empty_6, i32 0, i32 0, void @empty_6, void @empty_6, void @empty_6, i32 0, i32 0, i32 0, i32 0, void @empty_6, void @empty_6, i32 4294967295, i32 0"   --->   Operation 10 'specinterface' 'specinterface_ln0' <Predicate = true> <Delay = 0.00>
ST_1 : Operation 11 [1/1] (0.00ns)   --->   "%specpipeline_ln176 = specpipeline void @_ssdm_op_SpecPipeline, i32 1, i32 0, i32 0, i32 0, void @empty_6" [/home/weigao/Desktop/Vitis_with_100Gbps_TCP-IP/fpga-network-stack/hls/rocev2/../ib_transport_protocol/multi_queue/multi_queue.hpp:176]   --->   Operation 11 'specpipeline' 'specpipeline_ln176' <Predicate = true> <Delay = 0.00>
ST_1 : Operation 12 [1/1] (0.00ns)   --->   "%specreset_ln183 = specreset void @_ssdm_op_SpecReset, i12 %freeListCounter_V, i64 1, void @empty_6" [/home/weigao/Desktop/Vitis_with_100Gbps_TCP-IP/fpga-network-stack/hls/rocev2/../ib_transport_protocol/multi_queue/multi_queue.hpp:183]   --->   Operation 12 'specreset' 'specreset_ln183' <Predicate = true> <Delay = 0.00>
ST_1 : Operation 13 [1/1] (0.00ns)   --->   "%tmp_i = nbreadreq i1 @_ssdm_op_NbReadReq.ap_fifo.i16P0A, i16 %mq_releaseFifo, i32 1" [/home/weigao/Desktop/Vitis_with_100Gbps_TCP-IP/fpga-network-stack/hls/rocev2/../ib_transport_protocol/multi_queue/multi_queue.hpp:185]   --->   Operation 13 'nbreadreq' 'tmp_i' <Predicate = true> <Delay = 0.00> <CoreInst = "FIFO_SRL">   --->   Core 81 'FIFO_SRL' <Latency = 0> <II = 1> <Delay = 2.39> <Storage> <Opcode : 'read' 'write' 'nbread' 'nbwrite'> <Ports = 0> <Width = 16> <Depth = 2> <FIFO>
ST_1 : Operation 14 [1/1] (0.00ns)   --->   "%br_ln185 = br i1 %tmp_i, void %if.else.i, void %if.then.i" [/home/weigao/Desktop/Vitis_with_100Gbps_TCP-IP/fpga-network-stack/hls/rocev2/../ib_transport_protocol/multi_queue/multi_queue.hpp:185]   --->   Operation 14 'br' 'br_ln185' <Predicate = true> <Delay = 0.00>
ST_1 : Operation 15 [1/1] (0.00ns)   --->   "%br_ln0 = br void %mq_freelist_handler<2048>.exit"   --->   Operation 15 'br' 'br_ln0' <Predicate = (!tmp_i)> <Delay = 0.00>
ST_1 : Operation 16 [1/1] (2.33ns)   --->   "%mq_releaseFifo_read = read i16 @_ssdm_op_Read.ap_fifo.volatile.i16P0A, i16 %mq_releaseFifo" [/home/weigao/Desktop/Vitis_with_100Gbps_TCP-IP/fpga-network-stack/hls/rocev2/../ib_transport_protocol/multi_queue/multi_queue.hpp:187]   --->   Operation 16 'read' 'mq_releaseFifo_read' <Predicate = (tmp_i)> <Delay = 2.33> <CoreInst = "FIFO_SRL">   --->   Core 81 'FIFO_SRL' <Latency = 0> <II = 1> <Delay = 2.39> <Storage> <Opcode : 'read' 'write' 'nbread' 'nbwrite'> <Ports = 0> <Width = 16> <Depth = 2> <FIFO>

State 2 <SV = 1> <Delay = 2.82>
ST_2 : Operation 17 [1/1] (0.00ns)   --->   "%freeListCounter_V_load = load i12 %freeListCounter_V"   --->   Operation 17 'load' 'freeListCounter_V_load' <Predicate = (!tmp_i)> <Delay = 0.00>
ST_2 : Operation 18 [1/1] (0.00ns)   --->   "%zext_ln1027 = zext i12 %freeListCounter_V_load"   --->   Operation 18 'zext' 'zext_ln1027' <Predicate = (!tmp_i)> <Delay = 0.00>
ST_2 : Operation 19 [1/1] (0.00ns)   --->   "%tmp = bitselect i1 @_ssdm_op_BitSelect.i1.i12.i32, i12 %freeListCounter_V_load, i32 11"   --->   Operation 19 'bitselect' 'tmp' <Predicate = (!tmp_i)> <Delay = 0.00>
ST_2 : Operation 20 [1/1] (0.00ns)   --->   "%br_ln189 = br i1 %tmp, void %land.lhs.true.i, void %if.end.i" [/home/weigao/Desktop/Vitis_with_100Gbps_TCP-IP/fpga-network-stack/hls/rocev2/../ib_transport_protocol/multi_queue/multi_queue.hpp:189]   --->   Operation 20 'br' 'br_ln189' <Predicate = (!tmp_i)> <Delay = 0.00>
ST_2 : Operation 21 [1/1] (0.00ns)   --->   "%tmp_i_255 = nbwritereq i1 @_ssdm_op_NbWriteReq.ap_fifo.i16P0A, i16 %mq_freeListFifo, i32 1" [/home/weigao/Desktop/Vitis_with_100Gbps_TCP-IP/fpga-network-stack/hls/rocev2/../ib_transport_protocol/multi_queue/multi_queue.hpp:189]   --->   Operation 21 'nbwritereq' 'tmp_i_255' <Predicate = (!tmp_i & !tmp)> <Delay = 0.00> <CoreInst = "FIFO">   --->   Core 78 'FIFO' <Latency = 0> <II = 1> <Delay = 2.61> <Storage> <Opcode : 'read' 'write' 'nbread' 'nbwrite'> <Ports = 0> <Width = 16> <Depth = 2048> <FIFO>
ST_2 : Operation 22 [1/1] (0.00ns)   --->   "%br_ln189 = br i1 %tmp_i_255, void %if.end.i, void %if.then3.i" [/home/weigao/Desktop/Vitis_with_100Gbps_TCP-IP/fpga-network-stack/hls/rocev2/../ib_transport_protocol/multi_queue/multi_queue.hpp:189]   --->   Operation 22 'br' 'br_ln189' <Predicate = (!tmp_i & !tmp)> <Delay = 0.00>
ST_2 : Operation 23 [1/1] (2.33ns)   --->   "%write_ln191 = write void @_ssdm_op_Write.ap_fifo.volatile.i16P0A, i16 %mq_freeListFifo, i16 %zext_ln1027" [/home/weigao/Desktop/Vitis_with_100Gbps_TCP-IP/fpga-network-stack/hls/rocev2/../ib_transport_protocol/multi_queue/multi_queue.hpp:191]   --->   Operation 23 'write' 'write_ln191' <Predicate = (!tmp_i & !tmp & tmp_i_255)> <Delay = 2.33> <CoreInst = "FIFO">   --->   Core 78 'FIFO' <Latency = 0> <II = 1> <Delay = 2.61> <Storage> <Opcode : 'read' 'write' 'nbread' 'nbwrite'> <Ports = 0> <Width = 16> <Depth = 2048> <FIFO>
ST_2 : Operation 24 [1/1] (1.33ns)   --->   "%add_ln840 = add i12 %freeListCounter_V_load, i12 1"   --->   Operation 24 'add' 'add_ln840' <Predicate = (!tmp_i & !tmp & tmp_i_255)> <Delay = 1.33> <CoreInst = "Adder">   --->   Core 1 'Adder' <Latency = 0> <II = 1> <Delay = 1.33> <FuncUnit> <Opcode : 'add' 'sub'> <InPorts = 2> <OutPorts = 1>
ST_2 : Operation 25 [1/1] (0.00ns)   --->   "%store_ln840 = store i12 %add_ln840, i12 %freeListCounter_V"   --->   Operation 25 'store' 'store_ln840' <Predicate = (!tmp_i & !tmp & tmp_i_255)> <Delay = 0.00>
ST_2 : Operation 26 [1/1] (0.00ns)   --->   "%br_ln193 = br void %if.end.i" [/home/weigao/Desktop/Vitis_with_100Gbps_TCP-IP/fpga-network-stack/hls/rocev2/../ib_transport_protocol/multi_queue/multi_queue.hpp:193]   --->   Operation 26 'br' 'br_ln193' <Predicate = (!tmp_i & !tmp & tmp_i_255)> <Delay = 0.00>
ST_2 : Operation 27 [1/1] (2.33ns)   --->   "%write_ln187 = write void @_ssdm_op_Write.ap_fifo.volatile.i16P0A, i16 %mq_freeListFifo, i16 %mq_releaseFifo_read" [/home/weigao/Desktop/Vitis_with_100Gbps_TCP-IP/fpga-network-stack/hls/rocev2/../ib_transport_protocol/multi_queue/multi_queue.hpp:187]   --->   Operation 27 'write' 'write_ln187' <Predicate = (tmp_i)> <Delay = 2.33> <CoreInst = "FIFO">   --->   Core 78 'FIFO' <Latency = 0> <II = 1> <Delay = 2.61> <Storage> <Opcode : 'read' 'write' 'nbread' 'nbwrite'> <Ports = 0> <Width = 16> <Depth = 2048> <FIFO>
ST_2 : Operation 28 [1/1] (0.00ns)   --->   "%br_ln188 = br void %mq_freelist_handler<2048>.exit" [/home/weigao/Desktop/Vitis_with_100Gbps_TCP-IP/fpga-network-stack/hls/rocev2/../ib_transport_protocol/multi_queue/multi_queue.hpp:188]   --->   Operation 28 'br' 'br_ln188' <Predicate = (tmp_i)> <Delay = 0.00>
ST_2 : Operation 29 [1/1] (0.00ns)   --->   "%ret_ln0 = ret"   --->   Operation 29 'ret' 'ret_ln0' <Predicate = true> <Delay = 0.00>


============================================================
+ Verbose Summary: Timing violations
============================================================
Target clock period: 6.4ns, clock uncertainty: 1.73ns.

 <State 1>: 2.34ns
The critical path consists of the following:
	fifo read operation ('mq_releaseFifo_read', /home/weigao/Desktop/Vitis_with_100Gbps_TCP-IP/fpga-network-stack/hls/rocev2/../ib_transport_protocol/multi_queue/multi_queue.hpp:187) on port 'mq_releaseFifo' (/home/weigao/Desktop/Vitis_with_100Gbps_TCP-IP/fpga-network-stack/hls/rocev2/../ib_transport_protocol/multi_queue/multi_queue.hpp:187) [32]  (2.34 ns)

 <State 2>: 2.82ns
The critical path consists of the following:
	'load' operation ('freeListCounter_V_load') on static variable 'freeListCounter_V' [17]  (0 ns)
	fifo write operation ('write_ln191', /home/weigao/Desktop/Vitis_with_100Gbps_TCP-IP/fpga-network-stack/hls/rocev2/../ib_transport_protocol/multi_queue/multi_queue.hpp:191) on port 'mq_freeListFifo' (/home/weigao/Desktop/Vitis_with_100Gbps_TCP-IP/fpga-network-stack/hls/rocev2/../ib_transport_protocol/multi_queue/multi_queue.hpp:191) [25]  (2.34 ns)
	blocking operation 0.485 ns on control path)


============================================================
+ Verbose Summary: Binding
============================================================
N/A
* FSMD analyzer results:
  - Output states:
 - Input state : 
  - Chain level:
	State 1
	State 2


============================================================
+ Verbose Summary: Datapath Resource usage 
============================================================
N/A
