

================================================================
== Vitis HLS Report for 'prepend_ibh_header_64_s'
================================================================
* Date:           Tue Aug 15 18:30:06 2023

* Version:        2022.2 (Build 3670227 on Oct 13 2022)
* Project:        rocev2_prj
* Solution:       solution1 (Vivado IP Flow Target)
* Product family: virtex7
* Target device:  xc7vx690t-ffg1761-2


================================================================
== Performance Estimates
================================================================
+ Timing: 
    * Summary: 
    +--------+---------+----------+------------+
    |  Clock |  Target | Estimated| Uncertainty|
    +--------+---------+----------+------------+
    |ap_clk  |  6.40 ns|  7.621 ns|     1.73 ns|
    +--------+---------+----------+------------+

+ Latency: 
    * Summary: 
    +---------+---------+----------+----------+-----+-----+---------+
    |  Latency (cycles) |  Latency (absolute) |  Interval | Pipeline|
    |   min   |   max   |    min   |    max   | min | max |   Type  |
    +---------+---------+----------+----------+-----+-----+---------+
    |        1|        1|  7.621 ns|  7.621 ns|    1|    1|      yes|
    +---------+---------+----------+----------+-----+-----+---------+

    + Detail: 
        * Instance: 
        N/A

        * Loop: 
        N/A

============================================================
+ Verbose Summary: Synthesis Manager
============================================================
InlineROM: 1
ExposeGlobal: 0
============================================================
+ Verbose Summary: CDFG Model
============================================================
IsTopModel: 0
ResetActiveHigh: 1
IsCombinational: 2
IsDatapathOnly: 0
HasWiredReturn: 1
HasMFsm: 2
HasVarLatency: 0
IsPipeline: 1
IsRtlPipelined: 1
IsInstanceOverlapped: 0
IsDontTouch: 0
HasImplIP: 0
IsGatedGlobalClock: 0

+ Individual pipeline summary: 
  * Pipeline-0: initiation interval (II) = 1, depth = 2


============================================================
+ Verbose Summary: Schedule
============================================================
* Number of FSM states : 2
* Pipeline : 1
  Pipeline-0 : II = 1, D = 2, States = { 1 2 }
* Dataflow Pipeline: 0

* FSM state transitions: 
1 --> 2 
2 --> 

* FSM state operations: 

State 1 <SV = 0> <Delay = 7.62>
ST_1 : Operation 3 [1/1] (0.00ns)   --->   "%specinterface_ln0 = specinterface void @_ssdm_op_SpecInterface, i128 %tx_ib2udpFifo, void @empty_5, i32 0, i32 0, void @empty_6, i32 0, i32 0, void @empty_6, void @empty_6, void @empty_6, i32 0, i32 0, i32 0, i32 0, void @empty_6, void @empty_6, i32 4294967295, i32 0"   --->   Operation 3 'specinterface' 'specinterface_ln0' <Predicate = true> <Delay = 0.00>
ST_1 : Operation 4 [1/1] (0.00ns)   --->   "%specinterface_ln0 = specinterface void @_ssdm_op_SpecInterface, i128 %tx_ib2udpFifo, void @empty_5, i32 0, i32 0, void @empty_6, i32 0, i32 0, void @empty_6, void @empty_6, void @empty_6, i32 0, i32 0, i32 0, i32 0, void @empty_6, void @empty_6, i32 4294967295, i32 0"   --->   Operation 4 'specinterface' 'specinterface_ln0' <Predicate = true> <Delay = 0.00>
ST_1 : Operation 5 [1/1] (0.00ns)   --->   "%specinterface_ln0 = specinterface void @_ssdm_op_SpecInterface, i128 %tx_ib2udpFifo, void @empty_5, i32 0, i32 0, void @empty_6, i32 0, i32 0, void @empty_6, void @empty_6, void @empty_6, i32 0, i32 0, i32 0, i32 0, void @empty_6, void @empty_6, i32 4294967295, i32 0"   --->   Operation 5 'specinterface' 'specinterface_ln0' <Predicate = true> <Delay = 0.00>
ST_1 : Operation 6 [1/1] (0.00ns)   --->   "%specinterface_ln0 = specinterface void @_ssdm_op_SpecInterface, i113 %tx_ibhHeaderFifo, void @empty_5, i32 0, i32 0, void @empty_6, i32 0, i32 0, void @empty_6, void @empty_6, void @empty_6, i32 0, i32 0, i32 0, i32 0, void @empty_6, void @empty_6, i32 4294967295, i32 0"   --->   Operation 6 'specinterface' 'specinterface_ln0' <Predicate = true> <Delay = 0.00>
ST_1 : Operation 7 [1/1] (0.00ns)   --->   "%specinterface_ln0 = specinterface void @_ssdm_op_SpecInterface, i113 %tx_ibhHeaderFifo, void @empty_5, i32 0, i32 0, void @empty_6, i32 0, i32 0, void @empty_6, void @empty_6, void @empty_6, i32 0, i32 0, i32 0, i32 0, void @empty_6, void @empty_6, i32 4294967295, i32 0"   --->   Operation 7 'specinterface' 'specinterface_ln0' <Predicate = true> <Delay = 0.00>
ST_1 : Operation 8 [1/1] (0.00ns)   --->   "%specinterface_ln0 = specinterface void @_ssdm_op_SpecInterface, i113 %tx_ibhHeaderFifo, void @empty_5, i32 0, i32 0, void @empty_6, i32 0, i32 0, void @empty_6, void @empty_6, void @empty_6, i32 0, i32 0, i32 0, i32 0, void @empty_6, void @empty_6, i32 4294967295, i32 0"   --->   Operation 8 'specinterface' 'specinterface_ln0' <Predicate = true> <Delay = 0.00>
ST_1 : Operation 9 [1/1] (0.00ns)   --->   "%specinterface_ln0 = specinterface void @_ssdm_op_SpecInterface, i128 %tx_shift2ibhFifo, void @empty_5, i32 0, i32 0, void @empty_6, i32 0, i32 0, void @empty_6, void @empty_6, void @empty_6, i32 0, i32 0, i32 0, i32 0, void @empty_6, void @empty_6, i32 4294967295, i32 0"   --->   Operation 9 'specinterface' 'specinterface_ln0' <Predicate = true> <Delay = 0.00>
ST_1 : Operation 10 [1/1] (0.00ns)   --->   "%specinterface_ln0 = specinterface void @_ssdm_op_SpecInterface, i128 %tx_shift2ibhFifo, void @empty_5, i32 0, i32 0, void @empty_6, i32 0, i32 0, void @empty_6, void @empty_6, void @empty_6, i32 0, i32 0, i32 0, i32 0, void @empty_6, void @empty_6, i32 4294967295, i32 0"   --->   Operation 10 'specinterface' 'specinterface_ln0' <Predicate = true> <Delay = 0.00>
ST_1 : Operation 11 [1/1] (0.00ns)   --->   "%specinterface_ln0 = specinterface void @_ssdm_op_SpecInterface, i128 %tx_shift2ibhFifo, void @empty_5, i32 0, i32 0, void @empty_6, i32 0, i32 0, void @empty_6, void @empty_6, void @empty_6, i32 0, i32 0, i32 0, i32 0, void @empty_6, void @empty_6, i32 4294967295, i32 0"   --->   Operation 11 'specinterface' 'specinterface_ln0' <Predicate = true> <Delay = 0.00>
ST_1 : Operation 12 [1/1] (0.00ns)   --->   "%specinterface_ln0 = specinterface void @_ssdm_op_SpecInterface, i113 %tx_ibhHeaderFifo, void @empty_5, i32 0, i32 0, void @empty_6, i32 0, i32 0, void @empty_6, void @empty_6, void @empty_6, i32 0, i32 0, i32 0, i32 0, void @empty_6, void @empty_6, i32 4294967295, i32 0"   --->   Operation 12 'specinterface' 'specinterface_ln0' <Predicate = true> <Delay = 0.00>
ST_1 : Operation 13 [1/1] (0.00ns)   --->   "%specinterface_ln0 = specinterface void @_ssdm_op_SpecInterface, i128 %tx_shift2ibhFifo, void @empty_5, i32 0, i32 0, void @empty_6, i32 0, i32 0, void @empty_6, void @empty_6, void @empty_6, i32 0, i32 0, i32 0, i32 0, void @empty_6, void @empty_6, i32 4294967295, i32 0"   --->   Operation 13 'specinterface' 'specinterface_ln0' <Predicate = true> <Delay = 0.00>
ST_1 : Operation 14 [1/1] (0.00ns)   --->   "%specinterface_ln0 = specinterface void @_ssdm_op_SpecInterface, i128 %tx_ib2udpFifo, void @empty_5, i32 0, i32 0, void @empty_6, i32 0, i32 0, void @empty_6, void @empty_6, void @empty_6, i32 0, i32 0, i32 0, i32 0, void @empty_6, void @empty_6, i32 4294967295, i32 0"   --->   Operation 14 'specinterface' 'specinterface_ln0' <Predicate = true> <Delay = 0.00>
ST_1 : Operation 15 [1/1] (0.00ns)   --->   "%specpipeline_ln1526 = specpipeline void @_ssdm_op_SpecPipeline, i32 1, i32 0, i32 0, i32 0, void @empty_6" [/home/weigao/Desktop/Vitis_with_100Gbps_TCP-IP/fpga-network-stack/hls/rocev2/../ib_transport_protocol/ib_transport_protocol.cpp:1526]   --->   Operation 15 'specpipeline' 'specpipeline_ln1526' <Predicate = true> <Delay = 0.00>
ST_1 : Operation 16 [1/1] (0.00ns)   --->   "%state_2_load = load i2 %state_2" [/home/weigao/Desktop/Vitis_with_100Gbps_TCP-IP/fpga-network-stack/hls/rocev2/../ib_transport_protocol/ib_transport_protocol.cpp:1544]   --->   Operation 16 'load' 'state_2_load' <Predicate = true> <Delay = 0.00>
ST_1 : Operation 17 [1/1] (0.00ns)   --->   "%header_idx_1_load = load i16 %header_idx_1" [/home/weigao/Desktop/Vitis_with_100Gbps_TCP-IP/fpga-network-stack/hls/rocev2/../ib_transport_protocol/../packet.hpp:76]   --->   Operation 17 'load' 'header_idx_1_load' <Predicate = true> <Delay = 0.00>
ST_1 : Operation 18 [1/1] (0.00ns)   --->   "%p_Val2_s = load i96 %header_header_V_1"   --->   Operation 18 'load' 'p_Val2_s' <Predicate = true> <Delay = 0.00>
ST_1 : Operation 19 [1/1] (0.48ns)   --->   "%switch_ln1544 = switch i2 %state_2_load, void %sw.bb.i, i2 3, void %sw.bb22.i, i2 1, void %sw.bb4.i, i2 2, void %sw.bb9.i" [/home/weigao/Desktop/Vitis_with_100Gbps_TCP-IP/fpga-network-stack/hls/rocev2/../ib_transport_protocol/ib_transport_protocol.cpp:1544]   --->   Operation 19 'switch' 'switch_ln1544' <Predicate = true> <Delay = 0.48>
ST_1 : Operation 20 [1/1] (0.00ns)   --->   "%tmp_i_251 = nbreadreq i1 @_ssdm_op_NbReadReq.ap_fifo.i128P0A, i128 %tx_shift2ibhFifo, i32 1" [/home/weigao/Desktop/Vitis_with_100Gbps_TCP-IP/fpga-network-stack/hls/rocev2/../ib_transport_protocol/ib_transport_protocol.cpp:1573]   --->   Operation 20 'nbreadreq' 'tmp_i_251' <Predicate = (state_2_load == 2)> <Delay = 0.00> <CoreInst = "FIFO_SRL">   --->   Core 81 'FIFO_SRL' <Latency = 0> <II = 1> <Delay = 2.43> <Storage> <Opcode : 'read' 'write' 'nbread' 'nbwrite'> <Ports = 0> <Width = 128> <Depth = 8> <FIFO>
ST_1 : Operation 21 [1/1] (0.00ns)   --->   "%br_ln1573 = br i1 %tmp_i_251, void %if.end21.i, void %if.then11.i" [/home/weigao/Desktop/Vitis_with_100Gbps_TCP-IP/fpga-network-stack/hls/rocev2/../ib_transport_protocol/ib_transport_protocol.cpp:1573]   --->   Operation 21 'br' 'br_ln1573' <Predicate = (state_2_load == 2)> <Delay = 0.00>
ST_1 : Operation 22 [1/1] (2.33ns)   --->   "%tx_shift2ibhFifo_read_1 = read i128 @_ssdm_op_Read.ap_fifo.volatile.i128P0A, i128 %tx_shift2ibhFifo" [/home/weigao/Desktop/Vitis_with_100Gbps_TCP-IP/fpga-network-stack/hls/rocev2/../ib_transport_protocol/ib_transport_protocol.cpp:1575]   --->   Operation 22 'read' 'tx_shift2ibhFifo_read_1' <Predicate = (state_2_load == 2 & tmp_i_251)> <Delay = 2.33> <CoreInst = "FIFO_SRL">   --->   Core 81 'FIFO_SRL' <Latency = 0> <II = 1> <Delay = 2.43> <Storage> <Opcode : 'read' 'write' 'nbread' 'nbwrite'> <Ports = 0> <Width = 128> <Depth = 8> <FIFO>
ST_1 : Operation 23 [1/1] (0.00ns)   --->   "%currWord_data_V_7 = trunc i128 %tx_shift2ibhFifo_read_1" [/home/weigao/Desktop/Vitis_with_100Gbps_TCP-IP/fpga-network-stack/hls/rocev2/../ib_transport_protocol/ib_transport_protocol.cpp:1575]   --->   Operation 23 'trunc' 'currWord_data_V_7' <Predicate = (state_2_load == 2 & tmp_i_251)> <Delay = 0.00>
ST_1 : Operation 24 [1/1] (0.00ns)   --->   "%currWord_last_V_14 = bitselect i1 @_ssdm_op_BitSelect.i1.i128.i128, i128 %tx_shift2ibhFifo_read_1, i128 72" [/home/weigao/Desktop/Vitis_with_100Gbps_TCP-IP/fpga-network-stack/hls/rocev2/../ib_transport_protocol/ib_transport_protocol.cpp:1575]   --->   Operation 24 'bitselect' 'currWord_last_V_14' <Predicate = (state_2_load == 2 & tmp_i_251)> <Delay = 0.00>
ST_1 : Operation 25 [1/1] (0.00ns)   --->   "%trunc_ln76_2 = trunc i16 %header_idx_1_load" [/home/weigao/Desktop/Vitis_with_100Gbps_TCP-IP/fpga-network-stack/hls/rocev2/../ib_transport_protocol/../packet.hpp:76]   --->   Operation 25 'trunc' 'trunc_ln76_2' <Predicate = (state_2_load == 2 & tmp_i_251)> <Delay = 0.00>
ST_1 : Operation 26 [1/1] (0.00ns)   --->   "%trunc_ln76_3 = trunc i16 %header_idx_1_load" [/home/weigao/Desktop/Vitis_with_100Gbps_TCP-IP/fpga-network-stack/hls/rocev2/../ib_transport_protocol/../packet.hpp:76]   --->   Operation 26 'trunc' 'trunc_ln76_3' <Predicate = (state_2_load == 2 & tmp_i_251)> <Delay = 0.00>
ST_1 : Operation 27 [1/1] (0.00ns)   --->   "%shl_ln76_1 = bitconcatenate i22 @_ssdm_op_BitConcatenate.i22.i16.i6, i16 %header_idx_1_load, i6 0" [/home/weigao/Desktop/Vitis_with_100Gbps_TCP-IP/fpga-network-stack/hls/rocev2/../ib_transport_protocol/../packet.hpp:76]   --->   Operation 27 'bitconcatenate' 'shl_ln76_1' <Predicate = (state_2_load == 2 & tmp_i_251)> <Delay = 0.00>
ST_1 : Operation 28 [1/1] (0.00ns)   --->   "%zext_ln76_1 = zext i22 %shl_ln76_1" [/home/weigao/Desktop/Vitis_with_100Gbps_TCP-IP/fpga-network-stack/hls/rocev2/../ib_transport_protocol/../packet.hpp:76]   --->   Operation 28 'zext' 'zext_ln76_1' <Predicate = (state_2_load == 2 & tmp_i_251)> <Delay = 0.00>
ST_1 : Operation 29 [1/1] (1.38ns)   --->   "%add_ln76_1 = add i23 %zext_ln76_1, i23 64" [/home/weigao/Desktop/Vitis_with_100Gbps_TCP-IP/fpga-network-stack/hls/rocev2/../ib_transport_protocol/../packet.hpp:76]   --->   Operation 29 'add' 'add_ln76_1' <Predicate = (state_2_load == 2 & tmp_i_251)> <Delay = 1.38> <CoreInst = "Adder">   --->   Core 1 'Adder' <Latency = 0> <II = 1> <Delay = 1.38> <FuncUnit> <Opcode : 'add' 'sub'> <InPorts = 2> <OutPorts = 1>
ST_1 : Operation 30 [1/1] (1.21ns)   --->   "%icmp_ln76_1 = icmp_ult  i23 %add_ln76_1, i23 97" [/home/weigao/Desktop/Vitis_with_100Gbps_TCP-IP/fpga-network-stack/hls/rocev2/../ib_transport_protocol/../packet.hpp:76]   --->   Operation 30 'icmp' 'icmp_ln76_1' <Predicate = (state_2_load == 2 & tmp_i_251)> <Delay = 1.21> <CoreInst = "Cmp">   --->   Core 9 'Cmp' <Latency = 0> <II = 1> <Delay = 1.21> <FuncUnit> <Opcode : 'icmp'> <InPorts = 2> <OutPorts = 1>
ST_1 : Operation 31 [1/1] (0.00ns)   --->   "%br_ln76 = br i1 %icmp_ln76_1, void %if.else.i116.i, void %if.then.i113.i" [/home/weigao/Desktop/Vitis_with_100Gbps_TCP-IP/fpga-network-stack/hls/rocev2/../ib_transport_protocol/../packet.hpp:76]   --->   Operation 31 'br' 'br_ln76' <Predicate = (state_2_load == 2 & tmp_i_251)> <Delay = 0.00>
ST_1 : Operation 32 [1/1] (1.21ns)   --->   "%icmp_ln82_1 = icmp_ult  i22 %shl_ln76_1, i22 96" [/home/weigao/Desktop/Vitis_with_100Gbps_TCP-IP/fpga-network-stack/hls/rocev2/../ib_transport_protocol/../packet.hpp:82]   --->   Operation 32 'icmp' 'icmp_ln82_1' <Predicate = (state_2_load == 2 & tmp_i_251 & !icmp_ln76_1)> <Delay = 1.21> <CoreInst = "Cmp">   --->   Core 9 'Cmp' <Latency = 0> <II = 1> <Delay = 1.21> <FuncUnit> <Opcode : 'icmp'> <InPorts = 2> <OutPorts = 1>
ST_1 : Operation 33 [1/1] (0.85ns)   --->   "%br_ln82 = br i1 %icmp_ln82_1, void %_ZN12packetHeaderILi64ELi96EE11consumeWordER7ap_uintILi64EE.exit122.i, void %if.then19.i120.i" [/home/weigao/Desktop/Vitis_with_100Gbps_TCP-IP/fpga-network-stack/hls/rocev2/../ib_transport_protocol/../packet.hpp:82]   --->   Operation 33 'br' 'br_ln82' <Predicate = (state_2_load == 2 & tmp_i_251 & !icmp_ln76_1)> <Delay = 0.85>
ST_1 : Operation 34 [1/1] (0.00ns)   --->   "%tmp_33 = bitconcatenate i7 @_ssdm_op_BitConcatenate.i7.i1.i6, i1 %trunc_ln76_3, i6 0"   --->   Operation 34 'bitconcatenate' 'tmp_33' <Predicate = (state_2_load == 2 & tmp_i_251 & !icmp_ln76_1 & icmp_ln82_1)> <Delay = 0.00>
ST_1 : Operation 35 [1/1] (0.00ns) (grouped into LUT with out node p_Result_13)   --->   "%zext_ln628_4 = zext i7 %tmp_33"   --->   Operation 35 'zext' 'zext_ln628_4' <Predicate = (state_2_load == 2 & tmp_i_251 & !icmp_ln76_1 & icmp_ln82_1)> <Delay = 0.00>
ST_1 : Operation 36 [1/1] (0.00ns) (grouped into LUT with out node p_Result_13)   --->   "%zext_ln628_5 = zext i7 %tmp_33"   --->   Operation 36 'zext' 'zext_ln628_5' <Predicate = (state_2_load == 2 & tmp_i_251 & !icmp_ln76_1 & icmp_ln82_1)> <Delay = 0.00>
ST_1 : Operation 37 [1/1] (0.00ns) (grouped into LUT with out node p_Result_13)   --->   "%lshr_ln628_4 = lshr i96 %p_Val2_s, i96 %zext_ln628_4"   --->   Operation 37 'lshr' 'lshr_ln628_4' <Predicate = (state_2_load == 2 & tmp_i_251 & !icmp_ln76_1 & icmp_ln82_1)> <Delay = 0.00> <CoreInst = "Shifter">   --->   Core 75 'Shifter' <Latency = 0> <II = 1> <Delay = 2.36> <FuncUnit> <Opcode : 'shl' 'lshr' 'ashr'> <InPorts = 2> <OutPorts = 1>
ST_1 : Operation 38 [1/1] (0.00ns) (grouped into LUT with out node p_Result_13)   --->   "%lshr_ln628_5 = lshr i96 79228162514264337593543950335, i96 %zext_ln628_5"   --->   Operation 38 'lshr' 'lshr_ln628_5' <Predicate = (state_2_load == 2 & tmp_i_251 & !icmp_ln76_1 & icmp_ln82_1)> <Delay = 0.00> <CoreInst = "Shifter">   --->   Core 75 'Shifter' <Latency = 0> <II = 1> <Delay = 1.58> <FuncUnit> <Opcode : 'shl' 'lshr' 'ashr'> <InPorts = 2> <OutPorts = 1>
ST_1 : Operation 39 [1/1] (2.36ns) (out node of the LUT)   --->   "%p_Result_13 = and i96 %lshr_ln628_4, i96 %lshr_ln628_5"   --->   Operation 39 'and' 'p_Result_13' <Predicate = (state_2_load == 2 & tmp_i_251 & !icmp_ln76_1 & icmp_ln82_1)> <Delay = 2.36> <CoreInst = "LogicGate">   --->   Core 74 'LogicGate' <Latency = 0> <II = 1> <Delay = 0.54> <FuncUnit> <Opcode : 'and' 'or' 'xor'> <InPorts = 2> <OutPorts = 1>
ST_1 : Operation 40 [1/1] (0.00ns)   --->   "%trunc_ln368_1 = trunc i96 %p_Result_13"   --->   Operation 40 'trunc' 'trunc_ln368_1' <Predicate = (state_2_load == 2 & tmp_i_251 & !icmp_ln76_1 & icmp_ln82_1)> <Delay = 0.00>
ST_1 : Operation 41 [1/1] (0.00ns)   --->   "%p_Result_14 = partset i64 @_ssdm_op_PartSet.i64.i64.i32.i32.i32, i64 %currWord_data_V_7, i32 %trunc_ln368_1, i32 0, i32 31"   --->   Operation 41 'partset' 'p_Result_14' <Predicate = (state_2_load == 2 & tmp_i_251 & !icmp_ln76_1 & icmp_ln82_1)> <Delay = 0.00>
ST_1 : Operation 42 [1/1] (1.30ns)   --->   "%add_ln85_1 = add i16 %header_idx_1_load, i16 1" [/home/weigao/Desktop/Vitis_with_100Gbps_TCP-IP/fpga-network-stack/hls/rocev2/../ib_transport_protocol/../packet.hpp:85]   --->   Operation 42 'add' 'add_ln85_1' <Predicate = (state_2_load == 2 & tmp_i_251 & !icmp_ln76_1 & icmp_ln82_1)> <Delay = 1.30> <CoreInst = "Adder">   --->   Core 1 'Adder' <Latency = 0> <II = 1> <Delay = 1.30> <FuncUnit> <Opcode : 'add' 'sub'> <InPorts = 2> <OutPorts = 1>
ST_1 : Operation 43 [1/1] (0.88ns)   --->   "%store_ln85 = store i16 %add_ln85_1, i16 %header_idx_1" [/home/weigao/Desktop/Vitis_with_100Gbps_TCP-IP/fpga-network-stack/hls/rocev2/../ib_transport_protocol/../packet.hpp:85]   --->   Operation 43 'store' 'store_ln85' <Predicate = (state_2_load == 2 & tmp_i_251 & !icmp_ln76_1 & icmp_ln82_1)> <Delay = 0.88>
ST_1 : Operation 44 [1/1] (0.85ns)   --->   "%br_ln86 = br void %_ZN12packetHeaderILi64ELi96EE11consumeWordER7ap_uintILi64EE.exit122.i" [/home/weigao/Desktop/Vitis_with_100Gbps_TCP-IP/fpga-network-stack/hls/rocev2/../ib_transport_protocol/../packet.hpp:86]   --->   Operation 44 'br' 'br_ln86' <Predicate = (state_2_load == 2 & tmp_i_251 & !icmp_ln76_1 & icmp_ln82_1)> <Delay = 0.85>
ST_1 : Operation 45 [1/1] (0.00ns)   --->   "%tmp_32 = bitconcatenate i7 @_ssdm_op_BitConcatenate.i7.i1.i6, i1 %trunc_ln76_2, i6 0"   --->   Operation 45 'bitconcatenate' 'tmp_32' <Predicate = (state_2_load == 2 & tmp_i_251 & icmp_ln76_1)> <Delay = 0.00>
ST_1 : Operation 46 [1/1] (0.00ns)   --->   "%zext_ln628_3 = zext i7 %tmp_32"   --->   Operation 46 'zext' 'zext_ln628_3' <Predicate = (state_2_load == 2 & tmp_i_251 & icmp_ln76_1)> <Delay = 0.00>
ST_1 : Operation 47 [1/1] (2.36ns)   --->   "%lshr_ln628_3 = lshr i96 %p_Val2_s, i96 %zext_ln628_3"   --->   Operation 47 'lshr' 'lshr_ln628_3' <Predicate = (state_2_load == 2 & tmp_i_251 & icmp_ln76_1)> <Delay = 2.36> <CoreInst = "Shifter">   --->   Core 75 'Shifter' <Latency = 0> <II = 1> <Delay = 2.36> <FuncUnit> <Opcode : 'shl' 'lshr' 'ashr'> <InPorts = 2> <OutPorts = 1>
ST_1 : Operation 48 [1/1] (0.00ns)   --->   "%currWord_data_V_4 = trunc i96 %lshr_ln628_3"   --->   Operation 48 'trunc' 'currWord_data_V_4' <Predicate = (state_2_load == 2 & tmp_i_251 & icmp_ln76_1)> <Delay = 0.00>
ST_1 : Operation 49 [1/1] (1.30ns)   --->   "%add_ln79_1 = add i16 %header_idx_1_load, i16 1" [/home/weigao/Desktop/Vitis_with_100Gbps_TCP-IP/fpga-network-stack/hls/rocev2/../ib_transport_protocol/../packet.hpp:79]   --->   Operation 49 'add' 'add_ln79_1' <Predicate = (state_2_load == 2 & tmp_i_251 & icmp_ln76_1)> <Delay = 1.30> <CoreInst = "Adder">   --->   Core 1 'Adder' <Latency = 0> <II = 1> <Delay = 1.30> <FuncUnit> <Opcode : 'add' 'sub'> <InPorts = 2> <OutPorts = 1>
ST_1 : Operation 50 [1/1] (0.88ns)   --->   "%store_ln79 = store i16 %add_ln79_1, i16 %header_idx_1" [/home/weigao/Desktop/Vitis_with_100Gbps_TCP-IP/fpga-network-stack/hls/rocev2/../ib_transport_protocol/../packet.hpp:79]   --->   Operation 50 'store' 'store_ln79' <Predicate = (state_2_load == 2 & tmp_i_251 & icmp_ln76_1)> <Delay = 0.88>
ST_1 : Operation 51 [1/1] (0.85ns)   --->   "%br_ln80 = br void %_ZN12packetHeaderILi64ELi96EE11consumeWordER7ap_uintILi64EE.exit122.i" [/home/weigao/Desktop/Vitis_with_100Gbps_TCP-IP/fpga-network-stack/hls/rocev2/../ib_transport_protocol/../packet.hpp:80]   --->   Operation 51 'br' 'br_ln80' <Predicate = (state_2_load == 2 & tmp_i_251 & icmp_ln76_1)> <Delay = 0.85>
ST_1 : Operation 52 [1/1] (0.00ns)   --->   "%tmp = partselect i9 @_ssdm_op_PartSelect.i9.i128.i32.i32, i128 %tx_shift2ibhFifo_read_1, i32 64, i32 72" [/home/weigao/Desktop/Vitis_with_100Gbps_TCP-IP/fpga-network-stack/hls/rocev2/../ib_transport_protocol/ib_transport_protocol.cpp:1581]   --->   Operation 52 'partselect' 'tmp' <Predicate = (state_2_load == 2 & tmp_i_251)> <Delay = 0.00>
ST_1 : Operation 53 [1/1] (0.00ns) (grouped into LUT with out node select_ln1588_cast_i)   --->   "%xor_ln1588 = xor i1 %currWord_last_V_14, i1 1" [/home/weigao/Desktop/Vitis_with_100Gbps_TCP-IP/fpga-network-stack/hls/rocev2/../ib_transport_protocol/ib_transport_protocol.cpp:1588]   --->   Operation 53 'xor' 'xor_ln1588' <Predicate = (state_2_load == 2 & tmp_i_251)> <Delay = 0.00> <CoreInst = "LogicGate">   --->   Core 74 'LogicGate' <Latency = 0> <II = 1> <Delay = 0.48> <FuncUnit> <Opcode : 'and' 'or' 'xor'> <InPorts = 2> <OutPorts = 1>
ST_1 : Operation 54 [1/1] (0.49ns) (out node of the LUT)   --->   "%select_ln1588_cast_i = select i1 %xor_ln1588, i2 3, i2 0" [/home/weigao/Desktop/Vitis_with_100Gbps_TCP-IP/fpga-network-stack/hls/rocev2/../ib_transport_protocol/ib_transport_protocol.cpp:1588]   --->   Operation 54 'select' 'select_ln1588_cast_i' <Predicate = (state_2_load == 2 & tmp_i_251)> <Delay = 0.49> <CoreInst = "Sel">   --->   Core 73 'Sel' <Latency = 0> <II = 1> <Delay = 0.49> <FuncUnit> <Opcode : 'select'> <InPorts = 3> <OutPorts = 1>
ST_1 : Operation 55 [1/1] (0.87ns)   --->   "%store_ln1588 = store i2 %select_ln1588_cast_i, i2 %state_2" [/home/weigao/Desktop/Vitis_with_100Gbps_TCP-IP/fpga-network-stack/hls/rocev2/../ib_transport_protocol/ib_transport_protocol.cpp:1588]   --->   Operation 55 'store' 'store_ln1588' <Predicate = (state_2_load == 2 & tmp_i_251)> <Delay = 0.87>
ST_1 : Operation 56 [1/1] (0.00ns)   --->   "%br_ln1593 = br void %prepend_ibh_header<64>.exit" [/home/weigao/Desktop/Vitis_with_100Gbps_TCP-IP/fpga-network-stack/hls/rocev2/../ib_transport_protocol/ib_transport_protocol.cpp:1593]   --->   Operation 56 'br' 'br_ln1593' <Predicate = (state_2_load == 2)> <Delay = 0.00>
ST_1 : Operation 57 [1/1] (0.00ns)   --->   "%trunc_ln76 = trunc i16 %header_idx_1_load" [/home/weigao/Desktop/Vitis_with_100Gbps_TCP-IP/fpga-network-stack/hls/rocev2/../ib_transport_protocol/../packet.hpp:76]   --->   Operation 57 'trunc' 'trunc_ln76' <Predicate = (state_2_load == 1)> <Delay = 0.00>
ST_1 : Operation 58 [1/1] (0.00ns)   --->   "%trunc_ln76_1 = trunc i16 %header_idx_1_load" [/home/weigao/Desktop/Vitis_with_100Gbps_TCP-IP/fpga-network-stack/hls/rocev2/../ib_transport_protocol/../packet.hpp:76]   --->   Operation 58 'trunc' 'trunc_ln76_1' <Predicate = (state_2_load == 1)> <Delay = 0.00>
ST_1 : Operation 59 [1/1] (0.00ns)   --->   "%shl_ln = bitconcatenate i22 @_ssdm_op_BitConcatenate.i22.i16.i6, i16 %header_idx_1_load, i6 0" [/home/weigao/Desktop/Vitis_with_100Gbps_TCP-IP/fpga-network-stack/hls/rocev2/../ib_transport_protocol/../packet.hpp:76]   --->   Operation 59 'bitconcatenate' 'shl_ln' <Predicate = (state_2_load == 1)> <Delay = 0.00>
ST_1 : Operation 60 [1/1] (0.00ns)   --->   "%zext_ln76 = zext i22 %shl_ln" [/home/weigao/Desktop/Vitis_with_100Gbps_TCP-IP/fpga-network-stack/hls/rocev2/../ib_transport_protocol/../packet.hpp:76]   --->   Operation 60 'zext' 'zext_ln76' <Predicate = (state_2_load == 1)> <Delay = 0.00>
ST_1 : Operation 61 [1/1] (1.38ns)   --->   "%add_ln76 = add i23 %zext_ln76, i23 64" [/home/weigao/Desktop/Vitis_with_100Gbps_TCP-IP/fpga-network-stack/hls/rocev2/../ib_transport_protocol/../packet.hpp:76]   --->   Operation 61 'add' 'add_ln76' <Predicate = (state_2_load == 1)> <Delay = 1.38> <CoreInst = "Adder">   --->   Core 1 'Adder' <Latency = 0> <II = 1> <Delay = 1.38> <FuncUnit> <Opcode : 'add' 'sub'> <InPorts = 2> <OutPorts = 1>
ST_1 : Operation 62 [1/1] (1.21ns)   --->   "%icmp_ln76 = icmp_ult  i23 %add_ln76, i23 97" [/home/weigao/Desktop/Vitis_with_100Gbps_TCP-IP/fpga-network-stack/hls/rocev2/../ib_transport_protocol/../packet.hpp:76]   --->   Operation 62 'icmp' 'icmp_ln76' <Predicate = (state_2_load == 1)> <Delay = 1.21> <CoreInst = "Cmp">   --->   Core 9 'Cmp' <Latency = 0> <II = 1> <Delay = 1.21> <FuncUnit> <Opcode : 'icmp'> <InPorts = 2> <OutPorts = 1>
ST_1 : Operation 63 [1/1] (0.00ns)   --->   "%br_ln76 = br i1 %icmp_ln76, void %if.else.i.i, void %if.then.i.i" [/home/weigao/Desktop/Vitis_with_100Gbps_TCP-IP/fpga-network-stack/hls/rocev2/../ib_transport_protocol/../packet.hpp:76]   --->   Operation 63 'br' 'br_ln76' <Predicate = (state_2_load == 1)> <Delay = 0.00>
ST_1 : Operation 64 [1/1] (1.21ns)   --->   "%icmp_ln82 = icmp_ult  i22 %shl_ln, i22 96" [/home/weigao/Desktop/Vitis_with_100Gbps_TCP-IP/fpga-network-stack/hls/rocev2/../ib_transport_protocol/../packet.hpp:82]   --->   Operation 64 'icmp' 'icmp_ln82' <Predicate = (state_2_load == 1 & !icmp_ln76)> <Delay = 1.21> <CoreInst = "Cmp">   --->   Core 9 'Cmp' <Latency = 0> <II = 1> <Delay = 1.21> <FuncUnit> <Opcode : 'icmp'> <InPorts = 2> <OutPorts = 1>
ST_1 : Operation 65 [1/1] (0.84ns)   --->   "%br_ln82 = br i1 %icmp_ln82, void %_ZN12packetHeaderILi64ELi96EE11consumeWordER7ap_uintILi64EE.exit.i, void %if.then19.i.i" [/home/weigao/Desktop/Vitis_with_100Gbps_TCP-IP/fpga-network-stack/hls/rocev2/../ib_transport_protocol/../packet.hpp:82]   --->   Operation 65 'br' 'br_ln82' <Predicate = (state_2_load == 1 & !icmp_ln76)> <Delay = 0.84>
ST_1 : Operation 66 [1/1] (0.00ns)   --->   "%tmp_31 = bitconcatenate i7 @_ssdm_op_BitConcatenate.i7.i1.i6, i1 %trunc_ln76_1, i6 0"   --->   Operation 66 'bitconcatenate' 'tmp_31' <Predicate = (state_2_load == 1 & !icmp_ln76 & icmp_ln82)> <Delay = 0.00>
ST_1 : Operation 67 [1/1] (0.00ns) (grouped into LUT with out node p_Result_s)   --->   "%zext_ln628_1 = zext i7 %tmp_31"   --->   Operation 67 'zext' 'zext_ln628_1' <Predicate = (state_2_load == 1 & !icmp_ln76 & icmp_ln82)> <Delay = 0.00>
ST_1 : Operation 68 [1/1] (0.00ns) (grouped into LUT with out node p_Result_s)   --->   "%zext_ln628_2 = zext i7 %tmp_31"   --->   Operation 68 'zext' 'zext_ln628_2' <Predicate = (state_2_load == 1 & !icmp_ln76 & icmp_ln82)> <Delay = 0.00>
ST_1 : Operation 69 [1/1] (0.00ns) (grouped into LUT with out node p_Result_s)   --->   "%lshr_ln628_1 = lshr i96 %p_Val2_s, i96 %zext_ln628_1"   --->   Operation 69 'lshr' 'lshr_ln628_1' <Predicate = (state_2_load == 1 & !icmp_ln76 & icmp_ln82)> <Delay = 0.00> <CoreInst = "Shifter">   --->   Core 75 'Shifter' <Latency = 0> <II = 1> <Delay = 2.36> <FuncUnit> <Opcode : 'shl' 'lshr' 'ashr'> <InPorts = 2> <OutPorts = 1>
ST_1 : Operation 70 [1/1] (0.00ns) (grouped into LUT with out node p_Result_s)   --->   "%lshr_ln628_2 = lshr i96 79228162514264337593543950335, i96 %zext_ln628_2"   --->   Operation 70 'lshr' 'lshr_ln628_2' <Predicate = (state_2_load == 1 & !icmp_ln76 & icmp_ln82)> <Delay = 0.00> <CoreInst = "Shifter">   --->   Core 75 'Shifter' <Latency = 0> <II = 1> <Delay = 1.58> <FuncUnit> <Opcode : 'shl' 'lshr' 'ashr'> <InPorts = 2> <OutPorts = 1>
ST_1 : Operation 71 [1/1] (2.36ns) (out node of the LUT)   --->   "%p_Result_s = and i96 %lshr_ln628_1, i96 %lshr_ln628_2"   --->   Operation 71 'and' 'p_Result_s' <Predicate = (state_2_load == 1 & !icmp_ln76 & icmp_ln82)> <Delay = 2.36> <CoreInst = "LogicGate">   --->   Core 74 'LogicGate' <Latency = 0> <II = 1> <Delay = 0.54> <FuncUnit> <Opcode : 'and' 'or' 'xor'> <InPorts = 2> <OutPorts = 1>
ST_1 : Operation 72 [1/1] (0.00ns)   --->   "%trunc_ln368 = trunc i96 %p_Result_s"   --->   Operation 72 'trunc' 'trunc_ln368' <Predicate = (state_2_load == 1 & !icmp_ln76 & icmp_ln82)> <Delay = 0.00>
ST_1 : Operation 73 [1/1] (0.00ns)   --->   "%p_Result_12 = partset i64 @_ssdm_op_PartSet.i64.i64.i32.i32.i32, i64 0, i32 %trunc_ln368, i32 0, i32 31"   --->   Operation 73 'partset' 'p_Result_12' <Predicate = (state_2_load == 1 & !icmp_ln76 & icmp_ln82)> <Delay = 0.00>
ST_1 : Operation 74 [1/1] (1.30ns)   --->   "%add_ln85 = add i16 %header_idx_1_load, i16 1" [/home/weigao/Desktop/Vitis_with_100Gbps_TCP-IP/fpga-network-stack/hls/rocev2/../ib_transport_protocol/../packet.hpp:85]   --->   Operation 74 'add' 'add_ln85' <Predicate = (state_2_load == 1 & !icmp_ln76 & icmp_ln82)> <Delay = 1.30> <CoreInst = "Adder">   --->   Core 1 'Adder' <Latency = 0> <II = 1> <Delay = 1.30> <FuncUnit> <Opcode : 'add' 'sub'> <InPorts = 2> <OutPorts = 1>
ST_1 : Operation 75 [1/1] (0.88ns)   --->   "%store_ln85 = store i16 %add_ln85, i16 %header_idx_1" [/home/weigao/Desktop/Vitis_with_100Gbps_TCP-IP/fpga-network-stack/hls/rocev2/../ib_transport_protocol/../packet.hpp:85]   --->   Operation 75 'store' 'store_ln85' <Predicate = (state_2_load == 1 & !icmp_ln76 & icmp_ln82)> <Delay = 0.88>
ST_1 : Operation 76 [1/1] (0.84ns)   --->   "%br_ln86 = br void %_ZN12packetHeaderILi64ELi96EE11consumeWordER7ap_uintILi64EE.exit.i" [/home/weigao/Desktop/Vitis_with_100Gbps_TCP-IP/fpga-network-stack/hls/rocev2/../ib_transport_protocol/../packet.hpp:86]   --->   Operation 76 'br' 'br_ln86' <Predicate = (state_2_load == 1 & !icmp_ln76 & icmp_ln82)> <Delay = 0.84>
ST_1 : Operation 77 [1/1] (0.00ns)   --->   "%tmp_26 = bitconcatenate i7 @_ssdm_op_BitConcatenate.i7.i1.i6, i1 %trunc_ln76, i6 0"   --->   Operation 77 'bitconcatenate' 'tmp_26' <Predicate = (state_2_load == 1 & icmp_ln76)> <Delay = 0.00>
ST_1 : Operation 78 [1/1] (0.00ns)   --->   "%zext_ln628 = zext i7 %tmp_26"   --->   Operation 78 'zext' 'zext_ln628' <Predicate = (state_2_load == 1 & icmp_ln76)> <Delay = 0.00>
ST_1 : Operation 79 [1/1] (2.36ns)   --->   "%lshr_ln628 = lshr i96 %p_Val2_s, i96 %zext_ln628"   --->   Operation 79 'lshr' 'lshr_ln628' <Predicate = (state_2_load == 1 & icmp_ln76)> <Delay = 2.36> <CoreInst = "Shifter">   --->   Core 75 'Shifter' <Latency = 0> <II = 1> <Delay = 2.36> <FuncUnit> <Opcode : 'shl' 'lshr' 'ashr'> <InPorts = 2> <OutPorts = 1>
ST_1 : Operation 80 [1/1] (0.00ns)   --->   "%currWord_data_V = trunc i96 %lshr_ln628"   --->   Operation 80 'trunc' 'currWord_data_V' <Predicate = (state_2_load == 1 & icmp_ln76)> <Delay = 0.00>
ST_1 : Operation 81 [1/1] (1.30ns)   --->   "%add_ln79 = add i16 %header_idx_1_load, i16 1" [/home/weigao/Desktop/Vitis_with_100Gbps_TCP-IP/fpga-network-stack/hls/rocev2/../ib_transport_protocol/../packet.hpp:79]   --->   Operation 81 'add' 'add_ln79' <Predicate = (state_2_load == 1 & icmp_ln76)> <Delay = 1.30> <CoreInst = "Adder">   --->   Core 1 'Adder' <Latency = 0> <II = 1> <Delay = 1.30> <FuncUnit> <Opcode : 'add' 'sub'> <InPorts = 2> <OutPorts = 1>
ST_1 : Operation 82 [1/1] (0.88ns)   --->   "%store_ln79 = store i16 %add_ln79, i16 %header_idx_1" [/home/weigao/Desktop/Vitis_with_100Gbps_TCP-IP/fpga-network-stack/hls/rocev2/../ib_transport_protocol/../packet.hpp:79]   --->   Operation 82 'store' 'store_ln79' <Predicate = (state_2_load == 1 & icmp_ln76)> <Delay = 0.88>
ST_1 : Operation 83 [1/1] (0.00ns)   --->   "%shl_ln4 = bitconcatenate i22 @_ssdm_op_BitConcatenate.i22.i16.i6, i16 %add_ln79, i6 0" [/home/weigao/Desktop/Vitis_with_100Gbps_TCP-IP/fpga-network-stack/hls/rocev2/../ib_transport_protocol/../packet.hpp:80]   --->   Operation 83 'bitconcatenate' 'shl_ln4' <Predicate = (state_2_load == 1 & icmp_ln76)> <Delay = 0.00>
ST_1 : Operation 84 [1/1] (0.00ns)   --->   "%zext_ln80 = zext i22 %shl_ln4" [/home/weigao/Desktop/Vitis_with_100Gbps_TCP-IP/fpga-network-stack/hls/rocev2/../ib_transport_protocol/../packet.hpp:80]   --->   Operation 84 'zext' 'zext_ln80' <Predicate = (state_2_load == 1 & icmp_ln76)> <Delay = 0.00>
ST_1 : Operation 85 [1/1] (1.38ns)   --->   "%sub_ln80 = sub i23 96, i23 %zext_ln80" [/home/weigao/Desktop/Vitis_with_100Gbps_TCP-IP/fpga-network-stack/hls/rocev2/../ib_transport_protocol/../packet.hpp:80]   --->   Operation 85 'sub' 'sub_ln80' <Predicate = (state_2_load == 1 & icmp_ln76)> <Delay = 1.38> <CoreInst = "Adder">   --->   Core 1 'Adder' <Latency = 0> <II = 1> <Delay = 1.38> <FuncUnit> <Opcode : 'add' 'sub'> <InPorts = 2> <OutPorts = 1>
ST_1 : Operation 86 [1/1] (0.00ns)   --->   "%trunc_ln80 = trunc i23 %sub_ln80" [/home/weigao/Desktop/Vitis_with_100Gbps_TCP-IP/fpga-network-stack/hls/rocev2/../ib_transport_protocol/../packet.hpp:80]   --->   Operation 86 'trunc' 'trunc_ln80' <Predicate = (state_2_load == 1 & icmp_ln76)> <Delay = 0.00>
ST_1 : Operation 87 [1/1] (0.00ns) (grouped into LUT with out node icmp_ln80)   --->   "%tmp_27 = bitselect i1 @_ssdm_op_BitSelect.i1.i23.i32, i23 %sub_ln80, i32 22" [/home/weigao/Desktop/Vitis_with_100Gbps_TCP-IP/fpga-network-stack/hls/rocev2/../ib_transport_protocol/../packet.hpp:80]   --->   Operation 87 'bitselect' 'tmp_27' <Predicate = (state_2_load == 1 & icmp_ln76)> <Delay = 0.00>
ST_1 : Operation 88 [1/1] (1.33ns)   --->   "%sub_ln80_1 = sub i11 0, i11 %trunc_ln80" [/home/weigao/Desktop/Vitis_with_100Gbps_TCP-IP/fpga-network-stack/hls/rocev2/../ib_transport_protocol/../packet.hpp:80]   --->   Operation 88 'sub' 'sub_ln80_1' <Predicate = (state_2_load == 1 & icmp_ln76)> <Delay = 1.33> <CoreInst = "Adder">   --->   Core 1 'Adder' <Latency = 0> <II = 1> <Delay = 1.33> <FuncUnit> <Opcode : 'add' 'sub'> <InPorts = 2> <OutPorts = 1>
ST_1 : Operation 89 [1/1] (0.00ns)   --->   "%trunc_ln80_5 = partselect i8 @_ssdm_op_PartSelect.i8.i11.i32.i32, i11 %sub_ln80_1, i32 3, i32 10" [/home/weigao/Desktop/Vitis_with_100Gbps_TCP-IP/fpga-network-stack/hls/rocev2/../ib_transport_protocol/../packet.hpp:80]   --->   Operation 89 'partselect' 'trunc_ln80_5' <Predicate = (state_2_load == 1 & icmp_ln76)> <Delay = 0.00>
ST_1 : Operation 90 [1/1] (1.35ns)   --->   "%sub_ln80_2 = sub i8 0, i8 %trunc_ln80_5" [/home/weigao/Desktop/Vitis_with_100Gbps_TCP-IP/fpga-network-stack/hls/rocev2/../ib_transport_protocol/../packet.hpp:80]   --->   Operation 90 'sub' 'sub_ln80_2' <Predicate = (state_2_load == 1 & icmp_ln76)> <Delay = 1.35> <CoreInst = "Adder">   --->   Core 1 'Adder' <Latency = 0> <II = 1> <Delay = 1.35> <FuncUnit> <Opcode : 'add' 'sub'> <InPorts = 2> <OutPorts = 1>
ST_1 : Operation 91 [1/1] (0.00ns) (grouped into LUT with out node icmp_ln80)   --->   "%tmp_28 = partselect i5 @_ssdm_op_PartSelect.i5.i8.i32.i32, i8 %sub_ln80_2, i32 3, i32 7" [/home/weigao/Desktop/Vitis_with_100Gbps_TCP-IP/fpga-network-stack/hls/rocev2/../ib_transport_protocol/../packet.hpp:80]   --->   Operation 91 'partselect' 'tmp_28' <Predicate = (state_2_load == 1 & icmp_ln76)> <Delay = 0.00>
ST_1 : Operation 92 [1/1] (0.00ns) (grouped into LUT with out node icmp_ln80)   --->   "%tmp_29 = partselect i5 @_ssdm_op_PartSelect.i5.i23.i32.i32, i23 %sub_ln80, i32 6, i32 10" [/home/weigao/Desktop/Vitis_with_100Gbps_TCP-IP/fpga-network-stack/hls/rocev2/../ib_transport_protocol/../packet.hpp:80]   --->   Operation 92 'partselect' 'tmp_29' <Predicate = (state_2_load == 1 & icmp_ln76)> <Delay = 0.00>
ST_1 : Operation 93 [1/1] (0.00ns) (grouped into LUT with out node icmp_ln80)   --->   "%select_ln80 = select i1 %tmp_27, i5 %tmp_28, i5 %tmp_29" [/home/weigao/Desktop/Vitis_with_100Gbps_TCP-IP/fpga-network-stack/hls/rocev2/../ib_transport_protocol/../packet.hpp:80]   --->   Operation 93 'select' 'select_ln80' <Predicate = (state_2_load == 1 & icmp_ln76)> <Delay = 0.00> <CoreInst = "Sel">   --->   Core 73 'Sel' <Latency = 0> <II = 1> <Delay = 0.62> <FuncUnit> <Opcode : 'select'> <InPorts = 3> <OutPorts = 1>
ST_1 : Operation 94 [1/1] (0.87ns) (out node of the LUT)   --->   "%icmp_ln80 = icmp_eq  i5 %select_ln80, i5 0" [/home/weigao/Desktop/Vitis_with_100Gbps_TCP-IP/fpga-network-stack/hls/rocev2/../ib_transport_protocol/../packet.hpp:80]   --->   Operation 94 'icmp' 'icmp_ln80' <Predicate = (state_2_load == 1 & icmp_ln76)> <Delay = 0.87> <CoreInst = "Cmp">   --->   Core 9 'Cmp' <Latency = 0> <II = 1> <Delay = 0.87> <FuncUnit> <Opcode : 'icmp'> <InPorts = 2> <OutPorts = 1>
ST_1 : Operation 95 [1/1] (0.84ns)   --->   "%br_ln80 = br void %_ZN12packetHeaderILi64ELi96EE11consumeWordER7ap_uintILi64EE.exit.i" [/home/weigao/Desktop/Vitis_with_100Gbps_TCP-IP/fpga-network-stack/hls/rocev2/../ib_transport_protocol/../packet.hpp:80]   --->   Operation 95 'br' 'br_ln80' <Predicate = (state_2_load == 1 & icmp_ln76)> <Delay = 0.84>
ST_1 : Operation 96 [1/1] (0.00ns)   --->   "%phi_ln1027 = phi i1 %icmp_ln80, void %if.then.i.i, i1 1, void %if.then19.i.i, i1 1, void %if.else.i.i"   --->   Operation 96 'phi' 'phi_ln1027' <Predicate = (state_2_load == 1)> <Delay = 0.00>
ST_1 : Operation 97 [1/1] (0.00ns)   --->   "%br_ln1563 = br i1 %phi_ln1027, void %if.end7.i, void %if.then6.i" [/home/weigao/Desktop/Vitis_with_100Gbps_TCP-IP/fpga-network-stack/hls/rocev2/../ib_transport_protocol/ib_transport_protocol.cpp:1563]   --->   Operation 97 'br' 'br_ln1563' <Predicate = (state_2_load == 1)> <Delay = 0.00>
ST_1 : Operation 98 [1/1] (0.87ns)   --->   "%store_ln1565 = store i2 2, i2 %state_2" [/home/weigao/Desktop/Vitis_with_100Gbps_TCP-IP/fpga-network-stack/hls/rocev2/../ib_transport_protocol/ib_transport_protocol.cpp:1565]   --->   Operation 98 'store' 'store_ln1565' <Predicate = (state_2_load == 1 & phi_ln1027)> <Delay = 0.87>
ST_1 : Operation 99 [1/1] (0.00ns)   --->   "%br_ln1566 = br void %if.end7.i" [/home/weigao/Desktop/Vitis_with_100Gbps_TCP-IP/fpga-network-stack/hls/rocev2/../ib_transport_protocol/ib_transport_protocol.cpp:1566]   --->   Operation 99 'br' 'br_ln1566' <Predicate = (state_2_load == 1 & phi_ln1027)> <Delay = 0.00>
ST_1 : Operation 100 [1/1] (0.00ns)   --->   "%tmp_128_i = nbreadreq i1 @_ssdm_op_NbReadReq.ap_fifo.i128P0A, i128 %tx_shift2ibhFifo, i32 1" [/home/weigao/Desktop/Vitis_with_100Gbps_TCP-IP/fpga-network-stack/hls/rocev2/../ib_transport_protocol/ib_transport_protocol.cpp:1595]   --->   Operation 100 'nbreadreq' 'tmp_128_i' <Predicate = (state_2_load == 3)> <Delay = 0.00> <CoreInst = "FIFO_SRL">   --->   Core 81 'FIFO_SRL' <Latency = 0> <II = 1> <Delay = 2.43> <Storage> <Opcode : 'read' 'write' 'nbread' 'nbwrite'> <Ports = 0> <Width = 128> <Depth = 8> <FIFO>
ST_1 : Operation 101 [1/1] (0.00ns)   --->   "%br_ln1595 = br i1 %tmp_128_i, void %if.end32.i, void %if.then24.i" [/home/weigao/Desktop/Vitis_with_100Gbps_TCP-IP/fpga-network-stack/hls/rocev2/../ib_transport_protocol/ib_transport_protocol.cpp:1595]   --->   Operation 101 'br' 'br_ln1595' <Predicate = (state_2_load == 3)> <Delay = 0.00>
ST_1 : Operation 102 [1/1] (2.33ns)   --->   "%tx_shift2ibhFifo_read = read i128 @_ssdm_op_Read.ap_fifo.volatile.i128P0A, i128 %tx_shift2ibhFifo" [/home/weigao/Desktop/Vitis_with_100Gbps_TCP-IP/fpga-network-stack/hls/rocev2/../ib_transport_protocol/ib_transport_protocol.cpp:1597]   --->   Operation 102 'read' 'tx_shift2ibhFifo_read' <Predicate = (state_2_load == 3 & tmp_128_i)> <Delay = 2.33> <CoreInst = "FIFO_SRL">   --->   Core 81 'FIFO_SRL' <Latency = 0> <II = 1> <Delay = 2.43> <Storage> <Opcode : 'read' 'write' 'nbread' 'nbwrite'> <Ports = 0> <Width = 128> <Depth = 8> <FIFO>
ST_1 : Operation 103 [1/1] (0.00ns)   --->   "%currWord_last_V = bitselect i1 @_ssdm_op_BitSelect.i1.i128.i128, i128 %tx_shift2ibhFifo_read, i128 72" [/home/weigao/Desktop/Vitis_with_100Gbps_TCP-IP/fpga-network-stack/hls/rocev2/../ib_transport_protocol/ib_transport_protocol.cpp:1597]   --->   Operation 103 'bitselect' 'currWord_last_V' <Predicate = (state_2_load == 3 & tmp_128_i)> <Delay = 0.00>
ST_1 : Operation 104 [1/1] (0.00ns)   --->   "%br_ln1604 = br i1 %currWord_last_V, void %if.end31.i, void %if.then30.i" [/home/weigao/Desktop/Vitis_with_100Gbps_TCP-IP/fpga-network-stack/hls/rocev2/../ib_transport_protocol/ib_transport_protocol.cpp:1604]   --->   Operation 104 'br' 'br_ln1604' <Predicate = (state_2_load == 3 & tmp_128_i)> <Delay = 0.00>
ST_1 : Operation 105 [1/1] (0.87ns)   --->   "%store_ln1606 = store i2 0, i2 %state_2" [/home/weigao/Desktop/Vitis_with_100Gbps_TCP-IP/fpga-network-stack/hls/rocev2/../ib_transport_protocol/ib_transport_protocol.cpp:1606]   --->   Operation 105 'store' 'store_ln1606' <Predicate = (state_2_load == 3 & tmp_128_i & currWord_last_V)> <Delay = 0.87>
ST_1 : Operation 106 [1/1] (0.00ns)   --->   "%br_ln1607 = br void %if.end31.i" [/home/weigao/Desktop/Vitis_with_100Gbps_TCP-IP/fpga-network-stack/hls/rocev2/../ib_transport_protocol/ib_transport_protocol.cpp:1607]   --->   Operation 106 'br' 'br_ln1607' <Predicate = (state_2_load == 3 & tmp_128_i & currWord_last_V)> <Delay = 0.00>
ST_1 : Operation 107 [1/1] (0.00ns)   --->   "%br_ln1608 = br void %if.end32.i" [/home/weigao/Desktop/Vitis_with_100Gbps_TCP-IP/fpga-network-stack/hls/rocev2/../ib_transport_protocol/ib_transport_protocol.cpp:1608]   --->   Operation 107 'br' 'br_ln1608' <Predicate = (state_2_load == 3 & tmp_128_i)> <Delay = 0.00>
ST_1 : Operation 108 [1/1] (0.00ns)   --->   "%br_ln1609 = br void %prepend_ibh_header<64>.exit" [/home/weigao/Desktop/Vitis_with_100Gbps_TCP-IP/fpga-network-stack/hls/rocev2/../ib_transport_protocol/ib_transport_protocol.cpp:1609]   --->   Operation 108 'br' 'br_ln1609' <Predicate = (state_2_load == 3)> <Delay = 0.00>
ST_1 : Operation 109 [1/1] (0.00ns)   --->   "%tmp_i = nbreadreq i1 @_ssdm_op_NbReadReq.ap_fifo.i113P0A, i113 %tx_ibhHeaderFifo, i32 1" [/home/weigao/Desktop/Vitis_with_100Gbps_TCP-IP/fpga-network-stack/hls/rocev2/../ib_transport_protocol/ib_transport_protocol.cpp:1547]   --->   Operation 109 'nbreadreq' 'tmp_i' <Predicate = (state_2_load == 0)> <Delay = 0.00> <CoreInst = "FIFO_SRL">   --->   Core 81 'FIFO_SRL' <Latency = 0> <II = 1> <Delay = 2.39> <Storage> <Opcode : 'read' 'write' 'nbread' 'nbwrite'> <Ports = 0> <Width = 113> <Depth = 2> <FIFO>
ST_1 : Operation 110 [1/1] (0.00ns)   --->   "%br_ln1547 = br i1 %tmp_i, void %if.end.i, void %if.then.i" [/home/weigao/Desktop/Vitis_with_100Gbps_TCP-IP/fpga-network-stack/hls/rocev2/../ib_transport_protocol/ib_transport_protocol.cpp:1547]   --->   Operation 110 'br' 'br_ln1547' <Predicate = (state_2_load == 0)> <Delay = 0.00>
ST_1 : Operation 111 [1/1] (2.33ns)   --->   "%tx_ibhHeaderFifo_read = read i113 @_ssdm_op_Read.ap_fifo.volatile.i113P0A, i113 %tx_ibhHeaderFifo" [/home/weigao/Desktop/Vitis_with_100Gbps_TCP-IP/fpga-network-stack/hls/rocev2/../ib_transport_protocol/ib_transport_protocol.cpp:1549]   --->   Operation 111 'read' 'tx_ibhHeaderFifo_read' <Predicate = (state_2_load == 0 & tmp_i)> <Delay = 2.33> <CoreInst = "FIFO_SRL">   --->   Core 81 'FIFO_SRL' <Latency = 0> <II = 1> <Delay = 2.39> <Storage> <Opcode : 'read' 'write' 'nbread' 'nbwrite'> <Ports = 0> <Width = 113> <Depth = 2> <FIFO>
ST_1 : Operation 112 [1/1] (0.00ns)   --->   "%trunc_ln1549_1 = partselect i16 @_ssdm_op_PartSelect.i16.i113.i32.i32, i113 %tx_ibhHeaderFifo_read, i32 1, i32 16" [/home/weigao/Desktop/Vitis_with_100Gbps_TCP-IP/fpga-network-stack/hls/rocev2/../ib_transport_protocol/ib_transport_protocol.cpp:1549]   --->   Operation 112 'partselect' 'trunc_ln1549_1' <Predicate = (state_2_load == 0 & tmp_i)> <Delay = 0.00>
ST_1 : Operation 113 [1/1] (0.00ns)   --->   "%trunc_ln1549_2 = partselect i96 @_ssdm_op_PartSelect.i96.i113.i32.i32, i113 %tx_ibhHeaderFifo_read, i32 17, i32 112" [/home/weigao/Desktop/Vitis_with_100Gbps_TCP-IP/fpga-network-stack/hls/rocev2/../ib_transport_protocol/ib_transport_protocol.cpp:1549]   --->   Operation 113 'partselect' 'trunc_ln1549_2' <Predicate = (state_2_load == 0 & tmp_i)> <Delay = 0.00>
ST_1 : Operation 114 [1/1] (0.88ns)   --->   "%store_ln1549 = store i16 %trunc_ln1549_1, i16 %header_idx_1" [/home/weigao/Desktop/Vitis_with_100Gbps_TCP-IP/fpga-network-stack/hls/rocev2/../ib_transport_protocol/ib_transport_protocol.cpp:1549]   --->   Operation 114 'store' 'store_ln1549' <Predicate = (state_2_load == 0 & tmp_i)> <Delay = 0.88>
ST_1 : Operation 115 [1/1] (0.00ns)   --->   "%store_ln1549 = store i96 %trunc_ln1549_2, i96 %header_header_V_1" [/home/weigao/Desktop/Vitis_with_100Gbps_TCP-IP/fpga-network-stack/hls/rocev2/../ib_transport_protocol/ib_transport_protocol.cpp:1549]   --->   Operation 115 'store' 'store_ln1549' <Predicate = (state_2_load == 0 & tmp_i)> <Delay = 0.00>
ST_1 : Operation 116 [1/1] (0.87ns)   --->   "%store_ln1552 = store i2 1, i2 %state_2" [/home/weigao/Desktop/Vitis_with_100Gbps_TCP-IP/fpga-network-stack/hls/rocev2/../ib_transport_protocol/ib_transport_protocol.cpp:1552]   --->   Operation 116 'store' 'store_ln1552' <Predicate = (state_2_load == 0 & tmp_i)> <Delay = 0.87>
ST_1 : Operation 117 [1/1] (0.00ns)   --->   "%br_ln1558 = br void %if.end.i" [/home/weigao/Desktop/Vitis_with_100Gbps_TCP-IP/fpga-network-stack/hls/rocev2/../ib_transport_protocol/ib_transport_protocol.cpp:1558]   --->   Operation 117 'br' 'br_ln1558' <Predicate = (state_2_load == 0 & tmp_i)> <Delay = 0.00>
ST_1 : Operation 118 [1/1] (0.00ns)   --->   "%br_ln1559 = br void %prepend_ibh_header<64>.exit" [/home/weigao/Desktop/Vitis_with_100Gbps_TCP-IP/fpga-network-stack/hls/rocev2/../ib_transport_protocol/ib_transport_protocol.cpp:1559]   --->   Operation 118 'br' 'br_ln1559' <Predicate = (state_2_load == 0)> <Delay = 0.00>

State 2 <SV = 1> <Delay = 2.33>
ST_2 : Operation 119 [1/1] (0.00ns)   --->   "%currWord_data_V_6 = phi i64 %currWord_data_V_4, void %if.then.i113.i, i64 %p_Result_14, void %if.then19.i120.i, i64 %currWord_data_V_7, void %if.else.i116.i"   --->   Operation 119 'phi' 'currWord_data_V_6' <Predicate = (state_2_load == 2 & tmp_i_251)> <Delay = 0.00>
ST_2 : Operation 120 [1/1] (0.00ns)   --->   "%tmp_s = bitconcatenate i73 @_ssdm_op_BitConcatenate.i73.i9.i64, i9 %tmp, i64 %currWord_data_V_6" [/home/weigao/Desktop/Vitis_with_100Gbps_TCP-IP/fpga-network-stack/hls/rocev2/../ib_transport_protocol/ib_transport_protocol.cpp:1581]   --->   Operation 120 'bitconcatenate' 'tmp_s' <Predicate = (state_2_load == 2 & tmp_i_251)> <Delay = 0.00>
ST_2 : Operation 121 [1/1] (0.00ns)   --->   "%zext_ln1581 = zext i73 %tmp_s" [/home/weigao/Desktop/Vitis_with_100Gbps_TCP-IP/fpga-network-stack/hls/rocev2/../ib_transport_protocol/ib_transport_protocol.cpp:1581]   --->   Operation 121 'zext' 'zext_ln1581' <Predicate = (state_2_load == 2 & tmp_i_251)> <Delay = 0.00>
ST_2 : Operation 122 [1/1] (2.33ns)   --->   "%write_ln1581 = write void @_ssdm_op_Write.ap_fifo.volatile.i128P0A, i128 %tx_ib2udpFifo, i128 %zext_ln1581" [/home/weigao/Desktop/Vitis_with_100Gbps_TCP-IP/fpga-network-stack/hls/rocev2/../ib_transport_protocol/ib_transport_protocol.cpp:1581]   --->   Operation 122 'write' 'write_ln1581' <Predicate = (state_2_load == 2 & tmp_i_251)> <Delay = 2.33> <CoreInst = "FIFO_SRL">   --->   Core 81 'FIFO_SRL' <Latency = 0> <II = 1> <Delay = 2.39> <Storage> <Opcode : 'read' 'write' 'nbread' 'nbwrite'> <Ports = 0> <Width = 128> <Depth = 2> <FIFO>
ST_2 : Operation 123 [1/1] (0.00ns)   --->   "%br_ln1592 = br void %if.end21.i" [/home/weigao/Desktop/Vitis_with_100Gbps_TCP-IP/fpga-network-stack/hls/rocev2/../ib_transport_protocol/ib_transport_protocol.cpp:1592]   --->   Operation 123 'br' 'br_ln1592' <Predicate = (state_2_load == 2 & tmp_i_251)> <Delay = 0.00>
ST_2 : Operation 124 [1/1] (0.00ns)   --->   "%currWord_data_V_3 = phi i64 %currWord_data_V, void %if.then.i.i, i64 %p_Result_12, void %if.then19.i.i, i64 0, void %if.else.i.i"   --->   Operation 124 'phi' 'currWord_data_V_3' <Predicate = (state_2_load == 1)> <Delay = 0.00>
ST_2 : Operation 125 [1/1] (0.00ns)   --->   "%or_ln = bitconcatenate i65 @_ssdm_op_BitConcatenate.i65.i1.i64, i1 1, i64 %currWord_data_V_3" [/home/weigao/Desktop/Vitis_with_100Gbps_TCP-IP/fpga-network-stack/hls/rocev2/../ib_transport_protocol/ib_transport_protocol.cpp:1569]   --->   Operation 125 'bitconcatenate' 'or_ln' <Predicate = (state_2_load == 1)> <Delay = 0.00>
ST_2 : Operation 126 [1/1] (0.00ns)   --->   "%sext_ln1569 = sext i65 %or_ln" [/home/weigao/Desktop/Vitis_with_100Gbps_TCP-IP/fpga-network-stack/hls/rocev2/../ib_transport_protocol/ib_transport_protocol.cpp:1569]   --->   Operation 126 'sext' 'sext_ln1569' <Predicate = (state_2_load == 1)> <Delay = 0.00>
ST_2 : Operation 127 [1/1] (0.00ns)   --->   "%zext_ln1569 = zext i72 %sext_ln1569" [/home/weigao/Desktop/Vitis_with_100Gbps_TCP-IP/fpga-network-stack/hls/rocev2/../ib_transport_protocol/ib_transport_protocol.cpp:1569]   --->   Operation 127 'zext' 'zext_ln1569' <Predicate = (state_2_load == 1)> <Delay = 0.00>
ST_2 : Operation 128 [1/1] (2.33ns)   --->   "%write_ln1569 = write void @_ssdm_op_Write.ap_fifo.volatile.i128P0A, i128 %tx_ib2udpFifo, i128 %zext_ln1569" [/home/weigao/Desktop/Vitis_with_100Gbps_TCP-IP/fpga-network-stack/hls/rocev2/../ib_transport_protocol/ib_transport_protocol.cpp:1569]   --->   Operation 128 'write' 'write_ln1569' <Predicate = (state_2_load == 1)> <Delay = 2.33> <CoreInst = "FIFO_SRL">   --->   Core 81 'FIFO_SRL' <Latency = 0> <II = 1> <Delay = 2.39> <Storage> <Opcode : 'read' 'write' 'nbread' 'nbwrite'> <Ports = 0> <Width = 128> <Depth = 2> <FIFO>
ST_2 : Operation 129 [1/1] (0.00ns)   --->   "%br_ln0 = br void %prepend_ibh_header<64>.exit"   --->   Operation 129 'br' 'br_ln0' <Predicate = (state_2_load == 1)> <Delay = 0.00>
ST_2 : Operation 130 [1/1] (2.33ns)   --->   "%write_ln1598 = write void @_ssdm_op_Write.ap_fifo.volatile.i128P0A, i128 %tx_ib2udpFifo, i128 %tx_shift2ibhFifo_read" [/home/weigao/Desktop/Vitis_with_100Gbps_TCP-IP/fpga-network-stack/hls/rocev2/../ib_transport_protocol/ib_transport_protocol.cpp:1598]   --->   Operation 130 'write' 'write_ln1598' <Predicate = (state_2_load == 3 & tmp_128_i)> <Delay = 2.33> <CoreInst = "FIFO_SRL">   --->   Core 81 'FIFO_SRL' <Latency = 0> <II = 1> <Delay = 2.39> <Storage> <Opcode : 'read' 'write' 'nbread' 'nbwrite'> <Ports = 0> <Width = 128> <Depth = 2> <FIFO>
ST_2 : Operation 131 [1/1] (0.00ns)   --->   "%ret_ln0 = ret"   --->   Operation 131 'ret' 'ret_ln0' <Predicate = true> <Delay = 0.00>


============================================================
+ Verbose Summary: Timing violations
============================================================
Target clock period: 6.4ns, clock uncertainty: 1.73ns.

 <State 1>: 7.62ns
The critical path consists of the following:
	'load' operation ('header_idx_1_load', /home/weigao/Desktop/Vitis_with_100Gbps_TCP-IP/fpga-network-stack/hls/rocev2/../ib_transport_protocol/../packet.hpp:76) on static variable 'header_idx_1' [21]  (0 ns)
	'add' operation ('add_ln79', /home/weigao/Desktop/Vitis_with_100Gbps_TCP-IP/fpga-network-stack/hls/rocev2/../ib_transport_protocol/../packet.hpp:79) [101]  (1.31 ns)
	'sub' operation ('sub_ln80', /home/weigao/Desktop/Vitis_with_100Gbps_TCP-IP/fpga-network-stack/hls/rocev2/../ib_transport_protocol/../packet.hpp:80) [105]  (1.39 ns)
	'sub' operation ('sub_ln80_1', /home/weigao/Desktop/Vitis_with_100Gbps_TCP-IP/fpga-network-stack/hls/rocev2/../ib_transport_protocol/../packet.hpp:80) [108]  (1.34 ns)
	'sub' operation ('sub_ln80_2', /home/weigao/Desktop/Vitis_with_100Gbps_TCP-IP/fpga-network-stack/hls/rocev2/../ib_transport_protocol/../packet.hpp:80) [110]  (1.36 ns)
	'select' operation ('select_ln80', /home/weigao/Desktop/Vitis_with_100Gbps_TCP-IP/fpga-network-stack/hls/rocev2/../ib_transport_protocol/../packet.hpp:80) [113]  (0 ns)
	'icmp' operation ('icmp_ln80', /home/weigao/Desktop/Vitis_with_100Gbps_TCP-IP/fpga-network-stack/hls/rocev2/../ib_transport_protocol/../packet.hpp:80) [114]  (0.871 ns)
	multiplexor before 'phi' operation ('phi_ln1027') with incoming values : ('icmp_ln80', /home/weigao/Desktop/Vitis_with_100Gbps_TCP-IP/fpga-network-stack/hls/rocev2/../ib_transport_protocol/../packet.hpp:80) [117]  (0.844 ns)
	'phi' operation ('phi_ln1027') with incoming values : ('icmp_ln80', /home/weigao/Desktop/Vitis_with_100Gbps_TCP-IP/fpga-network-stack/hls/rocev2/../ib_transport_protocol/../packet.hpp:80) [117]  (0 ns)
	blocking operation 0.513 ns on control path)

 <State 2>: 2.34ns
The critical path consists of the following:
	fifo write operation ('write_ln1598', /home/weigao/Desktop/Vitis_with_100Gbps_TCP-IP/fpga-network-stack/hls/rocev2/../ib_transport_protocol/ib_transport_protocol.cpp:1598) on port 'tx_ib2udpFifo' (/home/weigao/Desktop/Vitis_with_100Gbps_TCP-IP/fpga-network-stack/hls/rocev2/../ib_transport_protocol/ib_transport_protocol.cpp:1598) [135]  (2.34 ns)


============================================================
+ Verbose Summary: Binding
============================================================
N/A
* FSMD analyzer results:
  - Output states:
 - Input state : 
  - Chain level:
	State 1
	State 2


============================================================
+ Verbose Summary: Datapath Resource usage 
============================================================
N/A
