/home/weigao/Desktop/Vitis_with_100Gbps_TCP-IP/fpga-network-stack/hls/rocev2/build/rocev2_prj/solution1/.autopilot/db/rocev2.pp.0.cpp:1705:7: warning: Added loop label VITIS_LOOP_1211_1:   [xilinx-label-all-loops]
      for (i = 0; i < __N - 1; ++i) {
      ^~~
      VITIS_LOOP_1211_1: 
/home/weigao/Desktop/Vitis_with_100Gbps_TCP-IP/fpga-network-stack/hls/rocev2/build/rocev2_prj/solution1/.autopilot/db/rocev2.pp.0.cpp:1705:7: note: FIX-IT applied suggested code changes
/home/weigao/Desktop/Vitis_with_100Gbps_TCP-IP/fpga-network-stack/hls/rocev2/build/rocev2_prj/solution1/.autopilot/db/rocev2.pp.0.cpp:2679:5: warning: Added loop label VITIS_LOOP_676_1:   [xilinx-label-all-loops]
    for (unsigned i = low; i != high; ++i) {
    ^~~
    VITIS_LOOP_676_1: 
/home/weigao/Desktop/Vitis_with_100Gbps_TCP-IP/fpga-network-stack/hls/rocev2/build/rocev2_prj/solution1/.autopilot/db/rocev2.pp.0.cpp:2679:5: note: FIX-IT applied suggested code changes
/home/weigao/Desktop/Vitis_with_100Gbps_TCP-IP/fpga-network-stack/hls/rocev2/build/rocev2_prj/solution1/.autopilot/db/rocev2.pp.0.cpp:2693:5: warning: Added loop label VITIS_LOOP_690_1:   [xilinx-label-all-loops]
    for (unsigned i = low; i != high; ++i) {
    ^~~
    VITIS_LOOP_690_1: 
/home/weigao/Desktop/Vitis_with_100Gbps_TCP-IP/fpga-network-stack/hls/rocev2/build/rocev2_prj/solution1/.autopilot/db/rocev2.pp.0.cpp:2693:5: note: FIX-IT applied suggested code changes
/home/weigao/Desktop/Vitis_with_100Gbps_TCP-IP/fpga-network-stack/hls/rocev2/build/rocev2_prj/solution1/.autopilot/db/rocev2.pp.0.cpp:2707:5: warning: Added loop label VITIS_LOOP_704_1:   [xilinx-label-all-loops]
    for (unsigned i = low; i != high; ++i) {
    ^~~
    VITIS_LOOP_704_1: 
/home/weigao/Desktop/Vitis_with_100Gbps_TCP-IP/fpga-network-stack/hls/rocev2/build/rocev2_prj/solution1/.autopilot/db/rocev2.pp.0.cpp:2707:5: note: FIX-IT applied suggested code changes
/home/weigao/Desktop/Vitis_with_100Gbps_TCP-IP/fpga-network-stack/hls/rocev2/build/rocev2_prj/solution1/.autopilot/db/rocev2.pp.0.cpp:4318:7: warning: Added loop label VITIS_LOOP_1245_1:   [xilinx-label-all-loops]
      for (i = 0; i < __N - 1; ++i) {
      ^~~
      VITIS_LOOP_1245_1: 
/home/weigao/Desktop/Vitis_with_100Gbps_TCP-IP/fpga-network-stack/hls/rocev2/build/rocev2_prj/solution1/.autopilot/db/rocev2.pp.0.cpp:4318:7: note: FIX-IT applied suggested code changes
/home/weigao/Desktop/Vitis_with_100Gbps_TCP-IP/fpga-network-stack/hls/rocev2/build/rocev2_prj/solution1/.autopilot/db/rocev2.pp.0.cpp:44621:2: warning: Added loop label VITIS_LOOP_135_1:   [xilinx-label-all-loops]
 for (int i = 0; i < D/8; i++)
 ^~~
 VITIS_LOOP_135_1: 
/home/weigao/Desktop/Vitis_with_100Gbps_TCP-IP/fpga-network-stack/hls/rocev2/build/rocev2_prj/solution1/.autopilot/db/rocev2.pp.0.cpp:44621:2: note: FIX-IT applied suggested code changes
/home/weigao/Desktop/Vitis_with_100Gbps_TCP-IP/fpga-network-stack/hls/rocev2/build/rocev2_prj/solution1/.autopilot/db/rocev2.pp.0.cpp:44633:2: warning: Added loop label VITIS_LOOP_147_1:   [xilinx-label-all-loops]
 for (int i = 0; i < D; i++)
 ^~~
 VITIS_LOOP_147_1: 
/home/weigao/Desktop/Vitis_with_100Gbps_TCP-IP/fpga-network-stack/hls/rocev2/build/rocev2_prj/solution1/.autopilot/db/rocev2.pp.0.cpp:44633:2: note: FIX-IT applied suggested code changes
/home/weigao/Desktop/Vitis_with_100Gbps_TCP-IP/fpga-network-stack/hls/rocev2/build/rocev2_prj/solution1/.autopilot/db/rocev2.pp.0.cpp:44645:2: warning: Added loop label VITIS_LOOP_159_1:   [xilinx-label-all-loops]
 for (int i = 0; i < D/8; i++)
 ^~~
 VITIS_LOOP_159_1: 
/home/weigao/Desktop/Vitis_with_100Gbps_TCP-IP/fpga-network-stack/hls/rocev2/build/rocev2_prj/solution1/.autopilot/db/rocev2.pp.0.cpp:44645:2: note: FIX-IT applied suggested code changes
/home/weigao/Desktop/Vitis_with_100Gbps_TCP-IP/fpga-network-stack/hls/rocev2/build/rocev2_prj/solution1/.autopilot/db/rocev2.pp.0.cpp:44666:2: warning: Added loop label VITIS_LOOP_180_1:   [xilinx-label-all-loops]
 for (int i = 0; i < D/8; i++)
 ^~~
 VITIS_LOOP_180_1: 
/home/weigao/Desktop/Vitis_with_100Gbps_TCP-IP/fpga-network-stack/hls/rocev2/build/rocev2_prj/solution1/.autopilot/db/rocev2.pp.0.cpp:44666:2: note: FIX-IT applied suggested code changes
/home/weigao/Desktop/Vitis_with_100Gbps_TCP-IP/fpga-network-stack/hls/rocev2/build/rocev2_prj/solution1/.autopilot/db/rocev2.pp.0.cpp:44691:2: warning: Added loop label VITIS_LOOP_205_1:   [xilinx-label-all-loops]
 for (int i = (D/8)-1; i >= 0; i--)
 ^~~
 VITIS_LOOP_205_1: 
/home/weigao/Desktop/Vitis_with_100Gbps_TCP-IP/fpga-network-stack/hls/rocev2/build/rocev2_prj/solution1/.autopilot/db/rocev2.pp.0.cpp:44691:2: note: FIX-IT applied suggested code changes
/home/weigao/Desktop/Vitis_with_100Gbps_TCP-IP/fpga-network-stack/hls/rocev2/build/rocev2_prj/solution1/.autopilot/db/rocev2.pp.0.cpp:44712:2: warning: Added loop label VITIS_LOOP_226_1:   [xilinx-label-all-loops]
 for (int i = (D/8)-1; i >= 0; i--)
 ^~~
 VITIS_LOOP_226_1: 
/home/weigao/Desktop/Vitis_with_100Gbps_TCP-IP/fpga-network-stack/hls/rocev2/build/rocev2_prj/solution1/.autopilot/db/rocev2.pp.0.cpp:44712:2: note: FIX-IT applied suggested code changes
/home/weigao/Desktop/Vitis_with_100Gbps_TCP-IP/fpga-network-stack/hls/rocev2/build/rocev2_prj/solution1/.autopilot/db/rocev2.pp.0.cpp:44736:2: warning: Added loop label VITIS_LOOP_250_1:   [xilinx-label-all-loops]
 for (int i = 0; i < D/8; i++)
 ^~~
 VITIS_LOOP_250_1: 
/home/weigao/Desktop/Vitis_with_100Gbps_TCP-IP/fpga-network-stack/hls/rocev2/build/rocev2_prj/solution1/.autopilot/db/rocev2.pp.0.cpp:44736:2: note: FIX-IT applied suggested code changes
/home/weigao/Desktop/Vitis_with_100Gbps_TCP-IP/fpga-network-stack/hls/rocev2/build/rocev2_prj/solution1/.autopilot/db/rocev2.pp.0.cpp:46338:4: warning: Added loop label VITIS_LOOP_381_1:   [xilinx-label-all-loops]
   for (int i = 0; i < 16; i++)
   ^~~
   VITIS_LOOP_381_1: 
/home/weigao/Desktop/Vitis_with_100Gbps_TCP-IP/fpga-network-stack/hls/rocev2/build/rocev2_prj/solution1/.autopilot/db/rocev2.pp.0.cpp:46338:4: note: FIX-IT applied suggested code changes
/home/weigao/Desktop/Vitis_with_100Gbps_TCP-IP/fpga-network-stack/hls/rocev2/build/rocev2_prj/solution1/.autopilot/db/rocev2.pp.0.cpp:46348:4: warning: Added loop label VITIS_LOOP_391_2:   [xilinx-label-all-loops]
   for (int i = 0; i < 8; i++)
   ^~~
   VITIS_LOOP_391_2: 
/home/weigao/Desktop/Vitis_with_100Gbps_TCP-IP/fpga-network-stack/hls/rocev2/build/rocev2_prj/solution1/.autopilot/db/rocev2.pp.0.cpp:46348:4: note: FIX-IT applied suggested code changes
/home/weigao/Desktop/Vitis_with_100Gbps_TCP-IP/fpga-network-stack/hls/rocev2/build/rocev2_prj/solution1/.autopilot/db/rocev2.pp.0.cpp:46358:4: warning: Added loop label VITIS_LOOP_401_3:   [xilinx-label-all-loops]
   for (int i = 0; i < 4; i++)
   ^~~
   VITIS_LOOP_401_3: 
/home/weigao/Desktop/Vitis_with_100Gbps_TCP-IP/fpga-network-stack/hls/rocev2/build/rocev2_prj/solution1/.autopilot/db/rocev2.pp.0.cpp:46358:4: note: FIX-IT applied suggested code changes
/home/weigao/Desktop/Vitis_with_100Gbps_TCP-IP/fpga-network-stack/hls/rocev2/build/rocev2_prj/solution1/.autopilot/db/rocev2.pp.0.cpp:46395:4: warning: Added loop label VITIS_LOOP_438_1:   [xilinx-label-all-loops]
   for (int i = 0; i < 16; i++)
   ^~~
   VITIS_LOOP_438_1: 
/home/weigao/Desktop/Vitis_with_100Gbps_TCP-IP/fpga-network-stack/hls/rocev2/build/rocev2_prj/solution1/.autopilot/db/rocev2.pp.0.cpp:46395:4: note: FIX-IT applied suggested code changes
/home/weigao/Desktop/Vitis_with_100Gbps_TCP-IP/fpga-network-stack/hls/rocev2/build/rocev2_prj/solution1/.autopilot/db/rocev2.pp.0.cpp:46405:4: warning: Added loop label VITIS_LOOP_448_2:   [xilinx-label-all-loops]
   for (int i = 0; i < 8; i++)
   ^~~
   VITIS_LOOP_448_2: 
/home/weigao/Desktop/Vitis_with_100Gbps_TCP-IP/fpga-network-stack/hls/rocev2/build/rocev2_prj/solution1/.autopilot/db/rocev2.pp.0.cpp:46405:4: note: FIX-IT applied suggested code changes
/home/weigao/Desktop/Vitis_with_100Gbps_TCP-IP/fpga-network-stack/hls/rocev2/build/rocev2_prj/solution1/.autopilot/db/rocev2.pp.0.cpp:46415:4: warning: Added loop label VITIS_LOOP_458_3:   [xilinx-label-all-loops]
   for (int i = 0; i < 4; i++)
   ^~~
   VITIS_LOOP_458_3: 
/home/weigao/Desktop/Vitis_with_100Gbps_TCP-IP/fpga-network-stack/hls/rocev2/build/rocev2_prj/solution1/.autopilot/db/rocev2.pp.0.cpp:46415:4: note: FIX-IT applied suggested code changes
/home/weigao/Desktop/Vitis_with_100Gbps_TCP-IP/fpga-network-stack/hls/rocev2/build/rocev2_prj/solution1/.autopilot/db/rocev2.pp.0.cpp:46450:4: warning: Added loop label VITIS_LOOP_493_1:   [xilinx-label-all-loops]
   for (int i = 0; i < 16; i++)
   ^~~
   VITIS_LOOP_493_1: 
/home/weigao/Desktop/Vitis_with_100Gbps_TCP-IP/fpga-network-stack/hls/rocev2/build/rocev2_prj/solution1/.autopilot/db/rocev2.pp.0.cpp:46450:4: note: FIX-IT applied suggested code changes
/home/weigao/Desktop/Vitis_with_100Gbps_TCP-IP/fpga-network-stack/hls/rocev2/build/rocev2_prj/solution1/.autopilot/db/rocev2.pp.0.cpp:46460:4: warning: Added loop label VITIS_LOOP_503_2:   [xilinx-label-all-loops]
   for (int i = 0; i < 8; i++)
   ^~~
   VITIS_LOOP_503_2: 
/home/weigao/Desktop/Vitis_with_100Gbps_TCP-IP/fpga-network-stack/hls/rocev2/build/rocev2_prj/solution1/.autopilot/db/rocev2.pp.0.cpp:46460:4: note: FIX-IT applied suggested code changes
/home/weigao/Desktop/Vitis_with_100Gbps_TCP-IP/fpga-network-stack/hls/rocev2/build/rocev2_prj/solution1/.autopilot/db/rocev2.pp.0.cpp:46470:4: warning: Added loop label VITIS_LOOP_513_3:   [xilinx-label-all-loops]
   for (int i = 0; i < 4; i++)
   ^~~
   VITIS_LOOP_513_3: 
/home/weigao/Desktop/Vitis_with_100Gbps_TCP-IP/fpga-network-stack/hls/rocev2/build/rocev2_prj/solution1/.autopilot/db/rocev2.pp.0.cpp:46470:4: note: FIX-IT applied suggested code changes
/home/weigao/Desktop/Vitis_with_100Gbps_TCP-IP/fpga-network-stack/hls/rocev2/build/rocev2_prj/solution1/.autopilot/db/rocev2.pp.0.cpp:46506:4: warning: Added loop label VITIS_LOOP_549_1:   [xilinx-label-all-loops]
   for (int i = 0; i < 16; i++)
   ^~~
   VITIS_LOOP_549_1: 
/home/weigao/Desktop/Vitis_with_100Gbps_TCP-IP/fpga-network-stack/hls/rocev2/build/rocev2_prj/solution1/.autopilot/db/rocev2.pp.0.cpp:46506:4: note: FIX-IT applied suggested code changes
/home/weigao/Desktop/Vitis_with_100Gbps_TCP-IP/fpga-network-stack/hls/rocev2/build/rocev2_prj/solution1/.autopilot/db/rocev2.pp.0.cpp:46516:4: warning: Added loop label VITIS_LOOP_559_2:   [xilinx-label-all-loops]
   for (int i = 0; i < 8; i++)
   ^~~
   VITIS_LOOP_559_2: 
/home/weigao/Desktop/Vitis_with_100Gbps_TCP-IP/fpga-network-stack/hls/rocev2/build/rocev2_prj/solution1/.autopilot/db/rocev2.pp.0.cpp:46516:4: note: FIX-IT applied suggested code changes
/home/weigao/Desktop/Vitis_with_100Gbps_TCP-IP/fpga-network-stack/hls/rocev2/build/rocev2_prj/solution1/.autopilot/db/rocev2.pp.0.cpp:46526:4: warning: Added loop label VITIS_LOOP_569_3:   [xilinx-label-all-loops]
   for (int i = 0; i < 4; i++)
   ^~~
   VITIS_LOOP_569_3: 
/home/weigao/Desktop/Vitis_with_100Gbps_TCP-IP/fpga-network-stack/hls/rocev2/build/rocev2_prj/solution1/.autopilot/db/rocev2.pp.0.cpp:46526:4: note: FIX-IT applied suggested code changes
/home/weigao/Desktop/Vitis_with_100Gbps_TCP-IP/fpga-network-stack/hls/rocev2/build/rocev2_prj/solution1/.autopilot/db/rocev2.pp.0.cpp:47628:4: warning: Added loop label VITIS_LOOP_322_1:   [xilinx-label-all-loops]
   for (int i = 0; i < (WIDTH/8/2); i++)
   ^~~
   VITIS_LOOP_322_1: 
/home/weigao/Desktop/Vitis_with_100Gbps_TCP-IP/fpga-network-stack/hls/rocev2/build/rocev2_prj/solution1/.autopilot/db/rocev2.pp.0.cpp:47628:4: note: FIX-IT applied suggested code changes
/home/weigao/Desktop/Vitis_with_100Gbps_TCP-IP/fpga-network-stack/hls/rocev2/build/rocev2_prj/solution1/.autopilot/db/rocev2.pp.0.cpp:47637:6: warning: Added loop label VITIS_LOOP_331_2:   [xilinx-label-all-loops]
     for (int j = 0; j < 8; j++)
     ^~~
     VITIS_LOOP_331_2: 
/home/weigao/Desktop/Vitis_with_100Gbps_TCP-IP/fpga-network-stack/hls/rocev2/build/rocev2_prj/solution1/.autopilot/db/rocev2.pp.0.cpp:47637:6: note: FIX-IT applied suggested code changes
/home/weigao/Desktop/Vitis_with_100Gbps_TCP-IP/fpga-network-stack/hls/rocev2/build/rocev2_prj/solution1/.autopilot/db/rocev2.pp.0.cpp:47650:3: warning: Added loop label VITIS_LOOP_344_3:   [xilinx-label-all-loops]
  for (int i = (WIDTH/8/2); i < (WIDTH/8); i++)
  ^~~
  VITIS_LOOP_344_3: 
/home/weigao/Desktop/Vitis_with_100Gbps_TCP-IP/fpga-network-stack/hls/rocev2/build/rocev2_prj/solution1/.autopilot/db/rocev2.pp.0.cpp:47650:3: note: FIX-IT applied suggested code changes
/home/weigao/Desktop/Vitis_with_100Gbps_TCP-IP/fpga-network-stack/hls/rocev2/build/rocev2_prj/solution1/.autopilot/db/rocev2.pp.0.cpp:47656:5: warning: Added loop label VITIS_LOOP_350_4:   [xilinx-label-all-loops]
    for (int j = 0; j < 8; j++)
    ^~~
    VITIS_LOOP_350_4: 
/home/weigao/Desktop/Vitis_with_100Gbps_TCP-IP/fpga-network-stack/hls/rocev2/build/rocev2_prj/solution1/.autopilot/db/rocev2.pp.0.cpp:47656:5: note: FIX-IT applied suggested code changes
