

================================================================
== Vitis HLS Report for 'rshiftWordByOctet_net_axis_64_64_11_s'
================================================================
* Date:           Tue Aug 15 18:30:02 2023

* Version:        2022.2 (Build 3670227 on Oct 13 2022)
* Project:        rocev2_prj
* Solution:       solution1 (Vivado IP Flow Target)
* Product family: virtex7
* Target device:  xc7vx690t-ffg1761-2


================================================================
== Performance Estimates
================================================================
+ Timing: 
    * Summary: 
    +--------+---------+----------+------------+
    |  Clock |  Target | Estimated| Uncertainty|
    +--------+---------+----------+------------+
    |ap_clk  |  6.40 ns|  4.539 ns|     1.73 ns|
    +--------+---------+----------+------------+

+ Latency: 
    * Summary: 
    +---------+---------+----------+----------+-----+-----+---------+
    |  Latency (cycles) |  Latency (absolute) |  Interval | Pipeline|
    |   min   |   max   |    min   |    max   | min | max |   Type  |
    +---------+---------+----------+----------+-----+-----+---------+
    |        1|        1|  6.400 ns|  6.400 ns|    1|    1|      yes|
    +---------+---------+----------+----------+-----+-----+---------+

    + Detail: 
        * Instance: 
        N/A

        * Loop: 
        N/A

============================================================
+ Verbose Summary: Synthesis Manager
============================================================
InlineROM: 1
ExposeGlobal: 0
============================================================
+ Verbose Summary: CDFG Model
============================================================
IsTopModel: 0
ResetActiveHigh: 1
IsCombinational: 2
IsDatapathOnly: 0
HasWiredReturn: 1
HasMFsm: 2
HasVarLatency: 0
IsPipeline: 1
IsRtlPipelined: 1
IsInstanceOverlapped: 0
IsDontTouch: 0
HasImplIP: 0
IsGatedGlobalClock: 0

+ Individual pipeline summary: 
  * Pipeline-0: initiation interval (II) = 1, depth = 2


============================================================
+ Verbose Summary: Schedule
============================================================
* Number of FSM states : 2
* Pipeline : 1
  Pipeline-0 : II = 1, D = 2, States = { 1 2 }
* Dataflow Pipeline: 0

* FSM state transitions: 
1 --> 2 
2 --> 

* FSM state operations: 

State 1 <SV = 0> <Delay = 4.53>
ST_1 : Operation 3 [1/1] (0.00ns)   --->   "%specinterface_ln0 = specinterface void @_ssdm_op_SpecInterface, i128 %rx_ibh2shiftFifo, void @empty_5, i32 0, i32 0, void @empty_6, i32 0, i32 0, void @empty_6, void @empty_6, void @empty_6, i32 0, i32 0, i32 0, i32 0, void @empty_6, void @empty_6, i32 4294967295, i32 0"   --->   Operation 3 'specinterface' 'specinterface_ln0' <Predicate = true> <Delay = 0.00>
ST_1 : Operation 4 [1/1] (0.00ns)   --->   "%specinterface_ln0 = specinterface void @_ssdm_op_SpecInterface, i128 %rx_ibh2shiftFifo, void @empty_5, i32 0, i32 0, void @empty_6, i32 0, i32 0, void @empty_6, void @empty_6, void @empty_6, i32 0, i32 0, i32 0, i32 0, void @empty_6, void @empty_6, i32 4294967295, i32 0"   --->   Operation 4 'specinterface' 'specinterface_ln0' <Predicate = true> <Delay = 0.00>
ST_1 : Operation 5 [1/1] (0.00ns)   --->   "%specinterface_ln0 = specinterface void @_ssdm_op_SpecInterface, i128 %rx_ibh2shiftFifo, void @empty_5, i32 0, i32 0, void @empty_6, i32 0, i32 0, void @empty_6, void @empty_6, void @empty_6, i32 0, i32 0, i32 0, i32 0, void @empty_6, void @empty_6, i32 4294967295, i32 0"   --->   Operation 5 'specinterface' 'specinterface_ln0' <Predicate = true> <Delay = 0.00>
ST_1 : Operation 6 [1/1] (0.00ns)   --->   "%specinterface_ln0 = specinterface void @_ssdm_op_SpecInterface, i128 %rx_shift2exhFifo, void @empty_5, i32 0, i32 0, void @empty_6, i32 0, i32 0, void @empty_6, void @empty_6, void @empty_6, i32 0, i32 0, i32 0, i32 0, void @empty_6, void @empty_6, i32 4294967295, i32 0"   --->   Operation 6 'specinterface' 'specinterface_ln0' <Predicate = true> <Delay = 0.00>
ST_1 : Operation 7 [1/1] (0.00ns)   --->   "%specinterface_ln0 = specinterface void @_ssdm_op_SpecInterface, i128 %rx_shift2exhFifo, void @empty_5, i32 0, i32 0, void @empty_6, i32 0, i32 0, void @empty_6, void @empty_6, void @empty_6, i32 0, i32 0, i32 0, i32 0, void @empty_6, void @empty_6, i32 4294967295, i32 0"   --->   Operation 7 'specinterface' 'specinterface_ln0' <Predicate = true> <Delay = 0.00>
ST_1 : Operation 8 [1/1] (0.00ns)   --->   "%specinterface_ln0 = specinterface void @_ssdm_op_SpecInterface, i128 %rx_shift2exhFifo, void @empty_5, i32 0, i32 0, void @empty_6, i32 0, i32 0, void @empty_6, void @empty_6, void @empty_6, i32 0, i32 0, i32 0, i32 0, void @empty_6, void @empty_6, i32 4294967295, i32 0"   --->   Operation 8 'specinterface' 'specinterface_ln0' <Predicate = true> <Delay = 0.00>
ST_1 : Operation 9 [1/1] (0.00ns)   --->   "%specinterface_ln0 = specinterface void @_ssdm_op_SpecInterface, i128 %rx_shift2exhFifo, void @empty_5, i32 0, i32 0, void @empty_6, i32 0, i32 0, void @empty_6, void @empty_6, void @empty_6, i32 0, i32 0, i32 0, i32 0, void @empty_6, void @empty_6, i32 4294967295, i32 0"   --->   Operation 9 'specinterface' 'specinterface_ln0' <Predicate = true> <Delay = 0.00>
ST_1 : Operation 10 [1/1] (0.00ns)   --->   "%specinterface_ln0 = specinterface void @_ssdm_op_SpecInterface, i128 %rx_ibh2shiftFifo, void @empty_5, i32 0, i32 0, void @empty_6, i32 0, i32 0, void @empty_6, void @empty_6, void @empty_6, i32 0, i32 0, i32 0, i32 0, void @empty_6, void @empty_6, i32 4294967295, i32 0"   --->   Operation 10 'specinterface' 'specinterface_ln0' <Predicate = true> <Delay = 0.00>
ST_1 : Operation 11 [1/1] (0.00ns)   --->   "%specpipeline_ln489 = specpipeline void @_ssdm_op_SpecPipeline, i32 1, i32 0, i32 0, i32 0, void @empty_6" [/home/weigao/Desktop/Vitis_with_100Gbps_TCP-IP/fpga-network-stack/hls/rocev2/../ib_transport_protocol/../axi_utils.hpp:489]   --->   Operation 11 'specpipeline' 'specpipeline_ln489' <Predicate = true> <Delay = 0.00>
ST_1 : Operation 12 [1/1] (0.00ns)   --->   "%fsmState_1_load = load i1 %fsmState_1" [/home/weigao/Desktop/Vitis_with_100Gbps_TCP-IP/fpga-network-stack/hls/rocev2/../ib_transport_protocol/../axi_utils.hpp:505]   --->   Operation 12 'load' 'fsmState_1_load' <Predicate = true> <Delay = 0.00>
ST_1 : Operation 13 [1/1] (0.00ns)   --->   "%p_Val2_s = load i64 %prevWord_data_V_5"   --->   Operation 13 'load' 'p_Val2_s' <Predicate = true> <Delay = 0.00>
ST_1 : Operation 14 [1/1] (0.00ns)   --->   "%p_Val2_8 = load i8 %prevWord_keep_V_4"   --->   Operation 14 'load' 'p_Val2_8' <Predicate = true> <Delay = 0.00>
ST_1 : Operation 15 [1/1] (0.00ns)   --->   "%br_ln505 = br i1 %fsmState_1_load, void %sw.bb.i, void %sw.bb57.i" [/home/weigao/Desktop/Vitis_with_100Gbps_TCP-IP/fpga-network-stack/hls/rocev2/../ib_transport_protocol/../axi_utils.hpp:505]   --->   Operation 15 'br' 'br_ln505' <Predicate = true> <Delay = 0.00>
ST_1 : Operation 16 [1/1] (0.00ns)   --->   "%tmp_i = nbreadreq i1 @_ssdm_op_NbReadReq.ap_fifo.i128P0A, i128 %rx_ibh2shiftFifo, i32 1" [/home/weigao/Desktop/Vitis_with_100Gbps_TCP-IP/fpga-network-stack/hls/rocev2/../ib_transport_protocol/../axi_utils.hpp:508]   --->   Operation 16 'nbreadreq' 'tmp_i' <Predicate = (!fsmState_1_load)> <Delay = 0.00> <CoreInst = "FIFO_SRL">   --->   Core 81 'FIFO_SRL' <Latency = 0> <II = 1> <Delay = 2.39> <Storage> <Opcode : 'read' 'write' 'nbread' 'nbwrite'> <Ports = 0> <Width = 128> <Depth = 2> <FIFO>
ST_1 : Operation 17 [1/1] (0.00ns)   --->   "%br_ln508 = br i1 %tmp_i, void %if.end56.i, void %if.then.i" [/home/weigao/Desktop/Vitis_with_100Gbps_TCP-IP/fpga-network-stack/hls/rocev2/../ib_transport_protocol/../axi_utils.hpp:508]   --->   Operation 17 'br' 'br_ln508' <Predicate = (!fsmState_1_load)> <Delay = 0.00>
ST_1 : Operation 18 [1/1] (2.33ns)   --->   "%rx_ibh2shiftFifo_read = read i128 @_ssdm_op_Read.ap_fifo.volatile.i128P0A, i128 %rx_ibh2shiftFifo" [/home/weigao/Desktop/Vitis_with_100Gbps_TCP-IP/fpga-network-stack/hls/rocev2/../ib_transport_protocol/../axi_utils.hpp:510]   --->   Operation 18 'read' 'rx_ibh2shiftFifo_read' <Predicate = (!fsmState_1_load & tmp_i)> <Delay = 2.33> <CoreInst = "FIFO_SRL">   --->   Core 81 'FIFO_SRL' <Latency = 0> <II = 1> <Delay = 2.39> <Storage> <Opcode : 'read' 'write' 'nbread' 'nbwrite'> <Ports = 0> <Width = 128> <Depth = 2> <FIFO>
ST_1 : Operation 19 [1/1] (0.00ns)   --->   "%currWord_data_V = trunc i128 %rx_ibh2shiftFifo_read" [/home/weigao/Desktop/Vitis_with_100Gbps_TCP-IP/fpga-network-stack/hls/rocev2/../ib_transport_protocol/../axi_utils.hpp:510]   --->   Operation 19 'trunc' 'currWord_data_V' <Predicate = (!fsmState_1_load & tmp_i)> <Delay = 0.00>
ST_1 : Operation 20 [1/1] (0.00ns)   --->   "%currWord_keep_V = partselect i8 @_ssdm_op_PartSelect.i8.i128.i32.i32, i128 %rx_ibh2shiftFifo_read, i32 64, i32 71" [/home/weigao/Desktop/Vitis_with_100Gbps_TCP-IP/fpga-network-stack/hls/rocev2/../ib_transport_protocol/../axi_utils.hpp:510]   --->   Operation 20 'partselect' 'currWord_keep_V' <Predicate = (!fsmState_1_load & tmp_i)> <Delay = 0.00>
ST_1 : Operation 21 [1/1] (0.00ns)   --->   "%currWord_last_V = bitselect i1 @_ssdm_op_BitSelect.i1.i128.i128, i128 %rx_ibh2shiftFifo_read, i128 72" [/home/weigao/Desktop/Vitis_with_100Gbps_TCP-IP/fpga-network-stack/hls/rocev2/../ib_transport_protocol/../axi_utils.hpp:510]   --->   Operation 21 'bitselect' 'currWord_last_V' <Predicate = (!fsmState_1_load & tmp_i)> <Delay = 0.00>
ST_1 : Operation 22 [1/1] (0.00ns)   --->   "%rs_firstWord_1_load = load i1 %rs_firstWord_1" [/home/weigao/Desktop/Vitis_with_100Gbps_TCP-IP/fpga-network-stack/hls/rocev2/../ib_transport_protocol/../axi_utils.hpp:512]   --->   Operation 22 'load' 'rs_firstWord_1_load' <Predicate = (!fsmState_1_load & tmp_i)> <Delay = 0.00>
ST_1 : Operation 23 [1/1] (0.84ns)   --->   "%br_ln512 = br i1 %rs_firstWord_1_load, void %if.else.i, void %if.end45.i" [/home/weigao/Desktop/Vitis_with_100Gbps_TCP-IP/fpga-network-stack/hls/rocev2/../ib_transport_protocol/../axi_utils.hpp:512]   --->   Operation 23 'br' 'br_ln512' <Predicate = (!fsmState_1_load & tmp_i)> <Delay = 0.84>
ST_1 : Operation 24 [1/1] (0.00ns)   --->   "%trunc_ln628 = trunc i128 %rx_ibh2shiftFifo_read"   --->   Operation 24 'trunc' 'trunc_ln628' <Predicate = (!fsmState_1_load & tmp_i & !rs_firstWord_1_load)> <Delay = 0.00>
ST_1 : Operation 25 [1/1] (0.00ns)   --->   "%tmp_117_i7 = partselect i4 @_ssdm_op_PartSelect.i4.i128.i32.i32, i128 %rx_ibh2shiftFifo_read, i32 64, i32 67"   --->   Operation 25 'partselect' 'tmp_117_i7' <Predicate = (!fsmState_1_load & tmp_i & !rs_firstWord_1_load)> <Delay = 0.00>
ST_1 : Operation 26 [1/1] (0.00ns)   --->   "%tmp_118_i8 = partselect i4 @_ssdm_op_PartSelect.i4.i128.i32.i32, i128 %rx_ibh2shiftFifo_read, i32 68, i32 71"   --->   Operation 26 'partselect' 'tmp_118_i8' <Predicate = (!fsmState_1_load & tmp_i & !rs_firstWord_1_load)> <Delay = 0.00>
ST_1 : Operation 27 [1/1] (0.87ns)   --->   "%sendWord_last_V = icmp_eq  i4 %tmp_118_i8, i4 0"   --->   Operation 27 'icmp' 'sendWord_last_V' <Predicate = (!fsmState_1_load & tmp_i & !rs_firstWord_1_load)> <Delay = 0.87> <CoreInst = "Cmp">   --->   Core 9 'Cmp' <Latency = 0> <II = 1> <Delay = 0.87> <FuncUnit> <Opcode : 'icmp'> <InPorts = 2> <OutPorts = 1>
ST_1 : Operation 28 [1/1] (0.84ns)   --->   "%br_ln531 = br void %if.end45.i" [/home/weigao/Desktop/Vitis_with_100Gbps_TCP-IP/fpga-network-stack/hls/rocev2/../ib_transport_protocol/../axi_utils.hpp:531]   --->   Operation 28 'br' 'br_ln531' <Predicate = (!fsmState_1_load & tmp_i & !rs_firstWord_1_load)> <Delay = 0.84>
ST_1 : Operation 29 [1/1] (0.00ns)   --->   "%sendWord_last_V_2 = phi i1 %sendWord_last_V, void %if.else.i, i1 0, void %if.then.i"   --->   Operation 29 'phi' 'sendWord_last_V_2' <Predicate = (!fsmState_1_load & tmp_i)> <Delay = 0.00>
ST_1 : Operation 30 [1/1] (0.00ns)   --->   "%store_ln533 = store i64 %currWord_data_V, i64 %prevWord_data_V_5" [/home/weigao/Desktop/Vitis_with_100Gbps_TCP-IP/fpga-network-stack/hls/rocev2/../ib_transport_protocol/../axi_utils.hpp:533]   --->   Operation 30 'store' 'store_ln533' <Predicate = (!fsmState_1_load & tmp_i)> <Delay = 0.00>
ST_1 : Operation 31 [1/1] (0.00ns)   --->   "%store_ln533 = store i8 %currWord_keep_V, i8 %prevWord_keep_V_4" [/home/weigao/Desktop/Vitis_with_100Gbps_TCP-IP/fpga-network-stack/hls/rocev2/../ib_transport_protocol/../axi_utils.hpp:533]   --->   Operation 31 'store' 'store_ln533' <Predicate = (!fsmState_1_load & tmp_i)> <Delay = 0.00>
ST_1 : Operation 32 [1/1] (0.84ns)   --->   "%br_ln535 = br i1 %currWord_last_V, void %mergeST.i, void %if.then48.i" [/home/weigao/Desktop/Vitis_with_100Gbps_TCP-IP/fpga-network-stack/hls/rocev2/../ib_transport_protocol/../axi_utils.hpp:535]   --->   Operation 32 'br' 'br_ln535' <Predicate = (!fsmState_1_load & tmp_i)> <Delay = 0.84>
ST_1 : Operation 33 [1/1] (0.00ns)   --->   "%br_ln539 = br i1 %sendWord_last_V_2, void %if.then53.i, void %if.end54.i" [/home/weigao/Desktop/Vitis_with_100Gbps_TCP-IP/fpga-network-stack/hls/rocev2/../ib_transport_protocol/../axi_utils.hpp:539]   --->   Operation 33 'br' 'br_ln539' <Predicate = (!fsmState_1_load & tmp_i & currWord_last_V)> <Delay = 0.00>
ST_1 : Operation 34 [1/1] (0.84ns)   --->   "%store_ln541 = store i1 1, i1 %fsmState_1" [/home/weigao/Desktop/Vitis_with_100Gbps_TCP-IP/fpga-network-stack/hls/rocev2/../ib_transport_protocol/../axi_utils.hpp:541]   --->   Operation 34 'store' 'store_ln541' <Predicate = (!fsmState_1_load & tmp_i & currWord_last_V & !sendWord_last_V_2)> <Delay = 0.84>
ST_1 : Operation 35 [1/1] (0.00ns)   --->   "%br_ln542 = br void %if.end54.i" [/home/weigao/Desktop/Vitis_with_100Gbps_TCP-IP/fpga-network-stack/hls/rocev2/../ib_transport_protocol/../axi_utils.hpp:542]   --->   Operation 35 'br' 'br_ln542' <Predicate = (!fsmState_1_load & tmp_i & currWord_last_V & !sendWord_last_V_2)> <Delay = 0.00>
ST_1 : Operation 36 [1/1] (0.84ns)   --->   "%br_ln543 = br void %mergeST.i" [/home/weigao/Desktop/Vitis_with_100Gbps_TCP-IP/fpga-network-stack/hls/rocev2/../ib_transport_protocol/../axi_utils.hpp:543]   --->   Operation 36 'br' 'br_ln543' <Predicate = (!fsmState_1_load & tmp_i & currWord_last_V)> <Delay = 0.84>
ST_1 : Operation 37 [1/1] (0.00ns)   --->   "%rs_firstWord_1_new_0_i = phi i1 1, void %if.end54.i, i1 0, void %if.end45.i"   --->   Operation 37 'phi' 'rs_firstWord_1_new_0_i' <Predicate = (!fsmState_1_load & tmp_i)> <Delay = 0.00>
ST_1 : Operation 38 [1/1] (0.00ns)   --->   "%store_ln534 = store i1 %rs_firstWord_1_new_0_i, i1 %rs_firstWord_1" [/home/weigao/Desktop/Vitis_with_100Gbps_TCP-IP/fpga-network-stack/hls/rocev2/../ib_transport_protocol/../axi_utils.hpp:534]   --->   Operation 38 'store' 'store_ln534' <Predicate = (!fsmState_1_load & tmp_i)> <Delay = 0.00>
ST_1 : Operation 39 [1/1] (0.00ns)   --->   "%br_ln545 = br void %if.end56.i" [/home/weigao/Desktop/Vitis_with_100Gbps_TCP-IP/fpga-network-stack/hls/rocev2/../ib_transport_protocol/../axi_utils.hpp:545]   --->   Operation 39 'br' 'br_ln545' <Predicate = (!fsmState_1_load & tmp_i)> <Delay = 0.00>
ST_1 : Operation 40 [1/1] (0.00ns)   --->   "%br_ln546 = br void %rshiftWordByOctet<net_axis<64>, 64, 11>.exit" [/home/weigao/Desktop/Vitis_with_100Gbps_TCP-IP/fpga-network-stack/hls/rocev2/../ib_transport_protocol/../axi_utils.hpp:546]   --->   Operation 40 'br' 'br_ln546' <Predicate = (!fsmState_1_load)> <Delay = 0.00>
ST_1 : Operation 41 [1/1] (0.84ns)   --->   "%store_ln557 = store i1 0, i1 %fsmState_1" [/home/weigao/Desktop/Vitis_with_100Gbps_TCP-IP/fpga-network-stack/hls/rocev2/../ib_transport_protocol/../axi_utils.hpp:557]   --->   Operation 41 'store' 'store_ln557' <Predicate = (fsmState_1_load)> <Delay = 0.84>

State 2 <SV = 1> <Delay = 2.33>
ST_2 : Operation 42 [1/1] (0.00ns)   --->   "%tmp_114_i5 = partselect i32 @_ssdm_op_PartSelect.i32.i64.i32.i32, i64 %p_Val2_s, i32 32, i32 63"   --->   Operation 42 'partselect' 'tmp_114_i5' <Predicate = (!fsmState_1_load & tmp_i & !rs_firstWord_1_load)> <Delay = 0.00>
ST_2 : Operation 43 [1/1] (0.00ns)   --->   "%tmp_116_i6 = partselect i4 @_ssdm_op_PartSelect.i4.i8.i32.i32, i8 %p_Val2_8, i32 4, i32 7"   --->   Operation 43 'partselect' 'tmp_116_i6' <Predicate = (!fsmState_1_load & tmp_i & !rs_firstWord_1_load)> <Delay = 0.00>
ST_2 : Operation 44 [1/1] (0.00ns)   --->   "%tmp_108_i = bitconcatenate i73 @_ssdm_op_BitConcatenate.i73.i1.i4.i4.i32.i32, i1 %sendWord_last_V, i4 %tmp_117_i7, i4 %tmp_116_i6, i32 %trunc_ln628, i32 %tmp_114_i5" [/home/weigao/Desktop/Vitis_with_100Gbps_TCP-IP/fpga-network-stack/hls/rocev2/../ib_transport_protocol/../axi_utils.hpp:530]   --->   Operation 44 'bitconcatenate' 'tmp_108_i' <Predicate = (!fsmState_1_load & tmp_i & !rs_firstWord_1_load)> <Delay = 0.00>
ST_2 : Operation 45 [1/1] (0.00ns)   --->   "%zext_ln530 = zext i73 %tmp_108_i" [/home/weigao/Desktop/Vitis_with_100Gbps_TCP-IP/fpga-network-stack/hls/rocev2/../ib_transport_protocol/../axi_utils.hpp:530]   --->   Operation 45 'zext' 'zext_ln530' <Predicate = (!fsmState_1_load & tmp_i & !rs_firstWord_1_load)> <Delay = 0.00>
ST_2 : Operation 46 [1/1] (2.33ns)   --->   "%write_ln530 = write void @_ssdm_op_Write.ap_fifo.volatile.i128P0A, i128 %rx_shift2exhFifo, i128 %zext_ln530" [/home/weigao/Desktop/Vitis_with_100Gbps_TCP-IP/fpga-network-stack/hls/rocev2/../ib_transport_protocol/../axi_utils.hpp:530]   --->   Operation 46 'write' 'write_ln530' <Predicate = (!fsmState_1_load & tmp_i & !rs_firstWord_1_load)> <Delay = 2.33> <CoreInst = "FIFO_SRL">   --->   Core 81 'FIFO_SRL' <Latency = 0> <II = 1> <Delay = 2.39> <Storage> <Opcode : 'read' 'write' 'nbread' 'nbwrite'> <Ports = 0> <Width = 128> <Depth = 2> <FIFO>
ST_2 : Operation 47 [1/1] (0.00ns)   --->   "%tmp_i9 = partselect i32 @_ssdm_op_PartSelect.i32.i64.i32.i32, i64 %p_Val2_s, i32 32, i32 63"   --->   Operation 47 'partselect' 'tmp_i9' <Predicate = (fsmState_1_load)> <Delay = 0.00>
ST_2 : Operation 48 [1/1] (0.00ns)   --->   "%tmp_113_i = partselect i4 @_ssdm_op_PartSelect.i4.i8.i32.i32, i8 %p_Val2_8, i32 4, i32 7"   --->   Operation 48 'partselect' 'tmp_113_i' <Predicate = (fsmState_1_load)> <Delay = 0.00>
ST_2 : Operation 49 [1/1] (0.00ns)   --->   "%zext_ln556_cast = bitconcatenate i73 @_ssdm_op_BitConcatenate.i73.i5.i4.i32.i32, i5 16, i4 %tmp_113_i, i32 0, i32 %tmp_i9" [/home/weigao/Desktop/Vitis_with_100Gbps_TCP-IP/fpga-network-stack/hls/rocev2/../ib_transport_protocol/../axi_utils.hpp:556]   --->   Operation 49 'bitconcatenate' 'zext_ln556_cast' <Predicate = (fsmState_1_load)> <Delay = 0.00>
ST_2 : Operation 50 [1/1] (0.00ns)   --->   "%zext_ln556 = zext i73 %zext_ln556_cast" [/home/weigao/Desktop/Vitis_with_100Gbps_TCP-IP/fpga-network-stack/hls/rocev2/../ib_transport_protocol/../axi_utils.hpp:556]   --->   Operation 50 'zext' 'zext_ln556' <Predicate = (fsmState_1_load)> <Delay = 0.00>
ST_2 : Operation 51 [1/1] (2.33ns)   --->   "%write_ln556 = write void @_ssdm_op_Write.ap_fifo.volatile.i128P0A, i128 %rx_shift2exhFifo, i128 %zext_ln556" [/home/weigao/Desktop/Vitis_with_100Gbps_TCP-IP/fpga-network-stack/hls/rocev2/../ib_transport_protocol/../axi_utils.hpp:556]   --->   Operation 51 'write' 'write_ln556' <Predicate = (fsmState_1_load)> <Delay = 2.33> <CoreInst = "FIFO_SRL">   --->   Core 81 'FIFO_SRL' <Latency = 0> <II = 1> <Delay = 2.39> <Storage> <Opcode : 'read' 'write' 'nbread' 'nbwrite'> <Ports = 0> <Width = 128> <Depth = 2> <FIFO>
ST_2 : Operation 52 [1/1] (0.00ns)   --->   "%br_ln558 = br void %rshiftWordByOctet<net_axis<64>, 64, 11>.exit" [/home/weigao/Desktop/Vitis_with_100Gbps_TCP-IP/fpga-network-stack/hls/rocev2/../ib_transport_protocol/../axi_utils.hpp:558]   --->   Operation 52 'br' 'br_ln558' <Predicate = (fsmState_1_load)> <Delay = 0.00>
ST_2 : Operation 53 [1/1] (0.00ns)   --->   "%ret_ln0 = ret"   --->   Operation 53 'ret' 'ret_ln0' <Predicate = true> <Delay = 0.00>


============================================================
+ Verbose Summary: Timing violations
============================================================
Target clock period: 6.4ns, clock uncertainty: 1.73ns.

 <State 1>: 4.54ns
The critical path consists of the following:
	fifo read operation ('rx_ibh2shiftFifo_read', /home/weigao/Desktop/Vitis_with_100Gbps_TCP-IP/fpga-network-stack/hls/rocev2/../ib_transport_protocol/../axi_utils.hpp:510) on port 'rx_ibh2shiftFifo' (/home/weigao/Desktop/Vitis_with_100Gbps_TCP-IP/fpga-network-stack/hls/rocev2/../ib_transport_protocol/../axi_utils.hpp:510) [24]  (2.34 ns)
	'icmp' operation ('sendWord.last.V') [36]  (0.874 ns)
	multiplexor before 'phi' operation ('sendWord.last.V') with incoming values : ('sendWord.last.V') [42]  (0.844 ns)
	'phi' operation ('sendWord.last.V') with incoming values : ('sendWord.last.V') [42]  (0 ns)
	blocking operation 0.485 ns on control path)

 <State 2>: 2.34ns
The critical path consists of the following:
	fifo write operation ('write_ln556', /home/weigao/Desktop/Vitis_with_100Gbps_TCP-IP/fpga-network-stack/hls/rocev2/../ib_transport_protocol/../axi_utils.hpp:556) on port 'rx_shift2exhFifo' (/home/weigao/Desktop/Vitis_with_100Gbps_TCP-IP/fpga-network-stack/hls/rocev2/../ib_transport_protocol/../axi_utils.hpp:556) [64]  (2.34 ns)


============================================================
+ Verbose Summary: Binding
============================================================
N/A
* FSMD analyzer results:
  - Output states:
 - Input state : 
  - Chain level:
	State 1
	State 2


============================================================
+ Verbose Summary: Datapath Resource usage 
============================================================
N/A
