

================================================================
== Vitis HLS Report for 'stream_merger_ackEvent_s'
================================================================
* Date:           Tue Aug 15 18:30:04 2023

* Version:        2022.2 (Build 3670227 on Oct 13 2022)
* Project:        rocev2_prj
* Solution:       solution1 (Vivado IP Flow Target)
* Product family: virtex7
* Target device:  xc7vx690t-ffg1761-2


================================================================
== Performance Estimates
================================================================
+ Timing: 
    * Summary: 
    +--------+---------+----------+------------+
    |  Clock |  Target | Estimated| Uncertainty|
    +--------+---------+----------+------------+
    |ap_clk  |  6.40 ns|  2.336 ns|     1.73 ns|
    +--------+---------+----------+------------+

+ Latency: 
    * Summary: 
    +---------+---------+-----------+-----------+-----+-----+---------+
    |  Latency (cycles) |   Latency (absolute)  |  Interval | Pipeline|
    |   min   |   max   |    min    |    max    | min | max |   Type  |
    +---------+---------+-----------+-----------+-----+-----+---------+
    |        2|        2|  12.800 ns|  12.800 ns|    1|    1|      yes|
    +---------+---------+-----------+-----------+-----+-----+---------+

    + Detail: 
        * Instance: 
        N/A

        * Loop: 
        N/A

============================================================
+ Verbose Summary: Synthesis Manager
============================================================
InlineROM: 1
ExposeGlobal: 0
============================================================
+ Verbose Summary: CDFG Model
============================================================
IsTopModel: 0
ResetActiveHigh: 1
IsCombinational: 2
IsDatapathOnly: 0
HasWiredReturn: 1
HasMFsm: 2
HasVarLatency: 0
IsPipeline: 1
IsRtlPipelined: 1
IsInstanceOverlapped: 0
IsDontTouch: 0
HasImplIP: 0
IsGatedGlobalClock: 0

+ Individual pipeline summary: 
  * Pipeline-0: initiation interval (II) = 1, depth = 3


============================================================
+ Verbose Summary: Schedule
============================================================
* Number of FSM states : 3
* Pipeline : 1
  Pipeline-0 : II = 1, D = 3, States = { 1 2 3 }
* Dataflow Pipeline: 0

* FSM state transitions: 
1 --> 2 
2 --> 3 
3 --> 

* FSM state operations: 

State 1 <SV = 0> <Delay = 2.33>
ST_1 : Operation 4 [1/1] (0.00ns)   --->   "%specinterface_ln0 = specinterface void @_ssdm_op_SpecInterface, i50 %rx_ackEventFifo, void @empty_5, i32 0, i32 0, void @empty_6, i32 0, i32 0, void @empty_6, void @empty_6, void @empty_6, i32 0, i32 0, i32 0, i32 0, void @empty_6, void @empty_6, i32 4294967295, i32 0"   --->   Operation 4 'specinterface' 'specinterface_ln0' <Predicate = true> <Delay = 0.00>
ST_1 : Operation 5 [1/1] (0.00ns)   --->   "%specinterface_ln0 = specinterface void @_ssdm_op_SpecInterface, i50 %rx_ackEventFifo, void @empty_5, i32 0, i32 0, void @empty_6, i32 0, i32 0, void @empty_6, void @empty_6, void @empty_6, i32 0, i32 0, i32 0, i32 0, void @empty_6, void @empty_6, i32 4294967295, i32 0"   --->   Operation 5 'specinterface' 'specinterface_ln0' <Predicate = true> <Delay = 0.00>
ST_1 : Operation 6 [1/1] (0.00ns)   --->   "%specinterface_ln0 = specinterface void @_ssdm_op_SpecInterface, i50 %rx_ackEventFifo, void @empty_5, i32 0, i32 0, void @empty_6, i32 0, i32 0, void @empty_6, void @empty_6, void @empty_6, i32 0, i32 0, i32 0, i32 0, void @empty_6, void @empty_6, i32 4294967295, i32 0"   --->   Operation 6 'specinterface' 'specinterface_ln0' <Predicate = true> <Delay = 0.00>
ST_1 : Operation 7 [1/1] (0.00ns)   --->   "%specinterface_ln0 = specinterface void @_ssdm_op_SpecInterface, i50 %rx_exhEventMetaFifo, void @empty_5, i32 0, i32 0, void @empty_6, i32 0, i32 0, void @empty_6, void @empty_6, void @empty_6, i32 0, i32 0, i32 0, i32 0, void @empty_6, void @empty_6, i32 4294967295, i32 0"   --->   Operation 7 'specinterface' 'specinterface_ln0' <Predicate = true> <Delay = 0.00>
ST_1 : Operation 8 [1/1] (0.00ns)   --->   "%specinterface_ln0 = specinterface void @_ssdm_op_SpecInterface, i50 %rx_exhEventMetaFifo, void @empty_5, i32 0, i32 0, void @empty_6, i32 0, i32 0, void @empty_6, void @empty_6, void @empty_6, i32 0, i32 0, i32 0, i32 0, void @empty_6, void @empty_6, i32 4294967295, i32 0"   --->   Operation 8 'specinterface' 'specinterface_ln0' <Predicate = true> <Delay = 0.00>
ST_1 : Operation 9 [1/1] (0.00ns)   --->   "%specinterface_ln0 = specinterface void @_ssdm_op_SpecInterface, i50 %rx_exhEventMetaFifo, void @empty_5, i32 0, i32 0, void @empty_6, i32 0, i32 0, void @empty_6, void @empty_6, void @empty_6, i32 0, i32 0, i32 0, i32 0, void @empty_6, void @empty_6, i32 4294967295, i32 0"   --->   Operation 9 'specinterface' 'specinterface_ln0' <Predicate = true> <Delay = 0.00>
ST_1 : Operation 10 [1/1] (0.00ns)   --->   "%specinterface_ln0 = specinterface void @_ssdm_op_SpecInterface, i50 %rx_ibhEventFifo, void @empty_5, i32 0, i32 0, void @empty_6, i32 0, i32 0, void @empty_6, void @empty_6, void @empty_6, i32 0, i32 0, i32 0, i32 0, void @empty_6, void @empty_6, i32 4294967295, i32 0"   --->   Operation 10 'specinterface' 'specinterface_ln0' <Predicate = true> <Delay = 0.00>
ST_1 : Operation 11 [1/1] (0.00ns)   --->   "%specinterface_ln0 = specinterface void @_ssdm_op_SpecInterface, i50 %rx_ibhEventFifo, void @empty_5, i32 0, i32 0, void @empty_6, i32 0, i32 0, void @empty_6, void @empty_6, void @empty_6, i32 0, i32 0, i32 0, i32 0, void @empty_6, void @empty_6, i32 4294967295, i32 0"   --->   Operation 11 'specinterface' 'specinterface_ln0' <Predicate = true> <Delay = 0.00>
ST_1 : Operation 12 [1/1] (0.00ns)   --->   "%specinterface_ln0 = specinterface void @_ssdm_op_SpecInterface, i50 %rx_ibhEventFifo, void @empty_5, i32 0, i32 0, void @empty_6, i32 0, i32 0, void @empty_6, void @empty_6, void @empty_6, i32 0, i32 0, i32 0, i32 0, void @empty_6, void @empty_6, i32 4294967295, i32 0"   --->   Operation 12 'specinterface' 'specinterface_ln0' <Predicate = true> <Delay = 0.00>
ST_1 : Operation 13 [1/1] (0.00ns)   --->   "%specinterface_ln0 = specinterface void @_ssdm_op_SpecInterface, i50 %rx_ackEventFifo, void @empty_5, i32 0, i32 0, void @empty_6, i32 0, i32 0, void @empty_6, void @empty_6, void @empty_6, i32 0, i32 0, i32 0, i32 0, void @empty_6, void @empty_6, i32 4294967295, i32 0"   --->   Operation 13 'specinterface' 'specinterface_ln0' <Predicate = true> <Delay = 0.00>
ST_1 : Operation 14 [1/1] (0.00ns)   --->   "%specinterface_ln0 = specinterface void @_ssdm_op_SpecInterface, i50 %rx_exhEventMetaFifo, void @empty_5, i32 0, i32 0, void @empty_6, i32 0, i32 0, void @empty_6, void @empty_6, void @empty_6, i32 0, i32 0, i32 0, i32 0, void @empty_6, void @empty_6, i32 4294967295, i32 0"   --->   Operation 14 'specinterface' 'specinterface_ln0' <Predicate = true> <Delay = 0.00>
ST_1 : Operation 15 [1/1] (0.00ns)   --->   "%specinterface_ln0 = specinterface void @_ssdm_op_SpecInterface, i50 %rx_ibhEventFifo, void @empty_5, i32 0, i32 0, void @empty_6, i32 0, i32 0, void @empty_6, void @empty_6, void @empty_6, i32 0, i32 0, i32 0, i32 0, void @empty_6, void @empty_6, i32 4294967295, i32 0"   --->   Operation 15 'specinterface' 'specinterface_ln0' <Predicate = true> <Delay = 0.00>
ST_1 : Operation 16 [1/1] (0.00ns)   --->   "%specpipeline_ln640 = specpipeline void @_ssdm_op_SpecPipeline, i32 1, i32 0, i32 0, i32 0, void @empty_6" [/home/weigao/Desktop/Vitis_with_100Gbps_TCP-IP/fpga-network-stack/hls/rocev2/../ib_transport_protocol/../axi_utils.hpp:640]   --->   Operation 16 'specpipeline' 'specpipeline_ln640' <Predicate = true> <Delay = 0.00>
ST_1 : Operation 17 [1/1] (0.00ns)   --->   "%tmp_i = nbreadreq i1 @_ssdm_op_NbReadReq.ap_fifo.i50P0A, i50 %rx_exhEventMetaFifo, i32 1" [/home/weigao/Desktop/Vitis_with_100Gbps_TCP-IP/fpga-network-stack/hls/rocev2/../ib_transport_protocol/../axi_utils.hpp:640]   --->   Operation 17 'nbreadreq' 'tmp_i' <Predicate = true> <Delay = 0.00> <CoreInst = "FIFO_SRL">   --->   Core 81 'FIFO_SRL' <Latency = 0> <II = 1> <Delay = 2.39> <Storage> <Opcode : 'read' 'write' 'nbread' 'nbwrite'> <Ports = 0> <Width = 50> <Depth = 2> <FIFO>
ST_1 : Operation 18 [1/1] (0.00ns)   --->   "%br_ln640 = br i1 %tmp_i, void %if.else.i, void %if.then.i" [/home/weigao/Desktop/Vitis_with_100Gbps_TCP-IP/fpga-network-stack/hls/rocev2/../ib_transport_protocol/../axi_utils.hpp:640]   --->   Operation 18 'br' 'br_ln640' <Predicate = true> <Delay = 0.00>
ST_1 : Operation 19 [1/1] (0.00ns)   --->   "%br_ln0 = br void %stream_merger<ackEvent>.exit"   --->   Operation 19 'br' 'br_ln0' <Predicate = (!tmp_i)> <Delay = 0.00>
ST_1 : Operation 20 [1/1] (2.33ns)   --->   "%rx_exhEventMetaFifo_read = read i50 @_ssdm_op_Read.ap_fifo.volatile.i50P0A, i50 %rx_exhEventMetaFifo" [/home/weigao/Desktop/Vitis_with_100Gbps_TCP-IP/fpga-network-stack/hls/rocev2/../ib_transport_protocol/../axi_utils.hpp:642]   --->   Operation 20 'read' 'rx_exhEventMetaFifo_read' <Predicate = (tmp_i)> <Delay = 2.33> <CoreInst = "FIFO_SRL">   --->   Core 81 'FIFO_SRL' <Latency = 0> <II = 1> <Delay = 2.39> <Storage> <Opcode : 'read' 'write' 'nbread' 'nbwrite'> <Ports = 0> <Width = 50> <Depth = 2> <FIFO>

State 2 <SV = 1> <Delay = 2.33>
ST_2 : Operation 21 [1/1] (0.00ns)   --->   "%tmp_i_145 = nbreadreq i1 @_ssdm_op_NbReadReq.ap_fifo.i50P0A, i50 %rx_ibhEventFifo, i32 1" [/home/weigao/Desktop/Vitis_with_100Gbps_TCP-IP/fpga-network-stack/hls/rocev2/../ib_transport_protocol/../axi_utils.hpp:644]   --->   Operation 21 'nbreadreq' 'tmp_i_145' <Predicate = (!tmp_i)> <Delay = 0.00> <CoreInst = "FIFO_SRL">   --->   Core 81 'FIFO_SRL' <Latency = 0> <II = 1> <Delay = 2.39> <Storage> <Opcode : 'read' 'write' 'nbread' 'nbwrite'> <Ports = 0> <Width = 50> <Depth = 2> <FIFO>
ST_2 : Operation 22 [1/1] (0.00ns)   --->   "%br_ln644 = br i1 %tmp_i_145, void %if.end.i, void %if.then2.i" [/home/weigao/Desktop/Vitis_with_100Gbps_TCP-IP/fpga-network-stack/hls/rocev2/../ib_transport_protocol/../axi_utils.hpp:644]   --->   Operation 22 'br' 'br_ln644' <Predicate = (!tmp_i)> <Delay = 0.00>
ST_2 : Operation 23 [1/1] (2.33ns)   --->   "%rx_ibhEventFifo_read = read i50 @_ssdm_op_Read.ap_fifo.volatile.i50P0A, i50 %rx_ibhEventFifo" [/home/weigao/Desktop/Vitis_with_100Gbps_TCP-IP/fpga-network-stack/hls/rocev2/../ib_transport_protocol/../axi_utils.hpp:646]   --->   Operation 23 'read' 'rx_ibhEventFifo_read' <Predicate = (!tmp_i & tmp_i_145)> <Delay = 2.33> <CoreInst = "FIFO_SRL">   --->   Core 81 'FIFO_SRL' <Latency = 0> <II = 1> <Delay = 2.39> <Storage> <Opcode : 'read' 'write' 'nbread' 'nbwrite'> <Ports = 0> <Width = 50> <Depth = 2> <FIFO>

State 3 <SV = 2> <Delay = 2.33>
ST_3 : Operation 24 [1/1] (2.33ns)   --->   "%write_ln646 = write void @_ssdm_op_Write.ap_fifo.volatile.i50P0A, i50 %rx_ackEventFifo, i50 %rx_ibhEventFifo_read" [/home/weigao/Desktop/Vitis_with_100Gbps_TCP-IP/fpga-network-stack/hls/rocev2/../ib_transport_protocol/../axi_utils.hpp:646]   --->   Operation 24 'write' 'write_ln646' <Predicate = (!tmp_i & tmp_i_145)> <Delay = 2.33> <CoreInst = "FIFO_SRL">   --->   Core 81 'FIFO_SRL' <Latency = 0> <II = 1> <Delay = 2.39> <Storage> <Opcode : 'read' 'write' 'nbread' 'nbwrite'> <Ports = 0> <Width = 50> <Depth = 4> <FIFO>
ST_3 : Operation 25 [1/1] (0.00ns)   --->   "%br_ln647 = br void %if.end.i" [/home/weigao/Desktop/Vitis_with_100Gbps_TCP-IP/fpga-network-stack/hls/rocev2/../ib_transport_protocol/../axi_utils.hpp:647]   --->   Operation 25 'br' 'br_ln647' <Predicate = (!tmp_i & tmp_i_145)> <Delay = 0.00>
ST_3 : Operation 26 [1/1] (2.33ns)   --->   "%write_ln642 = write void @_ssdm_op_Write.ap_fifo.volatile.i50P0A, i50 %rx_ackEventFifo, i50 %rx_exhEventMetaFifo_read" [/home/weigao/Desktop/Vitis_with_100Gbps_TCP-IP/fpga-network-stack/hls/rocev2/../ib_transport_protocol/../axi_utils.hpp:642]   --->   Operation 26 'write' 'write_ln642' <Predicate = (tmp_i)> <Delay = 2.33> <CoreInst = "FIFO_SRL">   --->   Core 81 'FIFO_SRL' <Latency = 0> <II = 1> <Delay = 2.39> <Storage> <Opcode : 'read' 'write' 'nbread' 'nbwrite'> <Ports = 0> <Width = 50> <Depth = 4> <FIFO>
ST_3 : Operation 27 [1/1] (0.00ns)   --->   "%br_ln643 = br void %stream_merger<ackEvent>.exit" [/home/weigao/Desktop/Vitis_with_100Gbps_TCP-IP/fpga-network-stack/hls/rocev2/../ib_transport_protocol/../axi_utils.hpp:643]   --->   Operation 27 'br' 'br_ln643' <Predicate = (tmp_i)> <Delay = 0.00>
ST_3 : Operation 28 [1/1] (0.00ns)   --->   "%ret_ln0 = ret"   --->   Operation 28 'ret' 'ret_ln0' <Predicate = true> <Delay = 0.00>


============================================================
+ Verbose Summary: Timing violations
============================================================
Target clock period: 6.4ns, clock uncertainty: 1.73ns.

 <State 1>: 2.34ns
The critical path consists of the following:
	fifo read operation ('rx_exhEventMetaFifo_read', /home/weigao/Desktop/Vitis_with_100Gbps_TCP-IP/fpga-network-stack/hls/rocev2/../ib_transport_protocol/../axi_utils.hpp:642) on port 'rx_exhEventMetaFifo' (/home/weigao/Desktop/Vitis_with_100Gbps_TCP-IP/fpga-network-stack/hls/rocev2/../ib_transport_protocol/../axi_utils.hpp:642) [29]  (2.34 ns)

 <State 2>: 2.34ns
The critical path consists of the following:
	fifo read operation ('rx_ibhEventFifo_read', /home/weigao/Desktop/Vitis_with_100Gbps_TCP-IP/fpga-network-stack/hls/rocev2/../ib_transport_protocol/../axi_utils.hpp:646) on port 'rx_ibhEventFifo' (/home/weigao/Desktop/Vitis_with_100Gbps_TCP-IP/fpga-network-stack/hls/rocev2/../ib_transport_protocol/../axi_utils.hpp:646) [23]  (2.34 ns)

 <State 3>: 2.34ns
The critical path consists of the following:
	fifo write operation ('write_ln642', /home/weigao/Desktop/Vitis_with_100Gbps_TCP-IP/fpga-network-stack/hls/rocev2/../ib_transport_protocol/../axi_utils.hpp:642) on port 'rx_ackEventFifo' (/home/weigao/Desktop/Vitis_with_100Gbps_TCP-IP/fpga-network-stack/hls/rocev2/../ib_transport_protocol/../axi_utils.hpp:642) [30]  (2.34 ns)


============================================================
+ Verbose Summary: Binding
============================================================
N/A
* FSMD analyzer results:
  - Output states:
 - Input state : 
  - Chain level:
	State 1
	State 2
	State 3


============================================================
+ Verbose Summary: Datapath Resource usage 
============================================================
N/A
