

================================================================
== Vitis HLS Report for 'tx_ipUdpMetaMerger'
================================================================
* Date:           Tue Aug 15 18:30:07 2023

* Version:        2022.2 (Build 3670227 on Oct 13 2022)
* Project:        rocev2_prj
* Solution:       solution1 (Vivado IP Flow Target)
* Product family: virtex7
* Target device:  xc7vx690t-ffg1761-2


================================================================
== Performance Estimates
================================================================
+ Timing: 
    * Summary: 
    +--------+---------+----------+------------+
    |  Clock |  Target | Estimated| Uncertainty|
    +--------+---------+----------+------------+
    |ap_clk  |  6.40 ns|  2.821 ns|     1.73 ns|
    +--------+---------+----------+------------+

+ Latency: 
    * Summary: 
    +---------+---------+----------+----------+-----+-----+---------+
    |  Latency (cycles) |  Latency (absolute) |  Interval | Pipeline|
    |   min   |   max   |    min   |    max   | min | max |   Type  |
    +---------+---------+----------+----------+-----+-----+---------+
    |        1|        1|  6.400 ns|  6.400 ns|    1|    1|      yes|
    +---------+---------+----------+----------+-----+-----+---------+

    + Detail: 
        * Instance: 
        N/A

        * Loop: 
        N/A

============================================================
+ Verbose Summary: Synthesis Manager
============================================================
InlineROM: 1
ExposeGlobal: 0
============================================================
+ Verbose Summary: CDFG Model
============================================================
IsTopModel: 0
ResetActiveHigh: 1
IsCombinational: 2
IsDatapathOnly: 0
HasWiredReturn: 1
HasMFsm: 2
HasVarLatency: 0
IsPipeline: 1
IsRtlPipelined: 1
IsInstanceOverlapped: 0
IsDontTouch: 0
HasImplIP: 0
IsGatedGlobalClock: 0

+ Individual pipeline summary: 
  * Pipeline-0: initiation interval (II) = 1, depth = 2


============================================================
+ Verbose Summary: Schedule
============================================================
* Number of FSM states : 2
* Pipeline : 1
  Pipeline-0 : II = 1, D = 2, States = { 1 2 }
* Dataflow Pipeline: 0

* FSM state transitions: 
1 --> 2 
2 --> 

* FSM state operations: 

State 1 <SV = 0> <Delay = 2.82>
ST_1 : Operation 3 [1/1] (0.00ns)   --->   "%specinterface_ln0 = specinterface void @_ssdm_op_SpecInterface, i384 %tx_connTable2ibh_rsp, void @empty_5, i32 0, i32 0, void @empty_6, i32 0, i32 0, void @empty_6, void @empty_6, void @empty_6, i32 0, i32 0, i32 0, i32 0, void @empty_6, void @empty_6, i32 4294967295, i32 0"   --->   Operation 3 'specinterface' 'specinterface_ln0' <Predicate = true> <Delay = 0.00>
ST_1 : Operation 4 [1/1] (0.00ns)   --->   "%specinterface_ln0 = specinterface void @_ssdm_op_SpecInterface, i384 %tx_connTable2ibh_rsp, void @empty_5, i32 0, i32 0, void @empty_6, i32 0, i32 0, void @empty_6, void @empty_6, void @empty_6, i32 0, i32 0, i32 0, i32 0, void @empty_6, void @empty_6, i32 4294967295, i32 0"   --->   Operation 4 'specinterface' 'specinterface_ln0' <Predicate = true> <Delay = 0.00>
ST_1 : Operation 5 [1/1] (0.00ns)   --->   "%specinterface_ln0 = specinterface void @_ssdm_op_SpecInterface, i384 %tx_connTable2ibh_rsp, void @empty_5, i32 0, i32 0, void @empty_6, i32 0, i32 0, void @empty_6, void @empty_6, void @empty_6, i32 0, i32 0, i32 0, i32 0, void @empty_6, void @empty_6, i32 4294967295, i32 0"   --->   Operation 5 'specinterface' 'specinterface_ln0' <Predicate = true> <Delay = 0.00>
ST_1 : Operation 6 [1/1] (0.00ns)   --->   "%specinterface_ln0 = specinterface void @_ssdm_op_SpecInterface, i24 %tx_dstQpFifo, void @empty_5, i32 0, i32 0, void @empty_6, i32 0, i32 0, void @empty_6, void @empty_6, void @empty_6, i32 0, i32 0, i32 0, i32 0, void @empty_6, void @empty_6, i32 4294967295, i32 0"   --->   Operation 6 'specinterface' 'specinterface_ln0' <Predicate = true> <Delay = 0.00>
ST_1 : Operation 7 [1/1] (0.00ns)   --->   "%specinterface_ln0 = specinterface void @_ssdm_op_SpecInterface, i24 %tx_dstQpFifo, void @empty_5, i32 0, i32 0, void @empty_6, i32 0, i32 0, void @empty_6, void @empty_6, void @empty_6, i32 0, i32 0, i32 0, i32 0, void @empty_6, void @empty_6, i32 4294967295, i32 0"   --->   Operation 7 'specinterface' 'specinterface_ln0' <Predicate = true> <Delay = 0.00>
ST_1 : Operation 8 [1/1] (0.00ns)   --->   "%specinterface_ln0 = specinterface void @_ssdm_op_SpecInterface, i24 %tx_dstQpFifo, void @empty_5, i32 0, i32 0, void @empty_6, i32 0, i32 0, void @empty_6, void @empty_6, void @empty_6, i32 0, i32 0, i32 0, i32 0, void @empty_6, void @empty_6, i32 4294967295, i32 0"   --->   Operation 8 'specinterface' 'specinterface_ln0' <Predicate = true> <Delay = 0.00>
ST_1 : Operation 9 [1/1] (0.00ns)   --->   "%specinterface_ln0 = specinterface void @_ssdm_op_SpecInterface, i256 %tx_ipUdpMetaFifo, void @empty_5, i32 0, i32 0, void @empty_6, i32 0, i32 0, void @empty_6, void @empty_6, void @empty_6, i32 0, i32 0, i32 0, i32 0, void @empty_6, void @empty_6, i32 4294967295, i32 0"   --->   Operation 9 'specinterface' 'specinterface_ln0' <Predicate = true> <Delay = 0.00>
ST_1 : Operation 10 [1/1] (0.00ns)   --->   "%specinterface_ln0 = specinterface void @_ssdm_op_SpecInterface, i256 %tx_ipUdpMetaFifo, void @empty_5, i32 0, i32 0, void @empty_6, i32 0, i32 0, void @empty_6, void @empty_6, void @empty_6, i32 0, i32 0, i32 0, i32 0, void @empty_6, void @empty_6, i32 4294967295, i32 0"   --->   Operation 10 'specinterface' 'specinterface_ln0' <Predicate = true> <Delay = 0.00>
ST_1 : Operation 11 [1/1] (0.00ns)   --->   "%specinterface_ln0 = specinterface void @_ssdm_op_SpecInterface, i256 %tx_ipUdpMetaFifo, void @empty_5, i32 0, i32 0, void @empty_6, i32 0, i32 0, void @empty_6, void @empty_6, void @empty_6, i32 0, i32 0, i32 0, i32 0, void @empty_6, void @empty_6, i32 4294967295, i32 0"   --->   Operation 11 'specinterface' 'specinterface_ln0' <Predicate = true> <Delay = 0.00>
ST_1 : Operation 12 [1/1] (0.00ns)   --->   "%specinterface_ln0 = specinterface void @_ssdm_op_SpecInterface, i16 %tx_lengthFifo, void @empty_5, i32 0, i32 0, void @empty_6, i32 0, i32 0, void @empty_6, void @empty_6, void @empty_6, i32 0, i32 0, i32 0, i32 0, void @empty_6, void @empty_6, i32 4294967295, i32 0"   --->   Operation 12 'specinterface' 'specinterface_ln0' <Predicate = true> <Delay = 0.00>
ST_1 : Operation 13 [1/1] (0.00ns)   --->   "%specinterface_ln0 = specinterface void @_ssdm_op_SpecInterface, i16 %tx_lengthFifo, void @empty_5, i32 0, i32 0, void @empty_6, i32 0, i32 0, void @empty_6, void @empty_6, void @empty_6, i32 0, i32 0, i32 0, i32 0, void @empty_6, void @empty_6, i32 4294967295, i32 0"   --->   Operation 13 'specinterface' 'specinterface_ln0' <Predicate = true> <Delay = 0.00>
ST_1 : Operation 14 [1/1] (0.00ns)   --->   "%specinterface_ln0 = specinterface void @_ssdm_op_SpecInterface, i16 %tx_lengthFifo, void @empty_5, i32 0, i32 0, void @empty_6, i32 0, i32 0, void @empty_6, void @empty_6, void @empty_6, i32 0, i32 0, i32 0, i32 0, void @empty_6, void @empty_6, i32 4294967295, i32 0"   --->   Operation 14 'specinterface' 'specinterface_ln0' <Predicate = true> <Delay = 0.00>
ST_1 : Operation 15 [1/1] (0.00ns)   --->   "%specinterface_ln0 = specinterface void @_ssdm_op_SpecInterface, i384 %tx_connTable2ibh_rsp, void @empty_5, i32 0, i32 0, void @empty_6, i32 0, i32 0, void @empty_6, void @empty_6, void @empty_6, i32 0, i32 0, i32 0, i32 0, void @empty_6, void @empty_6, i32 4294967295, i32 0"   --->   Operation 15 'specinterface' 'specinterface_ln0' <Predicate = true> <Delay = 0.00>
ST_1 : Operation 16 [1/1] (0.00ns)   --->   "%specinterface_ln0 = specinterface void @_ssdm_op_SpecInterface, i24 %tx_dstQpFifo, void @empty_5, i32 0, i32 0, void @empty_6, i32 0, i32 0, void @empty_6, void @empty_6, void @empty_6, i32 0, i32 0, i32 0, i32 0, void @empty_6, void @empty_6, i32 4294967295, i32 0"   --->   Operation 16 'specinterface' 'specinterface_ln0' <Predicate = true> <Delay = 0.00>
ST_1 : Operation 17 [1/1] (0.00ns)   --->   "%specinterface_ln0 = specinterface void @_ssdm_op_SpecInterface, i16 %tx_lengthFifo, void @empty_5, i32 0, i32 0, void @empty_6, i32 0, i32 0, void @empty_6, void @empty_6, void @empty_6, i32 0, i32 0, i32 0, i32 0, void @empty_6, void @empty_6, i32 4294967295, i32 0"   --->   Operation 17 'specinterface' 'specinterface_ln0' <Predicate = true> <Delay = 0.00>
ST_1 : Operation 18 [1/1] (0.00ns)   --->   "%specinterface_ln0 = specinterface void @_ssdm_op_SpecInterface, i256 %tx_ipUdpMetaFifo, void @empty_5, i32 0, i32 0, void @empty_6, i32 0, i32 0, void @empty_6, void @empty_6, void @empty_6, i32 0, i32 0, i32 0, i32 0, void @empty_6, void @empty_6, i32 4294967295, i32 0"   --->   Operation 18 'specinterface' 'specinterface_ln0' <Predicate = true> <Delay = 0.00>
ST_1 : Operation 19 [1/1] (0.00ns)   --->   "%specpipeline_ln1881 = specpipeline void @_ssdm_op_SpecPipeline, i32 1, i32 0, i32 0, i32 0, void @empty_6" [/home/weigao/Desktop/Vitis_with_100Gbps_TCP-IP/fpga-network-stack/hls/rocev2/../ib_transport_protocol/ib_transport_protocol.cpp:1881]   --->   Operation 19 'specpipeline' 'specpipeline_ln1881' <Predicate = true> <Delay = 0.00>
ST_1 : Operation 20 [1/1] (0.00ns)   --->   "%tmp_i = nbreadreq i1 @_ssdm_op_NbReadReq.ap_fifo.i384P0A, i384 %tx_connTable2ibh_rsp, i32 1" [/home/weigao/Desktop/Vitis_with_100Gbps_TCP-IP/fpga-network-stack/hls/rocev2/../ib_transport_protocol/ib_transport_protocol.cpp:1892]   --->   Operation 20 'nbreadreq' 'tmp_i' <Predicate = true> <Delay = 0.00> <CoreInst = "FIFO">   --->   Core 78 'FIFO' <Latency = 0> <II = 1> <Delay = 2.63> <Storage> <Opcode : 'read' 'write' 'nbread' 'nbwrite'> <Ports = 0> <Width = 384> <Depth = 8> <FIFO>
ST_1 : Operation 21 [1/1] (0.00ns)   --->   "%br_ln1892 = br i1 %tmp_i, void %tx_ipUdpMetaMerger.exit, void %land.lhs.true.i" [/home/weigao/Desktop/Vitis_with_100Gbps_TCP-IP/fpga-network-stack/hls/rocev2/../ib_transport_protocol/ib_transport_protocol.cpp:1892]   --->   Operation 21 'br' 'br_ln1892' <Predicate = true> <Delay = 0.00>
ST_1 : Operation 22 [1/1] (0.00ns)   --->   "%tmp_i_144 = nbreadreq i1 @_ssdm_op_NbReadReq.ap_fifo.i16P0A, i16 %tx_lengthFifo, i32 1" [/home/weigao/Desktop/Vitis_with_100Gbps_TCP-IP/fpga-network-stack/hls/rocev2/../ib_transport_protocol/ib_transport_protocol.cpp:1892]   --->   Operation 22 'nbreadreq' 'tmp_i_144' <Predicate = (tmp_i)> <Delay = 0.00> <CoreInst = "FIFO_SRL">   --->   Core 81 'FIFO_SRL' <Latency = 0> <II = 1> <Delay = 2.39> <Storage> <Opcode : 'read' 'write' 'nbread' 'nbwrite'> <Ports = 0> <Width = 16> <Depth = 4> <FIFO>
ST_1 : Operation 23 [1/1] (0.00ns)   --->   "%br_ln1892 = br i1 %tmp_i_144, void %tx_ipUdpMetaMerger.exit, void %if.then.i" [/home/weigao/Desktop/Vitis_with_100Gbps_TCP-IP/fpga-network-stack/hls/rocev2/../ib_transport_protocol/ib_transport_protocol.cpp:1892]   --->   Operation 23 'br' 'br_ln1892' <Predicate = (tmp_i)> <Delay = 0.00>
ST_1 : Operation 24 [1/1] (2.33ns)   --->   "%tx_connTable2ibh_rsp_read = read i384 @_ssdm_op_Read.ap_fifo.volatile.i384P0A, i384 %tx_connTable2ibh_rsp" [/home/weigao/Desktop/Vitis_with_100Gbps_TCP-IP/fpga-network-stack/hls/rocev2/../ib_transport_protocol/ib_transport_protocol.cpp:1894]   --->   Operation 24 'read' 'tx_connTable2ibh_rsp_read' <Predicate = (tmp_i & tmp_i_144)> <Delay = 2.33> <CoreInst = "FIFO">   --->   Core 78 'FIFO' <Latency = 0> <II = 1> <Delay = 2.63> <Storage> <Opcode : 'read' 'write' 'nbread' 'nbwrite'> <Ports = 0> <Width = 384> <Depth = 8> <FIFO>
ST_1 : Operation 25 [1/1] (0.00ns)   --->   "%connMeta_remote_qpn_V = trunc i384 %tx_connTable2ibh_rsp_read" [/home/weigao/Desktop/Vitis_with_100Gbps_TCP-IP/fpga-network-stack/hls/rocev2/../ib_transport_protocol/ib_transport_protocol.cpp:1894]   --->   Operation 25 'trunc' 'connMeta_remote_qpn_V' <Predicate = (tmp_i & tmp_i_144)> <Delay = 0.00>
ST_1 : Operation 26 [1/1] (0.00ns)   --->   "%connMeta_remote_ip_address_V = partselect i128 @_ssdm_op_PartSelect.i128.i384.i32.i32, i384 %tx_connTable2ibh_rsp_read, i32 128, i32 255" [/home/weigao/Desktop/Vitis_with_100Gbps_TCP-IP/fpga-network-stack/hls/rocev2/../ib_transport_protocol/ib_transport_protocol.cpp:1894]   --->   Operation 26 'partselect' 'connMeta_remote_ip_address_V' <Predicate = (tmp_i & tmp_i_144)> <Delay = 0.00>
ST_1 : Operation 27 [1/1] (2.33ns)   --->   "%len = read i16 @_ssdm_op_Read.ap_fifo.volatile.i16P0A, i16 %tx_lengthFifo" [/home/weigao/Desktop/Vitis_with_100Gbps_TCP-IP/fpga-network-stack/hls/rocev2/../ib_transport_protocol/ib_transport_protocol.cpp:1895]   --->   Operation 27 'read' 'len' <Predicate = (tmp_i & tmp_i_144)> <Delay = 2.33> <CoreInst = "FIFO_SRL">   --->   Core 81 'FIFO_SRL' <Latency = 0> <II = 1> <Delay = 2.39> <Storage> <Opcode : 'read' 'write' 'nbread' 'nbwrite'> <Ports = 0> <Width = 16> <Depth = 4> <FIFO>
ST_1 : Operation 28 [1/1] (0.00ns)   --->   "%tmp_1_i6 = partselect i16 @_ssdm_op_PartSelect.i16.i384.i32.i32, i384 %tx_connTable2ibh_rsp_read, i32 256, i32 271" [/home/weigao/Desktop/Vitis_with_100Gbps_TCP-IP/fpga-network-stack/hls/rocev2/../ib_transport_protocol/ib_transport_protocol.cpp:1897]   --->   Operation 28 'partselect' 'tmp_1_i6' <Predicate = (tmp_i & tmp_i_144)> <Delay = 0.00>

State 2 <SV = 1> <Delay = 2.33>
ST_2 : Operation 29 [1/1] (0.00ns)   --->   "%tmp_2_i = bitconcatenate i176 @_ssdm_op_BitConcatenate.i176.i16.i16.i16.i128, i16 %len, i16 %tmp_1_i6, i16 0, i128 %connMeta_remote_ip_address_V" [/home/weigao/Desktop/Vitis_with_100Gbps_TCP-IP/fpga-network-stack/hls/rocev2/../ib_transport_protocol/ib_transport_protocol.cpp:1897]   --->   Operation 29 'bitconcatenate' 'tmp_2_i' <Predicate = (tmp_i & tmp_i_144)> <Delay = 0.00>
ST_2 : Operation 30 [1/1] (0.00ns)   --->   "%or_ln1897 = or i176 %tmp_2_i, i176 1630292819918216178453027744205601501085696" [/home/weigao/Desktop/Vitis_with_100Gbps_TCP-IP/fpga-network-stack/hls/rocev2/../ib_transport_protocol/ib_transport_protocol.cpp:1897]   --->   Operation 30 'or' 'or_ln1897' <Predicate = (tmp_i & tmp_i_144)> <Delay = 0.00>
ST_2 : Operation 31 [1/1] (0.00ns)   --->   "%zext_ln1897 = zext i176 %or_ln1897" [/home/weigao/Desktop/Vitis_with_100Gbps_TCP-IP/fpga-network-stack/hls/rocev2/../ib_transport_protocol/ib_transport_protocol.cpp:1897]   --->   Operation 31 'zext' 'zext_ln1897' <Predicate = (tmp_i & tmp_i_144)> <Delay = 0.00>
ST_2 : Operation 32 [1/1] (2.33ns)   --->   "%write_ln1897 = write void @_ssdm_op_Write.ap_fifo.volatile.i256P0A, i256 %tx_ipUdpMetaFifo, i256 %zext_ln1897" [/home/weigao/Desktop/Vitis_with_100Gbps_TCP-IP/fpga-network-stack/hls/rocev2/../ib_transport_protocol/ib_transport_protocol.cpp:1897]   --->   Operation 32 'write' 'write_ln1897' <Predicate = (tmp_i & tmp_i_144)> <Delay = 2.33> <CoreInst = "FIFO_SRL">   --->   Core 81 'FIFO_SRL' <Latency = 0> <II = 1> <Delay = 2.39> <Storage> <Opcode : 'read' 'write' 'nbread' 'nbwrite'> <Ports = 0> <Width = 256> <Depth = 2> <FIFO>
ST_2 : Operation 33 [1/1] (2.33ns)   --->   "%write_ln1898 = write void @_ssdm_op_Write.ap_fifo.volatile.i24P0A, i24 %tx_dstQpFifo, i24 %connMeta_remote_qpn_V" [/home/weigao/Desktop/Vitis_with_100Gbps_TCP-IP/fpga-network-stack/hls/rocev2/../ib_transport_protocol/ib_transport_protocol.cpp:1898]   --->   Operation 33 'write' 'write_ln1898' <Predicate = (tmp_i & tmp_i_144)> <Delay = 2.33> <CoreInst = "FIFO_SRL">   --->   Core 81 'FIFO_SRL' <Latency = 0> <II = 1> <Delay = 2.39> <Storage> <Opcode : 'read' 'write' 'nbread' 'nbwrite'> <Ports = 0> <Width = 24> <Depth = 2> <FIFO>
ST_2 : Operation 34 [1/1] (0.00ns)   --->   "%br_ln1899 = br void %tx_ipUdpMetaMerger.exit" [/home/weigao/Desktop/Vitis_with_100Gbps_TCP-IP/fpga-network-stack/hls/rocev2/../ib_transport_protocol/ib_transport_protocol.cpp:1899]   --->   Operation 34 'br' 'br_ln1899' <Predicate = (tmp_i & tmp_i_144)> <Delay = 0.00>
ST_2 : Operation 35 [1/1] (0.00ns)   --->   "%ret_ln0 = ret"   --->   Operation 35 'ret' 'ret_ln0' <Predicate = true> <Delay = 0.00>


============================================================
+ Verbose Summary: Timing violations
============================================================
Target clock period: 6.4ns, clock uncertainty: 1.73ns.

 <State 1>: 2.82ns
The critical path consists of the following:
	fifo read operation ('tx_connTable2ibh_rsp_read', /home/weigao/Desktop/Vitis_with_100Gbps_TCP-IP/fpga-network-stack/hls/rocev2/../ib_transport_protocol/ib_transport_protocol.cpp:1894) on port 'tx_connTable2ibh_rsp' (/home/weigao/Desktop/Vitis_with_100Gbps_TCP-IP/fpga-network-stack/hls/rocev2/../ib_transport_protocol/ib_transport_protocol.cpp:1894) [28]  (2.34 ns)
	blocking operation 0.485 ns on control path)

 <State 2>: 2.34ns
The critical path consists of the following:
	'or' operation ('or_ln1897', /home/weigao/Desktop/Vitis_with_100Gbps_TCP-IP/fpga-network-stack/hls/rocev2/../ib_transport_protocol/ib_transport_protocol.cpp:1897) [34]  (0 ns)
	fifo write operation ('write_ln1897', /home/weigao/Desktop/Vitis_with_100Gbps_TCP-IP/fpga-network-stack/hls/rocev2/../ib_transport_protocol/ib_transport_protocol.cpp:1897) on port 'tx_ipUdpMetaFifo' (/home/weigao/Desktop/Vitis_with_100Gbps_TCP-IP/fpga-network-stack/hls/rocev2/../ib_transport_protocol/ib_transport_protocol.cpp:1897) [36]  (2.34 ns)


============================================================
+ Verbose Summary: Binding
============================================================
N/A
* FSMD analyzer results:
  - Output states:
 - Input state : 
  - Chain level:
	State 1
	State 2


============================================================
+ Verbose Summary: Datapath Resource usage 
============================================================
N/A
